core2586-950.mps
neos-4264598-oueme.mps
z26.mps
cvrpb-n45k5vrpi.mps
uccase10.mps
pb-grow22.mps
bts4-cta.mps
neos-3695882-vesdre.mps
swath.mps
dws012-01.mps
neos-3740487-motru.mps
assign1-10-4.mps
neos-3068746-nene.mps
allcolor58.mps
polygonpack4-15.mps
dws008-03.mps
set3-09.mps
dws008-01.mps
pythago7825.mps
n3709.mps
neos-3352863-ancoa.mps
datt256.mps
fhnw-sq2.mps
scpj4scip.mps
academictimetablebig.mps
ns1111636.mps
neos-2629914-sudost.mps
ns1904248.mps
milo-v13-4-3d-4-0.mps
triptim4.mps
mkc.mps
supportcase30.mps
ns1905797.mps
rmine15.mps
fhnw-binschedule2.mps
eva1aprime5x5opt.mps
neos-4290317-perth.mps
neos-4285819-pedja.mps
graphdraw-opmanager.mps
supportcase31.mps
ds-big.mps
tpl-tub-ws1617.mps
lr1dr04vc05v17a-t360.mps
sct1.mps
lr1dr12vc10v70b-t360.mps
satellites4-25.mps
supportcase3.mps
ns1849932.mps
neos-4295773-pissa.mps
seqsolve1.mps
eva1aprime6x6opt.mps
supportcase19.mps
genus-g61-25.mps
mining.mps
neos-1423785.mps
rwth-timetable.mps
amaze22012-03-15i.mps
rocII-10-11.mps
fastxgemm-n3r21s3t6.mps
neos-3530905-gaula.mps
cmflsp40-24-10-7.mps
snp-06-004-052.mps
neos-5076235-embley.mps
gasprod1-1.mps
s100.mps
neos-5196530-nuhaka.mps
snp-04-052-052.mps
n3707.mps
gsvm2rl12.mps
siena1.mps
ivu52.mps
tw-myciel4.mps
supportcase41.mps
fhnw-schedule-paira200.mps
gfd-schedulen180f7d50m.mps30k18
nucorsav.mps
stoch-vrpvrp-s5v2c8vrp.mps-v2c8i
proteindesign121hz512p.mps9
proteindesign121hz512p.mps19
t1722.mps
rfds-4-days.mps
graph40-20-1rand.mps
rocII-8-11.mps
allcolor10.mps
ds.mps
dfn-bwin-DBE.mps
neos-4387871-tavua.mps
supportcase35.mps
neos-3682128-sandon.mps
pythago7824.mps
neos-5045105-creuse.mps
polygonpack5-15.mps
bab6.mps
neos-2974461-ibar.mps
neos-4292145-piako.mps
neos-1420546.mps
supportcase23.mps
neos-5261882-treska.mps
neos-4360552-sangro.mps
cvrpp-n16k8vrpi.mps
splice1k1i.mps
dano3mip.mps
graph40-40-1rand.mps
t1717.mps
a2864-99blp.mps
bley_xs1noM.mps
scpl4.mps
satellites3-25.mps
ger50-17-ptp-pop-6t.mps
shs1042.mps
sorrell7.mps
supportcase38.mps
bppc6-06.mps
neos-4335793-snake.mps
sing326.mps
roi5alpha10n8.mps
hawaiiv10-130.mps
nj3.mps
tokyometro.mps
neos-4647032-veleka.mps
van.mps
bharat.mps
splan1.mps
set3-10.mps
adult-regularized.mps
supportcase22.mps
f2000.mps
seqsolve3short4288exce.mpsss384
neos-4338804-snowy.mps
cmflsp60-36-2-6.mps
neos-4647027-thurso.mps
cmflsp40-36-2-10.mps
snp-10-052-052.mps
comp12-2idx.mps
fhnw-schedule-pairb200.mps
neos-848198.mps
bley_xs1.mps
triptim2.mps
neos-4531126-vouga.mps
scpm1.mps
shipsched.mps
rmatr200-p20.mps
dlr1.mps
fhnw-binpack4-48.mps
stp3d.mps
neos-5221106-oparau.mps
traininstance2.mps
queens-30.mps
elitserienhandball11i.mps
neos-5266653-tugela.mps
polygonpack3-15.mps
neos-3754480-nidda.mps
ns1690781.mps
rmatr200-p10.mps
neos-4165869-wannon.mps
2club200v15p5scn.mps
opm2-z12-s8.mps
genus-g31-8.mps
set3-20.mps
wnq-n100-mw99-14.mps
neos-2987202-jeir.mps
moj-mining.mps
rmine13.mps
icir97_potential.mps
dws012-02.mps
rococoC11-010100.mps
germany50-UUM.mps
neos-4545615-waita.mps
bppc6-02.mps
rmine21.mps
pizza78i.mps
milo-v12-6-r1-58-1.mps
elitserienhandball3i.mps
gmut-76-50.mps
fhnw-schedule-pairb400.mps
neos-3355120-tarago.mps
neos-3615091-sutlej.mps
genus-sym-g31-8.mps
ns1679495.mps
nb10tb.mps
ex1010-pi.mps
seqsolve2short4288.mps
shs1023.mps
neos-2294525-abba.mps
neos-5260764-orauea.mps
sct32.mps
neos-3754224-navua.mps
neos-1420790.mps
dc1c.mps
ofi2.mps
neos-4954672-berkel.mps
stockholm.mps
neos-3355323-arnon.mps
pb-gfrd-pnc.mps
nj1.mps
usAbbrv-8-25_70.mps
zeil.mps
atm20-100.mps
neos-5251015-ogosta.mps
neos-4562542-watut.mps
fhnw-schedule-paira400.mps
gsvm2rl11.mps
circ10-3.mps
neos-2978205-isar.mps
hgms62.mps
radiationm40-10-02.mps
lr1dr02vc05v8a-t360.mps
ivu06-big.mps
gfd-schedulen180f7d50m.mps30k18-16i
neos-3426085-ticino.mps
opm2-z10-s4.mps
genus-sym-grafo5708-48.mps
usafa.mps
ger50_17_trans.mps
nsr8k.mps
fastxgemm-n3r22s4t6.mps
neos-2991472-kalu.mps
shiftreg2-7.mps
sing5.mps
cdma.mps
neos-872648.mps
graph40-80-1rand.mps
bab3.mps
fhnw-binpack4-58.mps
pizza27i.mps
milo-v13-4-3d-3-0.mps
ivu06.mps
snip10x10-35r1budget17.mps
neos-3214367-sovi.mps
bab2.mps
elitserienhandball13i.mps
nj2.mps
adult-max5features.mps
ns1856153.mps
uccase7.mps
r4l4-02-tree-bounds-50.mps
comp21-2idx.mps
hgms-det.mps
neos-4355351-swalm.mps
supportcase10.mps
bg512142.mps
n3700.mps
gmut-75-50.mps
sing17.mps
neos-5223573-tarwin.mps
sorrell3.mps
sct5.mps
nag.mps
fhnw-binschedule0.mps
bab1.mps
splice1k1.mps
tpl-tub-ss16.mps
dws012-03.mps
lr2-22dr3-333vc4v17a-t.mps60
d20200.mps
snp-10-004-052.mps
woodlands09.mps
thor50dday.mps
dolom1.mps
ns930473.mps
bmocbd3.mps
ger50-17-trans-pop-3t.mps
neos-3237086-abava.mps
gmut-76-40.mps
neos-5044663-wairoa.mps
v150d30-2hopcds.mps
set3-16.mps
shs1014.mps
rmine25.mps
neos-4409277-trave.mps
core4872-1529.mps
polygonpack4-7.mps
highschool1-aigio.mps
fhnw-binpack4-77.mps
set3-15.mps
scpn2.mps
neos-3372571-onahau.mps
fhnw-schedule-paira100.mps
sing44.mps
xmas10.mps
ger50-17-trans-dfn-3t.mps
neos-4647030-tutaki.mps
xmas10-2.mps
dg012142.mps
neos-5273874-yomtsa.mps
neos-3426132-dieze.mps
neos-5114902-kasavu.mps
reblock354.mps
fhnw-binschedule1.mps
minutedispatchstrategy.mps
neos-4300652-rahue.mps
triptim7.mps
triptim8.mps
neos-3691541-lonja.mps
sing11.mps
n3705.mps
rmine11.mps
n370b.mps
neos-5093327-huahum.mps
ivu59.mps
neos-954925.mps
neos-3025225-shelon.mps
neos-4343293-stony.mps
rococoC12-010001.mps
probportfolio.mps
supportcase39.mps
kottenpark09.mps
neos-3594536-henty.mps
neos-5041822-cockle.mps
neos-5151569-mologa.mps
neos-4230265-orari.mps
neos-3209462-rhin.mps
dlr2.mps
neos-3656078-kumeu.mps
graph20-80-1rand.mps
elitserienhandball14i.mps
neos-5189128-totara.mps
ger50-17-ptp-pop-3t.mps
fastxgemm-n3r23s5t6.mps
neos-4533806-waima.mps
polygonpack4-10.mps
comp16-3idx.mps
neos-5102383-irwell.mps
neos-4232544-orira.mps
s1234.mps
neos-3322547-alsek.mps
core4284-1064.mps
ramos3.mps
milo-v12-6-r1-75-1.mps
neos-3603137-hoteo.mps
graphdraw-mainerd.mps
sorrell4.mps
neos-3009394-lami.mps
cvrpa-n64k9vrpi.mps
gsvm2rl5.mps
liu.mps
ns1430538.mps
ns2124243.mps
shiftreg5-1.mps
neos-3208254-reiu.mps
rail03.mps
supportcase2.mps
ns1828997.mps
momentum3.mps
nursesched-medium-hint.mps03
neos-3634244-kauru.mps
graphdraw-grafo2.mps
neos-4555749-wards.mps
dc1l.mps
neos-4535459-waipa.mps
neos-4358725-tagus.mps
ns1456591.mps
markshare2.mps
in.mps
neos-4954274-beardy.mps
kosova1.mps
cdc7-4-3-2.mps
tbfp-bigm.mps
ns1631475.mps
rvb-sub.mps
scpk4.mps
neos-5104907-jarama.mps
amaze22012-07-04i.mps
hanoi5.mps
gsvm2rl9.mps
neos-4321076-ruwer.mps
s82.mps
hgms30.mps
pb-market-split8-70-4.mps
genus-sym-g62-2.mps
l2p1i.mps
ns2122698.mps
./3600.sh: line 56: 634393 Killed                  ./kissat /home/chenzh/data/hard_cnfs/49.cnf
./3600.sh: line 56: 634400 Killed                  ./kissat /home/chenzh/data/hard_cnfs/49.cnf
./3600.sh: line 56: 634405 Killed                  ./kissat /home/chenzh/data/hard_cnfs/49.cnf
./3600.sh: line 56: 634412 Killed                  ./kissat /home/chenzh/data/hard_cnfs/49.cnf
./3600.sh: line 56: 634410 Killed                  ./kissat /home/chenzh/data/hard_cnfs/49.cnf
./3600.sh: line 56: 634416 Killed                  ./kissat /home/chenzh/data/hard_cnfs/49.cnf
./3600.sh: line 56: 634421 Killed                  ./kissat /home/chenzh/data/hard_cnfs/49.cnf
./3600.sh: line 56: 634435 Killed                  ./kissat /home/chenzh/data/hard_cnfs/49.cnf
./3600.sh: line 56: 634450 Killed                  ./kissat /home/chenzh/data/hard_cnfs/49.cnf
./3600.sh: line 56: 634456 Killed                  ./kissat /home/chenzh/data/hard_cnfs/49.cnf
./3600.sh: line 56: 634427 Killed                  ./kissat /home/chenzh/data/hard_cnfs/49.cnf
./3600.sh: line 56: 634471 Killed                  ./kissat /home/chenzh/data/hard_cnfs/49.cnf
./3600.sh: line 56: 634475 Killed                  ./kissat /home/chenzh/data/hard_cnfs/49.cnf
./3600.sh: line 56: 634440 Killed                  ./kissat /home/chenzh/data/hard_cnfs/49.cnf
./3600.sh: line 56: 634429 Killed                  ./kissat /home/chenzh/data/hard_cnfs/49.cnf
./3600.sh: line 56: 634396 Killed                  ./kissat /home/chenzh/data/hard_cnfs/49.cnf
./3600.sh: line 56: 634445 Killed                  ./kissat /home/chenzh/data/hard_cnfs/49.cnf
./3600.sh: line 56: 634407 Killed                  ./kissat /home/chenzh/data/hard_cnfs/49.cnf
./3600.sh: line 56: 634443 Killed                  ./kissat /home/chenzh/data/hard_cnfs/49.cnf
./3600.sh: line 56: 634533 Killed                  ./kissat /home/chenzh/data/hard_cnfs/49.cnf
./3600.sh: line 56: 634496 Killed                  ./kissat /home/chenzh/data/hard_cnfs/49.cnf
./3600.sh: line 56: 634547 Killed                  ./kissat /home/chenzh/data/hard_cnfs/49.cnf
./3600.sh: line 56: 637560 Killed                  ./kissat /home/chenzh/data/hard_cnfs/49.cnf
./3600.sh: line 56: 637614 Killed                  ./kissat /home/chenzh/data/hard_cnfs/49.cnf
./3600.sh: line 56: 637627 Killed                  ./kissat /home/chenzh/data/hard_cnfs/49.cnf
./3600.sh: line 56: 637873 Killed                  ./kissat /home/chenzh/data/hard_cnfs/49.cnf
./3600.sh: line 56: 637990 Killed                  ./kissat /home/chenzh/data/hard_cnfs/49.cnf
./3600.sh: line 56: 638119 Killed                  ./kissat /home/chenzh/data/hard_cnfs/49.cnf
./3600.sh: line 56: 638122 Killed                  ./kissat /home/chenzh/data/hard_cnfs/49.cnf
./3600.sh: line 56: 638124 Killed                  ./kissat /home/chenzh/data/hard_cnfs/49.cnf
./3600.sh: line 56: 638126 Killed                  ./kissat /home/chenzh/data/hard_cnfs/49.cnf
./3600.sh: line 56: 638129 Killed                  ./kissat /home/chenzh/data/hard_cnfs/49.cnf
./3600.sh: line 56: 638131 Killed                  ./kissat /home/chenzh/data/hard_cnfs/49.cnf
./3600.sh: line 56: 638133 Killed                  ./kissat /home/chenzh/data/hard_cnfs/49.cnf
./3600.sh: line 56: 638135 Killed                  ./kissat /home/chenzh/data/hard_cnfs/49.cnf
./3600.sh: line 56: 638138 Killed                  ./kissat /home/chenzh/data/hard_cnfs/49.cnf
./3600.sh: line 56: 638140 Killed                  ./kissat /home/chenzh/data/hard_cnfs/49.cnf
./3600.sh: line 56: 638142 Killed                  ./kissat /home/chenzh/data/hard_cnfs/49.cnf
./3600.sh: line 56: 638145 Killed                  ./kissat /home/chenzh/data/hard_cnfs/49.cnf
./3600.sh: line 56: 638148 Killed                  ./kissat /home/chenzh/data/hard_cnfs/49.cnf
./3600.sh: line 56: 638151 Killed                  ./kissat /home/chenzh/data/hard_cnfs/49.cnf
./3600.sh: line 56: 638153 Killed                  ./kissat /home/chenzh/data/hard_cnfs/49.cnf
./3600.sh: line 56: 638157 Killed                  ./kissat /home/chenzh/data/hard_cnfs/49.cnf
./3600.sh: line 56: 638160 Killed                  ./kissat /home/chenzh/data/hard_cnfs/49.cnf
./3600.sh: line 56: 638161 Killed                  ./kissat /home/chenzh/data/hard_cnfs/49.cnf
./3600.sh: line 56: 638164 Killed                  ./kissat /home/chenzh/data/hard_cnfs/49.cnf
./3600.sh: line 56: 638166 Killed                  ./kissat /home/chenzh/data/hard_cnfs/49.cnf
./3600.sh: line 56: 638169 Killed                  ./kissat /home/chenzh/data/hard_cnfs/49.cnf
./3600.sh: line 56: 638171 Killed                  ./kissat /home/chenzh/data/hard_cnfs/49.cnf
./3600.sh: line 56: 638174 Killed                  ./kissat /home/chenzh/data/hard_cnfs/49.cnf
./3600.sh: line 56: 638176 Killed                  ./kissat /home/chenzh/data/hard_cnfs/49.cnf
./3600.sh: line 56: 638178 Killed                  ./kissat /home/chenzh/data/hard_cnfs/49.cnf
./3600.sh: line 56: 638182 Killed                  ./kissat /home/chenzh/data/hard_cnfs/49.cnf
./3600.sh: line 56: 638184 Killed                  ./kissat /home/chenzh/data/hard_cnfs/49.cnf
./3600.sh: line 56: 638187 Killed                  ./kissat /home/chenzh/data/hard_cnfs/49.cnf
./3600.sh: line 56: 638190 Killed                  ./kissat /home/chenzh/data/hard_cnfs/49.cnf
./3600.sh: line 56: 638192 Killed                  ./kissat /home/chenzh/data/hard_cnfs/49.cnf
./3600.sh: line 56: 638195 Killed                  ./kissat /home/chenzh/data/hard_cnfs/49.cnf
./3600.sh: line 56: 638197 Killed                  ./kissat /home/chenzh/data/hard_cnfs/49.cnf
./3600.sh: line 56: 638200 Killed                  ./kissat /home/chenzh/data/hard_cnfs/49.cnf
./3600.sh: line 56: 638203 Killed                  ./kissat /home/chenzh/data/hard_cnfs/49.cnf
./3600.sh: line 56: 638205 Killed                  ./kissat /home/chenzh/data/hard_cnfs/49.cnf
./3600.sh: line 56: 638207 Killed                  ./kissat /home/chenzh/data/hard_cnfs/49.cnf
./3600.sh: line 56: 638210 Killed                  ./kissat /home/chenzh/data/hard_cnfs/49.cnf
./3600.sh: line 56: 638213 Killed                  ./kissat /home/chenzh/data/hard_cnfs/49.cnf
./3600.sh: line 56: 638215 Killed                  ./kissat /home/chenzh/data/hard_cnfs/49.cnf
./3600.sh: line 56: 638217 Killed                  ./kissat /home/chenzh/data/hard_cnfs/49.cnf
./3600.sh: line 56: 638220 Killed                  ./kissat /home/chenzh/data/hard_cnfs/49.cnf
./3600.sh: line 56: 638224 Killed                  ./kissat /home/chenzh/data/hard_cnfs/49.cnf
./3600.sh: line 56: 638227 Killed                  ./kissat /home/chenzh/data/hard_cnfs/49.cnf
./3600.sh: line 56: 638229 Killed                  ./kissat /home/chenzh/data/hard_cnfs/49.cnf
./3600.sh: line 56: 638232 Killed                  ./kissat /home/chenzh/data/hard_cnfs/49.cnf
./3600.sh: line 56: 638235 Killed                  ./kissat /home/chenzh/data/hard_cnfs/49.cnf
./3600.sh: line 56: 638237 Killed                  ./kissat /home/chenzh/data/hard_cnfs/49.cnf
./3600.sh: line 56: 638240 Killed                  ./kissat /home/chenzh/data/hard_cnfs/49.cnf
./3600.sh: line 56: 638241 Killed                  ./kissat /home/chenzh/data/hard_cnfs/49.cnf
./3600.sh: line 56: 638243 Killed                  ./kissat /home/chenzh/data/hard_cnfs/49.cnf
./3600.sh: line 56: 638246 Killed                  ./kissat /home/chenzh/data/hard_cnfs/49.cnf
./3600.sh: line 56: 638248 Killed                  ./kissat /home/chenzh/data/hard_cnfs/49.cnf
./3600.sh: line 56: 638251 Killed                  ./kissat /home/chenzh/data/hard_cnfs/49.cnf
./3600.sh: line 56: 638253 Killed                  ./kissat /home/chenzh/data/hard_cnfs/49.cnf
./3600.sh: line 56: 638255 Killed                  ./kissat /home/chenzh/data/hard_cnfs/49.cnf
./3600.sh: line 56: 638258 Killed                  ./kissat /home/chenzh/data/hard_cnfs/49.cnf
./3600.sh: line 56: 638260 Killed                  ./kissat /home/chenzh/data/hard_cnfs/49.cnf
./3600.sh: line 56: 638262 Killed                  ./kissat /home/chenzh/data/hard_cnfs/49.cnf
./3600.sh: line 56: 638265 Killed                  ./kissat /home/chenzh/data/hard_cnfs/49.cnf
./3600.sh: line 56: 638268 Killed                  ./kissat /home/chenzh/data/hard_cnfs/49.cnf
./3600.sh: line 56: 638271 Killed                  ./kissat /home/chenzh/data/hard_cnfs/49.cnf
./3600.sh: line 56: 638275 Killed                  ./kissat /home/chenzh/data/hard_cnfs/49.cnf
./3600.sh: line 56: 638278 Killed                  ./kissat /home/chenzh/data/hard_cnfs/49.cnf
./3600.sh: line 56: 638282 Killed                  ./kissat /home/chenzh/data/hard_cnfs/49.cnf
./3600.sh: line 56: 638286 Killed                  ./kissat /home/chenzh/data/hard_cnfs/49.cnf
./3600.sh: line 56: 638288 Killed                  ./kissat /home/chenzh/data/hard_cnfs/49.cnf
./3600.sh: line 56: 638291 Killed                  ./kissat /home/chenzh/data/hard_cnfs/49.cnf
./3600.sh: line 56: 638294 Killed                  ./kissat /home/chenzh/data/hard_cnfs/49.cnf
./3600.sh: line 56: 638297 Killed                  ./kissat /home/chenzh/data/hard_cnfs/49.cnf
./3600.sh: line 56: 638301 Killed                  ./kissat /home/chenzh/data/hard_cnfs/49.cnf
./3600.sh: line 56: 638299 Killed                  ./kissat /home/chenzh/data/hard_cnfs/49.cnf
./3600.sh: line 56: 638306 Killed                  ./kissat /home/chenzh/data/hard_cnfs/49.cnf
./3600.sh: line 56: 638308 Killed                  ./kissat /home/chenzh/data/hard_cnfs/49.cnf
./3600.sh: line 56: 638312 Killed                  ./kissat /home/chenzh/data/hard_cnfs/49.cnf
./3600.sh: line 56: 638314 Killed                  ./kissat /home/chenzh/data/hard_cnfs/49.cnf
./3600.sh: line 56: 638316 Killed                  ./kissat /home/chenzh/data/hard_cnfs/49.cnf
./3600.sh: line 56: 638321 Killed                  ./kissat /home/chenzh/data/hard_cnfs/49.cnf
./3600.sh: line 56: 638319 Killed                  ./kissat /home/chenzh/data/hard_cnfs/49.cnf
./3600.sh: line 56: 638324 Killed                  ./kissat /home/chenzh/data/hard_cnfs/49.cnf
./3600.sh: line 56: 638326 Killed                  ./kissat /home/chenzh/data/hard_cnfs/49.cnf
./3600.sh: line 56: 638330 Killed                  ./kissat /home/chenzh/data/hard_cnfs/49.cnf
./3600.sh: line 56: 638332 Killed                  ./kissat /home/chenzh/data/hard_cnfs/49.cnf
./3600.sh: line 56: 638334 Killed                  ./kissat /home/chenzh/data/hard_cnfs/49.cnf
./3600.sh: line 56: 638337 Killed                  ./kissat /home/chenzh/data/hard_cnfs/49.cnf
./3600.sh: line 56: 638341 Killed                  ./kissat /home/chenzh/data/hard_cnfs/49.cnf
./3600.sh: line 56: 638347 Killed                  ./kissat /home/chenzh/data/hard_cnfs/49.cnf
./3600.sh: line 56: 638349 Killed                  ./kissat /home/chenzh/data/hard_cnfs/49.cnf
./3600.sh: line 56: 638351 Killed                  ./kissat /home/chenzh/data/hard_cnfs/49.cnf
./3600.sh: line 56: 638353 Killed                  ./kissat /home/chenzh/data/hard_cnfs/49.cnf
./3600.sh: line 56: 638356 Killed                  ./kissat /home/chenzh/data/hard_cnfs/49.cnf
./3600.sh: line 56: 638359 Killed                  ./kissat /home/chenzh/data/hard_cnfs/49.cnf
./3600.sh: line 56: 638361 Killed                  ./kissat /home/chenzh/data/hard_cnfs/49.cnf
./3600.sh: line 56: 638364 Killed                  ./kissat /home/chenzh/data/hard_cnfs/49.cnf
./3600.sh: line 56: 638369 Killed                  ./kissat /home/chenzh/data/hard_cnfs/49.cnf
./3600.sh: line 56: 638376 Killed                  ./kissat /home/chenzh/data/hard_cnfs/49.cnf
./3600.sh: line 56: 638380 Killed                  ./kissat /home/chenzh/data/hard_cnfs/49.cnf
./3600.sh: line 56: 638383 Killed                  ./kissat /home/chenzh/data/hard_cnfs/49.cnf
./3600.sh: line 56: 638388 Killed                  ./kissat /home/chenzh/data/hard_cnfs/49.cnf
./3600.sh: line 56: 638392 Killed                  ./kissat /home/chenzh/data/hard_cnfs/49.cnf
./3600.sh: line 56: 638394 Killed                  ./kissat /home/chenzh/data/hard_cnfs/49.cnf
./3600.sh: line 56: 638397 Killed                  ./kissat /home/chenzh/data/hard_cnfs/49.cnf
core2586-950.mps
neos-4264598-oueme.mps
z26.mps
cvrpb-n45k5vrpi.mps
uccase10.mps
pb-grow22.mps
bts4-cta.mps
neos-3695882-vesdre.mps
swath.mps
dws012-01.mps
neos-3740487-motru.mps
assign1-10-4.mps
neos-3068746-nene.mps
allcolor58.mps
polygonpack4-15.mps
dws008-03.mps
set3-09.mps
dws008-01.mps
pythago7825.mps
n3709.mps
neos-3352863-ancoa.mps
datt256.mps
fhnw-sq2.mps
scpj4scip.mps
academictimetablebig.mps
ns1111636.mps
neos-2629914-sudost.mps
ns1904248.mps
milo-v13-4-3d-4-0.mps
triptim4.mps
mkc.mps
supportcase30.mps
ns1905797.mps
rmine15.mps
fhnw-binschedule2.mps
eva1aprime5x5opt.mps
neos-4290317-perth.mps
neos-4285819-pedja.mps
graphdraw-opmanager.mps
supportcase31.mps
ds-big.mps
tpl-tub-ws1617.mps
lr1dr04vc05v17a-t360.mps
sct1.mps
lr1dr12vc10v70b-t360.mps
satellites4-25.mps
supportcase3.mps
ns1849932.mps
neos-4295773-pissa.mps
seqsolve1.mps
eva1aprime6x6opt.mps
supportcase19.mps
genus-g61-25.mps
mining.mps
neos-1423785.mps
rwth-timetable.mps
amaze22012-03-15i.mps
rocII-10-11.mps
fastxgemm-n3r21s3t6.mps
neos-3530905-gaula.mps
cmflsp40-24-10-7.mps
snp-06-004-052.mps
neos-5076235-embley.mps
gasprod1-1.mps
s100.mps
neos-5196530-nuhaka.mps
snp-04-052-052.mps
n3707.mps
gsvm2rl12.mps
siena1.mps
ivu52.mps
tw-myciel4.mps
supportcase41.mps
fhnw-schedule-paira200.mps
gfd-schedulen180f7d50m.mps30k18
nucorsav.mps
stoch-vrpvrp-s5v2c8vrp.mps-v2c8i
proteindesign121hz512p.mps9
proteindesign121hz512p.mps19
t1722.mps
rfds-4-days.mps
graph40-20-1rand.mps
rocII-8-11.mps
allcolor10.mps
ds.mps
dfn-bwin-DBE.mps
neos-4387871-tavua.mps
supportcase35.mps
neos-3682128-sandon.mps
pythago7824.mps
neos-5045105-creuse.mps
polygonpack5-15.mps
bab6.mps
neos-2974461-ibar.mps
neos-4292145-piako.mps
neos-1420546.mps
supportcase23.mps
neos-5261882-treska.mps
neos-4360552-sangro.mps
cvrpp-n16k8vrpi.mps
splice1k1i.mps
dano3mip.mps
graph40-40-1rand.mps
t1717.mps
a2864-99blp.mps
bley_xs1noM.mps
scpl4.mps
satellites3-25.mps
ger50-17-ptp-pop-6t.mps
shs1042.mps
sorrell7.mps
supportcase38.mps
bppc6-06.mps
neos-4335793-snake.mps
sing326.mps
roi5alpha10n8.mps
hawaiiv10-130.mps
nj3.mps
tokyometro.mps
neos-4647032-veleka.mps
van.mps
bharat.mps
splan1.mps
set3-10.mps
adult-regularized.mps
supportcase22.mps
f2000.mps
seqsolve3short4288exce.mpsss384
neos-4338804-snowy.mps
cmflsp60-36-2-6.mps
neos-4647027-thurso.mps
cmflsp40-36-2-10.mps
snp-10-052-052.mps
comp12-2idx.mps
fhnw-schedule-pairb200.mps
neos-848198.mps
bley_xs1.mps
triptim2.mps
neos-4531126-vouga.mps
scpm1.mps
shipsched.mps
rmatr200-p20.mps
dlr1.mps
fhnw-binpack4-48.mps
stp3d.mps
neos-5221106-oparau.mps
traininstance2.mps
queens-30.mps
elitserienhandball11i.mps
neos-5266653-tugela.mps
polygonpack3-15.mps
neos-3754480-nidda.mps
ns1690781.mps
rmatr200-p10.mps
neos-4165869-wannon.mps
2club200v15p5scn.mps
opm2-z12-s8.mps
genus-g31-8.mps
set3-20.mps
wnq-n100-mw99-14.mps
neos-2987202-jeir.mps
moj-mining.mps
rmine13.mps
icir97_potential.mps
dws012-02.mps
rococoC11-010100.mps
germany50-UUM.mps
neos-4545615-waita.mps
bppc6-02.mps
rmine21.mps
pizza78i.mps
milo-v12-6-r1-58-1.mps
elitserienhandball3i.mps
gmut-76-50.mps
fhnw-schedule-pairb400.mps
neos-3355120-tarago.mps
neos-3615091-sutlej.mps
genus-sym-g31-8.mps
ns1679495.mps
nb10tb.mps
ex1010-pi.mps
seqsolve2short4288.mps
shs1023.mps
neos-2294525-abba.mps
neos-5260764-orauea.mps
sct32.mps
neos-3754224-navua.mps
neos-1420790.mps
dc1c.mps
ofi2.mps
neos-4954672-berkel.mps
stockholm.mps
neos-3355323-arnon.mps
pb-gfrd-pnc.mps
nj1.mps
usAbbrv-8-25_70.mps
zeil.mps
atm20-100.mps
neos-5251015-ogosta.mps
neos-4562542-watut.mps
fhnw-schedule-paira400.mps
gsvm2rl11.mps
circ10-3.mps
neos-2978205-isar.mps
hgms62.mps
radiationm40-10-02.mps
lr1dr02vc05v8a-t360.mps
ivu06-big.mps
gfd-schedulen180f7d50m.mps30k18-16i
neos-3426085-ticino.mps
opm2-z10-s4.mps
genus-sym-grafo5708-48.mps
usafa.mps
ger50_17_trans.mps
nsr8k.mps
fastxgemm-n3r22s4t6.mps
neos-2991472-kalu.mps
shiftreg2-7.mps
sing5.mps
cdma.mps
neos-872648.mps
graph40-80-1rand.mps
bab3.mps
fhnw-binpack4-58.mps
pizza27i.mps
milo-v13-4-3d-3-0.mps
ivu06.mps
snip10x10-35r1budget17.mps
neos-3214367-sovi.mps
bab2.mps
elitserienhandball13i.mps
nj2.mps
adult-max5features.mps
ns1856153.mps
uccase7.mps
r4l4-02-tree-bounds-50.mps
comp21-2idx.mps
hgms-det.mps
neos-4355351-swalm.mps
supportcase10.mps
bg512142.mps
n3700.mps
gmut-75-50.mps
sing17.mps
neos-5223573-tarwin.mps
sorrell3.mps
sct5.mps
nag.mps
fhnw-binschedule0.mps
bab1.mps
splice1k1.mps
tpl-tub-ss16.mps
dws012-03.mps
lr2-22dr3-333vc4v17a-t.mps60
d20200.mps
snp-10-004-052.mps
woodlands09.mps
thor50dday.mps
dolom1.mps
ns930473.mps
bmocbd3.mps
ger50-17-trans-pop-3t.mps
neos-3237086-abava.mps
gmut-76-40.mps
neos-5044663-wairoa.mps
v150d30-2hopcds.mps
set3-16.mps
shs1014.mps
rmine25.mps
neos-4409277-trave.mps
core4872-1529.mps
polygonpack4-7.mps
highschool1-aigio.mps
fhnw-binpack4-77.mps
set3-15.mps
scpn2.mps
neos-3372571-onahau.mps
fhnw-schedule-paira100.mps
sing44.mps
xmas10.mps
ger50-17-trans-dfn-3t.mps
neos-4647030-tutaki.mps
xmas10-2.mps
dg012142.mps
neos-5273874-yomtsa.mps
neos-3426132-dieze.mps
neos-5114902-kasavu.mps
reblock354.mps
fhnw-binschedule1.mps
minutedispatchstrategy.mps
neos-4300652-rahue.mps
triptim7.mps
triptim8.mps
neos-3691541-lonja.mps
sing11.mps
n3705.mps
rmine11.mps
n370b.mps
neos-5093327-huahum.mps
ivu59.mps
neos-954925.mps
neos-3025225-shelon.mps
neos-4343293-stony.mps
rococoC12-010001.mps
probportfolio.mps
supportcase39.mps
kottenpark09.mps
neos-3594536-henty.mps
neos-5041822-cockle.mps
neos-5151569-mologa.mps
neos-4230265-orari.mps
neos-3209462-rhin.mps
dlr2.mps
neos-3656078-kumeu.mps
graph20-80-1rand.mps
elitserienhandball14i.mps
neos-5189128-totara.mps
ger50-17-ptp-pop-3t.mps
fastxgemm-n3r23s5t6.mps
neos-4533806-waima.mps
polygonpack4-10.mps
comp16-3idx.mps
neos-5102383-irwell.mps
neos-4232544-orira.mps
s1234.mps
neos-3322547-alsek.mps
core4284-1064.mps
ramos3.mps
milo-v12-6-r1-75-1.mps
neos-3603137-hoteo.mps
graphdraw-mainerd.mps
sorrell4.mps
neos-3009394-lami.mps
cvrpa-n64k9vrpi.mps
gsvm2rl5.mps
liu.mps
ns1430538.mps
ns2124243.mps
shiftreg5-1.mps
neos-3208254-reiu.mps
rail03.mps
supportcase2.mps
ns1828997.mps
momentum3.mps
nursesched-medium-hint.mps03
neos-3634244-kauru.mps
graphdraw-grafo2.mps
neos-4555749-wards.mps
dc1l.mps
neos-4535459-waipa.mps
neos-4358725-tagus.mps
ns1456591.mps
markshare2.mps
in.mps
neos-4954274-beardy.mps
kosova1.mps
cdc7-4-3-2.mps
tbfp-bigm.mps
ns1631475.mps
rvb-sub.mps
scpk4.mps
neos-5104907-jarama.mps
amaze22012-07-04i.mps
hanoi5.mps
gsvm2rl9.mps
neos-4321076-ruwer.mps
s82.mps
hgms30.mps
pb-market-split8-70-4.mps
genus-sym-g62-2.mps
l2p1i.mps
ns2122698.mps
./10.sh: line 56: 669206 Killed                  ./kissat /home/chenzh/data/hard_cnfs/49.cnf
./10.sh: line 56: 669207 Killed                  ./kissat /home/chenzh/data/hard_cnfs/49.cnf
./10.sh: line 56: 669212 Killed                  ./kissat /home/chenzh/data/hard_cnfs/49.cnf
./10.sh: line 56: 669213 Killed                  ./kissat /home/chenzh/data/hard_cnfs/49.cnf
./10.sh: line 56: 669217 Killed                  ./kissat /home/chenzh/data/hard_cnfs/49.cnf
./10.sh: line 56: 669215 Killed                  ./kissat /home/chenzh/data/hard_cnfs/49.cnf
./10.sh: line 56: 669209 Killed                  ./kissat /home/chenzh/data/hard_cnfs/49.cnf
./10.sh: line 56: 669221 Killed                  ./kissat /home/chenzh/data/hard_cnfs/49.cnf
./10.sh: line 56: 669223 Killed                  ./kissat /home/chenzh/data/hard_cnfs/49.cnf
./10.sh: line 56: 669225 Killed                  ./kissat /home/chenzh/data/hard_cnfs/49.cnf
./10.sh: line 56: 669219 Killed                  ./kissat /home/chenzh/data/hard_cnfs/49.cnf
./10.sh: line 56: 669227 Killed                  ./kissat /home/chenzh/data/hard_cnfs/49.cnf
./10.sh: line 56: 669229 Killed                  ./kissat /home/chenzh/data/hard_cnfs/49.cnf
./10.sh: line 56: 669231 Killed                  ./kissat /home/chenzh/data/hard_cnfs/49.cnf
./10.sh: line 56: 669235 Killed                  ./kissat /home/chenzh/data/hard_cnfs/49.cnf
./10.sh: line 56: 669233 Killed                  ./kissat /home/chenzh/data/hard_cnfs/49.cnf
./10.sh: line 56: 669237 Killed                  ./kissat /home/chenzh/data/hard_cnfs/49.cnf
./10.sh: line 56: 669239 Killed                  ./kissat /home/chenzh/data/hard_cnfs/49.cnf
./10.sh: line 56: 669241 Killed                  ./kissat /home/chenzh/data/hard_cnfs/49.cnf
./10.sh: line 56: 669243 Killed                  ./kissat /home/chenzh/data/hard_cnfs/49.cnf
./10.sh: line 56: 669245 Killed                  ./kissat /home/chenzh/data/hard_cnfs/49.cnf
./10.sh: line 56: 669248 Killed                  ./kissat /home/chenzh/data/hard_cnfs/49.cnf
./10.sh: line 56: 669249 Killed                  ./kissat /home/chenzh/data/hard_cnfs/49.cnf
./10.sh: line 56: 669252 Killed                  ./kissat /home/chenzh/data/hard_cnfs/49.cnf
./10.sh: line 56: 669254 Killed                  ./kissat /home/chenzh/data/hard_cnfs/49.cnf
./10.sh: line 56: 669256 Killed                  ./kissat /home/chenzh/data/hard_cnfs/49.cnf
./10.sh: line 56: 669258 Killed                  ./kissat /home/chenzh/data/hard_cnfs/49.cnf
./10.sh: line 56: 669260 Killed                  ./kissat /home/chenzh/data/hard_cnfs/49.cnf
./10.sh: line 56: 669262 Killed                  ./kissat /home/chenzh/data/hard_cnfs/49.cnf
./10.sh: line 56: 669264 Killed                  ./kissat /home/chenzh/data/hard_cnfs/49.cnf
./10.sh: line 56: 669266 Killed                  ./kissat /home/chenzh/data/hard_cnfs/49.cnf
./10.sh: line 56: 669268 Killed                  ./kissat /home/chenzh/data/hard_cnfs/49.cnf
./10.sh: line 56: 669271 Killed                  ./kissat /home/chenzh/data/hard_cnfs/49.cnf
./10.sh: line 56: 669272 Killed                  ./kissat /home/chenzh/data/hard_cnfs/49.cnf
./10.sh: line 56: 669276 Killed                  ./kissat /home/chenzh/data/hard_cnfs/49.cnf
./10.sh: line 56: 669274 Killed                  ./kissat /home/chenzh/data/hard_cnfs/49.cnf
./10.sh: line 56: 669280 Killed                  ./kissat /home/chenzh/data/hard_cnfs/49.cnf
./10.sh: line 56: 669282 Killed                  ./kissat /home/chenzh/data/hard_cnfs/49.cnf
./10.sh: line 56: 669279 Killed                  ./kissat /home/chenzh/data/hard_cnfs/49.cnf
./10.sh: line 56: 669284 Killed                  ./kissat /home/chenzh/data/hard_cnfs/49.cnf
./10.sh: line 56: 669287 Killed                  ./kissat /home/chenzh/data/hard_cnfs/49.cnf
./10.sh: line 56: 669290 Killed                  ./kissat /home/chenzh/data/hard_cnfs/49.cnf
./10.sh: line 56: 669291 Killed                  ./kissat /home/chenzh/data/hard_cnfs/49.cnf
./10.sh: line 56: 669293 Killed                  ./kissat /home/chenzh/data/hard_cnfs/49.cnf
./10.sh: line 56: 669295 Killed                  ./kissat /home/chenzh/data/hard_cnfs/49.cnf
./10.sh: line 56: 669297 Killed                  ./kissat /home/chenzh/data/hard_cnfs/49.cnf
./10.sh: line 56: 669299 Killed                  ./kissat /home/chenzh/data/hard_cnfs/49.cnf
./10.sh: line 56: 669301 Killed                  ./kissat /home/chenzh/data/hard_cnfs/49.cnf
./10.sh: line 56: 669303 Killed                  ./kissat /home/chenzh/data/hard_cnfs/49.cnf
./10.sh: line 56: 669305 Killed                  ./kissat /home/chenzh/data/hard_cnfs/49.cnf
./10.sh: line 56: 669307 Killed                  ./kissat /home/chenzh/data/hard_cnfs/49.cnf
./10.sh: line 56: 669309 Killed                  ./kissat /home/chenzh/data/hard_cnfs/49.cnf
./10.sh: line 56: 669312 Killed                  ./kissat /home/chenzh/data/hard_cnfs/49.cnf
./10.sh: line 56: 669313 Killed                  ./kissat /home/chenzh/data/hard_cnfs/49.cnf
./10.sh: line 56: 669318 Killed                  ./kissat /home/chenzh/data/hard_cnfs/49.cnf
./10.sh: line 56: 669316 Killed                  ./kissat /home/chenzh/data/hard_cnfs/49.cnf
./10.sh: line 56: 669321 Killed                  ./kissat /home/chenzh/data/hard_cnfs/49.cnf
./10.sh: line 56: 669322 Killed                  ./kissat /home/chenzh/data/hard_cnfs/49.cnf
./10.sh: line 56: 669327 Killed                  ./kissat /home/chenzh/data/hard_cnfs/49.cnf
./10.sh: line 56: 669328 Killed                  ./kissat /home/chenzh/data/hard_cnfs/49.cnf
./10.sh: line 56: 669332 Killed                  ./kissat /home/chenzh/data/hard_cnfs/49.cnf
./10.sh: line 56: 669330 Killed                  ./kissat /home/chenzh/data/hard_cnfs/49.cnf
./10.sh: line 56: 669324 Killed                  ./kissat /home/chenzh/data/hard_cnfs/49.cnf
./10.sh: line 56: 669334 Killed                  ./kissat /home/chenzh/data/hard_cnfs/49.cnf
./10.sh: line 56: 669336 Killed                  ./kissat /home/chenzh/data/hard_cnfs/49.cnf
./10.sh: line 56: 669339 Killed                  ./kissat /home/chenzh/data/hard_cnfs/49.cnf
./10.sh: line 56: 669340 Killed                  ./kissat /home/chenzh/data/hard_cnfs/49.cnf
./10.sh: line 56: 669342 Killed                  ./kissat /home/chenzh/data/hard_cnfs/49.cnf
./10.sh: line 56: 669344 Killed                  ./kissat /home/chenzh/data/hard_cnfs/49.cnf
./10.sh: line 56: 669346 Killed                  ./kissat /home/chenzh/data/hard_cnfs/49.cnf
./10.sh: line 56: 669348 Killed                  ./kissat /home/chenzh/data/hard_cnfs/49.cnf
./10.sh: line 56: 669350 Killed                  ./kissat /home/chenzh/data/hard_cnfs/49.cnf
./10.sh: line 56: 669352 Killed                  ./kissat /home/chenzh/data/hard_cnfs/49.cnf
./10.sh: line 56: 669354 Killed                  ./kissat /home/chenzh/data/hard_cnfs/49.cnf
./10.sh: line 56: 669356 Killed                  ./kissat /home/chenzh/data/hard_cnfs/49.cnf
./10.sh: line 56: 669358 Killed                  ./kissat /home/chenzh/data/hard_cnfs/49.cnf
./10.sh: line 56: 669360 Killed                  ./kissat /home/chenzh/data/hard_cnfs/49.cnf
./10.sh: line 56: 669363 Killed                  ./kissat /home/chenzh/data/hard_cnfs/49.cnf
./10.sh: line 56: 669365 Killed                  ./kissat /home/chenzh/data/hard_cnfs/49.cnf
./10.sh: line 56: 669367 Killed                  ./kissat /home/chenzh/data/hard_cnfs/49.cnf
./10.sh: line 56: 669370 Killed                  ./kissat /home/chenzh/data/hard_cnfs/49.cnf
./10.sh: line 56: 669371 Killed                  ./kissat /home/chenzh/data/hard_cnfs/49.cnf
./10.sh: line 56: 669373 Killed                  ./kissat /home/chenzh/data/hard_cnfs/49.cnf
./10.sh: line 56: 669375 Killed                  ./kissat /home/chenzh/data/hard_cnfs/49.cnf
./10.sh: line 56: 669377 Killed                  ./kissat /home/chenzh/data/hard_cnfs/49.cnf
./10.sh: line 56: 669379 Killed                  ./kissat /home/chenzh/data/hard_cnfs/49.cnf
./10.sh: line 56: 669381 Killed                  ./kissat /home/chenzh/data/hard_cnfs/49.cnf
./10.sh: line 56: 669385 Killed                  ./kissat /home/chenzh/data/hard_cnfs/49.cnf
./10.sh: line 56: 669386 Killed                  ./kissat /home/chenzh/data/hard_cnfs/49.cnf
./10.sh: line 56: 669388 Killed                  ./kissat /home/chenzh/data/hard_cnfs/49.cnf
./10.sh: line 56: 669390 Killed                  ./kissat /home/chenzh/data/hard_cnfs/49.cnf
./10.sh: line 56: 669392 Killed                  ./kissat /home/chenzh/data/hard_cnfs/49.cnf
./10.sh: line 56: 669394 Killed                  ./kissat /home/chenzh/data/hard_cnfs/49.cnf
./10.sh: line 56: 669396 Killed                  ./kissat /home/chenzh/data/hard_cnfs/49.cnf
./10.sh: line 56: 669398 Killed                  ./kissat /home/chenzh/data/hard_cnfs/49.cnf
./10.sh: line 56: 669401 Killed                  ./kissat /home/chenzh/data/hard_cnfs/49.cnf
./10.sh: line 56: 669403 Killed                  ./kissat /home/chenzh/data/hard_cnfs/49.cnf
./10.sh: line 56: 669405 Killed                  ./kissat /home/chenzh/data/hard_cnfs/49.cnf
./10.sh: line 56: 669408 Killed                  ./kissat /home/chenzh/data/hard_cnfs/49.cnf
./10.sh: line 56: 669410 Killed                  ./kissat /home/chenzh/data/hard_cnfs/49.cnf
./10.sh: line 56: 669413 Killed                  ./kissat /home/chenzh/data/hard_cnfs/49.cnf
./10.sh: line 56: 669415 Killed                  ./kissat /home/chenzh/data/hard_cnfs/49.cnf
./10.sh: line 56: 669417 Killed                  ./kissat /home/chenzh/data/hard_cnfs/49.cnf
./10.sh: line 56: 669419 Killed                  ./kissat /home/chenzh/data/hard_cnfs/49.cnf
./10.sh: line 56: 669421 Killed                  ./kissat /home/chenzh/data/hard_cnfs/49.cnf
./10.sh: line 56: 669423 Killed                  ./kissat /home/chenzh/data/hard_cnfs/49.cnf
./10.sh: line 56: 669425 Killed                  ./kissat /home/chenzh/data/hard_cnfs/49.cnf
./10.sh: line 56: 669427 Killed                  ./kissat /home/chenzh/data/hard_cnfs/49.cnf
./10.sh: line 56: 669430 Killed                  ./kissat /home/chenzh/data/hard_cnfs/49.cnf
./10.sh: line 56: 669432 Killed                  ./kissat /home/chenzh/data/hard_cnfs/49.cnf
./10.sh: line 56: 669434 Killed                  ./kissat /home/chenzh/data/hard_cnfs/49.cnf
./10.sh: line 56: 669437 Killed                  ./kissat /home/chenzh/data/hard_cnfs/49.cnf
./10.sh: line 56: 669439 Killed                  ./kissat /home/chenzh/data/hard_cnfs/49.cnf
./10.sh: line 56: 669441 Killed                  ./kissat /home/chenzh/data/hard_cnfs/49.cnf
./10.sh: line 56: 669443 Killed                  ./kissat /home/chenzh/data/hard_cnfs/49.cnf
./10.sh: line 56: 669445 Killed                  ./kissat /home/chenzh/data/hard_cnfs/49.cnf
./10.sh: line 56: 669447 Killed                  ./kissat /home/chenzh/data/hard_cnfs/49.cnf
./10.sh: line 56: 669449 Killed                  ./kissat /home/chenzh/data/hard_cnfs/49.cnf
./10.sh: line 56: 669452 Killed                  ./kissat /home/chenzh/data/hard_cnfs/49.cnf
./10.sh: line 56: 669454 Killed                  ./kissat /home/chenzh/data/hard_cnfs/49.cnf
./10.sh: line 56: 669456 Killed                  ./kissat /home/chenzh/data/hard_cnfs/49.cnf
./10.sh: line 56: 669459 Killed                  ./kissat /home/chenzh/data/hard_cnfs/49.cnf
./10.sh: line 56: 669462 Killed                  ./kissat /home/chenzh/data/hard_cnfs/49.cnf
./10.sh: line 56: 669464 Killed                  ./kissat /home/chenzh/data/hard_cnfs/49.cnf
./10.sh: line 56: 669466 Killed                  ./kissat /home/chenzh/data/hard_cnfs/49.cnf
./10.sh: line 56: 669469 Killed                  ./kissat /home/chenzh/data/hard_cnfs/49.cnf
./10.sh: line 56: 669471 Killed                  ./kissat /home/chenzh/data/hard_cnfs/49.cnf
./10.sh: line 56: 669478 Killed                  ./kissat /home/chenzh/data/hard_cnfs/49.cnf
core2586-950.mps
neos-4264598-oueme.mps
z26.mps
cvrpb-n45k5vrpi.mps
uccase10.mps
pb-grow22.mps
bts4-cta.mps
neos-3695882-vesdre.mps
swath.mps
dws012-01.mps
neos-3740487-motru.mps
assign1-10-4.mps
neos-3068746-nene.mps
allcolor58.mps
polygonpack4-15.mps
dws008-03.mps
set3-09.mps
dws008-01.mps
pythago7825.mps
n3709.mps
neos-3352863-ancoa.mps
datt256.mps
fhnw-sq2.mps
scpj4scip.mps
academictimetablebig.mps
ns1111636.mps
neos-2629914-sudost.mps
ns1904248.mps
milo-v13-4-3d-4-0.mps
triptim4.mps
mkc.mps
supportcase30.mps
ns1905797.mps
rmine15.mps
fhnw-binschedule2.mps
eva1aprime5x5opt.mps
neos-4290317-perth.mps
neos-4285819-pedja.mps
graphdraw-opmanager.mps
supportcase31.mps
ds-big.mps
tpl-tub-ws1617.mps
lr1dr04vc05v17a-t360.mps
sct1.mps
lr1dr12vc10v70b-t360.mps
satellites4-25.mps
supportcase3.mps
ns1849932.mps
neos-4295773-pissa.mps
seqsolve1.mps
eva1aprime6x6opt.mps
supportcase19.mps
genus-g61-25.mps
mining.mps
neos-1423785.mps
rwth-timetable.mps
amaze22012-03-15i.mps
rocII-10-11.mps
fastxgemm-n3r21s3t6.mps
neos-3530905-gaula.mps
cmflsp40-24-10-7.mps
snp-06-004-052.mps
neos-5076235-embley.mps
gasprod1-1.mps
s100.mps
neos-5196530-nuhaka.mps
snp-04-052-052.mps
n3707.mps
gsvm2rl12.mps
siena1.mps
ivu52.mps
tw-myciel4.mps
supportcase41.mps
fhnw-schedule-paira200.mps
gfd-schedulen180f7d50m.mps30k18
nucorsav.mps
stoch-vrpvrp-s5v2c8vrp.mps-v2c8i
proteindesign121hz512p.mps9
proteindesign121hz512p.mps19
t1722.mps
rfds-4-days.mps
graph40-20-1rand.mps
rocII-8-11.mps
allcolor10.mps
ds.mps
dfn-bwin-DBE.mps
neos-4387871-tavua.mps
supportcase35.mps
neos-3682128-sandon.mps
pythago7824.mps
neos-5045105-creuse.mps
polygonpack5-15.mps
bab6.mps
neos-2974461-ibar.mps
neos-4292145-piako.mps
neos-1420546.mps
supportcase23.mps
neos-5261882-treska.mps
neos-4360552-sangro.mps
cvrpp-n16k8vrpi.mps
splice1k1i.mps
dano3mip.mps
graph40-40-1rand.mps
t1717.mps
a2864-99blp.mps
bley_xs1noM.mps
scpl4.mps
satellites3-25.mps
ger50-17-ptp-pop-6t.mps
shs1042.mps
sorrell7.mps
supportcase38.mps
bppc6-06.mps
neos-4335793-snake.mps
sing326.mps
roi5alpha10n8.mps
hawaiiv10-130.mps
nj3.mps
tokyometro.mps
neos-4647032-veleka.mps
van.mps
bharat.mps
splan1.mps
set3-10.mps
adult-regularized.mps
supportcase22.mps
f2000.mps
seqsolve3short4288exce.mpsss384
neos-4338804-snowy.mps
cmflsp60-36-2-6.mps
neos-4647027-thurso.mps
cmflsp40-36-2-10.mps
snp-10-052-052.mps
comp12-2idx.mps
fhnw-schedule-pairb200.mps
neos-848198.mps
bley_xs1.mps
triptim2.mps
neos-4531126-vouga.mps
scpm1.mps
shipsched.mps
rmatr200-p20.mps
dlr1.mps
fhnw-binpack4-48.mps
stp3d.mps
neos-5221106-oparau.mps
traininstance2.mps
queens-30.mps
elitserienhandball11i.mps
neos-5266653-tugela.mps
polygonpack3-15.mps
neos-3754480-nidda.mps
ns1690781.mps
rmatr200-p10.mps
neos-4165869-wannon.mps
2club200v15p5scn.mps
opm2-z12-s8.mps
genus-g31-8.mps
set3-20.mps
wnq-n100-mw99-14.mps
neos-2987202-jeir.mps
moj-mining.mps
rmine13.mps
icir97_potential.mps
dws012-02.mps
rococoC11-010100.mps
germany50-UUM.mps
neos-4545615-waita.mps
bppc6-02.mps
rmine21.mps
pizza78i.mps
milo-v12-6-r1-58-1.mps
elitserienhandball3i.mps
gmut-76-50.mps
fhnw-schedule-pairb400.mps
neos-3355120-tarago.mps
neos-3615091-sutlej.mps
genus-sym-g31-8.mps
ns1679495.mps
nb10tb.mps
ex1010-pi.mps
seqsolve2short4288.mps
shs1023.mps
neos-2294525-abba.mps
neos-5260764-orauea.mps
sct32.mps
neos-3754224-navua.mps
neos-1420790.mps
dc1c.mps
ofi2.mps
neos-4954672-berkel.mps
stockholm.mps
neos-3355323-arnon.mps
pb-gfrd-pnc.mps
nj1.mps
usAbbrv-8-25_70.mps
zeil.mps
atm20-100.mps
neos-5251015-ogosta.mps
neos-4562542-watut.mps
fhnw-schedule-paira400.mps
gsvm2rl11.mps
circ10-3.mps
neos-2978205-isar.mps
hgms62.mps
radiationm40-10-02.mps
lr1dr02vc05v8a-t360.mps
ivu06-big.mps
gfd-schedulen180f7d50m.mps30k18-16i
neos-3426085-ticino.mps
opm2-z10-s4.mps
genus-sym-grafo5708-48.mps
usafa.mps
ger50_17_trans.mps
nsr8k.mps
fastxgemm-n3r22s4t6.mps
neos-2991472-kalu.mps
shiftreg2-7.mps
sing5.mps
cdma.mps
neos-872648.mps
graph40-80-1rand.mps
bab3.mps
fhnw-binpack4-58.mps
pizza27i.mps
milo-v13-4-3d-3-0.mps
ivu06.mps
snip10x10-35r1budget17.mps
neos-3214367-sovi.mps
bab2.mps
elitserienhandball13i.mps
nj2.mps
adult-max5features.mps
ns1856153.mps
uccase7.mps
r4l4-02-tree-bounds-50.mps
comp21-2idx.mps
hgms-det.mps
neos-4355351-swalm.mps
supportcase10.mps
bg512142.mps
n3700.mps
gmut-75-50.mps
sing17.mps
neos-5223573-tarwin.mps
sorrell3.mps
sct5.mps
nag.mps
fhnw-binschedule0.mps
bab1.mps
splice1k1.mps
tpl-tub-ss16.mps
dws012-03.mps
lr2-22dr3-333vc4v17a-t.mps60
d20200.mps
snp-10-004-052.mps
woodlands09.mps
thor50dday.mps
dolom1.mps
ns930473.mps
bmocbd3.mps
ger50-17-trans-pop-3t.mps
neos-3237086-abava.mps
gmut-76-40.mps
neos-5044663-wairoa.mps
v150d30-2hopcds.mps
set3-16.mps
shs1014.mps
rmine25.mps
neos-4409277-trave.mps
core4872-1529.mps
polygonpack4-7.mps
highschool1-aigio.mps
fhnw-binpack4-77.mps
set3-15.mps
scpn2.mps
neos-3372571-onahau.mps
fhnw-schedule-paira100.mps
sing44.mps
xmas10.mps
ger50-17-trans-dfn-3t.mps
neos-4647030-tutaki.mps
xmas10-2.mps
dg012142.mps
neos-5273874-yomtsa.mps
neos-3426132-dieze.mps
neos-5114902-kasavu.mps
reblock354.mps
fhnw-binschedule1.mps
minutedispatchstrategy.mps
neos-4300652-rahue.mps
triptim7.mps
triptim8.mps
neos-3691541-lonja.mps
sing11.mps
n3705.mps
rmine11.mps
n370b.mps
neos-5093327-huahum.mps
ivu59.mps
neos-954925.mps
neos-3025225-shelon.mps
neos-4343293-stony.mps
rococoC12-010001.mps
probportfolio.mps
supportcase39.mps
kottenpark09.mps
neos-3594536-henty.mps
neos-5041822-cockle.mps
neos-5151569-mologa.mps
neos-4230265-orari.mps
neos-3209462-rhin.mps
dlr2.mps
neos-3656078-kumeu.mps
graph20-80-1rand.mps
elitserienhandball14i.mps
neos-5189128-totara.mps
ger50-17-ptp-pop-3t.mps
fastxgemm-n3r23s5t6.mps
neos-4533806-waima.mps
polygonpack4-10.mps
comp16-3idx.mps
neos-5102383-irwell.mps
neos-4232544-orira.mps
s1234.mps
neos-3322547-alsek.mps
core4284-1064.mps
ramos3.mps
milo-v12-6-r1-75-1.mps
neos-3603137-hoteo.mps
graphdraw-mainerd.mps
sorrell4.mps
neos-3009394-lami.mps
cvrpa-n64k9vrpi.mps
gsvm2rl5.mps
liu.mps
ns1430538.mps
ns2124243.mps
shiftreg5-1.mps
neos-3208254-reiu.mps
rail03.mps
supportcase2.mps
ns1828997.mps
momentum3.mps
nursesched-medium-hint.mps03
neos-3634244-kauru.mps
graphdraw-grafo2.mps
neos-4555749-wards.mps
dc1l.mps
neos-4535459-waipa.mps
neos-4358725-tagus.mps
ns1456591.mps
markshare2.mps
in.mps
neos-4954274-beardy.mps
kosova1.mps
cdc7-4-3-2.mps
tbfp-bigm.mps
ns1631475.mps
rvb-sub.mps
scpk4.mps
neos-5104907-jarama.mps
amaze22012-07-04i.mps
hanoi5.mps
gsvm2rl9.mps
neos-4321076-ruwer.mps
s82.mps
hgms30.mps
pb-market-split8-70-4.mps
genus-sym-g62-2.mps
l2p1i.mps
ns2122698.mps
./60.sh: line 56: 694348 Killed                  ./kissat /home/chenzh/data/hard_cnfs/49.cnf
./60.sh: line 56: 694350 Killed                  ./kissat /home/chenzh/data/hard_cnfs/49.cnf
./60.sh: line 56: 694353 Killed                  ./kissat /home/chenzh/data/hard_cnfs/49.cnf
./60.sh: line 56: 694355 Killed                  ./kissat /home/chenzh/data/hard_cnfs/49.cnf
./60.sh: line 56: 694358 Killed                  ./kissat /home/chenzh/data/hard_cnfs/49.cnf
./60.sh: line 56: 694360 Killed                  ./kissat /home/chenzh/data/hard_cnfs/49.cnf
./60.sh: line 56: 694362 Killed                  ./kissat /home/chenzh/data/hard_cnfs/49.cnf
./60.sh: line 56: 694365 Killed                  ./kissat /home/chenzh/data/hard_cnfs/49.cnf
./60.sh: line 56: 694367 Killed                  ./kissat /home/chenzh/data/hard_cnfs/49.cnf
./60.sh: line 56: 694371 Killed                  ./kissat /home/chenzh/data/hard_cnfs/49.cnf
./60.sh: line 56: 694369 Killed                  ./kissat /home/chenzh/data/hard_cnfs/49.cnf
./60.sh: line 56: 694373 Killed                  ./kissat /home/chenzh/data/hard_cnfs/49.cnf
./60.sh: line 56: 694376 Killed                  ./kissat /home/chenzh/data/hard_cnfs/49.cnf
./60.sh: line 56: 694379 Killed                  ./kissat /home/chenzh/data/hard_cnfs/49.cnf
./60.sh: line 56: 694381 Killed                  ./kissat /home/chenzh/data/hard_cnfs/49.cnf
./60.sh: line 56: 694383 Killed                  ./kissat /home/chenzh/data/hard_cnfs/49.cnf
./60.sh: line 56: 694386 Killed                  ./kissat /home/chenzh/data/hard_cnfs/49.cnf
./60.sh: line 56: 694388 Killed                  ./kissat /home/chenzh/data/hard_cnfs/49.cnf
./60.sh: line 56: 694391 Killed                  ./kissat /home/chenzh/data/hard_cnfs/49.cnf
./60.sh: line 56: 694395 Killed                  ./kissat /home/chenzh/data/hard_cnfs/49.cnf
./60.sh: line 56: 694397 Killed                  ./kissat /home/chenzh/data/hard_cnfs/49.cnf
./60.sh: line 56: 694442 Killed                  ./kissat /home/chenzh/data/hard_cnfs/49.cnf
./60.sh: line 56: 694445 Killed                  ./kissat /home/chenzh/data/hard_cnfs/49.cnf
./60.sh: line 56: 694448 Killed                  ./kissat /home/chenzh/data/hard_cnfs/49.cnf
./60.sh: line 56: 694450 Killed                  ./kissat /home/chenzh/data/hard_cnfs/49.cnf
./60.sh: line 56: 694454 Killed                  ./kissat /home/chenzh/data/hard_cnfs/49.cnf
./60.sh: line 56: 694452 Killed                  ./kissat /home/chenzh/data/hard_cnfs/49.cnf
./60.sh: line 56: 694456 Killed                  ./kissat /home/chenzh/data/hard_cnfs/49.cnf
./60.sh: line 56: 694458 Killed                  ./kissat /home/chenzh/data/hard_cnfs/49.cnf
./60.sh: line 56: 694460 Killed                  ./kissat /home/chenzh/data/hard_cnfs/49.cnf
./60.sh: line 56: 694462 Killed                  ./kissat /home/chenzh/data/hard_cnfs/49.cnf
./60.sh: line 56: 694464 Killed                  ./kissat /home/chenzh/data/hard_cnfs/49.cnf
./60.sh: line 56: 694467 Killed                  ./kissat /home/chenzh/data/hard_cnfs/49.cnf
./60.sh: line 56: 694469 Killed                  ./kissat /home/chenzh/data/hard_cnfs/49.cnf
./60.sh: line 56: 694471 Killed                  ./kissat /home/chenzh/data/hard_cnfs/49.cnf
./60.sh: line 56: 694473 Killed                  ./kissat /home/chenzh/data/hard_cnfs/49.cnf
./60.sh: line 56: 694475 Killed                  ./kissat /home/chenzh/data/hard_cnfs/49.cnf
./60.sh: line 56: 694477 Killed                  ./kissat /home/chenzh/data/hard_cnfs/49.cnf
./60.sh: line 56: 694481 Killed                  ./kissat /home/chenzh/data/hard_cnfs/49.cnf
./60.sh: line 56: 694479 Killed                  ./kissat /home/chenzh/data/hard_cnfs/49.cnf
./60.sh: line 56: 694483 Killed                  ./kissat /home/chenzh/data/hard_cnfs/49.cnf
./60.sh: line 56: 694485 Killed                  ./kissat /home/chenzh/data/hard_cnfs/49.cnf
./60.sh: line 56: 694487 Killed                  ./kissat /home/chenzh/data/hard_cnfs/49.cnf
./60.sh: line 56: 694492 Killed                  ./kissat /home/chenzh/data/hard_cnfs/49.cnf
./60.sh: line 56: 694490 Killed                  ./kissat /home/chenzh/data/hard_cnfs/49.cnf
./60.sh: line 56: 694494 Killed                  ./kissat /home/chenzh/data/hard_cnfs/49.cnf
./60.sh: line 56: 694496 Killed                  ./kissat /home/chenzh/data/hard_cnfs/49.cnf
./60.sh: line 56: 694498 Killed                  ./kissat /home/chenzh/data/hard_cnfs/49.cnf
./60.sh: line 56: 694500 Killed                  ./kissat /home/chenzh/data/hard_cnfs/49.cnf
./60.sh: line 56: 694502 Killed                  ./kissat /home/chenzh/data/hard_cnfs/49.cnf
./60.sh: line 56: 694504 Killed                  ./kissat /home/chenzh/data/hard_cnfs/49.cnf
./60.sh: line 56: 694506 Killed                  ./kissat /home/chenzh/data/hard_cnfs/49.cnf
./60.sh: line 56: 694508 Killed                  ./kissat /home/chenzh/data/hard_cnfs/49.cnf
./60.sh: line 56: 694511 Killed                  ./kissat /home/chenzh/data/hard_cnfs/49.cnf
./60.sh: line 56: 694512 Killed                  ./kissat /home/chenzh/data/hard_cnfs/49.cnf
./60.sh: line 56: 694514 Killed                  ./kissat /home/chenzh/data/hard_cnfs/49.cnf
./60.sh: line 56: 694516 Killed                  ./kissat /home/chenzh/data/hard_cnfs/49.cnf
./60.sh: line 56: 694519 Killed                  ./kissat /home/chenzh/data/hard_cnfs/49.cnf
./60.sh: line 56: 694521 Killed                  ./kissat /home/chenzh/data/hard_cnfs/49.cnf
./60.sh: line 56: 694523 Killed                  ./kissat /home/chenzh/data/hard_cnfs/49.cnf
./60.sh: line 56: 694526 Killed                  ./kissat /home/chenzh/data/hard_cnfs/49.cnf
./60.sh: line 56: 694527 Killed                  ./kissat /home/chenzh/data/hard_cnfs/49.cnf
./60.sh: line 56: 694529 Killed                  ./kissat /home/chenzh/data/hard_cnfs/49.cnf
./60.sh: line 56: 694531 Killed                  ./kissat /home/chenzh/data/hard_cnfs/49.cnf
./60.sh: line 56: 694533 Killed                  ./kissat /home/chenzh/data/hard_cnfs/49.cnf
./60.sh: line 56: 694535 Killed                  ./kissat /home/chenzh/data/hard_cnfs/49.cnf
./60.sh: line 56: 694537 Killed                  ./kissat /home/chenzh/data/hard_cnfs/49.cnf
./60.sh: line 56: 694539 Killed                  ./kissat /home/chenzh/data/hard_cnfs/49.cnf
./60.sh: line 56: 694541 Killed                  ./kissat /home/chenzh/data/hard_cnfs/49.cnf
./60.sh: line 56: 694544 Killed                  ./kissat /home/chenzh/data/hard_cnfs/49.cnf
./60.sh: line 56: 694546 Killed                  ./kissat /home/chenzh/data/hard_cnfs/49.cnf
./60.sh: line 56: 694548 Killed                  ./kissat /home/chenzh/data/hard_cnfs/49.cnf
./60.sh: line 56: 694552 Killed                  ./kissat /home/chenzh/data/hard_cnfs/49.cnf
./60.sh: line 56: 694551 Killed                  ./kissat /home/chenzh/data/hard_cnfs/49.cnf
./60.sh: line 56: 694554 Killed                  ./kissat /home/chenzh/data/hard_cnfs/49.cnf
./60.sh: line 56: 694556 Killed                  ./kissat /home/chenzh/data/hard_cnfs/49.cnf
./60.sh: line 56: 694558 Killed                  ./kissat /home/chenzh/data/hard_cnfs/49.cnf
./60.sh: line 56: 694560 Killed                  ./kissat /home/chenzh/data/hard_cnfs/49.cnf
./60.sh: line 56: 694562 Killed                  ./kissat /home/chenzh/data/hard_cnfs/49.cnf
./60.sh: line 56: 694564 Killed                  ./kissat /home/chenzh/data/hard_cnfs/49.cnf
./60.sh: line 56: 694566 Killed                  ./kissat /home/chenzh/data/hard_cnfs/49.cnf
./60.sh: line 56: 694568 Killed                  ./kissat /home/chenzh/data/hard_cnfs/49.cnf
./60.sh: line 56: 694571 Killed                  ./kissat /home/chenzh/data/hard_cnfs/49.cnf
./60.sh: line 56: 694573 Killed                  ./kissat /home/chenzh/data/hard_cnfs/49.cnf
./60.sh: line 56: 694575 Killed                  ./kissat /home/chenzh/data/hard_cnfs/49.cnf
./60.sh: line 56: 694579 Killed                  ./kissat /home/chenzh/data/hard_cnfs/49.cnf
./60.sh: line 56: 694577 Killed                  ./kissat /home/chenzh/data/hard_cnfs/49.cnf
./60.sh: line 56: 694581 Killed                  ./kissat /home/chenzh/data/hard_cnfs/49.cnf
./60.sh: line 56: 694583 Killed                  ./kissat /home/chenzh/data/hard_cnfs/49.cnf
./60.sh: line 56: 694586 Killed                  ./kissat /home/chenzh/data/hard_cnfs/49.cnf
./60.sh: line 56: 694589 Killed                  ./kissat /home/chenzh/data/hard_cnfs/49.cnf
./60.sh: line 56: 694587 Killed                  ./kissat /home/chenzh/data/hard_cnfs/49.cnf
./60.sh: line 56: 694592 Killed                  ./kissat /home/chenzh/data/hard_cnfs/49.cnf
./60.sh: line 56: 694594 Killed                  ./kissat /home/chenzh/data/hard_cnfs/49.cnf
./60.sh: line 56: 694597 Killed                  ./kissat /home/chenzh/data/hard_cnfs/49.cnf
./60.sh: line 56: 694598 Killed                  ./kissat /home/chenzh/data/hard_cnfs/49.cnf
./60.sh: line 56: 694600 Killed                  ./kissat /home/chenzh/data/hard_cnfs/49.cnf
./60.sh: line 56: 694602 Killed                  ./kissat /home/chenzh/data/hard_cnfs/49.cnf
./60.sh: line 56: 694604 Killed                  ./kissat /home/chenzh/data/hard_cnfs/49.cnf
./60.sh: line 56: 694607 Killed                  ./kissat /home/chenzh/data/hard_cnfs/49.cnf
./60.sh: line 56: 694609 Killed                  ./kissat /home/chenzh/data/hard_cnfs/49.cnf
./60.sh: line 56: 694611 Killed                  ./kissat /home/chenzh/data/hard_cnfs/49.cnf
./60.sh: line 56: 694613 Killed                  ./kissat /home/chenzh/data/hard_cnfs/49.cnf
./60.sh: line 56: 694616 Killed                  ./kissat /home/chenzh/data/hard_cnfs/49.cnf
./60.sh: line 56: 694619 Killed                  ./kissat /home/chenzh/data/hard_cnfs/49.cnf
./60.sh: line 56: 694621 Killed                  ./kissat /home/chenzh/data/hard_cnfs/49.cnf
./60.sh: line 56: 694623 Killed                  ./kissat /home/chenzh/data/hard_cnfs/49.cnf
./60.sh: line 56: 694625 Killed                  ./kissat /home/chenzh/data/hard_cnfs/49.cnf
./60.sh: line 56: 694627 Killed                  ./kissat /home/chenzh/data/hard_cnfs/49.cnf
./60.sh: line 56: 694629 Killed                  ./kissat /home/chenzh/data/hard_cnfs/49.cnf
./60.sh: line 56: 694631 Killed                  ./kissat /home/chenzh/data/hard_cnfs/49.cnf
./60.sh: line 56: 694635 Killed                  ./kissat /home/chenzh/data/hard_cnfs/49.cnf
./60.sh: line 56: 694636 Killed                  ./kissat /home/chenzh/data/hard_cnfs/49.cnf
./60.sh: line 56: 694638 Killed                  ./kissat /home/chenzh/data/hard_cnfs/49.cnf
./60.sh: line 56: 694640 Killed                  ./kissat /home/chenzh/data/hard_cnfs/49.cnf
./60.sh: line 56: 694642 Killed                  ./kissat /home/chenzh/data/hard_cnfs/49.cnf
./60.sh: line 56: 694645 Killed                  ./kissat /home/chenzh/data/hard_cnfs/49.cnf
./60.sh: line 56: 694647 Killed                  ./kissat /home/chenzh/data/hard_cnfs/49.cnf
./60.sh: line 56: 694650 Killed                  ./kissat /home/chenzh/data/hard_cnfs/49.cnf
./60.sh: line 56: 694652 Killed                  ./kissat /home/chenzh/data/hard_cnfs/49.cnf
./60.sh: line 56: 694654 Killed                  ./kissat /home/chenzh/data/hard_cnfs/49.cnf
./60.sh: line 56: 694657 Killed                  ./kissat /home/chenzh/data/hard_cnfs/49.cnf
./60.sh: line 56: 694659 Killed                  ./kissat /home/chenzh/data/hard_cnfs/49.cnf
./60.sh: line 56: 694662 Killed                  ./kissat /home/chenzh/data/hard_cnfs/49.cnf
./60.sh: line 56: 694664 Killed                  ./kissat /home/chenzh/data/hard_cnfs/49.cnf
./60.sh: line 56: 694666 Killed                  ./kissat /home/chenzh/data/hard_cnfs/49.cnf
./60.sh: line 56: 694669 Killed                  ./kissat /home/chenzh/data/hard_cnfs/49.cnf
./60.sh: line 56: 694672 Killed                  ./kissat /home/chenzh/data/hard_cnfs/49.cnf
core2586-950.mps
neos-4264598-oueme.mps
z26.mps
cvrpb-n45k5vrpi.mps
uccase10.mps
pb-grow22.mps
bts4-cta.mps
neos-3695882-vesdre.mps
swath.mps
dws012-01.mps
neos-3740487-motru.mps
assign1-10-4.mps
neos-3068746-nene.mps
allcolor58.mps
polygonpack4-15.mps
dws008-03.mps
set3-09.mps
dws008-01.mps
pythago7825.mps
n3709.mps
neos-3352863-ancoa.mps
datt256.mps
fhnw-sq2.mps
scpj4scip.mps
academictimetablebig.mps
ns1111636.mps
neos-2629914-sudost.mps
ns1904248.mps
milo-v13-4-3d-4-0.mps
triptim4.mps
mkc.mps
supportcase30.mps
ns1905797.mps
rmine15.mps
fhnw-binschedule2.mps
eva1aprime5x5opt.mps
neos-4290317-perth.mps
neos-4285819-pedja.mps
graphdraw-opmanager.mps
supportcase31.mps
ds-big.mps
tpl-tub-ws1617.mps
lr1dr04vc05v17a-t360.mps
sct1.mps
lr1dr12vc10v70b-t360.mps
satellites4-25.mps
supportcase3.mps
ns1849932.mps
neos-4295773-pissa.mps
seqsolve1.mps
eva1aprime6x6opt.mps
supportcase19.mps
genus-g61-25.mps
mining.mps
neos-1423785.mps
rwth-timetable.mps
amaze22012-03-15i.mps
rocII-10-11.mps
fastxgemm-n3r21s3t6.mps
neos-3530905-gaula.mps
cmflsp40-24-10-7.mps
snp-06-004-052.mps
neos-5076235-embley.mps
gasprod1-1.mps
s100.mps
neos-5196530-nuhaka.mps
snp-04-052-052.mps
n3707.mps
gsvm2rl12.mps
siena1.mps
ivu52.mps
tw-myciel4.mps
supportcase41.mps
fhnw-schedule-paira200.mps
gfd-schedulen180f7d50m.mps30k18
nucorsav.mps
stoch-vrpvrp-s5v2c8vrp.mps-v2c8i
proteindesign121hz512p.mps9
proteindesign121hz512p.mps19
t1722.mps
rfds-4-days.mps
graph40-20-1rand.mps
rocII-8-11.mps
allcolor10.mps
ds.mps
dfn-bwin-DBE.mps
neos-4387871-tavua.mps
supportcase35.mps
neos-3682128-sandon.mps
pythago7824.mps
neos-5045105-creuse.mps
polygonpack5-15.mps
bab6.mps
neos-2974461-ibar.mps
neos-4292145-piako.mps
neos-1420546.mps
supportcase23.mps
neos-5261882-treska.mps
neos-4360552-sangro.mps
cvrpp-n16k8vrpi.mps
splice1k1i.mps
dano3mip.mps
graph40-40-1rand.mps
t1717.mps
a2864-99blp.mps
bley_xs1noM.mps
scpl4.mps
satellites3-25.mps
ger50-17-ptp-pop-6t.mps
shs1042.mps
sorrell7.mps
supportcase38.mps
bppc6-06.mps
neos-4335793-snake.mps
sing326.mps
roi5alpha10n8.mps
hawaiiv10-130.mps
nj3.mps
tokyometro.mps
neos-4647032-veleka.mps
van.mps
bharat.mps
splan1.mps
set3-10.mps
adult-regularized.mps
supportcase22.mps
f2000.mps
seqsolve3short4288exce.mpsss384
neos-4338804-snowy.mps
cmflsp60-36-2-6.mps
neos-4647027-thurso.mps
cmflsp40-36-2-10.mps
snp-10-052-052.mps
comp12-2idx.mps
fhnw-schedule-pairb200.mps
neos-848198.mps
bley_xs1.mps
triptim2.mps
neos-4531126-vouga.mps
scpm1.mps
shipsched.mps
rmatr200-p20.mps
dlr1.mps
fhnw-binpack4-48.mps
stp3d.mps
neos-5221106-oparau.mps
traininstance2.mps
queens-30.mps
elitserienhandball11i.mps
neos-5266653-tugela.mps
polygonpack3-15.mps
neos-3754480-nidda.mps
ns1690781.mps
rmatr200-p10.mps
neos-4165869-wannon.mps
2club200v15p5scn.mps
opm2-z12-s8.mps
genus-g31-8.mps
set3-20.mps
wnq-n100-mw99-14.mps
neos-2987202-jeir.mps
moj-mining.mps
rmine13.mps
icir97_potential.mps
dws012-02.mps
rococoC11-010100.mps
germany50-UUM.mps
neos-4545615-waita.mps
bppc6-02.mps
rmine21.mps
pizza78i.mps
milo-v12-6-r1-58-1.mps
elitserienhandball3i.mps
gmut-76-50.mps
fhnw-schedule-pairb400.mps
neos-3355120-tarago.mps
neos-3615091-sutlej.mps
genus-sym-g31-8.mps
ns1679495.mps
nb10tb.mps
ex1010-pi.mps
seqsolve2short4288.mps
shs1023.mps
neos-2294525-abba.mps
neos-5260764-orauea.mps
sct32.mps
neos-3754224-navua.mps
neos-1420790.mps
dc1c.mps
ofi2.mps
neos-4954672-berkel.mps
stockholm.mps
neos-3355323-arnon.mps
pb-gfrd-pnc.mps
nj1.mps
usAbbrv-8-25_70.mps
zeil.mps
atm20-100.mps
neos-5251015-ogosta.mps
neos-4562542-watut.mps
fhnw-schedule-paira400.mps
gsvm2rl11.mps
circ10-3.mps
neos-2978205-isar.mps
hgms62.mps
radiationm40-10-02.mps
lr1dr02vc05v8a-t360.mps
ivu06-big.mps
gfd-schedulen180f7d50m.mps30k18-16i
neos-3426085-ticino.mps
opm2-z10-s4.mps
genus-sym-grafo5708-48.mps
usafa.mps
ger50_17_trans.mps
nsr8k.mps
fastxgemm-n3r22s4t6.mps
neos-2991472-kalu.mps
shiftreg2-7.mps
sing5.mps
cdma.mps
neos-872648.mps
graph40-80-1rand.mps
bab3.mps
fhnw-binpack4-58.mps
pizza27i.mps
milo-v13-4-3d-3-0.mps
ivu06.mps
snip10x10-35r1budget17.mps
neos-3214367-sovi.mps
bab2.mps
elitserienhandball13i.mps
nj2.mps
adult-max5features.mps
ns1856153.mps
uccase7.mps
r4l4-02-tree-bounds-50.mps
comp21-2idx.mps
hgms-det.mps
neos-4355351-swalm.mps
supportcase10.mps
bg512142.mps
n3700.mps
gmut-75-50.mps
sing17.mps
neos-5223573-tarwin.mps
sorrell3.mps
sct5.mps
nag.mps
fhnw-binschedule0.mps
bab1.mps
splice1k1.mps
tpl-tub-ss16.mps
dws012-03.mps
lr2-22dr3-333vc4v17a-t.mps60
d20200.mps
snp-10-004-052.mps
woodlands09.mps
thor50dday.mps
dolom1.mps
ns930473.mps
bmocbd3.mps
ger50-17-trans-pop-3t.mps
neos-3237086-abava.mps
gmut-76-40.mps
neos-5044663-wairoa.mps
v150d30-2hopcds.mps
set3-16.mps
shs1014.mps
rmine25.mps
neos-4409277-trave.mps
core4872-1529.mps
polygonpack4-7.mps
highschool1-aigio.mps
fhnw-binpack4-77.mps
set3-15.mps
scpn2.mps
neos-3372571-onahau.mps
fhnw-schedule-paira100.mps
sing44.mps
xmas10.mps
ger50-17-trans-dfn-3t.mps
neos-4647030-tutaki.mps
xmas10-2.mps
dg012142.mps
neos-5273874-yomtsa.mps
neos-3426132-dieze.mps
neos-5114902-kasavu.mps
reblock354.mps
fhnw-binschedule1.mps
minutedispatchstrategy.mps
neos-4300652-rahue.mps
triptim7.mps
triptim8.mps
neos-3691541-lonja.mps
sing11.mps
n3705.mps
rmine11.mps
n370b.mps
neos-5093327-huahum.mps
ivu59.mps
neos-954925.mps
neos-3025225-shelon.mps
neos-4343293-stony.mps
rococoC12-010001.mps
probportfolio.mps
supportcase39.mps
kottenpark09.mps
neos-3594536-henty.mps
neos-5041822-cockle.mps
neos-5151569-mologa.mps
neos-4230265-orari.mps
neos-3209462-rhin.mps
dlr2.mps
neos-3656078-kumeu.mps
graph20-80-1rand.mps
elitserienhandball14i.mps
neos-5189128-totara.mps
ger50-17-ptp-pop-3t.mps
fastxgemm-n3r23s5t6.mps
neos-4533806-waima.mps
polygonpack4-10.mps
comp16-3idx.mps
neos-5102383-irwell.mps
neos-4232544-orira.mps
s1234.mps
neos-3322547-alsek.mps
core4284-1064.mps
ramos3.mps
milo-v12-6-r1-75-1.mps
neos-3603137-hoteo.mps
graphdraw-mainerd.mps
sorrell4.mps
neos-3009394-lami.mps
cvrpa-n64k9vrpi.mps
gsvm2rl5.mps
liu.mps
ns1430538.mps
ns2124243.mps
shiftreg5-1.mps
neos-3208254-reiu.mps
rail03.mps
supportcase2.mps
ns1828997.mps
momentum3.mps
nursesched-medium-hint.mps03
neos-3634244-kauru.mps
graphdraw-grafo2.mps
neos-4555749-wards.mps
dc1l.mps
neos-4535459-waipa.mps
neos-4358725-tagus.mps
ns1456591.mps
markshare2.mps
in.mps
neos-4954274-beardy.mps
kosova1.mps
cdc7-4-3-2.mps
tbfp-bigm.mps
ns1631475.mps
rvb-sub.mps
scpk4.mps
neos-5104907-jarama.mps
amaze22012-07-04i.mps
hanoi5.mps
gsvm2rl9.mps
neos-4321076-ruwer.mps
s82.mps
hgms30.mps
pb-market-split8-70-4.mps
genus-sym-g62-2.mps
l2p1i.mps
ns2122698.mps
./300.sh: line 56: 720118 Killed                  ./kissat /home/chenzh/data/hard_cnfs/49.cnf
./300.sh: line 56: 720120 Killed                  ./kissat /home/chenzh/data/hard_cnfs/49.cnf
./300.sh: line 56: 720123 Killed                  ./kissat /home/chenzh/data/hard_cnfs/49.cnf
./300.sh: line 56: 720126 Killed                  ./kissat /home/chenzh/data/hard_cnfs/49.cnf
./300.sh: line 56: 720128 Killed                  ./kissat /home/chenzh/data/hard_cnfs/49.cnf
./300.sh: line 56: 720130 Killed                  ./kissat /home/chenzh/data/hard_cnfs/49.cnf
./300.sh: line 56: 720135 Killed                  ./kissat /home/chenzh/data/hard_cnfs/49.cnf
./300.sh: line 56: 720137 Killed                  ./kissat /home/chenzh/data/hard_cnfs/49.cnf
./300.sh: line 56: 720139 Killed                  ./kissat /home/chenzh/data/hard_cnfs/49.cnf
./300.sh: line 56: 720142 Killed                  ./kissat /home/chenzh/data/hard_cnfs/49.cnf
./300.sh: line 56: 720143 Killed                  ./kissat /home/chenzh/data/hard_cnfs/49.cnf
./300.sh: line 56: 720148 Killed                  ./kissat /home/chenzh/data/hard_cnfs/49.cnf
./300.sh: line 56: 720133 Killed                  ./kissat /home/chenzh/data/hard_cnfs/49.cnf
./300.sh: line 56: 720152 Killed                  ./kissat /home/chenzh/data/hard_cnfs/49.cnf
./300.sh: line 56: 720154 Killed                  ./kissat /home/chenzh/data/hard_cnfs/49.cnf
./300.sh: line 56: 720145 Killed                  ./kissat /home/chenzh/data/hard_cnfs/49.cnf
./300.sh: line 56: 720150 Killed                  ./kissat /home/chenzh/data/hard_cnfs/49.cnf
./300.sh: line 56: 720158 Killed                  ./kissat /home/chenzh/data/hard_cnfs/49.cnf
./300.sh: line 56: 720162 Killed                  ./kissat /home/chenzh/data/hard_cnfs/49.cnf
./300.sh: line 56: 720166 Killed                  ./kissat /home/chenzh/data/hard_cnfs/49.cnf
./300.sh: line 56: 720168 Killed                  ./kissat /home/chenzh/data/hard_cnfs/49.cnf
./300.sh: line 56: 720249 Killed                  ./kissat /home/chenzh/data/hard_cnfs/49.cnf
./300.sh: line 56: 720463 Killed                  ./kissat /home/chenzh/data/hard_cnfs/49.cnf
./300.sh: line 56: 720465 Killed                  ./kissat /home/chenzh/data/hard_cnfs/49.cnf
./300.sh: line 56: 720468 Killed                  ./kissat /home/chenzh/data/hard_cnfs/49.cnf
./300.sh: line 56: 720470 Killed                  ./kissat /home/chenzh/data/hard_cnfs/49.cnf
./300.sh: line 56: 720472 Killed                  ./kissat /home/chenzh/data/hard_cnfs/49.cnf
./300.sh: line 56: 720477 Killed                  ./kissat /home/chenzh/data/hard_cnfs/49.cnf
./300.sh: line 56: 720475 Killed                  ./kissat /home/chenzh/data/hard_cnfs/49.cnf
./300.sh: line 56: 720478 Killed                  ./kissat /home/chenzh/data/hard_cnfs/49.cnf
./300.sh: line 56: 720480 Killed                  ./kissat /home/chenzh/data/hard_cnfs/49.cnf
./300.sh: line 56: 720486 Killed                  ./kissat /home/chenzh/data/hard_cnfs/49.cnf
./300.sh: line 56: 720484 Killed                  ./kissat /home/chenzh/data/hard_cnfs/49.cnf
./300.sh: line 56: 720483 Killed                  ./kissat /home/chenzh/data/hard_cnfs/49.cnf
./300.sh: line 56: 720489 Killed                  ./kissat /home/chenzh/data/hard_cnfs/49.cnf
./300.sh: line 56: 720491 Killed                  ./kissat /home/chenzh/data/hard_cnfs/49.cnf
./300.sh: line 56: 720493 Killed                  ./kissat /home/chenzh/data/hard_cnfs/49.cnf
./300.sh: line 56: 720497 Killed                  ./kissat /home/chenzh/data/hard_cnfs/49.cnf
./300.sh: line 56: 720496 Killed                  ./kissat /home/chenzh/data/hard_cnfs/49.cnf
./300.sh: line 56: 720501 Killed                  ./kissat /home/chenzh/data/hard_cnfs/49.cnf
./300.sh: line 56: 720499 Killed                  ./kissat /home/chenzh/data/hard_cnfs/49.cnf
./300.sh: line 56: 720503 Killed                  ./kissat /home/chenzh/data/hard_cnfs/49.cnf
./300.sh: line 56: 720508 Killed                  ./kissat /home/chenzh/data/hard_cnfs/49.cnf
./300.sh: line 56: 720510 Killed                  ./kissat /home/chenzh/data/hard_cnfs/49.cnf
./300.sh: line 56: 720505 Killed                  ./kissat /home/chenzh/data/hard_cnfs/49.cnf
./300.sh: line 56: 720512 Killed                  ./kissat /home/chenzh/data/hard_cnfs/49.cnf
./300.sh: line 56: 720514 Killed                  ./kissat /home/chenzh/data/hard_cnfs/49.cnf
./300.sh: line 56: 720516 Killed                  ./kissat /home/chenzh/data/hard_cnfs/49.cnf
./300.sh: line 56: 720518 Killed                  ./kissat /home/chenzh/data/hard_cnfs/49.cnf
./300.sh: line 56: 720520 Killed                  ./kissat /home/chenzh/data/hard_cnfs/49.cnf
./300.sh: line 56: 720523 Killed                  ./kissat /home/chenzh/data/hard_cnfs/49.cnf
./300.sh: line 56: 720524 Killed                  ./kissat /home/chenzh/data/hard_cnfs/49.cnf
./300.sh: line 56: 720526 Killed                  ./kissat /home/chenzh/data/hard_cnfs/49.cnf
./300.sh: line 56: 720530 Killed                  ./kissat /home/chenzh/data/hard_cnfs/49.cnf
./300.sh: line 56: 720528 Killed                  ./kissat /home/chenzh/data/hard_cnfs/49.cnf
./300.sh: line 56: 720533 Killed                  ./kissat /home/chenzh/data/hard_cnfs/49.cnf
./300.sh: line 56: 720535 Killed                  ./kissat /home/chenzh/data/hard_cnfs/49.cnf
./300.sh: line 56: 720536 Killed                  ./kissat /home/chenzh/data/hard_cnfs/49.cnf
./300.sh: line 56: 720539 Killed                  ./kissat /home/chenzh/data/hard_cnfs/49.cnf
./300.sh: line 56: 720541 Killed                  ./kissat /home/chenzh/data/hard_cnfs/49.cnf
./300.sh: line 56: 720543 Killed                  ./kissat /home/chenzh/data/hard_cnfs/49.cnf
./300.sh: line 56: 720545 Killed                  ./kissat /home/chenzh/data/hard_cnfs/49.cnf
./300.sh: line 56: 720547 Killed                  ./kissat /home/chenzh/data/hard_cnfs/49.cnf
./300.sh: line 56: 720549 Killed                  ./kissat /home/chenzh/data/hard_cnfs/49.cnf
./300.sh: line 56: 720551 Killed                  ./kissat /home/chenzh/data/hard_cnfs/49.cnf
./300.sh: line 56: 720554 Killed                  ./kissat /home/chenzh/data/hard_cnfs/49.cnf
./300.sh: line 56: 720556 Killed                  ./kissat /home/chenzh/data/hard_cnfs/49.cnf
./300.sh: line 56: 720558 Killed                  ./kissat /home/chenzh/data/hard_cnfs/49.cnf
./300.sh: line 56: 720560 Killed                  ./kissat /home/chenzh/data/hard_cnfs/49.cnf
./300.sh: line 56: 720562 Killed                  ./kissat /home/chenzh/data/hard_cnfs/49.cnf
./300.sh: line 56: 720564 Killed                  ./kissat /home/chenzh/data/hard_cnfs/49.cnf
./300.sh: line 56: 720567 Killed                  ./kissat /home/chenzh/data/hard_cnfs/49.cnf
./300.sh: line 56: 720568 Killed                  ./kissat /home/chenzh/data/hard_cnfs/49.cnf
./300.sh: line 56: 720570 Killed                  ./kissat /home/chenzh/data/hard_cnfs/49.cnf
./300.sh: line 56: 720572 Killed                  ./kissat /home/chenzh/data/hard_cnfs/49.cnf
./300.sh: line 56: 720574 Killed                  ./kissat /home/chenzh/data/hard_cnfs/49.cnf
./300.sh: line 56: 720576 Killed                  ./kissat /home/chenzh/data/hard_cnfs/49.cnf
./300.sh: line 56: 720578 Killed                  ./kissat /home/chenzh/data/hard_cnfs/49.cnf
./300.sh: line 56: 720580 Killed                  ./kissat /home/chenzh/data/hard_cnfs/49.cnf
./300.sh: line 56: 720585 Killed                  ./kissat /home/chenzh/data/hard_cnfs/49.cnf
./300.sh: line 56: 720586 Killed                  ./kissat /home/chenzh/data/hard_cnfs/49.cnf
./300.sh: line 56: 720582 Killed                  ./kissat /home/chenzh/data/hard_cnfs/49.cnf
./300.sh: line 56: 720588 Killed                  ./kissat /home/chenzh/data/hard_cnfs/49.cnf
./300.sh: line 56: 720591 Killed                  ./kissat /home/chenzh/data/hard_cnfs/49.cnf
./300.sh: line 56: 720593 Killed                  ./kissat /home/chenzh/data/hard_cnfs/49.cnf
./300.sh: line 56: 720595 Killed                  ./kissat /home/chenzh/data/hard_cnfs/49.cnf
./300.sh: line 56: 720597 Killed                  ./kissat /home/chenzh/data/hard_cnfs/49.cnf
./300.sh: line 56: 720599 Killed                  ./kissat /home/chenzh/data/hard_cnfs/49.cnf
./300.sh: line 56: 720601 Killed                  ./kissat /home/chenzh/data/hard_cnfs/49.cnf
./300.sh: line 56: 720603 Killed                  ./kissat /home/chenzh/data/hard_cnfs/49.cnf
./300.sh: line 56: 720605 Killed                  ./kissat /home/chenzh/data/hard_cnfs/49.cnf
./300.sh: line 56: 720608 Killed                  ./kissat /home/chenzh/data/hard_cnfs/49.cnf
./300.sh: line 56: 720610 Killed                  ./kissat /home/chenzh/data/hard_cnfs/49.cnf
./300.sh: line 56: 720612 Killed                  ./kissat /home/chenzh/data/hard_cnfs/49.cnf
./300.sh: line 56: 720614 Killed                  ./kissat /home/chenzh/data/hard_cnfs/49.cnf
./300.sh: line 56: 720616 Killed                  ./kissat /home/chenzh/data/hard_cnfs/49.cnf
./300.sh: line 56: 720618 Killed                  ./kissat /home/chenzh/data/hard_cnfs/49.cnf
./300.sh: line 56: 720623 Killed                  ./kissat /home/chenzh/data/hard_cnfs/49.cnf
./300.sh: line 56: 720625 Killed                  ./kissat /home/chenzh/data/hard_cnfs/49.cnf
./300.sh: line 56: 720621 Killed                  ./kissat /home/chenzh/data/hard_cnfs/49.cnf
./300.sh: line 56: 720627 Killed                  ./kissat /home/chenzh/data/hard_cnfs/49.cnf
./300.sh: line 56: 720629 Killed                  ./kissat /home/chenzh/data/hard_cnfs/49.cnf
./300.sh: line 56: 720631 Killed                  ./kissat /home/chenzh/data/hard_cnfs/49.cnf
./300.sh: line 56: 720634 Killed                  ./kissat /home/chenzh/data/hard_cnfs/49.cnf
./300.sh: line 56: 720636 Killed                  ./kissat /home/chenzh/data/hard_cnfs/49.cnf
./300.sh: line 56: 720639 Killed                  ./kissat /home/chenzh/data/hard_cnfs/49.cnf
./300.sh: line 56: 720641 Killed                  ./kissat /home/chenzh/data/hard_cnfs/49.cnf
./300.sh: line 56: 720644 Killed                  ./kissat /home/chenzh/data/hard_cnfs/49.cnf
./300.sh: line 56: 720646 Killed                  ./kissat /home/chenzh/data/hard_cnfs/49.cnf
./300.sh: line 56: 720648 Killed                  ./kissat /home/chenzh/data/hard_cnfs/49.cnf
./300.sh: line 56: 720650 Killed                  ./kissat /home/chenzh/data/hard_cnfs/49.cnf
./300.sh: line 56: 720654 Killed                  ./kissat /home/chenzh/data/hard_cnfs/49.cnf
./300.sh: line 56: 720653 Killed                  ./kissat /home/chenzh/data/hard_cnfs/49.cnf
./300.sh: line 56: 720656 Killed                  ./kissat /home/chenzh/data/hard_cnfs/49.cnf
./300.sh: line 56: 720658 Killed                  ./kissat /home/chenzh/data/hard_cnfs/49.cnf
./300.sh: line 56: 720661 Killed                  ./kissat /home/chenzh/data/hard_cnfs/49.cnf
./300.sh: line 56: 720663 Killed                  ./kissat /home/chenzh/data/hard_cnfs/49.cnf
./300.sh: line 56: 720665 Killed                  ./kissat /home/chenzh/data/hard_cnfs/49.cnf
./300.sh: line 56: 720667 Killed                  ./kissat /home/chenzh/data/hard_cnfs/49.cnf
./300.sh: line 56: 720670 Killed                  ./kissat /home/chenzh/data/hard_cnfs/49.cnf
./300.sh: line 56: 720672 Killed                  ./kissat /home/chenzh/data/hard_cnfs/49.cnf
./300.sh: line 56: 720674 Killed                  ./kissat /home/chenzh/data/hard_cnfs/49.cnf
./300.sh: line 56: 720677 Killed                  ./kissat /home/chenzh/data/hard_cnfs/49.cnf
./300.sh: line 56: 720680 Killed                  ./kissat /home/chenzh/data/hard_cnfs/49.cnf
./300.sh: line 56: 720682 Killed                  ./kissat /home/chenzh/data/hard_cnfs/49.cnf
./300.sh: line 56: 720684 Killed                  ./kissat /home/chenzh/data/hard_cnfs/49.cnf
./300.sh: line 56: 720687 Killed                  ./kissat /home/chenzh/data/hard_cnfs/49.cnf
./300.sh: line 56: 720694 Killed                  ./kissat /home/chenzh/data/hard_cnfs/49.cnf
