core2586-950.mps
neos-4264598-oueme.mps
z26.mps
cvrpb-n45k5vrpi.mps
uccase10.mps
pb-grow22.mps
bts4-cta.mps
neos-3695882-vesdre.mps
swath.mps
dws012-01.mps
neos-3740487-motru.mps
assign1-10-4.mps
neos-3068746-nene.mps
allcolor58.mps
polygonpack4-15.mps
dws008-03.mps
set3-09.mps
dws008-01.mps
pythago7825.mps
n3709.mps
neos-3352863-ancoa.mps
datt256.mps
fhnw-sq2.mps
scpj4scip.mps
academictimetablebig.mps
ns1111636.mps
neos-2629914-sudost.mps
ns1904248.mps
milo-v13-4-3d-4-0.mps
triptim4.mps
mkc.mps
supportcase30.mps
ns1905797.mps
rmine15.mps
fhnw-binschedule2.mps
eva1aprime5x5opt.mps
neos-4290317-perth.mps
neos-4285819-pedja.mps
graphdraw-opmanager.mps
supportcase31.mps
ds-big.mps
tpl-tub-ws1617.mps
lr1dr04vc05v17a-t360.mps
sct1.mps
lr1dr12vc10v70b-t360.mps
satellites4-25.mps
supportcase3.mps
ns1849932.mps
neos-4295773-pissa.mps
seqsolve1.mps
eva1aprime6x6opt.mps
supportcase19.mps
genus-g61-25.mps
mining.mps
neos-1423785.mps
rwth-timetable.mps
amaze22012-03-15i.mps
rocII-10-11.mps
fastxgemm-n3r21s3t6.mps
neos-3530905-gaula.mps
cmflsp40-24-10-7.mps
snp-06-004-052.mps
neos-5076235-embley.mps
gasprod1-1.mps
s100.mps
neos-5196530-nuhaka.mps
snp-04-052-052.mps
n3707.mps
gsvm2rl12.mps
siena1.mps
ivu52.mps
tw-myciel4.mps
supportcase41.mps
fhnw-schedule-paira200.mps
gfd-schedulen180f7d50m.mps30k18
nucorsav.mps
stoch-vrpvrp-s5v2c8vrp.mps-v2c8i
proteindesign121hz512p.mps9
proteindesign121hz512p.mps19
t1722.mps
rfds-4-days.mps
graph40-20-1rand.mps
rocII-8-11.mps
allcolor10.mps
ds.mps
dfn-bwin-DBE.mps
neos-4387871-tavua.mps
supportcase35.mps
neos-3682128-sandon.mps
pythago7824.mps
neos-5045105-creuse.mps
polygonpack5-15.mps
bab6.mps
neos-2974461-ibar.mps
neos-4292145-piako.mps
neos-1420546.mps
supportcase23.mps
neos-5261882-treska.mps
neos-4360552-sangro.mps
cvrpp-n16k8vrpi.mps
splice1k1i.mps
dano3mip.mps
graph40-40-1rand.mps
t1717.mps
a2864-99blp.mps
bley_xs1noM.mps
scpl4.mps
satellites3-25.mps
ger50-17-ptp-pop-6t.mps
shs1042.mps
sorrell7.mps
supportcase38.mps
bppc6-06.mps
neos-4335793-snake.mps
sing326.mps
roi5alpha10n8.mps
hawaiiv10-130.mps
nj3.mps
tokyometro.mps
neos-4647032-veleka.mps
van.mps
bharat.mps
splan1.mps
set3-10.mps
adult-regularized.mps
supportcase22.mps
f2000.mps
seqsolve3short4288exce.mpsss384
neos-4338804-snowy.mps
cmflsp60-36-2-6.mps
neos-4647027-thurso.mps
cmflsp40-36-2-10.mps
snp-10-052-052.mps
comp12-2idx.mps
fhnw-schedule-pairb200.mps
neos-848198.mps
bley_xs1.mps
triptim2.mps
neos-4531126-vouga.mps
scpm1.mps
shipsched.mps
rmatr200-p20.mps
dlr1.mps
fhnw-binpack4-48.mps
stp3d.mps
neos-5221106-oparau.mps
traininstance2.mps
queens-30.mps
elitserienhandball11i.mps
neos-5266653-tugela.mps
polygonpack3-15.mps
neos-3754480-nidda.mps
ns1690781.mps
rmatr200-p10.mps
neos-4165869-wannon.mps
2club200v15p5scn.mps
opm2-z12-s8.mps
genus-g31-8.mps
set3-20.mps
wnq-n100-mw99-14.mps
neos-2987202-jeir.mps
moj-mining.mps
rmine13.mps
icir97_potential.mps
dws012-02.mps
rococoC11-010100.mps
germany50-UUM.mps
neos-4545615-waita.mps
bppc6-02.mps
rmine21.mps
pizza78i.mps
milo-v12-6-r1-58-1.mps
elitserienhandball3i.mps
gmut-76-50.mps
fhnw-schedule-pairb400.mps
neos-3355120-tarago.mps
neos-3615091-sutlej.mps
genus-sym-g31-8.mps
ns1679495.mps
nb10tb.mps
ex1010-pi.mps
seqsolve2short4288.mps
shs1023.mps
neos-2294525-abba.mps
neos-5260764-orauea.mps
sct32.mps
neos-3754224-navua.mps
neos-1420790.mps
dc1c.mps
ofi2.mps
neos-4954672-berkel.mps
stockholm.mps
neos-3355323-arnon.mps
pb-gfrd-pnc.mps
nj1.mps
usAbbrv-8-25_70.mps
zeil.mps
atm20-100.mps
neos-5251015-ogosta.mps
neos-4562542-watut.mps
fhnw-schedule-paira400.mps
gsvm2rl11.mps
circ10-3.mps
neos-2978205-isar.mps
hgms62.mps
radiationm40-10-02.mps
lr1dr02vc05v8a-t360.mps
ivu06-big.mps
gfd-schedulen180f7d50m.mps30k18-16i
neos-3426085-ticino.mps
opm2-z10-s4.mps
genus-sym-grafo5708-48.mps
usafa.mps
ger50_17_trans.mps
nsr8k.mps
fastxgemm-n3r22s4t6.mps
neos-2991472-kalu.mps
shiftreg2-7.mps
sing5.mps
cdma.mps
neos-872648.mps
graph40-80-1rand.mps
bab3.mps
fhnw-binpack4-58.mps
pizza27i.mps
milo-v13-4-3d-3-0.mps
ivu06.mps
snip10x10-35r1budget17.mps
neos-3214367-sovi.mps
bab2.mps
elitserienhandball13i.mps
nj2.mps
adult-max5features.mps
ns1856153.mps
uccase7.mps
r4l4-02-tree-bounds-50.mps
comp21-2idx.mps
hgms-det.mps
neos-4355351-swalm.mps
supportcase10.mps
bg512142.mps
n3700.mps
gmut-75-50.mps
sing17.mps
neos-5223573-tarwin.mps
sorrell3.mps
sct5.mps
nag.mps
fhnw-binschedule0.mps
bab1.mps
splice1k1.mps
tpl-tub-ss16.mps
dws012-03.mps
lr2-22dr3-333vc4v17a-t.mps60
d20200.mps
snp-10-004-052.mps
woodlands09.mps
thor50dday.mps
dolom1.mps
ns930473.mps
bmocbd3.mps
ger50-17-trans-pop-3t.mps
neos-3237086-abava.mps
gmut-76-40.mps
neos-5044663-wairoa.mps
v150d30-2hopcds.mps
set3-16.mps
shs1014.mps
rmine25.mps
neos-4409277-trave.mps
core4872-1529.mps
polygonpack4-7.mps
highschool1-aigio.mps
fhnw-binpack4-77.mps
set3-15.mps
scpn2.mps
neos-3372571-onahau.mps
fhnw-schedule-paira100.mps
sing44.mps
xmas10.mps
ger50-17-trans-dfn-3t.mps
neos-4647030-tutaki.mps
xmas10-2.mps
dg012142.mps
neos-5273874-yomtsa.mps
neos-3426132-dieze.mps
neos-5114902-kasavu.mps
reblock354.mps
fhnw-binschedule1.mps
minutedispatchstrategy.mps
neos-4300652-rahue.mps
triptim7.mps
triptim8.mps
neos-3691541-lonja.mps
sing11.mps
n3705.mps
rmine11.mps
n370b.mps
neos-5093327-huahum.mps
ivu59.mps
neos-954925.mps
neos-3025225-shelon.mps
neos-4343293-stony.mps
rococoC12-010001.mps
probportfolio.mps
supportcase39.mps
kottenpark09.mps
neos-3594536-henty.mps
neos-5041822-cockle.mps
neos-5151569-mologa.mps
neos-4230265-orari.mps
neos-3209462-rhin.mps
dlr2.mps
neos-3656078-kumeu.mps
graph20-80-1rand.mps
elitserienhandball14i.mps
neos-5189128-totara.mps
ger50-17-ptp-pop-3t.mps
fastxgemm-n3r23s5t6.mps
neos-4533806-waima.mps
polygonpack4-10.mps
comp16-3idx.mps
neos-5102383-irwell.mps
neos-4232544-orira.mps
s1234.mps
neos-3322547-alsek.mps
core4284-1064.mps
ramos3.mps
milo-v12-6-r1-75-1.mps
neos-3603137-hoteo.mps
graphdraw-mainerd.mps
sorrell4.mps
neos-3009394-lami.mps
cvrpa-n64k9vrpi.mps
gsvm2rl5.mps
liu.mps
ns1430538.mps
ns2124243.mps
shiftreg5-1.mps
neos-3208254-reiu.mps
rail03.mps
supportcase2.mps
ns1828997.mps
momentum3.mps
nursesched-medium-hint.mps03
neos-3634244-kauru.mps
graphdraw-grafo2.mps
neos-4555749-wards.mps
dc1l.mps
neos-4535459-waipa.mps
neos-4358725-tagus.mps
ns1456591.mps
markshare2.mps
in.mps
neos-4954274-beardy.mps
kosova1.mps
cdc7-4-3-2.mps
tbfp-bigm.mps
ns1631475.mps
rvb-sub.mps
scpk4.mps
neos-5104907-jarama.mps
amaze22012-07-04i.mps
hanoi5.mps
gsvm2rl9.mps
neos-4321076-ruwer.mps
s82.mps
hgms30.mps
pb-market-split8-70-4.mps
genus-sym-g62-2.mps
l2p1i.mps
ns2122698.mps
./10.sh: line 56: 780387 Killed                  ./kissat /home/chenzh/data/hard_cnfs/49.cnf
./10.sh: line 56: 780394 Killed                  ./kissat /home/chenzh/data/hard_cnfs/49.cnf
./10.sh: line 56: 780390 Killed                  ./kissat /home/chenzh/data/hard_cnfs/49.cnf
./10.sh: line 56: 780399 Killed                  ./kissat /home/chenzh/data/hard_cnfs/49.cnf
./10.sh: line 56: 780391 Killed                  ./kissat /home/chenzh/data/hard_cnfs/49.cnf
./10.sh: line 56: 780403 Killed                  ./kissat /home/chenzh/data/hard_cnfs/49.cnf
./10.sh: line 56: 780395 Killed                  ./kissat /home/chenzh/data/hard_cnfs/49.cnf
./10.sh: line 56: 780404 Killed                  ./kissat /home/chenzh/data/hard_cnfs/49.cnf
./10.sh: line 56: 780401 Killed                  ./kissat /home/chenzh/data/hard_cnfs/49.cnf
./10.sh: line 56: 780402 Killed                  ./kissat /home/chenzh/data/hard_cnfs/49.cnf
./10.sh: line 56: 780397 Killed                  ./kissat /home/chenzh/data/hard_cnfs/49.cnf
./10.sh: line 56: 780386 Killed                  ./kissat /home/chenzh/data/hard_cnfs/49.cnf
./10.sh: line 56: 780393 Killed                  ./kissat /home/chenzh/data/hard_cnfs/49.cnf
./10.sh: line 56: 780389 Killed                  ./kissat /home/chenzh/data/hard_cnfs/49.cnf
./10.sh: line 56: 780405 Killed                  ./kissat /home/chenzh/data/hard_cnfs/49.cnf
./10.sh: line 56: 780392 Killed                  ./kissat /home/chenzh/data/hard_cnfs/49.cnf
./10.sh: line 56: 780407 Killed                  ./kissat /home/chenzh/data/hard_cnfs/49.cnf
./10.sh: line 56: 780388 Killed                  ./kissat /home/chenzh/data/hard_cnfs/49.cnf
./10.sh: line 56: 780409 Killed                  ./kissat /home/chenzh/data/hard_cnfs/49.cnf
./10.sh: line 56: 780412 Killed                  ./kissat /home/chenzh/data/hard_cnfs/49.cnf
./10.sh: line 56: 780414 Killed                  ./kissat /home/chenzh/data/hard_cnfs/49.cnf
./10.sh: line 56: 780415 Killed                  ./kissat /home/chenzh/data/hard_cnfs/49.cnf
./10.sh: line 56: 780417 Killed                  ./kissat /home/chenzh/data/hard_cnfs/49.cnf
./10.sh: line 56: 780420 Killed                  ./kissat /home/chenzh/data/hard_cnfs/49.cnf
./10.sh: line 56: 780422 Killed                  ./kissat /home/chenzh/data/hard_cnfs/49.cnf
./10.sh: line 56: 780425 Killed                  ./kissat /home/chenzh/data/hard_cnfs/49.cnf
./10.sh: line 56: 780428 Killed                  ./kissat /home/chenzh/data/hard_cnfs/49.cnf
./10.sh: line 56: 780429 Killed                  ./kissat /home/chenzh/data/hard_cnfs/49.cnf
./10.sh: line 56: 780432 Killed                  ./kissat /home/chenzh/data/hard_cnfs/49.cnf
./10.sh: line 56: 780433 Killed                  ./kissat /home/chenzh/data/hard_cnfs/49.cnf
./10.sh: line 56: 780436 Killed                  ./kissat /home/chenzh/data/hard_cnfs/49.cnf
./10.sh: line 56: 780438 Killed                  ./kissat /home/chenzh/data/hard_cnfs/49.cnf
./10.sh: line 56: 780441 Killed                  ./kissat /home/chenzh/data/hard_cnfs/49.cnf
./10.sh: line 56: 780442 Killed                  ./kissat /home/chenzh/data/hard_cnfs/49.cnf
./10.sh: line 56: 780446 Killed                  ./kissat /home/chenzh/data/hard_cnfs/49.cnf
./10.sh: line 56: 780448 Killed                  ./kissat /home/chenzh/data/hard_cnfs/49.cnf
./10.sh: line 56: 780451 Killed                  ./kissat /home/chenzh/data/hard_cnfs/49.cnf
./10.sh: line 56: 780453 Killed                  ./kissat /home/chenzh/data/hard_cnfs/49.cnf
./10.sh: line 56: 780455 Killed                  ./kissat /home/chenzh/data/hard_cnfs/49.cnf
./10.sh: line 56: 780457 Killed                  ./kissat /home/chenzh/data/hard_cnfs/49.cnf
./10.sh: line 56: 780459 Killed                  ./kissat /home/chenzh/data/hard_cnfs/49.cnf
./10.sh: line 56: 780461 Killed                  ./kissat /home/chenzh/data/hard_cnfs/49.cnf
./10.sh: line 56: 780463 Killed                  ./kissat /home/chenzh/data/hard_cnfs/49.cnf
./10.sh: line 56: 780465 Killed                  ./kissat /home/chenzh/data/hard_cnfs/49.cnf
./10.sh: line 56: 780468 Killed                  ./kissat /home/chenzh/data/hard_cnfs/49.cnf
./10.sh: line 56: 780470 Killed                  ./kissat /home/chenzh/data/hard_cnfs/49.cnf
./10.sh: line 56: 780472 Killed                  ./kissat /home/chenzh/data/hard_cnfs/49.cnf
./10.sh: line 56: 780475 Killed                  ./kissat /home/chenzh/data/hard_cnfs/49.cnf
./10.sh: line 56: 780476 Killed                  ./kissat /home/chenzh/data/hard_cnfs/49.cnf
./10.sh: line 56: 780479 Killed                  ./kissat /home/chenzh/data/hard_cnfs/49.cnf
./10.sh: line 56: 780483 Killed                  ./kissat /home/chenzh/data/hard_cnfs/49.cnf
./10.sh: line 56: 780486 Killed                  ./kissat /home/chenzh/data/hard_cnfs/49.cnf
./10.sh: line 56: 780489 Killed                  ./kissat /home/chenzh/data/hard_cnfs/49.cnf
./10.sh: line 56: 780491 Killed                  ./kissat /home/chenzh/data/hard_cnfs/49.cnf
./10.sh: line 56: 780495 Killed                  ./kissat /home/chenzh/data/hard_cnfs/49.cnf
./10.sh: line 56: 780497 Killed                  ./kissat /home/chenzh/data/hard_cnfs/49.cnf
./10.sh: line 56: 780501 Killed                  ./kissat /home/chenzh/data/hard_cnfs/49.cnf
./10.sh: line 56: 780505 Killed                  ./kissat /home/chenzh/data/hard_cnfs/49.cnf
./10.sh: line 56: 780507 Killed                  ./kissat /home/chenzh/data/hard_cnfs/49.cnf
./10.sh: line 56: 780511 Killed                  ./kissat /home/chenzh/data/hard_cnfs/49.cnf
./10.sh: line 56: 780512 Killed                  ./kissat /home/chenzh/data/hard_cnfs/49.cnf
./10.sh: line 56: 780515 Killed                  ./kissat /home/chenzh/data/hard_cnfs/49.cnf
./10.sh: line 56: 780517 Killed                  ./kissat /home/chenzh/data/hard_cnfs/49.cnf
./10.sh: line 56: 780519 Killed                  ./kissat /home/chenzh/data/hard_cnfs/49.cnf
./10.sh: line 56: 780526 Killed                  ./kissat /home/chenzh/data/hard_cnfs/49.cnf
./10.sh: line 56: 780527 Killed                  ./kissat /home/chenzh/data/hard_cnfs/49.cnf
./10.sh: line 56: 780543 Killed                  ./kissat /home/chenzh/data/hard_cnfs/49.cnf
./10.sh: line 56: 780546 Killed                  ./kissat /home/chenzh/data/hard_cnfs/49.cnf
./10.sh: line 56: 780545 Killed                  ./kissat /home/chenzh/data/hard_cnfs/49.cnf
./10.sh: line 56: 780547 Killed                  ./kissat /home/chenzh/data/hard_cnfs/49.cnf
./10.sh: line 56: 780551 Killed                  ./kissat /home/chenzh/data/hard_cnfs/49.cnf
./10.sh: line 56: 780549 Killed                  ./kissat /home/chenzh/data/hard_cnfs/49.cnf
./10.sh: line 56: 780553 Killed                  ./kissat /home/chenzh/data/hard_cnfs/49.cnf
./10.sh: line 56: 780555 Killed                  ./kissat /home/chenzh/data/hard_cnfs/49.cnf
./10.sh: line 56: 780558 Killed                  ./kissat /home/chenzh/data/hard_cnfs/49.cnf
./10.sh: line 56: 780556 Killed                  ./kissat /home/chenzh/data/hard_cnfs/49.cnf
./10.sh: line 56: 780559 Killed                  ./kissat /home/chenzh/data/hard_cnfs/49.cnf
./10.sh: line 56: 780561 Killed                  ./kissat /home/chenzh/data/hard_cnfs/49.cnf
./10.sh: line 56: 780562 Killed                  ./kissat /home/chenzh/data/hard_cnfs/49.cnf
./10.sh: line 56: 780563 Killed                  ./kissat /home/chenzh/data/hard_cnfs/49.cnf
./10.sh: line 56: 780564 Killed                  ./kissat /home/chenzh/data/hard_cnfs/49.cnf
./10.sh: line 56: 780567 Killed                  ./kissat /home/chenzh/data/hard_cnfs/49.cnf
./10.sh: line 56: 780566 Killed                  ./kissat /home/chenzh/data/hard_cnfs/49.cnf
./10.sh: line 56: 780568 Killed                  ./kissat /home/chenzh/data/hard_cnfs/49.cnf
./10.sh: line 56: 780569 Killed                  ./kissat /home/chenzh/data/hard_cnfs/49.cnf
./10.sh: line 56: 780571 Killed                  ./kissat /home/chenzh/data/hard_cnfs/49.cnf
./10.sh: line 56: 780572 Killed                  ./kissat /home/chenzh/data/hard_cnfs/49.cnf
./10.sh: line 56: 780573 Killed                  ./kissat /home/chenzh/data/hard_cnfs/49.cnf
./10.sh: line 56: 780574 Killed                  ./kissat /home/chenzh/data/hard_cnfs/49.cnf
./10.sh: line 56: 780576 Killed                  ./kissat /home/chenzh/data/hard_cnfs/49.cnf
./10.sh: line 56: 780577 Killed                  ./kissat /home/chenzh/data/hard_cnfs/49.cnf
./10.sh: line 56: 780579 Killed                  ./kissat /home/chenzh/data/hard_cnfs/49.cnf
./10.sh: line 56: 780580 Killed                  ./kissat /home/chenzh/data/hard_cnfs/49.cnf
./10.sh: line 56: 780582 Killed                  ./kissat /home/chenzh/data/hard_cnfs/49.cnf
./10.sh: line 56: 780585 Killed                  ./kissat /home/chenzh/data/hard_cnfs/49.cnf
./10.sh: line 56: 780586 Killed                  ./kissat /home/chenzh/data/hard_cnfs/49.cnf
./10.sh: line 56: 780588 Killed                  ./kissat /home/chenzh/data/hard_cnfs/49.cnf
./10.sh: line 56: 780593 Killed                  ./kissat /home/chenzh/data/hard_cnfs/49.cnf
./10.sh: line 56: 780592 Killed                  ./kissat /home/chenzh/data/hard_cnfs/49.cnf
./10.sh: line 56: 780595 Killed                  ./kissat /home/chenzh/data/hard_cnfs/49.cnf
./10.sh: line 56: 780597 Killed                  ./kissat /home/chenzh/data/hard_cnfs/49.cnf
./10.sh: line 56: 780600 Killed                  ./kissat /home/chenzh/data/hard_cnfs/49.cnf
./10.sh: line 56: 780603 Killed                  ./kissat /home/chenzh/data/hard_cnfs/49.cnf
./10.sh: line 56: 780604 Killed                  ./kissat /home/chenzh/data/hard_cnfs/49.cnf
./10.sh: line 56: 780606 Killed                  ./kissat /home/chenzh/data/hard_cnfs/49.cnf
./10.sh: line 56: 780609 Killed                  ./kissat /home/chenzh/data/hard_cnfs/49.cnf
./10.sh: line 56: 780612 Killed                  ./kissat /home/chenzh/data/hard_cnfs/49.cnf
./10.sh: line 56: 780614 Killed                  ./kissat /home/chenzh/data/hard_cnfs/49.cnf
./10.sh: line 56: 780616 Killed                  ./kissat /home/chenzh/data/hard_cnfs/49.cnf
./10.sh: line 56: 780618 Killed                  ./kissat /home/chenzh/data/hard_cnfs/49.cnf
./10.sh: line 56: 780620 Killed                  ./kissat /home/chenzh/data/hard_cnfs/49.cnf
./10.sh: line 56: 780624 Killed                  ./kissat /home/chenzh/data/hard_cnfs/49.cnf
./10.sh: line 56: 780626 Killed                  ./kissat /home/chenzh/data/hard_cnfs/49.cnf
./10.sh: line 56: 780629 Killed                  ./kissat /home/chenzh/data/hard_cnfs/49.cnf
./10.sh: line 56: 780633 Killed                  ./kissat /home/chenzh/data/hard_cnfs/49.cnf
./10.sh: line 56: 780634 Killed                  ./kissat /home/chenzh/data/hard_cnfs/49.cnf
./10.sh: line 56: 780635 Killed                  ./kissat /home/chenzh/data/hard_cnfs/49.cnf
./10.sh: line 56: 780637 Killed                  ./kissat /home/chenzh/data/hard_cnfs/49.cnf
./10.sh: line 56: 780639 Killed                  ./kissat /home/chenzh/data/hard_cnfs/49.cnf
./10.sh: line 56: 780642 Killed                  ./kissat /home/chenzh/data/hard_cnfs/49.cnf
./10.sh: line 56: 780644 Killed                  ./kissat /home/chenzh/data/hard_cnfs/49.cnf
./10.sh: line 56: 780646 Killed                  ./kissat /home/chenzh/data/hard_cnfs/49.cnf
./10.sh: line 56: 780648 Killed                  ./kissat /home/chenzh/data/hard_cnfs/49.cnf
./10.sh: line 56: 780651 Killed                  ./kissat /home/chenzh/data/hard_cnfs/49.cnf
./10.sh: line 56: 780654 Killed                  ./kissat /home/chenzh/data/hard_cnfs/49.cnf
./10.sh: line 56: 780657 Killed                  ./kissat /home/chenzh/data/hard_cnfs/49.cnf
./10.sh: line 56: 780656 Killed                  ./kissat /home/chenzh/data/hard_cnfs/49.cnf
./10.sh: line 56: 780659 Killed                  ./kissat /home/chenzh/data/hard_cnfs/49.cnf
core2586-950.mps
neos-4264598-oueme.mps
z26.mps
cvrpb-n45k5vrpi.mps
uccase10.mps
pb-grow22.mps
bts4-cta.mps
neos-3695882-vesdre.mps
swath.mps
dws012-01.mps
neos-3740487-motru.mps
assign1-10-4.mps
neos-3068746-nene.mps
allcolor58.mps
polygonpack4-15.mps
dws008-03.mps
set3-09.mps
dws008-01.mps
pythago7825.mps
n3709.mps
neos-3352863-ancoa.mps
datt256.mps
fhnw-sq2.mps
scpj4scip.mps
academictimetablebig.mps
ns1111636.mps
neos-2629914-sudost.mps
ns1904248.mps
milo-v13-4-3d-4-0.mps
triptim4.mps
mkc.mps
supportcase30.mps
ns1905797.mps
rmine15.mps
fhnw-binschedule2.mps
eva1aprime5x5opt.mps
neos-4290317-perth.mps
neos-4285819-pedja.mps
graphdraw-opmanager.mps
supportcase31.mps
ds-big.mps
tpl-tub-ws1617.mps
lr1dr04vc05v17a-t360.mps
sct1.mps
lr1dr12vc10v70b-t360.mps
satellites4-25.mps
supportcase3.mps
ns1849932.mps
neos-4295773-pissa.mps
seqsolve1.mps
eva1aprime6x6opt.mps
supportcase19.mps
genus-g61-25.mps
mining.mps
neos-1423785.mps
rwth-timetable.mps
amaze22012-03-15i.mps
rocII-10-11.mps
fastxgemm-n3r21s3t6.mps
neos-3530905-gaula.mps
cmflsp40-24-10-7.mps
snp-06-004-052.mps
neos-5076235-embley.mps
gasprod1-1.mps
s100.mps
neos-5196530-nuhaka.mps
snp-04-052-052.mps
n3707.mps
gsvm2rl12.mps
siena1.mps
ivu52.mps
tw-myciel4.mps
supportcase41.mps
fhnw-schedule-paira200.mps
gfd-schedulen180f7d50m.mps30k18
nucorsav.mps
stoch-vrpvrp-s5v2c8vrp.mps-v2c8i
proteindesign121hz512p.mps9
proteindesign121hz512p.mps19
t1722.mps
rfds-4-days.mps
graph40-20-1rand.mps
rocII-8-11.mps
allcolor10.mps
ds.mps
dfn-bwin-DBE.mps
neos-4387871-tavua.mps
supportcase35.mps
neos-3682128-sandon.mps
pythago7824.mps
neos-5045105-creuse.mps
polygonpack5-15.mps
bab6.mps
neos-2974461-ibar.mps
neos-4292145-piako.mps
neos-1420546.mps
supportcase23.mps
neos-5261882-treska.mps
neos-4360552-sangro.mps
cvrpp-n16k8vrpi.mps
splice1k1i.mps
dano3mip.mps
graph40-40-1rand.mps
t1717.mps
a2864-99blp.mps
bley_xs1noM.mps
scpl4.mps
satellites3-25.mps
ger50-17-ptp-pop-6t.mps
shs1042.mps
sorrell7.mps
supportcase38.mps
bppc6-06.mps
neos-4335793-snake.mps
sing326.mps
roi5alpha10n8.mps
hawaiiv10-130.mps
nj3.mps
tokyometro.mps
neos-4647032-veleka.mps
van.mps
bharat.mps
splan1.mps
set3-10.mps
adult-regularized.mps
supportcase22.mps
f2000.mps
seqsolve3short4288exce.mpsss384
neos-4338804-snowy.mps
cmflsp60-36-2-6.mps
neos-4647027-thurso.mps
cmflsp40-36-2-10.mps
snp-10-052-052.mps
comp12-2idx.mps
fhnw-schedule-pairb200.mps
neos-848198.mps
bley_xs1.mps
triptim2.mps
neos-4531126-vouga.mps
scpm1.mps
shipsched.mps
rmatr200-p20.mps
dlr1.mps
fhnw-binpack4-48.mps
stp3d.mps
neos-5221106-oparau.mps
traininstance2.mps
queens-30.mps
elitserienhandball11i.mps
neos-5266653-tugela.mps
polygonpack3-15.mps
neos-3754480-nidda.mps
ns1690781.mps
rmatr200-p10.mps
neos-4165869-wannon.mps
2club200v15p5scn.mps
opm2-z12-s8.mps
genus-g31-8.mps
set3-20.mps
wnq-n100-mw99-14.mps
neos-2987202-jeir.mps
moj-mining.mps
rmine13.mps
icir97_potential.mps
dws012-02.mps
rococoC11-010100.mps
germany50-UUM.mps
neos-4545615-waita.mps
bppc6-02.mps
rmine21.mps
pizza78i.mps
milo-v12-6-r1-58-1.mps
elitserienhandball3i.mps
gmut-76-50.mps
fhnw-schedule-pairb400.mps
neos-3355120-tarago.mps
neos-3615091-sutlej.mps
genus-sym-g31-8.mps
ns1679495.mps
nb10tb.mps
ex1010-pi.mps
seqsolve2short4288.mps
shs1023.mps
neos-2294525-abba.mps
neos-5260764-orauea.mps
sct32.mps
neos-3754224-navua.mps
neos-1420790.mps
dc1c.mps
ofi2.mps
neos-4954672-berkel.mps
stockholm.mps
neos-3355323-arnon.mps
pb-gfrd-pnc.mps
nj1.mps
usAbbrv-8-25_70.mps
zeil.mps
atm20-100.mps
neos-5251015-ogosta.mps
neos-4562542-watut.mps
fhnw-schedule-paira400.mps
gsvm2rl11.mps
circ10-3.mps
neos-2978205-isar.mps
hgms62.mps
radiationm40-10-02.mps
lr1dr02vc05v8a-t360.mps
ivu06-big.mps
gfd-schedulen180f7d50m.mps30k18-16i
neos-3426085-ticino.mps
opm2-z10-s4.mps
genus-sym-grafo5708-48.mps
usafa.mps
ger50_17_trans.mps
nsr8k.mps
fastxgemm-n3r22s4t6.mps
neos-2991472-kalu.mps
shiftreg2-7.mps
sing5.mps
cdma.mps
neos-872648.mps
graph40-80-1rand.mps
bab3.mps
fhnw-binpack4-58.mps
pizza27i.mps
milo-v13-4-3d-3-0.mps
ivu06.mps
snip10x10-35r1budget17.mps
neos-3214367-sovi.mps
bab2.mps
elitserienhandball13i.mps
nj2.mps
adult-max5features.mps
ns1856153.mps
uccase7.mps
r4l4-02-tree-bounds-50.mps
comp21-2idx.mps
hgms-det.mps
neos-4355351-swalm.mps
supportcase10.mps
bg512142.mps
n3700.mps
gmut-75-50.mps
sing17.mps
neos-5223573-tarwin.mps
sorrell3.mps
sct5.mps
nag.mps
fhnw-binschedule0.mps
bab1.mps
splice1k1.mps
tpl-tub-ss16.mps
dws012-03.mps
lr2-22dr3-333vc4v17a-t.mps60
d20200.mps
snp-10-004-052.mps
woodlands09.mps
thor50dday.mps
dolom1.mps
ns930473.mps
bmocbd3.mps
ger50-17-trans-pop-3t.mps
neos-3237086-abava.mps
gmut-76-40.mps
neos-5044663-wairoa.mps
v150d30-2hopcds.mps
set3-16.mps
shs1014.mps
rmine25.mps
neos-4409277-trave.mps
core4872-1529.mps
polygonpack4-7.mps
highschool1-aigio.mps
fhnw-binpack4-77.mps
set3-15.mps
scpn2.mps
neos-3372571-onahau.mps
fhnw-schedule-paira100.mps
sing44.mps
xmas10.mps
ger50-17-trans-dfn-3t.mps
neos-4647030-tutaki.mps
xmas10-2.mps
dg012142.mps
neos-5273874-yomtsa.mps
neos-3426132-dieze.mps
neos-5114902-kasavu.mps
reblock354.mps
fhnw-binschedule1.mps
minutedispatchstrategy.mps
neos-4300652-rahue.mps
triptim7.mps
triptim8.mps
neos-3691541-lonja.mps
sing11.mps
n3705.mps
rmine11.mps
n370b.mps
neos-5093327-huahum.mps
ivu59.mps
neos-954925.mps
neos-3025225-shelon.mps
neos-4343293-stony.mps
rococoC12-010001.mps
probportfolio.mps
supportcase39.mps
kottenpark09.mps
neos-3594536-henty.mps
neos-5041822-cockle.mps
neos-5151569-mologa.mps
neos-4230265-orari.mps
neos-3209462-rhin.mps
dlr2.mps
neos-3656078-kumeu.mps
graph20-80-1rand.mps
elitserienhandball14i.mps
neos-5189128-totara.mps
ger50-17-ptp-pop-3t.mps
fastxgemm-n3r23s5t6.mps
neos-4533806-waima.mps
polygonpack4-10.mps
comp16-3idx.mps
neos-5102383-irwell.mps
neos-4232544-orira.mps
s1234.mps
neos-3322547-alsek.mps
core4284-1064.mps
ramos3.mps
milo-v12-6-r1-75-1.mps
neos-3603137-hoteo.mps
graphdraw-mainerd.mps
sorrell4.mps
neos-3009394-lami.mps
cvrpa-n64k9vrpi.mps
gsvm2rl5.mps
liu.mps
ns1430538.mps
ns2124243.mps
shiftreg5-1.mps
neos-3208254-reiu.mps
rail03.mps
supportcase2.mps
ns1828997.mps
momentum3.mps
nursesched-medium-hint.mps03
neos-3634244-kauru.mps
graphdraw-grafo2.mps
neos-4555749-wards.mps
dc1l.mps
neos-4535459-waipa.mps
neos-4358725-tagus.mps
ns1456591.mps
markshare2.mps
in.mps
neos-4954274-beardy.mps
kosova1.mps
cdc7-4-3-2.mps
tbfp-bigm.mps
ns1631475.mps
rvb-sub.mps
scpk4.mps
neos-5104907-jarama.mps
amaze22012-07-04i.mps
hanoi5.mps
gsvm2rl9.mps
neos-4321076-ruwer.mps
s82.mps
hgms30.mps
pb-market-split8-70-4.mps
genus-sym-g62-2.mps
l2p1i.mps
ns2122698.mps
./60.sh: line 56: 782178 Killed                  ./kissat /home/chenzh/data/hard_cnfs/49.cnf
./60.sh: line 56: 782182 Killed                  ./kissat /home/chenzh/data/hard_cnfs/49.cnf
./60.sh: line 56: 782185 Killed                  ./kissat /home/chenzh/data/hard_cnfs/49.cnf
./60.sh: line 56: 782183 Killed                  ./kissat /home/chenzh/data/hard_cnfs/49.cnf
./60.sh: line 56: 782189 Killed                  ./kissat /home/chenzh/data/hard_cnfs/49.cnf
./60.sh: line 56: 782187 Killed                  ./kissat /home/chenzh/data/hard_cnfs/49.cnf
./60.sh: line 56: 782196 Killed                  ./kissat /home/chenzh/data/hard_cnfs/49.cnf
./60.sh: line 56: 782191 Killed                  ./kissat /home/chenzh/data/hard_cnfs/49.cnf
./60.sh: line 56: 782198 Killed                  ./kissat /home/chenzh/data/hard_cnfs/49.cnf
./60.sh: line 56: 782193 Killed                  ./kissat /home/chenzh/data/hard_cnfs/49.cnf
./60.sh: line 56: 782204 Killed                  ./kissat /home/chenzh/data/hard_cnfs/49.cnf
./60.sh: line 56: 782206 Killed                  ./kissat /home/chenzh/data/hard_cnfs/49.cnf
./60.sh: line 56: 782202 Killed                  ./kissat /home/chenzh/data/hard_cnfs/49.cnf
./60.sh: line 56: 782209 Killed                  ./kissat /home/chenzh/data/hard_cnfs/49.cnf
./60.sh: line 56: 782212 Killed                  ./kissat /home/chenzh/data/hard_cnfs/49.cnf
./60.sh: line 56: 782214 Killed                  ./kissat /home/chenzh/data/hard_cnfs/49.cnf
./60.sh: line 56: 782217 Killed                  ./kissat /home/chenzh/data/hard_cnfs/49.cnf
./60.sh: line 56: 782223 Killed                  ./kissat /home/chenzh/data/hard_cnfs/49.cnf
./60.sh: line 56: 782221 Killed                  ./kissat /home/chenzh/data/hard_cnfs/49.cnf
./60.sh: line 56: 782225 Killed                  ./kissat /home/chenzh/data/hard_cnfs/49.cnf
./60.sh: line 56: 782229 Killed                  ./kissat /home/chenzh/data/hard_cnfs/49.cnf
./60.sh: line 56: 782231 Killed                  ./kissat /home/chenzh/data/hard_cnfs/49.cnf
./60.sh: line 56: 782255 Killed                  ./kissat /home/chenzh/data/hard_cnfs/49.cnf
./60.sh: line 56: 782257 Killed                  ./kissat /home/chenzh/data/hard_cnfs/49.cnf
./60.sh: line 56: 782289 Killed                  ./kissat /home/chenzh/data/hard_cnfs/49.cnf
./60.sh: line 56: 782288 Killed                  ./kissat /home/chenzh/data/hard_cnfs/49.cnf
./60.sh: line 56: 782294 Killed                  ./kissat /home/chenzh/data/hard_cnfs/49.cnf
./60.sh: line 56: 782297 Killed                  ./kissat /home/chenzh/data/hard_cnfs/49.cnf
./60.sh: line 56: 782299 Killed                  ./kissat /home/chenzh/data/hard_cnfs/49.cnf
./60.sh: line 56: 782295 Killed                  ./kissat /home/chenzh/data/hard_cnfs/49.cnf
./60.sh: line 56: 782291 Killed                  ./kissat /home/chenzh/data/hard_cnfs/49.cnf
./60.sh: line 56: 782303 Killed                  ./kissat /home/chenzh/data/hard_cnfs/49.cnf
./60.sh: line 56: 782306 Killed                  ./kissat /home/chenzh/data/hard_cnfs/49.cnf
./60.sh: line 56: 782308 Killed                  ./kissat /home/chenzh/data/hard_cnfs/49.cnf
./60.sh: line 56: 782313 Killed                  ./kissat /home/chenzh/data/hard_cnfs/49.cnf
./60.sh: line 56: 782311 Killed                  ./kissat /home/chenzh/data/hard_cnfs/49.cnf
./60.sh: line 56: 782309 Killed                  ./kissat /home/chenzh/data/hard_cnfs/49.cnf
./60.sh: line 56: 782316 Killed                  ./kissat /home/chenzh/data/hard_cnfs/49.cnf
./60.sh: line 56: 782321 Killed                  ./kissat /home/chenzh/data/hard_cnfs/49.cnf
./60.sh: line 56: 782301 Killed                  ./kissat /home/chenzh/data/hard_cnfs/49.cnf
./60.sh: line 56: 782317 Killed                  ./kissat /home/chenzh/data/hard_cnfs/49.cnf
./60.sh: line 56: 782319 Killed                  ./kissat /home/chenzh/data/hard_cnfs/49.cnf
./60.sh: line 56: 782323 Killed                  ./kissat /home/chenzh/data/hard_cnfs/49.cnf
./60.sh: line 56: 782325 Killed                  ./kissat /home/chenzh/data/hard_cnfs/49.cnf
./60.sh: line 56: 782327 Killed                  ./kissat /home/chenzh/data/hard_cnfs/49.cnf
./60.sh: line 56: 782332 Killed                  ./kissat /home/chenzh/data/hard_cnfs/49.cnf
./60.sh: line 56: 782333 Killed                  ./kissat /home/chenzh/data/hard_cnfs/49.cnf
./60.sh: line 56: 782330 Killed                  ./kissat /home/chenzh/data/hard_cnfs/49.cnf
./60.sh: line 56: 782335 Killed                  ./kissat /home/chenzh/data/hard_cnfs/49.cnf
./60.sh: line 56: 782343 Killed                  ./kissat /home/chenzh/data/hard_cnfs/49.cnf
./60.sh: line 56: 782339 Killed                  ./kissat /home/chenzh/data/hard_cnfs/49.cnf
./60.sh: line 56: 782342 Killed                  ./kissat /home/chenzh/data/hard_cnfs/49.cnf
./60.sh: line 56: 782345 Killed                  ./kissat /home/chenzh/data/hard_cnfs/49.cnf
./60.sh: line 56: 782350 Killed                  ./kissat /home/chenzh/data/hard_cnfs/49.cnf
./60.sh: line 56: 782351 Killed                  ./kissat /home/chenzh/data/hard_cnfs/49.cnf
./60.sh: line 56: 782353 Killed                  ./kissat /home/chenzh/data/hard_cnfs/49.cnf
./60.sh: line 56: 782355 Killed                  ./kissat /home/chenzh/data/hard_cnfs/49.cnf
./60.sh: line 56: 782357 Killed                  ./kissat /home/chenzh/data/hard_cnfs/49.cnf
./60.sh: line 56: 782337 Killed                  ./kissat /home/chenzh/data/hard_cnfs/49.cnf
./60.sh: line 56: 782359 Killed                  ./kissat /home/chenzh/data/hard_cnfs/49.cnf
./60.sh: line 56: 782361 Killed                  ./kissat /home/chenzh/data/hard_cnfs/49.cnf
./60.sh: line 56: 782363 Killed                  ./kissat /home/chenzh/data/hard_cnfs/49.cnf
./60.sh: line 56: 782372 Killed                  ./kissat /home/chenzh/data/hard_cnfs/49.cnf
./60.sh: line 56: 782366 Killed                  ./kissat /home/chenzh/data/hard_cnfs/49.cnf
./60.sh: line 56: 782373 Killed                  ./kissat /home/chenzh/data/hard_cnfs/49.cnf
./60.sh: line 56: 782370 Killed                  ./kissat /home/chenzh/data/hard_cnfs/49.cnf
./60.sh: line 56: 782374 Killed                  ./kissat /home/chenzh/data/hard_cnfs/49.cnf
./60.sh: line 56: 782380 Killed                  ./kissat /home/chenzh/data/hard_cnfs/49.cnf
./60.sh: line 56: 782379 Killed                  ./kissat /home/chenzh/data/hard_cnfs/49.cnf
./60.sh: line 56: 782382 Killed                  ./kissat /home/chenzh/data/hard_cnfs/49.cnf
./60.sh: line 56: 782347 Killed                  ./kissat /home/chenzh/data/hard_cnfs/49.cnf
./60.sh: line 56: 782388 Killed                  ./kissat /home/chenzh/data/hard_cnfs/49.cnf
./60.sh: line 56: 782389 Killed                  ./kissat /home/chenzh/data/hard_cnfs/49.cnf
./60.sh: line 56: 782384 Killed                  ./kissat /home/chenzh/data/hard_cnfs/49.cnf
./60.sh: line 56: 782376 Killed                  ./kissat /home/chenzh/data/hard_cnfs/49.cnf
./60.sh: line 56: 782394 Killed                  ./kissat /home/chenzh/data/hard_cnfs/49.cnf
./60.sh: line 56: 782399 Killed                  ./kissat /home/chenzh/data/hard_cnfs/49.cnf
./60.sh: line 56: 782392 Killed                  ./kissat /home/chenzh/data/hard_cnfs/49.cnf
./60.sh: line 56: 782400 Killed                  ./kissat /home/chenzh/data/hard_cnfs/49.cnf
./60.sh: line 56: 782390 Killed                  ./kissat /home/chenzh/data/hard_cnfs/49.cnf
./60.sh: line 56: 782402 Killed                  ./kissat /home/chenzh/data/hard_cnfs/49.cnf
./60.sh: line 56: 782396 Killed                  ./kissat /home/chenzh/data/hard_cnfs/49.cnf
./60.sh: line 56: 782404 Killed                  ./kissat /home/chenzh/data/hard_cnfs/49.cnf
./60.sh: line 56: 782409 Killed                  ./kissat /home/chenzh/data/hard_cnfs/49.cnf
./60.sh: line 56: 782410 Killed                  ./kissat /home/chenzh/data/hard_cnfs/49.cnf
./60.sh: line 56: 782416 Killed                  ./kissat /home/chenzh/data/hard_cnfs/49.cnf
./60.sh: line 56: 782414 Killed                  ./kissat /home/chenzh/data/hard_cnfs/49.cnf
./60.sh: line 56: 782406 Killed                  ./kissat /home/chenzh/data/hard_cnfs/49.cnf
./60.sh: line 56: 782418 Killed                  ./kissat /home/chenzh/data/hard_cnfs/49.cnf
./60.sh: line 56: 782420 Killed                  ./kissat /home/chenzh/data/hard_cnfs/49.cnf
./60.sh: line 56: 782412 Killed                  ./kissat /home/chenzh/data/hard_cnfs/49.cnf
./60.sh: line 56: 782425 Killed                  ./kissat /home/chenzh/data/hard_cnfs/49.cnf
./60.sh: line 56: 782422 Killed                  ./kissat /home/chenzh/data/hard_cnfs/49.cnf
./60.sh: line 56: 782426 Killed                  ./kissat /home/chenzh/data/hard_cnfs/49.cnf
./60.sh: line 56: 782428 Killed                  ./kissat /home/chenzh/data/hard_cnfs/49.cnf
./60.sh: line 56: 782430 Killed                  ./kissat /home/chenzh/data/hard_cnfs/49.cnf
./60.sh: line 56: 782433 Killed                  ./kissat /home/chenzh/data/hard_cnfs/49.cnf
./60.sh: line 56: 782438 Killed                  ./kissat /home/chenzh/data/hard_cnfs/49.cnf
./60.sh: line 56: 782436 Killed                  ./kissat /home/chenzh/data/hard_cnfs/49.cnf
./60.sh: line 56: 782442 Killed                  ./kissat /home/chenzh/data/hard_cnfs/49.cnf
./60.sh: line 56: 782440 Killed                  ./kissat /home/chenzh/data/hard_cnfs/49.cnf
./60.sh: line 56: 782450 Killed                  ./kissat /home/chenzh/data/hard_cnfs/49.cnf
./60.sh: line 56: 782448 Killed                  ./kissat /home/chenzh/data/hard_cnfs/49.cnf
./60.sh: line 56: 782446 Killed                  ./kissat /home/chenzh/data/hard_cnfs/49.cnf
./60.sh: line 56: 782434 Killed                  ./kissat /home/chenzh/data/hard_cnfs/49.cnf
./60.sh: line 56: 782445 Killed                  ./kissat /home/chenzh/data/hard_cnfs/49.cnf
./60.sh: line 56: 782453 Killed                  ./kissat /home/chenzh/data/hard_cnfs/49.cnf
./60.sh: line 56: 782456 Killed                  ./kissat /home/chenzh/data/hard_cnfs/49.cnf
./60.sh: line 56: 782457 Killed                  ./kissat /home/chenzh/data/hard_cnfs/49.cnf
./60.sh: line 56: 782459 Killed                  ./kissat /home/chenzh/data/hard_cnfs/49.cnf
./60.sh: line 56: 782463 Killed                  ./kissat /home/chenzh/data/hard_cnfs/49.cnf
./60.sh: line 56: 782465 Killed                  ./kissat /home/chenzh/data/hard_cnfs/49.cnf
./60.sh: line 56: 782461 Killed                  ./kissat /home/chenzh/data/hard_cnfs/49.cnf
./60.sh: line 56: 782468 Killed                  ./kissat /home/chenzh/data/hard_cnfs/49.cnf
./60.sh: line 56: 782471 Killed                  ./kissat /home/chenzh/data/hard_cnfs/49.cnf
./60.sh: line 56: 782469 Killed                  ./kissat /home/chenzh/data/hard_cnfs/49.cnf
./60.sh: line 56: 782473 Killed                  ./kissat /home/chenzh/data/hard_cnfs/49.cnf
./60.sh: line 56: 782476 Killed                  ./kissat /home/chenzh/data/hard_cnfs/49.cnf
./60.sh: line 56: 782478 Killed                  ./kissat /home/chenzh/data/hard_cnfs/49.cnf
./60.sh: line 56: 782483 Killed                  ./kissat /home/chenzh/data/hard_cnfs/49.cnf
./60.sh: line 56: 782485 Killed                  ./kissat /home/chenzh/data/hard_cnfs/49.cnf
./60.sh: line 56: 782481 Killed                  ./kissat /home/chenzh/data/hard_cnfs/49.cnf
./60.sh: line 56: 782488 Killed                  ./kissat /home/chenzh/data/hard_cnfs/49.cnf
./60.sh: line 56: 782492 Killed                  ./kissat /home/chenzh/data/hard_cnfs/49.cnf
./60.sh: line 56: 782495 Killed                  ./kissat /home/chenzh/data/hard_cnfs/49.cnf
./60.sh: line 56: 782498 Killed                  ./kissat /home/chenzh/data/hard_cnfs/49.cnf
./60.sh: line 56: 782503 Killed                  ./kissat /home/chenzh/data/hard_cnfs/49.cnf
./60.sh: line 56: 782509 Killed                  ./kissat /home/chenzh/data/hard_cnfs/49.cnf
core2586-950.mps
neos-4264598-oueme.mps
z26.mps
cvrpb-n45k5vrpi.mps
uccase10.mps
pb-grow22.mps
bts4-cta.mps
neos-3695882-vesdre.mps
swath.mps
dws012-01.mps
neos-3740487-motru.mps
assign1-10-4.mps
neos-3068746-nene.mps
allcolor58.mps
polygonpack4-15.mps
dws008-03.mps
set3-09.mps
dws008-01.mps
pythago7825.mps
n3709.mps
neos-3352863-ancoa.mps
datt256.mps
fhnw-sq2.mps
scpj4scip.mps
academictimetablebig.mps
ns1111636.mps
neos-2629914-sudost.mps
ns1904248.mps
milo-v13-4-3d-4-0.mps
triptim4.mps
mkc.mps
supportcase30.mps
ns1905797.mps
rmine15.mps
fhnw-binschedule2.mps
eva1aprime5x5opt.mps
neos-4290317-perth.mps
neos-4285819-pedja.mps
graphdraw-opmanager.mps
supportcase31.mps
ds-big.mps
tpl-tub-ws1617.mps
lr1dr04vc05v17a-t360.mps
sct1.mps
lr1dr12vc10v70b-t360.mps
satellites4-25.mps
supportcase3.mps
ns1849932.mps
neos-4295773-pissa.mps
seqsolve1.mps
eva1aprime6x6opt.mps
supportcase19.mps
genus-g61-25.mps
mining.mps
neos-1423785.mps
rwth-timetable.mps
amaze22012-03-15i.mps
rocII-10-11.mps
fastxgemm-n3r21s3t6.mps
neos-3530905-gaula.mps
cmflsp40-24-10-7.mps
snp-06-004-052.mps
neos-5076235-embley.mps
gasprod1-1.mps
s100.mps
neos-5196530-nuhaka.mps
snp-04-052-052.mps
n3707.mps
gsvm2rl12.mps
siena1.mps
ivu52.mps
tw-myciel4.mps
supportcase41.mps
fhnw-schedule-paira200.mps
gfd-schedulen180f7d50m.mps30k18
nucorsav.mps
stoch-vrpvrp-s5v2c8vrp.mps-v2c8i
proteindesign121hz512p.mps9
proteindesign121hz512p.mps19
t1722.mps
rfds-4-days.mps
graph40-20-1rand.mps
rocII-8-11.mps
allcolor10.mps
ds.mps
dfn-bwin-DBE.mps
neos-4387871-tavua.mps
supportcase35.mps
neos-3682128-sandon.mps
pythago7824.mps
neos-5045105-creuse.mps
polygonpack5-15.mps
bab6.mps
neos-2974461-ibar.mps
neos-4292145-piako.mps
neos-1420546.mps
supportcase23.mps
neos-5261882-treska.mps
neos-4360552-sangro.mps
cvrpp-n16k8vrpi.mps
splice1k1i.mps
dano3mip.mps
graph40-40-1rand.mps
t1717.mps
a2864-99blp.mps
bley_xs1noM.mps
scpl4.mps
satellites3-25.mps
ger50-17-ptp-pop-6t.mps
shs1042.mps
sorrell7.mps
supportcase38.mps
bppc6-06.mps
neos-4335793-snake.mps
sing326.mps
roi5alpha10n8.mps
hawaiiv10-130.mps
nj3.mps
tokyometro.mps
neos-4647032-veleka.mps
van.mps
bharat.mps
splan1.mps
set3-10.mps
adult-regularized.mps
supportcase22.mps
f2000.mps
seqsolve3short4288exce.mpsss384
neos-4338804-snowy.mps
cmflsp60-36-2-6.mps
neos-4647027-thurso.mps
cmflsp40-36-2-10.mps
snp-10-052-052.mps
comp12-2idx.mps
fhnw-schedule-pairb200.mps
neos-848198.mps
bley_xs1.mps
triptim2.mps
neos-4531126-vouga.mps
scpm1.mps
shipsched.mps
rmatr200-p20.mps
dlr1.mps
fhnw-binpack4-48.mps
stp3d.mps
neos-5221106-oparau.mps
traininstance2.mps
queens-30.mps
elitserienhandball11i.mps
neos-5266653-tugela.mps
polygonpack3-15.mps
neos-3754480-nidda.mps
ns1690781.mps
rmatr200-p10.mps
neos-4165869-wannon.mps
2club200v15p5scn.mps
opm2-z12-s8.mps
genus-g31-8.mps
set3-20.mps
wnq-n100-mw99-14.mps
neos-2987202-jeir.mps
moj-mining.mps
rmine13.mps
icir97_potential.mps
dws012-02.mps
rococoC11-010100.mps
germany50-UUM.mps
neos-4545615-waita.mps
bppc6-02.mps
rmine21.mps
pizza78i.mps
milo-v12-6-r1-58-1.mps
elitserienhandball3i.mps
gmut-76-50.mps
fhnw-schedule-pairb400.mps
neos-3355120-tarago.mps
neos-3615091-sutlej.mps
genus-sym-g31-8.mps
ns1679495.mps
nb10tb.mps
ex1010-pi.mps
seqsolve2short4288.mps
shs1023.mps
neos-2294525-abba.mps
neos-5260764-orauea.mps
sct32.mps
neos-3754224-navua.mps
neos-1420790.mps
dc1c.mps
ofi2.mps
neos-4954672-berkel.mps
stockholm.mps
neos-3355323-arnon.mps
pb-gfrd-pnc.mps
nj1.mps
usAbbrv-8-25_70.mps
zeil.mps
atm20-100.mps
neos-5251015-ogosta.mps
neos-4562542-watut.mps
fhnw-schedule-paira400.mps
gsvm2rl11.mps
circ10-3.mps
neos-2978205-isar.mps
hgms62.mps
radiationm40-10-02.mps
lr1dr02vc05v8a-t360.mps
ivu06-big.mps
gfd-schedulen180f7d50m.mps30k18-16i
neos-3426085-ticino.mps
opm2-z10-s4.mps
genus-sym-grafo5708-48.mps
usafa.mps
ger50_17_trans.mps
nsr8k.mps
fastxgemm-n3r22s4t6.mps
neos-2991472-kalu.mps
shiftreg2-7.mps
sing5.mps
cdma.mps
neos-872648.mps
graph40-80-1rand.mps
bab3.mps
fhnw-binpack4-58.mps
pizza27i.mps
milo-v13-4-3d-3-0.mps
ivu06.mps
snip10x10-35r1budget17.mps
neos-3214367-sovi.mps
bab2.mps
elitserienhandball13i.mps
nj2.mps
adult-max5features.mps
ns1856153.mps
uccase7.mps
r4l4-02-tree-bounds-50.mps
comp21-2idx.mps
hgms-det.mps
neos-4355351-swalm.mps
supportcase10.mps
bg512142.mps
n3700.mps
gmut-75-50.mps
sing17.mps
neos-5223573-tarwin.mps
sorrell3.mps
sct5.mps
nag.mps
fhnw-binschedule0.mps
bab1.mps
splice1k1.mps
tpl-tub-ss16.mps
dws012-03.mps
lr2-22dr3-333vc4v17a-t.mps60
d20200.mps
snp-10-004-052.mps
woodlands09.mps
thor50dday.mps
dolom1.mps
ns930473.mps
bmocbd3.mps
ger50-17-trans-pop-3t.mps
neos-3237086-abava.mps
gmut-76-40.mps
neos-5044663-wairoa.mps
v150d30-2hopcds.mps
set3-16.mps
shs1014.mps
rmine25.mps
neos-4409277-trave.mps
core4872-1529.mps
polygonpack4-7.mps
highschool1-aigio.mps
fhnw-binpack4-77.mps
set3-15.mps
scpn2.mps
neos-3372571-onahau.mps
fhnw-schedule-paira100.mps
sing44.mps
xmas10.mps
ger50-17-trans-dfn-3t.mps
neos-4647030-tutaki.mps
xmas10-2.mps
dg012142.mps
neos-5273874-yomtsa.mps
neos-3426132-dieze.mps
neos-5114902-kasavu.mps
reblock354.mps
fhnw-binschedule1.mps
minutedispatchstrategy.mps
neos-4300652-rahue.mps
triptim7.mps
triptim8.mps
neos-3691541-lonja.mps
sing11.mps
n3705.mps
rmine11.mps
n370b.mps
neos-5093327-huahum.mps
ivu59.mps
neos-954925.mps
neos-3025225-shelon.mps
neos-4343293-stony.mps
rococoC12-010001.mps
probportfolio.mps
supportcase39.mps
kottenpark09.mps
neos-3594536-henty.mps
neos-5041822-cockle.mps
neos-5151569-mologa.mps
neos-4230265-orari.mps
neos-3209462-rhin.mps
dlr2.mps
neos-3656078-kumeu.mps
graph20-80-1rand.mps
elitserienhandball14i.mps
neos-5189128-totara.mps
ger50-17-ptp-pop-3t.mps
fastxgemm-n3r23s5t6.mps
neos-4533806-waima.mps
polygonpack4-10.mps
comp16-3idx.mps
neos-5102383-irwell.mps
neos-4232544-orira.mps
s1234.mps
neos-3322547-alsek.mps
core4284-1064.mps
ramos3.mps
milo-v12-6-r1-75-1.mps
neos-3603137-hoteo.mps
graphdraw-mainerd.mps
sorrell4.mps
neos-3009394-lami.mps
cvrpa-n64k9vrpi.mps
gsvm2rl5.mps
liu.mps
ns1430538.mps
ns2124243.mps
shiftreg5-1.mps
neos-3208254-reiu.mps
rail03.mps
supportcase2.mps
ns1828997.mps
momentum3.mps
nursesched-medium-hint.mps03
neos-3634244-kauru.mps
graphdraw-grafo2.mps
neos-4555749-wards.mps
dc1l.mps
neos-4535459-waipa.mps
neos-4358725-tagus.mps
ns1456591.mps
markshare2.mps
in.mps
neos-4954274-beardy.mps
kosova1.mps
cdc7-4-3-2.mps
tbfp-bigm.mps
ns1631475.mps
rvb-sub.mps
scpk4.mps
neos-5104907-jarama.mps
amaze22012-07-04i.mps
hanoi5.mps
gsvm2rl9.mps
neos-4321076-ruwer.mps
s82.mps
hgms30.mps
pb-market-split8-70-4.mps
genus-sym-g62-2.mps
l2p1i.mps
ns2122698.mps
./300.sh: line 56: 784547 Killed                  ./kissat /home/chenzh/data/hard_cnfs/49.cnf
./300.sh: line 56: 784545 Killed                  ./kissat /home/chenzh/data/hard_cnfs/49.cnf
./300.sh: line 56: 784559 Killed                  ./kissat /home/chenzh/data/hard_cnfs/49.cnf
./300.sh: line 56: 784561 Killed                  ./kissat /home/chenzh/data/hard_cnfs/49.cnf
./300.sh: line 56: 784572 Killed                  ./kissat /home/chenzh/data/hard_cnfs/49.cnf
./300.sh: line 56: 784549 Killed                  ./kissat /home/chenzh/data/hard_cnfs/49.cnf
./300.sh: line 56: 784564 Killed                  ./kissat /home/chenzh/data/hard_cnfs/49.cnf
./300.sh: line 56: 784552 Killed                  ./kissat /home/chenzh/data/hard_cnfs/49.cnf
./300.sh: line 56: 784570 Killed                  ./kissat /home/chenzh/data/hard_cnfs/49.cnf
./300.sh: line 56: 784575 Killed                  ./kissat /home/chenzh/data/hard_cnfs/49.cnf
./300.sh: line 56: 784577 Killed                  ./kissat /home/chenzh/data/hard_cnfs/49.cnf
./300.sh: line 56: 784554 Killed                  ./kissat /home/chenzh/data/hard_cnfs/49.cnf
./300.sh: line 56: 784568 Killed                  ./kissat /home/chenzh/data/hard_cnfs/49.cnf
./300.sh: line 56: 784556 Killed                  ./kissat /home/chenzh/data/hard_cnfs/49.cnf
./300.sh: line 56: 784566 Killed                  ./kissat /home/chenzh/data/hard_cnfs/49.cnf
./300.sh: line 56: 784586 Killed                  ./kissat /home/chenzh/data/hard_cnfs/49.cnf
./300.sh: line 56: 784583 Killed                  ./kissat /home/chenzh/data/hard_cnfs/49.cnf
./300.sh: line 56: 784580 Killed                  ./kissat /home/chenzh/data/hard_cnfs/49.cnf
./300.sh: line 56: 784596 Killed                  ./kissat /home/chenzh/data/hard_cnfs/49.cnf
./300.sh: line 56: 784598 Killed                  ./kissat /home/chenzh/data/hard_cnfs/49.cnf
./300.sh: line 56: 784590 Killed                  ./kissat /home/chenzh/data/hard_cnfs/49.cnf
./300.sh: line 56: 784600 Killed                  ./kissat /home/chenzh/data/hard_cnfs/49.cnf
./300.sh: line 56: 784592 Killed                  ./kissat /home/chenzh/data/hard_cnfs/49.cnf
./300.sh: line 56: 784632 Killed                  ./kissat /home/chenzh/data/hard_cnfs/49.cnf
./300.sh: line 56: 784758 Killed                  ./kissat /home/chenzh/data/hard_cnfs/49.cnf
./300.sh: line 56: 784833 Killed                  ./kissat /home/chenzh/data/hard_cnfs/49.cnf
./300.sh: line 56: 784908 Killed                  ./kissat /home/chenzh/data/hard_cnfs/49.cnf
./300.sh: line 56: 784910 Killed                  ./kissat /home/chenzh/data/hard_cnfs/49.cnf
./300.sh: line 56: 784920 Killed                  ./kissat /home/chenzh/data/hard_cnfs/49.cnf
./300.sh: line 56: 784919 Killed                  ./kissat /home/chenzh/data/hard_cnfs/49.cnf
./300.sh: line 56: 784922 Killed                  ./kissat /home/chenzh/data/hard_cnfs/49.cnf
./300.sh: line 56: 784904 Killed                  ./kissat /home/chenzh/data/hard_cnfs/49.cnf
./300.sh: line 56: 784916 Killed                  ./kissat /home/chenzh/data/hard_cnfs/49.cnf
./300.sh: line 56: 784924 Killed                  ./kissat /home/chenzh/data/hard_cnfs/49.cnf
./300.sh: line 56: 784927 Killed                  ./kissat /home/chenzh/data/hard_cnfs/49.cnf
./300.sh: line 56: 784914 Killed                  ./kissat /home/chenzh/data/hard_cnfs/49.cnf
./300.sh: line 56: 784928 Killed                  ./kissat /home/chenzh/data/hard_cnfs/49.cnf
./300.sh: line 56: 784907 Killed                  ./kissat /home/chenzh/data/hard_cnfs/49.cnf
./300.sh: line 56: 784930 Killed                  ./kissat /home/chenzh/data/hard_cnfs/49.cnf
./300.sh: line 56: 784934 Killed                  ./kissat /home/chenzh/data/hard_cnfs/49.cnf
./300.sh: line 56: 784932 Killed                  ./kissat /home/chenzh/data/hard_cnfs/49.cnf
./300.sh: line 56: 784940 Killed                  ./kissat /home/chenzh/data/hard_cnfs/49.cnf
./300.sh: line 56: 784939 Killed                  ./kissat /home/chenzh/data/hard_cnfs/49.cnf
./300.sh: line 56: 784943 Killed                  ./kissat /home/chenzh/data/hard_cnfs/49.cnf
./300.sh: line 56: 784944 Killed                  ./kissat /home/chenzh/data/hard_cnfs/49.cnf
./300.sh: line 56: 784913 Killed                  ./kissat /home/chenzh/data/hard_cnfs/49.cnf
./300.sh: line 56: 784936 Killed                  ./kissat /home/chenzh/data/hard_cnfs/49.cnf
./300.sh: line 56: 784947 Killed                  ./kissat /home/chenzh/data/hard_cnfs/49.cnf
./300.sh: line 56: 784949 Killed                  ./kissat /home/chenzh/data/hard_cnfs/49.cnf
./300.sh: line 56: 784956 Killed                  ./kissat /home/chenzh/data/hard_cnfs/49.cnf
./300.sh: line 56: 784951 Killed                  ./kissat /home/chenzh/data/hard_cnfs/49.cnf
./300.sh: line 56: 784962 Killed                  ./kissat /home/chenzh/data/hard_cnfs/49.cnf
./300.sh: line 56: 784954 Killed                  ./kissat /home/chenzh/data/hard_cnfs/49.cnf
./300.sh: line 56: 784971 Killed                  ./kissat /home/chenzh/data/hard_cnfs/49.cnf
./300.sh: line 56: 784970 Killed                  ./kissat /home/chenzh/data/hard_cnfs/49.cnf
./300.sh: line 56: 784967 Killed                  ./kissat /home/chenzh/data/hard_cnfs/49.cnf
./300.sh: line 56: 784965 Killed                  ./kissat /home/chenzh/data/hard_cnfs/49.cnf
./300.sh: line 56: 784959 Killed                  ./kissat /home/chenzh/data/hard_cnfs/49.cnf
./300.sh: line 56: 784976 Killed                  ./kissat /home/chenzh/data/hard_cnfs/49.cnf
./300.sh: line 56: 784973 Killed                  ./kissat /home/chenzh/data/hard_cnfs/49.cnf
./300.sh: line 56: 784966 Killed                  ./kissat /home/chenzh/data/hard_cnfs/49.cnf
./300.sh: line 56: 784977 Killed                  ./kissat /home/chenzh/data/hard_cnfs/49.cnf
./300.sh: line 56: 784984 Killed                  ./kissat /home/chenzh/data/hard_cnfs/49.cnf
./300.sh: line 56: 784979 Killed                  ./kissat /home/chenzh/data/hard_cnfs/49.cnf
./300.sh: line 56: 784988 Killed                  ./kissat /home/chenzh/data/hard_cnfs/49.cnf
./300.sh: line 56: 784957 Killed                  ./kissat /home/chenzh/data/hard_cnfs/49.cnf
./300.sh: line 56: 784991 Killed                  ./kissat /home/chenzh/data/hard_cnfs/49.cnf
./300.sh: line 56: 784994 Killed                  ./kissat /home/chenzh/data/hard_cnfs/49.cnf
./300.sh: line 56: 784989 Killed                  ./kissat /home/chenzh/data/hard_cnfs/49.cnf
./300.sh: line 56: 784999 Killed                  ./kissat /home/chenzh/data/hard_cnfs/49.cnf
./300.sh: line 56: 785001 Killed                  ./kissat /home/chenzh/data/hard_cnfs/49.cnf
./300.sh: line 56: 784995 Killed                  ./kissat /home/chenzh/data/hard_cnfs/49.cnf
./300.sh: line 56: 784997 Killed                  ./kissat /home/chenzh/data/hard_cnfs/49.cnf
./300.sh: line 56: 785004 Killed                  ./kissat /home/chenzh/data/hard_cnfs/49.cnf
./300.sh: line 56: 784982 Killed                  ./kissat /home/chenzh/data/hard_cnfs/49.cnf
./300.sh: line 56: 785005 Killed                  ./kissat /home/chenzh/data/hard_cnfs/49.cnf
./300.sh: line 56: 785007 Killed                  ./kissat /home/chenzh/data/hard_cnfs/49.cnf
./300.sh: line 56: 785009 Killed                  ./kissat /home/chenzh/data/hard_cnfs/49.cnf
./300.sh: line 56: 785011 Killed                  ./kissat /home/chenzh/data/hard_cnfs/49.cnf
./300.sh: line 56: 784985 Killed                  ./kissat /home/chenzh/data/hard_cnfs/49.cnf
./300.sh: line 56: 785013 Killed                  ./kissat /home/chenzh/data/hard_cnfs/49.cnf
./300.sh: line 56: 785016 Killed                  ./kissat /home/chenzh/data/hard_cnfs/49.cnf
./300.sh: line 56: 785017 Killed                  ./kissat /home/chenzh/data/hard_cnfs/49.cnf
./300.sh: line 56: 785019 Killed                  ./kissat /home/chenzh/data/hard_cnfs/49.cnf
./300.sh: line 56: 785024 Killed                  ./kissat /home/chenzh/data/hard_cnfs/49.cnf
./300.sh: line 56: 785027 Killed                  ./kissat /home/chenzh/data/hard_cnfs/49.cnf
./300.sh: line 56: 785021 Killed                  ./kissat /home/chenzh/data/hard_cnfs/49.cnf
./300.sh: line 56: 785031 Killed                  ./kissat /home/chenzh/data/hard_cnfs/49.cnf
./300.sh: line 56: 785033 Killed                  ./kissat /home/chenzh/data/hard_cnfs/49.cnf
./300.sh: line 56: 785025 Killed                  ./kissat /home/chenzh/data/hard_cnfs/49.cnf
./300.sh: line 56: 785029 Killed                  ./kissat /home/chenzh/data/hard_cnfs/49.cnf
./300.sh: line 56: 785038 Killed                  ./kissat /home/chenzh/data/hard_cnfs/49.cnf
./300.sh: line 56: 785039 Killed                  ./kissat /home/chenzh/data/hard_cnfs/49.cnf
./300.sh: line 56: 785041 Killed                  ./kissat /home/chenzh/data/hard_cnfs/49.cnf
./300.sh: line 56: 785035 Killed                  ./kissat /home/chenzh/data/hard_cnfs/49.cnf
./300.sh: line 56: 785043 Killed                  ./kissat /home/chenzh/data/hard_cnfs/49.cnf
./300.sh: line 56: 785045 Killed                  ./kissat /home/chenzh/data/hard_cnfs/49.cnf
./300.sh: line 56: 785047 Killed                  ./kissat /home/chenzh/data/hard_cnfs/49.cnf
./300.sh: line 56: 785049 Killed                  ./kissat /home/chenzh/data/hard_cnfs/49.cnf
./300.sh: line 56: 785052 Killed                  ./kissat /home/chenzh/data/hard_cnfs/49.cnf
./300.sh: line 56: 785055 Killed                  ./kissat /home/chenzh/data/hard_cnfs/49.cnf
./300.sh: line 56: 785053 Killed                  ./kissat /home/chenzh/data/hard_cnfs/49.cnf
./300.sh: line 56: 785058 Killed                  ./kissat /home/chenzh/data/hard_cnfs/49.cnf
./300.sh: line 56: 785060 Killed                  ./kissat /home/chenzh/data/hard_cnfs/49.cnf
./300.sh: line 56: 785064 Killed                  ./kissat /home/chenzh/data/hard_cnfs/49.cnf
./300.sh: line 56: 785063 Killed                  ./kissat /home/chenzh/data/hard_cnfs/49.cnf
./300.sh: line 56: 785066 Killed                  ./kissat /home/chenzh/data/hard_cnfs/49.cnf
./300.sh: line 56: 785068 Killed                  ./kissat /home/chenzh/data/hard_cnfs/49.cnf
./300.sh: line 56: 785070 Killed                  ./kissat /home/chenzh/data/hard_cnfs/49.cnf
./300.sh: line 56: 785072 Killed                  ./kissat /home/chenzh/data/hard_cnfs/49.cnf
./300.sh: line 56: 785074 Killed                  ./kissat /home/chenzh/data/hard_cnfs/49.cnf
./300.sh: line 56: 785076 Killed                  ./kissat /home/chenzh/data/hard_cnfs/49.cnf
./300.sh: line 56: 785079 Killed                  ./kissat /home/chenzh/data/hard_cnfs/49.cnf
./300.sh: line 56: 785081 Killed                  ./kissat /home/chenzh/data/hard_cnfs/49.cnf
./300.sh: line 56: 785085 Killed                  ./kissat /home/chenzh/data/hard_cnfs/49.cnf
./300.sh: line 56: 785084 Killed                  ./kissat /home/chenzh/data/hard_cnfs/49.cnf
./300.sh: line 56: 785087 Killed                  ./kissat /home/chenzh/data/hard_cnfs/49.cnf
./300.sh: line 56: 785090 Killed                  ./kissat /home/chenzh/data/hard_cnfs/49.cnf
./300.sh: line 56: 785092 Killed                  ./kissat /home/chenzh/data/hard_cnfs/49.cnf
./300.sh: line 56: 785095 Killed                  ./kissat /home/chenzh/data/hard_cnfs/49.cnf
./300.sh: line 56: 785098 Killed                  ./kissat /home/chenzh/data/hard_cnfs/49.cnf
./300.sh: line 56: 785102 Killed                  ./kissat /home/chenzh/data/hard_cnfs/49.cnf
./300.sh: line 56: 785100 Killed                  ./kissat /home/chenzh/data/hard_cnfs/49.cnf
./300.sh: line 56: 785104 Killed                  ./kissat /home/chenzh/data/hard_cnfs/49.cnf
./300.sh: line 56: 785109 Killed                  ./kissat /home/chenzh/data/hard_cnfs/49.cnf
./300.sh: line 56: 785112 Killed                  ./kissat /home/chenzh/data/hard_cnfs/49.cnf
./300.sh: line 56: 785118 Killed                  ./kissat /home/chenzh/data/hard_cnfs/49.cnf
./300.sh: line 56: 785120 Killed                  ./kissat /home/chenzh/data/hard_cnfs/49.cnf
core2586-950.mps
neos-4264598-oueme.mps
z26.mps
cvrpb-n45k5vrpi.mps
uccase10.mps
pb-grow22.mps
bts4-cta.mps
neos-3695882-vesdre.mps
swath.mps
dws012-01.mps
neos-3740487-motru.mps
assign1-10-4.mps
neos-3068746-nene.mps
allcolor58.mps
polygonpack4-15.mps
dws008-03.mps
set3-09.mps
dws008-01.mps
pythago7825.mps
n3709.mps
neos-3352863-ancoa.mps
datt256.mps
fhnw-sq2.mps
scpj4scip.mps
academictimetablebig.mps
ns1111636.mps
neos-2629914-sudost.mps
ns1904248.mps
milo-v13-4-3d-4-0.mps
triptim4.mps
mkc.mps
supportcase30.mps
ns1905797.mps
rmine15.mps
fhnw-binschedule2.mps
eva1aprime5x5opt.mps
neos-4290317-perth.mps
neos-4285819-pedja.mps
graphdraw-opmanager.mps
supportcase31.mps
ds-big.mps
tpl-tub-ws1617.mps
lr1dr04vc05v17a-t360.mps
sct1.mps
lr1dr12vc10v70b-t360.mps
satellites4-25.mps
supportcase3.mps
ns1849932.mps
neos-4295773-pissa.mps
seqsolve1.mps
eva1aprime6x6opt.mps
supportcase19.mps
genus-g61-25.mps
mining.mps
neos-1423785.mps
rwth-timetable.mps
amaze22012-03-15i.mps
rocII-10-11.mps
fastxgemm-n3r21s3t6.mps
neos-3530905-gaula.mps
cmflsp40-24-10-7.mps
snp-06-004-052.mps
neos-5076235-embley.mps
gasprod1-1.mps
s100.mps
neos-5196530-nuhaka.mps
snp-04-052-052.mps
n3707.mps
gsvm2rl12.mps
siena1.mps
ivu52.mps
tw-myciel4.mps
supportcase41.mps
fhnw-schedule-paira200.mps
gfd-schedulen180f7d50m.mps30k18
nucorsav.mps
stoch-vrpvrp-s5v2c8vrp.mps-v2c8i
proteindesign121hz512p.mps9
proteindesign121hz512p.mps19
t1722.mps
rfds-4-days.mps
graph40-20-1rand.mps
rocII-8-11.mps
allcolor10.mps
ds.mps
dfn-bwin-DBE.mps
neos-4387871-tavua.mps
supportcase35.mps
neos-3682128-sandon.mps
pythago7824.mps
neos-5045105-creuse.mps
polygonpack5-15.mps
bab6.mps
neos-2974461-ibar.mps
neos-4292145-piako.mps
neos-1420546.mps
supportcase23.mps
neos-5261882-treska.mps
neos-4360552-sangro.mps
cvrpp-n16k8vrpi.mps
splice1k1i.mps
dano3mip.mps
graph40-40-1rand.mps
t1717.mps
a2864-99blp.mps
bley_xs1noM.mps
scpl4.mps
satellites3-25.mps
ger50-17-ptp-pop-6t.mps
shs1042.mps
sorrell7.mps
supportcase38.mps
bppc6-06.mps
neos-4335793-snake.mps
sing326.mps
roi5alpha10n8.mps
hawaiiv10-130.mps
nj3.mps
tokyometro.mps
neos-4647032-veleka.mps
van.mps
bharat.mps
splan1.mps
set3-10.mps
adult-regularized.mps
supportcase22.mps
f2000.mps
seqsolve3short4288exce.mpsss384
neos-4338804-snowy.mps
cmflsp60-36-2-6.mps
neos-4647027-thurso.mps
cmflsp40-36-2-10.mps
snp-10-052-052.mps
comp12-2idx.mps
fhnw-schedule-pairb200.mps
neos-848198.mps
bley_xs1.mps
triptim2.mps
neos-4531126-vouga.mps
scpm1.mps
shipsched.mps
rmatr200-p20.mps
dlr1.mps
fhnw-binpack4-48.mps
stp3d.mps
neos-5221106-oparau.mps
traininstance2.mps
queens-30.mps
elitserienhandball11i.mps
neos-5266653-tugela.mps
polygonpack3-15.mps
neos-3754480-nidda.mps
ns1690781.mps
rmatr200-p10.mps
neos-4165869-wannon.mps
2club200v15p5scn.mps
opm2-z12-s8.mps
genus-g31-8.mps
set3-20.mps
wnq-n100-mw99-14.mps
neos-2987202-jeir.mps
moj-mining.mps
rmine13.mps
icir97_potential.mps
dws012-02.mps
rococoC11-010100.mps
germany50-UUM.mps
neos-4545615-waita.mps
bppc6-02.mps
rmine21.mps
pizza78i.mps
milo-v12-6-r1-58-1.mps
elitserienhandball3i.mps
gmut-76-50.mps
fhnw-schedule-pairb400.mps
neos-3355120-tarago.mps
neos-3615091-sutlej.mps
genus-sym-g31-8.mps
ns1679495.mps
nb10tb.mps
ex1010-pi.mps
seqsolve2short4288.mps
shs1023.mps
neos-2294525-abba.mps
neos-5260764-orauea.mps
sct32.mps
neos-3754224-navua.mps
neos-1420790.mps
dc1c.mps
ofi2.mps
neos-4954672-berkel.mps
stockholm.mps
neos-3355323-arnon.mps
pb-gfrd-pnc.mps
nj1.mps
usAbbrv-8-25_70.mps
zeil.mps
atm20-100.mps
neos-5251015-ogosta.mps
neos-4562542-watut.mps
fhnw-schedule-paira400.mps
gsvm2rl11.mps
circ10-3.mps
neos-2978205-isar.mps
hgms62.mps
radiationm40-10-02.mps
lr1dr02vc05v8a-t360.mps
ivu06-big.mps
gfd-schedulen180f7d50m.mps30k18-16i
neos-3426085-ticino.mps
opm2-z10-s4.mps
genus-sym-grafo5708-48.mps
usafa.mps
ger50_17_trans.mps
nsr8k.mps
fastxgemm-n3r22s4t6.mps
neos-2991472-kalu.mps
shiftreg2-7.mps
sing5.mps
cdma.mps
neos-872648.mps
graph40-80-1rand.mps
bab3.mps
fhnw-binpack4-58.mps
pizza27i.mps
milo-v13-4-3d-3-0.mps
ivu06.mps
snip10x10-35r1budget17.mps
neos-3214367-sovi.mps
bab2.mps
elitserienhandball13i.mps
nj2.mps
adult-max5features.mps
ns1856153.mps
uccase7.mps
r4l4-02-tree-bounds-50.mps
comp21-2idx.mps
hgms-det.mps
neos-4355351-swalm.mps
supportcase10.mps
bg512142.mps
n3700.mps
gmut-75-50.mps
sing17.mps
neos-5223573-tarwin.mps
sorrell3.mps
sct5.mps
nag.mps
fhnw-binschedule0.mps
bab1.mps
splice1k1.mps
tpl-tub-ss16.mps
dws012-03.mps
lr2-22dr3-333vc4v17a-t.mps60
d20200.mps
snp-10-004-052.mps
woodlands09.mps
thor50dday.mps
dolom1.mps
ns930473.mps
bmocbd3.mps
ger50-17-trans-pop-3t.mps
neos-3237086-abava.mps
gmut-76-40.mps
neos-5044663-wairoa.mps
v150d30-2hopcds.mps
set3-16.mps
shs1014.mps
rmine25.mps
neos-4409277-trave.mps
core4872-1529.mps
polygonpack4-7.mps
highschool1-aigio.mps
fhnw-binpack4-77.mps
set3-15.mps
scpn2.mps
neos-3372571-onahau.mps
fhnw-schedule-paira100.mps
sing44.mps
xmas10.mps
ger50-17-trans-dfn-3t.mps
neos-4647030-tutaki.mps
xmas10-2.mps
dg012142.mps
neos-5273874-yomtsa.mps
neos-3426132-dieze.mps
neos-5114902-kasavu.mps
reblock354.mps
fhnw-binschedule1.mps
minutedispatchstrategy.mps
neos-4300652-rahue.mps
triptim7.mps
triptim8.mps
neos-3691541-lonja.mps
sing11.mps
n3705.mps
rmine11.mps
n370b.mps
neos-5093327-huahum.mps
ivu59.mps
neos-954925.mps
neos-3025225-shelon.mps
neos-4343293-stony.mps
rococoC12-010001.mps
probportfolio.mps
supportcase39.mps
kottenpark09.mps
neos-3594536-henty.mps
neos-5041822-cockle.mps
neos-5151569-mologa.mps
neos-4230265-orari.mps
neos-3209462-rhin.mps
dlr2.mps
neos-3656078-kumeu.mps
graph20-80-1rand.mps
elitserienhandball14i.mps
neos-5189128-totara.mps
ger50-17-ptp-pop-3t.mps
fastxgemm-n3r23s5t6.mps
neos-4533806-waima.mps
polygonpack4-10.mps
comp16-3idx.mps
neos-5102383-irwell.mps
neos-4232544-orira.mps
s1234.mps
neos-3322547-alsek.mps
core4284-1064.mps
ramos3.mps
milo-v12-6-r1-75-1.mps
neos-3603137-hoteo.mps
graphdraw-mainerd.mps
sorrell4.mps
neos-3009394-lami.mps
cvrpa-n64k9vrpi.mps
gsvm2rl5.mps
liu.mps
ns1430538.mps
ns2124243.mps
shiftreg5-1.mps
neos-3208254-reiu.mps
rail03.mps
supportcase2.mps
ns1828997.mps
momentum3.mps
nursesched-medium-hint.mps03
neos-3634244-kauru.mps
graphdraw-grafo2.mps
neos-4555749-wards.mps
dc1l.mps
neos-4535459-waipa.mps
neos-4358725-tagus.mps
ns1456591.mps
markshare2.mps
in.mps
neos-4954274-beardy.mps
kosova1.mps
cdc7-4-3-2.mps
tbfp-bigm.mps
ns1631475.mps
rvb-sub.mps
scpk4.mps
neos-5104907-jarama.mps
amaze22012-07-04i.mps
hanoi5.mps
gsvm2rl9.mps
neos-4321076-ruwer.mps
s82.mps
hgms30.mps
pb-market-split8-70-4.mps
genus-sym-g62-2.mps
l2p1i.mps
ns2122698.mps
./3600.sh: line 56: 795763 Killed                  ./kissat /home/chenzh/data/hard_cnfs/49.cnf
./3600.sh: line 56: 795730 Killed                  ./kissat /home/chenzh/data/hard_cnfs/49.cnf
./3600.sh: line 56: 795755 Killed                  ./kissat /home/chenzh/data/hard_cnfs/49.cnf
./3600.sh: line 56: 795738 Killed                  ./kissat /home/chenzh/data/hard_cnfs/49.cnf
./3600.sh: line 56: 795819 Killed                  ./kissat /home/chenzh/data/hard_cnfs/49.cnf
./3600.sh: line 56: 795835 Killed                  ./kissat /home/chenzh/data/hard_cnfs/49.cnf
./3600.sh: line 56: 795736 Killed                  ./kissat /home/chenzh/data/hard_cnfs/49.cnf
./3600.sh: line 56: 795734 Killed                  ./kissat /home/chenzh/data/hard_cnfs/49.cnf
./3600.sh: line 56: 795862 Killed                  ./kissat /home/chenzh/data/hard_cnfs/49.cnf
./3600.sh: line 56: 795866 Killed                  ./kissat /home/chenzh/data/hard_cnfs/49.cnf
./3600.sh: line 56: 795787 Killed                  ./kissat /home/chenzh/data/hard_cnfs/49.cnf
./3600.sh: line 56: 795850 Killed                  ./kissat /home/chenzh/data/hard_cnfs/49.cnf
./3600.sh: line 56: 795875 Killed                  ./kissat /home/chenzh/data/hard_cnfs/49.cnf
./3600.sh: line 56: 795784 Killed                  ./kissat /home/chenzh/data/hard_cnfs/49.cnf
./3600.sh: line 56: 795871 Killed                  ./kissat /home/chenzh/data/hard_cnfs/49.cnf
./3600.sh: line 56: 795877 Killed                  ./kissat /home/chenzh/data/hard_cnfs/49.cnf
./3600.sh: line 56: 795782 Killed                  ./kissat /home/chenzh/data/hard_cnfs/49.cnf
./3600.sh: line 56: 795937 Killed                  ./kissat /home/chenzh/data/hard_cnfs/49.cnf
./3600.sh: line 56: 795882 Killed                  ./kissat /home/chenzh/data/hard_cnfs/49.cnf
./3600.sh: line 56: 795859 Killed                  ./kissat /home/chenzh/data/hard_cnfs/49.cnf
./3600.sh: line 56: 796011 Killed                  ./kissat /home/chenzh/data/hard_cnfs/49.cnf
./3600.sh: line 56: 796001 Killed                  ./kissat /home/chenzh/data/hard_cnfs/49.cnf
./3600.sh: line 56: 795943 Killed                  ./kissat /home/chenzh/data/hard_cnfs/49.cnf
./3600.sh: line 56: 796028 Killed                  ./kissat /home/chenzh/data/hard_cnfs/49.cnf
./3600.sh: line 56: 797705 Killed                  ./kissat /home/chenzh/data/hard_cnfs/49.cnf
./3600.sh: line 56: 797765 Killed                  ./kissat /home/chenzh/data/hard_cnfs/49.cnf
./3600.sh: line 56: 798887 Killed                  ./kissat /home/chenzh/data/hard_cnfs/49.cnf
./3600.sh: line 56: 798973 Killed                  ./kissat /home/chenzh/data/hard_cnfs/49.cnf
./3600.sh: line 56: 799658 Killed                  ./kissat /home/chenzh/data/hard_cnfs/49.cnf
./3600.sh: line 56: 799696 Killed                  ./kissat /home/chenzh/data/hard_cnfs/49.cnf
./3600.sh: line 56: 801915 Killed                  ./kissat /home/chenzh/data/hard_cnfs/49.cnf
./3600.sh: line 56: 801782 Killed                  ./kissat /home/chenzh/data/hard_cnfs/49.cnf
./3600.sh: line 56: 803251 Killed                  ./kissat /home/chenzh/data/hard_cnfs/49.cnf
./3600.sh: line 56: 804032 Killed                  ./kissat /home/chenzh/data/hard_cnfs/49.cnf
./3600.sh: line 56: 806484 Killed                  ./kissat /home/chenzh/data/hard_cnfs/49.cnf
./3600.sh: line 56: 807298 Killed                  ./kissat /home/chenzh/data/hard_cnfs/49.cnf
./3600.sh: line 56: 807651 Killed                  ./kissat /home/chenzh/data/hard_cnfs/49.cnf
./3600.sh: line 56: 807923 Killed                  ./kissat /home/chenzh/data/hard_cnfs/49.cnf
./3600.sh: line 56: 808027 Killed                  ./kissat /home/chenzh/data/hard_cnfs/49.cnf
./3600.sh: line 56: 808224 Killed                  ./kissat /home/chenzh/data/hard_cnfs/49.cnf
./3600.sh: line 56: 808221 Killed                  ./kissat /home/chenzh/data/hard_cnfs/49.cnf
./3600.sh: line 56: 808225 Killed                  ./kissat /home/chenzh/data/hard_cnfs/49.cnf
./3600.sh: line 56: 808229 Killed                  ./kissat /home/chenzh/data/hard_cnfs/49.cnf
./3600.sh: line 56: 808227 Killed                  ./kissat /home/chenzh/data/hard_cnfs/49.cnf
./3600.sh: line 56: 808237 Killed                  ./kissat /home/chenzh/data/hard_cnfs/49.cnf
./3600.sh: line 56: 808235 Killed                  ./kissat /home/chenzh/data/hard_cnfs/49.cnf
./3600.sh: line 56: 808239 Killed                  ./kissat /home/chenzh/data/hard_cnfs/49.cnf
./3600.sh: line 56: 808241 Killed                  ./kissat /home/chenzh/data/hard_cnfs/49.cnf
./3600.sh: line 56: 808243 Killed                  ./kissat /home/chenzh/data/hard_cnfs/49.cnf
./3600.sh: line 56: 808254 Killed                  ./kissat /home/chenzh/data/hard_cnfs/49.cnf
./3600.sh: line 56: 808233 Killed                  ./kissat /home/chenzh/data/hard_cnfs/49.cnf
./3600.sh: line 56: 808251 Killed                  ./kissat /home/chenzh/data/hard_cnfs/49.cnf
./3600.sh: line 56: 808258 Killed                  ./kissat /home/chenzh/data/hard_cnfs/49.cnf
./3600.sh: line 56: 808231 Killed                  ./kissat /home/chenzh/data/hard_cnfs/49.cnf
./3600.sh: line 56: 808261 Killed                  ./kissat /home/chenzh/data/hard_cnfs/49.cnf
./3600.sh: line 56: 808262 Killed                  ./kissat /home/chenzh/data/hard_cnfs/49.cnf
./3600.sh: line 56: 808265 Killed                  ./kissat /home/chenzh/data/hard_cnfs/49.cnf
./3600.sh: line 56: 808249 Killed                  ./kissat /home/chenzh/data/hard_cnfs/49.cnf
./3600.sh: line 56: 808248 Killed                  ./kissat /home/chenzh/data/hard_cnfs/49.cnf
./3600.sh: line 56: 808245 Killed                  ./kissat /home/chenzh/data/hard_cnfs/49.cnf
./3600.sh: line 56: 808270 Killed                  ./kissat /home/chenzh/data/hard_cnfs/49.cnf
./3600.sh: line 56: 808266 Killed                  ./kissat /home/chenzh/data/hard_cnfs/49.cnf
./3600.sh: line 56: 808274 Killed                  ./kissat /home/chenzh/data/hard_cnfs/49.cnf
./3600.sh: line 56: 808272 Killed                  ./kissat /home/chenzh/data/hard_cnfs/49.cnf
./3600.sh: line 56: 808276 Killed                  ./kissat /home/chenzh/data/hard_cnfs/49.cnf
./3600.sh: line 56: 808280 Killed                  ./kissat /home/chenzh/data/hard_cnfs/49.cnf
./3600.sh: line 56: 808256 Killed                  ./kissat /home/chenzh/data/hard_cnfs/49.cnf
./3600.sh: line 56: 808282 Killed                  ./kissat /home/chenzh/data/hard_cnfs/49.cnf
./3600.sh: line 56: 808290 Killed                  ./kissat /home/chenzh/data/hard_cnfs/49.cnf
./3600.sh: line 56: 808294 Killed                  ./kissat /home/chenzh/data/hard_cnfs/49.cnf
./3600.sh: line 56: 808279 Killed                  ./kissat /home/chenzh/data/hard_cnfs/49.cnf
./3600.sh: line 56: 808269 Killed                  ./kissat /home/chenzh/data/hard_cnfs/49.cnf
./3600.sh: line 56: 808298 Killed                  ./kissat /home/chenzh/data/hard_cnfs/49.cnf
./3600.sh: line 56: 808302 Killed                  ./kissat /home/chenzh/data/hard_cnfs/49.cnf
./3600.sh: line 56: 808306 Killed                  ./kissat /home/chenzh/data/hard_cnfs/49.cnf
./3600.sh: line 56: 808292 Killed                  ./kissat /home/chenzh/data/hard_cnfs/49.cnf
./3600.sh: line 56: 808304 Killed                  ./kissat /home/chenzh/data/hard_cnfs/49.cnf
./3600.sh: line 56: 808286 Killed                  ./kissat /home/chenzh/data/hard_cnfs/49.cnf
./3600.sh: line 56: 808308 Killed                  ./kissat /home/chenzh/data/hard_cnfs/49.cnf
./3600.sh: line 56: 808300 Killed                  ./kissat /home/chenzh/data/hard_cnfs/49.cnf
./3600.sh: line 56: 808312 Killed                  ./kissat /home/chenzh/data/hard_cnfs/49.cnf
./3600.sh: line 56: 808284 Killed                  ./kissat /home/chenzh/data/hard_cnfs/49.cnf
./3600.sh: line 56: 808316 Killed                  ./kissat /home/chenzh/data/hard_cnfs/49.cnf
./3600.sh: line 56: 808314 Killed                  ./kissat /home/chenzh/data/hard_cnfs/49.cnf
./3600.sh: line 56: 808322 Killed                  ./kissat /home/chenzh/data/hard_cnfs/49.cnf
./3600.sh: line 56: 808326 Killed                  ./kissat /home/chenzh/data/hard_cnfs/49.cnf
./3600.sh: line 56: 808318 Killed                  ./kissat /home/chenzh/data/hard_cnfs/49.cnf
./3600.sh: line 56: 808321 Killed                  ./kissat /home/chenzh/data/hard_cnfs/49.cnf
./3600.sh: line 56: 808288 Killed                  ./kissat /home/chenzh/data/hard_cnfs/49.cnf
./3600.sh: line 56: 808328 Killed                  ./kissat /home/chenzh/data/hard_cnfs/49.cnf
./3600.sh: line 56: 808330 Killed                  ./kissat /home/chenzh/data/hard_cnfs/49.cnf
./3600.sh: line 56: 808310 Killed                  ./kissat /home/chenzh/data/hard_cnfs/49.cnf
./3600.sh: line 56: 808296 Killed                  ./kissat /home/chenzh/data/hard_cnfs/49.cnf
./3600.sh: line 56: 808334 Killed                  ./kissat /home/chenzh/data/hard_cnfs/49.cnf
./3600.sh: line 56: 808332 Killed                  ./kissat /home/chenzh/data/hard_cnfs/49.cnf
./3600.sh: line 56: 808324 Killed                  ./kissat /home/chenzh/data/hard_cnfs/49.cnf
./3600.sh: line 56: 808339 Killed                  ./kissat /home/chenzh/data/hard_cnfs/49.cnf
./3600.sh: line 56: 808341 Killed                  ./kissat /home/chenzh/data/hard_cnfs/49.cnf
./3600.sh: line 56: 808337 Killed                  ./kissat /home/chenzh/data/hard_cnfs/49.cnf
./3600.sh: line 56: 808343 Killed                  ./kissat /home/chenzh/data/hard_cnfs/49.cnf
./3600.sh: line 56: 808345 Killed                  ./kissat /home/chenzh/data/hard_cnfs/49.cnf
./3600.sh: line 56: 808347 Killed                  ./kissat /home/chenzh/data/hard_cnfs/49.cnf
./3600.sh: line 56: 808349 Killed                  ./kissat /home/chenzh/data/hard_cnfs/49.cnf
./3600.sh: line 56: 808363 Killed                  ./kissat /home/chenzh/data/hard_cnfs/49.cnf
./3600.sh: line 56: 808357 Killed                  ./kissat /home/chenzh/data/hard_cnfs/49.cnf
./3600.sh: line 56: 808354 Killed                  ./kissat /home/chenzh/data/hard_cnfs/49.cnf
./3600.sh: line 56: 808355 Killed                  ./kissat /home/chenzh/data/hard_cnfs/49.cnf
./3600.sh: line 56: 808351 Killed                  ./kissat /home/chenzh/data/hard_cnfs/49.cnf
./3600.sh: line 56: 808365 Killed                  ./kissat /home/chenzh/data/hard_cnfs/49.cnf
./3600.sh: line 56: 808359 Killed                  ./kissat /home/chenzh/data/hard_cnfs/49.cnf
./3600.sh: line 56: 808361 Killed                  ./kissat /home/chenzh/data/hard_cnfs/49.cnf
./3600.sh: line 56: 808367 Killed                  ./kissat /home/chenzh/data/hard_cnfs/49.cnf
./3600.sh: line 56: 808372 Killed                  ./kissat /home/chenzh/data/hard_cnfs/49.cnf
./3600.sh: line 56: 808369 Killed                  ./kissat /home/chenzh/data/hard_cnfs/49.cnf
./3600.sh: line 56: 808374 Killed                  ./kissat /home/chenzh/data/hard_cnfs/49.cnf
./3600.sh: line 56: 808376 Killed                  ./kissat /home/chenzh/data/hard_cnfs/49.cnf
./3600.sh: line 56: 808378 Killed                  ./kissat /home/chenzh/data/hard_cnfs/49.cnf
./3600.sh: line 56: 808381 Killed                  ./kissat /home/chenzh/data/hard_cnfs/49.cnf
./3600.sh: line 56: 808383 Killed                  ./kissat /home/chenzh/data/hard_cnfs/49.cnf
./3600.sh: line 56: 808386 Killed                  ./kissat /home/chenzh/data/hard_cnfs/49.cnf
./3600.sh: line 56: 808389 Killed                  ./kissat /home/chenzh/data/hard_cnfs/49.cnf
./3600.sh: line 56: 808394 Killed                  ./kissat /home/chenzh/data/hard_cnfs/49.cnf
./3600.sh: line 56: 808392 Killed                  ./kissat /home/chenzh/data/hard_cnfs/49.cnf
./3600.sh: line 56: 808396 Killed                  ./kissat /home/chenzh/data/hard_cnfs/49.cnf
./3600.sh: line 56: 808399 Killed                  ./kissat /home/chenzh/data/hard_cnfs/49.cnf
./3600.sh: line 56: 808403 Killed                  ./kissat /home/chenzh/data/hard_cnfs/49.cnf
./3600.sh: line 56: 808412 Killed                  ./kissat /home/chenzh/data/hard_cnfs/49.cnf
./3600.sh: line 56: 808416 Killed                  ./kissat /home/chenzh/data/hard_cnfs/49.cnf
