core2586-950.mps
neos-4264598-oueme.mps
z26.mps
uccase10.mps
pb-grow22.mps
bts4-cta.mps
neos-3695882-vesdre.mps
swath.mps
dws012-01.mps
neos-3740487-motru.mps
assign1-10-4.mps
neos-3068746-nene.mps
allcolor58.mps
polygonpack4-15.mps
dws008-03.mps
set3-09.mps
dws008-01.mps
pythago7825.mps
n3709.mps
neos-3352863-ancoa.mps
datt256.mps
fhnw-sq2.mps
scpj4scip.mps
academictimetablebig.mps
ns1111636.mps
neos-2629914-sudost.mps
ns1904248.mps
milo-v13-4-3d-4-0.mps
triptim4.mps
mkc.mps
supportcase30.mps
ns1905797.mps
rmine15.mps
fhnw-binschedule2.mps
eva1aprime5x5opt.mps
neos-4290317-perth.mps
neos-4285819-pedja.mps
graphdraw-opmanager.mps
supportcase31.mps
ds-big.mps
tpl-tub-ws1617.mps
lr1dr04vc05v17a-t360.mps
sct1.mps
lr1dr12vc10v70b-t360.mps
satellites4-25.mps
supportcase3.mps
ns1849932.mps
neos-4295773-pissa.mps
seqsolve1.mps
eva1aprime6x6opt.mps
supportcase19.mps
genus-g61-25.mps
mining.mps
neos-1423785.mps
rwth-timetable.mps
rocII-10-11.mps
fastxgemm-n3r21s3t6.mps
neos-3530905-gaula.mps
cmflsp40-24-10-7.mps
snp-06-004-052.mps
neos-5076235-embley.mps
gasprod1-1.mps
s100.mps
neos-5196530-nuhaka.mps
snp-04-052-052.mps
n3707.mps
gsvm2rl12.mps
siena1.mps
tw-myciel4.mps
supportcase41.mps
fhnw-schedule-paira200.mps
gfd-schedulen180f7d50m30k18.mps
nucorsav.mps
proteindesign121hz512p9.mps
proteindesign121hz512p19.mps
t1722.mps
rfds-4-days.mps
graph40-20-1rand.mps
rocII-8-11.mps
allcolor10.mps
ds.mps
dfn-bwin-DBE.mps
neos-4387871-tavua.mps
supportcase35.mps
neos-3682128-sandon.mps
pythago7824.mps
neos-5045105-creuse.mps
polygonpack5-15.mps
bab6.mps
neos-2974461-ibar.mps
neos-4292145-piako.mps
neos-1420546.mps
supportcase23.mps
neos-5261882-treska.mps
neos-4360552-sangro.mps
dano3mip.mps
graph40-40-1rand.mps
t1717.mps
a2864-99blp.mps
bley_xs1noM.mps
scpl4.mps
satellites3-25.mps
ger50-17-ptp-pop-6t.mps
shs1042.mps
sorrell7.mps
supportcase38.mps
bppc6-06.mps
neos-4335793-snake.mps
sing326.mps
roi5alpha10n8.mps
hawaiiv10-130.mps
nj3.mps
tokyometro.mps
neos-4647032-veleka.mps
van.mps
bharat.mps
splan1.mps
set3-10.mps
adult-regularized.mps
supportcase22.mps
f2000.mps
seqsolve3short4288excess384.mps
neos-4338804-snowy.mps
cmflsp60-36-2-6.mps
neos-4647027-thurso.mps
cmflsp40-36-2-10.mps
snp-10-052-052.mps
comp12-2idx.mps
fhnw-schedule-pairb200.mps
neos-848198.mps
bley_xs1.mps
triptim2.mps
neos-4531126-vouga.mps
scpm1.mps
shipsched.mps
rmatr200-p20.mps
dlr1.mps
fhnw-binpack4-48.mps
stp3d.mps
neos-5221106-oparau.mps
traininstance2.mps
queens-30.mps
neos-5266653-tugela.mps
polygonpack3-15.mps
neos-3754480-nidda.mps
ns1690781.mps
rmatr200-p10.mps
neos-4165869-wannon.mps
2club200v15p5scn.mps
opm2-z12-s8.mps
genus-g31-8.mps
set3-20.mps
wnq-n100-mw99-14.mps
neos-2987202-jeir.mps
moj-mining.mps
rmine13.mps
icir97_potential.mps
dws012-02.mps
rococoC11-010100.mps
germany50-UUM.mps
neos-4545615-waita.mps
bppc6-02.mps
rmine21.mps
milo-v12-6-r1-58-1.mps
gmut-76-50.mps
fhnw-schedule-pairb400.mps
neos-3355120-tarago.mps
neos-3615091-sutlej.mps
genus-sym-g31-8.mps
ns1679495.mps
nb10tb.mps
ex1010-pi.mps
seqsolve2short4288.mps
shs1023.mps
neos-2294525-abba.mps
neos-5260764-orauea.mps
sct32.mps
neos-3754224-navua.mps
neos-1420790.mps
dc1c.mps
ofi2.mps
neos-4954672-berkel.mps
stockholm.mps
neos-3355323-arnon.mps
pb-gfrd-pnc.mps
nj1.mps
usAbbrv-8-25_70.mps
zeil.mps
atm20-100.mps
neos-5251015-ogosta.mps
neos-4562542-watut.mps
fhnw-schedule-paira400.mps
gsvm2rl11.mps
