a2864-99blp.mps
adult-regularized.mps
allcolor58.mps
assign1-10-4.mps
bab3.mps
bharat.mps
bley_xs1.mps
bley_xs1noM.mps
bmocbd3.mps
bppc6-06.mps
bts4-cta.mps
cdc7-4-3-2.mps
cdma.mps
circ10-3.mps
cmflsp40-36-2-10.mps
cmflsp60-36-2-6.mps
comp12-2idx.mps
core2586-950.mps
core4284-1064.mps
core4872-1529.mps
d20200.mps
dano3mip.mps
datt256.mps
dc1l.mps
dfn-bwin-DBE.mps
dlr1.mps
dlr2.mps
ds-big.mps
dws012-01.mps
dws012-02.mps
dws012-03.mps
eva1aprime5x5opt.mps
eva1aprime6x6opt.mps
ex1010-pi.mps
f2000.mps
fastxgemm-n3r21s3t6.mps
fastxgemm-n3r22s4t6.mps
fastxgemm-n3r23s5t6.mps
fhnw-binpack4-58.mps
fhnw-binpack4-77.mps
fhnw-binschedule0.mps
fhnw-binschedule1.mps
fhnw-binschedule2.mps
fhnw-schedule-paira100.mps
fhnw-schedule-paira200.mps
fhnw-schedule-paira400.mps
fhnw-schedule-pairb200.mps
fhnw-schedule-pairb400.mps
gasprod1-1.mps
genus-g31-8.mps
genus-g61-25.mps
genus-sym-g31-8.mps
genus-sym-g62-2.mps
genus-sym-grafo5708-48.mps
ger50-17-ptp-pop-3t.mps
ger50-17-trans-dfn-3t.mps
ger50-17-trans-pop-3t.mps
gmut-76-40.mps
gmut-76-50.mps
graph40-20-1rand.mps
graph40-40-1rand.mps
graph40-80-1rand.mps
graphdraw-grafo2.mps
graphdraw-mainerd.mps
graphdraw-opmanager.mps
gsvm2rl11.mps
gsvm2rl12.mps
gsvm2rl9.mps
hgms30.mps
hgms62.mps
ivu06.mps
ivu06-big.mps
ivu59.mps
kosova1.mps
kottenpark09.mps
liu.mps
lr1dr02vc05v8a-t360.mps
lr1dr04vc05v17a-t360.mps
lr1dr12vc10v70b-t360.mps
lr2-22dr3-333vc4v17a-t60.mps
milo-v12-6-r1-75-1.mps
milo-v13-4-3d-4-0.mps
mining.mps
minutedispatchstrategy.mps
momentum3.mps
n3700.mps
n3705.mps
n3707.mps
n3709.mps
n370b.mps
nag.mps
nb10tb.mps
neos-1420546.mps
neos-1420790.mps
neos-1423785.mps
neos-2629914-sudost.mps
neos-2974461-ibar.mps
neos-2978205-isar.mps
neos-2991472-kalu.mps
neos-3009394-lami.mps
neos-3068746-nene.mps
neos-3208254-reiu.mps
neos-3322547-alsek.mps
neos-3355120-tarago.mps
neos-3355323-arnon.mps
neos-3426085-ticino.mps
neos-3426132-dieze.mps
neos-3594536-henty.mps
neos-3603137-hoteo.mps
neos-3615091-sutlej.mps
neos-3634244-kauru.mps
neos-3682128-sandon.mps
neos-3691541-lonja.mps
neos-3695882-vesdre.mps
neos-3740487-motru.mps
neos-3754224-navua.mps
neos-4230265-orari.mps
neos-4232544-orira.mps
neos-4264598-oueme.mps
a2864-99blp.mps
adult-regularized.mps
allcolor58.mps
assign1-10-4.mps
bab3.mps
bharat.mps
bley_xs1.mps
bley_xs1noM.mps
bmocbd3.mps
bppc6-06.mps
bts4-cta.mps
cdc7-4-3-2.mps
cdma.mps
circ10-3.mps
cmflsp40-36-2-10.mps
cmflsp60-36-2-6.mps
comp12-2idx.mps
core2586-950.mps
core4284-1064.mps
core4872-1529.mps
d20200.mps
dano3mip.mps
datt256.mps
dc1l.mps
dfn-bwin-DBE.mps
dlr1.mps
dlr2.mps
ds-big.mps
dws012-01.mps
dws012-02.mps
dws012-03.mps
eva1aprime5x5opt.mps
eva1aprime6x6opt.mps
ex1010-pi.mps
f2000.mps
fastxgemm-n3r21s3t6.mps
fastxgemm-n3r22s4t6.mps
fastxgemm-n3r23s5t6.mps
fhnw-binpack4-58.mps
fhnw-binpack4-77.mps
fhnw-binschedule0.mps
fhnw-binschedule1.mps
fhnw-binschedule2.mps
fhnw-schedule-paira100.mps
fhnw-schedule-paira200.mps
fhnw-schedule-paira400.mps
fhnw-schedule-pairb200.mps
fhnw-schedule-pairb400.mps
gasprod1-1.mps
genus-g31-8.mps
genus-g61-25.mps
genus-sym-g31-8.mps
genus-sym-g62-2.mps
genus-sym-grafo5708-48.mps
ger50-17-ptp-pop-3t.mps
ger50-17-trans-dfn-3t.mps
ger50-17-trans-pop-3t.mps
gmut-76-40.mps
gmut-76-50.mps
graph40-20-1rand.mps
graph40-40-1rand.mps
graph40-80-1rand.mps
graphdraw-grafo2.mps
graphdraw-mainerd.mps
graphdraw-opmanager.mps
gsvm2rl11.mps
gsvm2rl12.mps
gsvm2rl9.mps
hgms30.mps
hgms62.mps
ivu06.mps
ivu06-big.mps
ivu59.mps
kosova1.mps
kottenpark09.mps
liu.mps
lr1dr02vc05v8a-t360.mps
lr1dr04vc05v17a-t360.mps
lr1dr12vc10v70b-t360.mps
lr2-22dr3-333vc4v17a-t60.mps
milo-v12-6-r1-75-1.mps
milo-v13-4-3d-4-0.mps
mining.mps
minutedispatchstrategy.mps
momentum3.mps
n3700.mps
n3705.mps
n3707.mps
n3709.mps
n370b.mps
nag.mps
nb10tb.mps
neos-1420546.mps
neos-1420790.mps
neos-1423785.mps
neos-2629914-sudost.mps
neos-2974461-ibar.mps
neos-2978205-isar.mps
neos-2991472-kalu.mps
neos-3009394-lami.mps
neos-3068746-nene.mps
neos-3208254-reiu.mps
neos-3322547-alsek.mps
neos-3355120-tarago.mps
neos-3355323-arnon.mps
neos-3426085-ticino.mps
neos-3426132-dieze.mps
neos-3594536-henty.mps
neos-3603137-hoteo.mps
neos-3615091-sutlej.mps
neos-3634244-kauru.mps
neos-3682128-sandon.mps
neos-3691541-lonja.mps
neos-3695882-vesdre.mps
neos-3740487-motru.mps
neos-3754224-navua.mps
neos-4230265-orari.mps
neos-4232544-orira.mps
neos-4264598-oueme.mps
neos-4285819-pedja.mps
neos-4290317-perth.mps
neos-4292145-piako.mps
neos-4355351-swalm.mps
neos-4358725-tagus.mps
neos-4360552-sangro.mps
neos-4531126-vouga.mps
neos-4533806-waima.mps
neos-4535459-waipa.mps
neos-4545615-waita.mps
neos-4555749-wards.mps
neos-4562542-watut.mps
neos-4647027-thurso.mps
neos-4647032-veleka.mps
neos-5041822-cockle.mps
neos-5044663-wairoa.mps
neos-5045105-creuse.mps
neos-5151569-mologa.mps
neos-5189128-totara.mps
neos-5221106-oparau.mps
neos-5266653-tugela.mps
neos-848198.mps
nj1.mps
nj2.mps
nj3.mps
ns1456591.mps
ns1631475.mps
ns1679495.mps
ns1690781.mps
ns1828997.mps
ns1849932.mps
ns1856153.mps
ns1904248.mps
ns1905797.mps
ns2122698.mps
ns2124243.mps
ns930473.mps
nsr8k.mps
nucorsav.mps
pb-gfrd-pnc.mps
pb-grow22.mps
pb-market-split8-70-4.mps
polygonpack3-15.mps
polygonpack4-10.mps
polygonpack4-15.mps
polygonpack4-7.mps
polygonpack5-15.mps
proteindesign121hz512p19.mps
pythago7825.mps
r4l4-02-tree-bounds-50.mps
ramos3.mps
rfds-4-days.mps
rmine11.mps
rmine13.mps
rmine15.mps
rmine21.mps
rmine25.mps
rocII-10-11.mps
rocII-8-11.mps
rwth-timetable.mps
s82.mps
scpj4scip.mps
scpk4.mps
scpl4.mps
scpm1.mps
scpn2.mps
sct1.mps
sct5.mps
seqsolve1.mps
seqsolve2short4288.mps
seqsolve3short4288excess384.mps
set3-09.mps
set3-16.mps
shiftreg5-1.mps
shipsched.mps
shs1014.mps
shs1042.mps
siena1.mps
sing11.mps
sing17.mps
sing5.mps
snp-04-052-052.mps
snp-06-004-052.mps
snp-10-004-052.mps
snp-10-052-052.mps
sorrell4.mps
sorrell7.mps
splan1.mps
stockholm.mps
supportcase2.mps
supportcase23.mps
supportcase30.mps
supportcase31.mps
supportcase35.mps
supportcase38.mps
supportcase39.mps
supportcase41.mps
t1717.mps
t1722.mps
tokyometro.mps
tpl-tub-ws1617.mps
uccase10.mps
usafa.mps
van.mps
xmas10.mps
xmas10-2.mps
z26.mps
zeil.mps
