core2586-950.mps
neos-4264598-oueme.mps
z26.mps
cvrpb-n45k5vrpi.mps
uccase10.mps
pb-grow22.mps
bts4-cta.mps
neos-3695882-vesdre.mps
swath.mps
dws012-01.mps
neos-3740487-motru.mps
assign1-10-4.mps
neos-3068746-nene.mps
allcolor58.mps
polygonpack4-15.mps
dws008-03.mps
set3-09.mps
dws008-01.mps
pythago7825.mps
n3709.mps
neos-3352863-ancoa.mps
datt256.mps
fhnw-sq2.mps
scpj4scip.mps
academictimetablebig.mps
ns1111636.mps
neos-2629914-sudost.mps
ns1904248.mps
milo-v13-4-3d-4-0.mps
triptim4.mps
mkc.mps
supportcase30.mps
ns1905797.mps
rmine15.mps
fhnw-binschedule2.mps
eva1aprime5x5opt.mps
neos-4290317-perth.mps
neos-4285819-pedja.mps
graphdraw-opmanager.mps
supportcase31.mps
ds-big.mps
tpl-tub-ws1617.mps
lr1dr04vc05v17a-t360.mps
sct1.mps
lr1dr12vc10v70b-t360.mps
satellites4-25.mps
supportcase3.mps
ns1849932.mps
neos-4295773-pissa.mps
seqsolve1.mps
eva1aprime6x6opt.mps
supportcase19.mps
genus-g61-25.mps
mining.mps
neos-1423785.mps
rwth-timetable.mps
amaze22012-03-15i.mps
rocII-10-11.mps
fastxgemm-n3r21s3t6.mps
neos-3530905-gaula.mps
cmflsp40-24-10-7.mps
snp-06-004-052.mps
neos-5076235-embley.mps
gasprod1-1.mps
s100.mps
neos-5196530-nuhaka.mps
snp-04-052-052.mps
n3707.mps
gsvm2rl12.mps
siena1.mps
ivu52.mps
tw-myciel4.mps
supportcase41.mps
fhnw-schedule-paira200.mps
gfd-schedulen180f7d50m.mps30k18
nucorsav.mps
stoch-vrpvrp-s5v2c8vrp.mps-v2c8i
proteindesign121hz512p.mps9
proteindesign121hz512p.mps19
t1722.mps
rfds-4-days.mps
graph40-20-1rand.mps
rocII-8-11.mps
allcolor10.mps
ds.mps
dfn-bwin-DBE.mps
neos-4387871-tavua.mps
supportcase35.mps
neos-3682128-sandon.mps
pythago7824.mps
neos-5045105-creuse.mps
polygonpack5-15.mps
bab6.mps
neos-2974461-ibar.mps
neos-4292145-piako.mps
neos-1420546.mps
supportcase23.mps
neos-5261882-treska.mps
neos-4360552-sangro.mps
cvrpp-n16k8vrpi.mps
splice1k1i.mps
dano3mip.mps
graph40-40-1rand.mps
t1717.mps
a2864-99blp.mps
bley_xs1noM.mps
scpl4.mps
satellites3-25.mps
ger50-17-ptp-pop-6t.mps
shs1042.mps
sorrell7.mps
supportcase38.mps
bppc6-06.mps
neos-4335793-snake.mps
sing326.mps
roi5alpha10n8.mps
hawaiiv10-130.mps
nj3.mps
tokyometro.mps
neos-4647032-veleka.mps
van.mps
bharat.mps
splan1.mps
set3-10.mps
adult-regularized.mps
supportcase22.mps
f2000.mps
seqsolve3short4288exce.mpsss384
neos-4338804-snowy.mps
cmflsp60-36-2-6.mps
neos-4647027-thurso.mps
cmflsp40-36-2-10.mps
snp-10-052-052.mps
comp12-2idx.mps
fhnw-schedule-pairb200.mps
neos-848198.mps
bley_xs1.mps
triptim2.mps
neos-4531126-vouga.mps
scpm1.mps
shipsched.mps
rmatr200-p20.mps
dlr1.mps
fhnw-binpack4-48.mps
stp3d.mps
neos-5221106-oparau.mps
traininstance2.mps
queens-30.mps
elitserienhandball11i.mps
neos-5266653-tugela.mps
polygonpack3-15.mps
neos-3754480-nidda.mps
ns1690781.mps
rmatr200-p10.mps
neos-4165869-wannon.mps
2club200v15p5scn.mps
opm2-z12-s8.mps
genus-g31-8.mps
set3-20.mps
wnq-n100-mw99-14.mps
neos-2987202-jeir.mps
moj-mining.mps
rmine13.mps
icir97_potential.mps
dws012-02.mps
rococoC11-010100.mps
germany50-UUM.mps
neos-4545615-waita.mps
bppc6-02.mps
rmine21.mps
pizza78i.mps
milo-v12-6-r1-58-1.mps
elitserienhandball3i.mps
gmut-76-50.mps
fhnw-schedule-pairb400.mps
neos-3355120-tarago.mps
neos-3615091-sutlej.mps
genus-sym-g31-8.mps
ns1679495.mps
nb10tb.mps
ex1010-pi.mps
seqsolve2short4288.mps
shs1023.mps
neos-2294525-abba.mps
neos-5260764-orauea.mps
sct32.mps
neos-3754224-navua.mps
neos-1420790.mps
dc1c.mps
ofi2.mps
neos-4954672-berkel.mps
stockholm.mps
neos-3355323-arnon.mps
pb-gfrd-pnc.mps
nj1.mps
usAbbrv-8-25_70.mps
zeil.mps
atm20-100.mps
neos-5251015-ogosta.mps
neos-4562542-watut.mps
fhnw-schedule-paira400.mps
gsvm2rl11.mps
circ10-3.mps
neos-2978205-isar.mps
hgms62.mps
radiationm40-10-02.mps
lr1dr02vc05v8a-t360.mps
ivu06-big.mps
gfd-schedulen180f7d50m.mps30k18-16i
neos-3426085-ticino.mps
opm2-z10-s4.mps
genus-sym-grafo5708-48.mps
usafa.mps
ger50_17_trans.mps
nsr8k.mps
fastxgemm-n3r22s4t6.mps
neos-2991472-kalu.mps
shiftreg2-7.mps
sing5.mps
cdma.mps
neos-872648.mps
graph40-80-1rand.mps
bab3.mps
fhnw-binpack4-58.mps
pizza27i.mps
milo-v13-4-3d-3-0.mps
ivu06.mps
snip10x10-35r1budget17.mps
neos-3214367-sovi.mps
bab2.mps
elitserienhandball13i.mps
nj2.mps
adult-max5features.mps
ns1856153.mps
uccase7.mps
r4l4-02-tree-bounds-50.mps
comp21-2idx.mps
hgms-det.mps
neos-4355351-swalm.mps
supportcase10.mps
bg512142.mps
n3700.mps
gmut-75-50.mps
sing17.mps
neos-5223573-tarwin.mps
sorrell3.mps
sct5.mps
nag.mps
fhnw-binschedule0.mps
bab1.mps
splice1k1.mps
tpl-tub-ss16.mps
dws012-03.mps
lr2-22dr3-333vc4v17a-t.mps60
d20200.mps
snp-10-004-052.mps
woodlands09.mps
thor50dday.mps
dolom1.mps
ns930473.mps
bmocbd3.mps
ger50-17-trans-pop-3t.mps
neos-3237086-abava.mps
gmut-76-40.mps
neos-5044663-wairoa.mps
v150d30-2hopcds.mps
set3-16.mps
shs1014.mps
rmine25.mps
neos-4409277-trave.mps
core4872-1529.mps
polygonpack4-7.mps
highschool1-aigio.mps
fhnw-binpack4-77.mps
set3-15.mps
scpn2.mps
neos-3372571-onahau.mps
fhnw-schedule-paira100.mps
sing44.mps
xmas10.mps
ger50-17-trans-dfn-3t.mps
neos-4647030-tutaki.mps
xmas10-2.mps
dg012142.mps
neos-5273874-yomtsa.mps
neos-3426132-dieze.mps
neos-5114902-kasavu.mps
reblock354.mps
fhnw-binschedule1.mps
minutedispatchstrategy.mps
neos-4300652-rahue.mps
triptim7.mps
triptim8.mps
neos-3691541-lonja.mps
sing11.mps
n3705.mps
rmine11.mps
n370b.mps
neos-5093327-huahum.mps
ivu59.mps
neos-954925.mps
neos-3025225-shelon.mps
neos-4343293-stony.mps
rococoC12-010001.mps
probportfolio.mps
supportcase39.mps
kottenpark09.mps
neos-3594536-henty.mps
neos-5041822-cockle.mps
neos-5151569-mologa.mps
neos-4230265-orari.mps
neos-3209462-rhin.mps
dlr2.mps
neos-3656078-kumeu.mps
graph20-80-1rand.mps
elitserienhandball14i.mps
neos-5189128-totara.mps
ger50-17-ptp-pop-3t.mps
fastxgemm-n3r23s5t6.mps
neos-4533806-waima.mps
polygonpack4-10.mps
comp16-3idx.mps
neos-5102383-irwell.mps
neos-4232544-orira.mps
s1234.mps
neos-3322547-alsek.mps
core4284-1064.mps
ramos3.mps
milo-v12-6-r1-75-1.mps
neos-3603137-hoteo.mps
graphdraw-mainerd.mps
sorrell4.mps
neos-3009394-lami.mps
cvrpa-n64k9vrpi.mps
gsvm2rl5.mps
liu.mps
ns1430538.mps
ns2124243.mps
shiftreg5-1.mps
neos-3208254-reiu.mps
rail03.mps
supportcase2.mps
ns1828997.mps
momentum3.mps
nursesched-medium-hint.mps03
neos-3634244-kauru.mps
graphdraw-grafo2.mps
neos-4555749-wards.mps
dc1l.mps
neos-4535459-waipa.mps
neos-4358725-tagus.mps
ns1456591.mps
markshare2.mps
in.mps
neos-4954274-beardy.mps
kosova1.mps
cdc7-4-3-2.mps
tbfp-bigm.mps
ns1631475.mps
rvb-sub.mps
scpk4.mps
neos-5104907-jarama.mps
amaze22012-07-04i.mps
hanoi5.mps
gsvm2rl9.mps
neos-4321076-ruwer.mps
s82.mps
hgms30.mps
pb-market-split8-70-4.mps
genus-sym-g62-2.mps
l2p1i.mps
ns2122698.mps
./10.sh: line 57: 1493421 Killed                  ./kissat /home/chenzh/data/hard_cnfs/49.cnf
./10.sh: line 57: 1493555 Killed                  ./kissat /home/chenzh/data/hard_cnfs/49.cnf
./10.sh: line 57: 1493585 Killed                  ./kissat /home/chenzh/data/hard_cnfs/49.cnf
./10.sh: line 57: 1493583 Killed                  ./kissat /home/chenzh/data/hard_cnfs/49.cnf
./10.sh: line 57: 1493588 Killed                  ./kissat /home/chenzh/data/hard_cnfs/49.cnf
./10.sh: line 57: 1493584 Killed                  ./kissat /home/chenzh/data/hard_cnfs/49.cnf
./10.sh: line 57: 1493587 Killed                  ./kissat /home/chenzh/data/hard_cnfs/49.cnf
./10.sh: line 57: 1493564 Killed                  ./kissat /home/chenzh/data/hard_cnfs/49.cnf
./10.sh: line 57: 1493601 Killed                  ./kissat /home/chenzh/data/hard_cnfs/49.cnf
./10.sh: line 57: 1493531 Killed                  ./kissat /home/chenzh/data/hard_cnfs/49.cnf
./10.sh: line 57: 1493606 Killed                  ./kissat /home/chenzh/data/hard_cnfs/49.cnf
./10.sh: line 57: 1493605 Killed                  ./kissat /home/chenzh/data/hard_cnfs/49.cnf
./10.sh: line 57: 1493600 Killed                  ./kissat /home/chenzh/data/hard_cnfs/49.cnf
./10.sh: line 57: 1493603 Killed                  ./kissat /home/chenzh/data/hard_cnfs/49.cnf
./10.sh: line 57: 1493594 Killed                  ./kissat /home/chenzh/data/hard_cnfs/49.cnf
./10.sh: line 57: 1493611 Killed                  ./kissat /home/chenzh/data/hard_cnfs/49.cnf
./10.sh: line 57: 1493433 Killed                  ./kissat /home/chenzh/data/hard_cnfs/49.cnf
./10.sh: line 57: 1493604 Killed                  ./kissat /home/chenzh/data/hard_cnfs/49.cnf
./10.sh: line 57: 1493500 Killed                  ./kissat /home/chenzh/data/hard_cnfs/49.cnf
./10.sh: line 57: 1493613 Killed                  ./kissat /home/chenzh/data/hard_cnfs/49.cnf
./10.sh: line 57: 1493473 Killed                  ./kissat /home/chenzh/data/hard_cnfs/49.cnf
./10.sh: line 57: 1493610 Killed                  ./kissat /home/chenzh/data/hard_cnfs/49.cnf
./10.sh: line 57: 1493649 Killed                  ./kissat /home/chenzh/data/hard_cnfs/49.cnf
./10.sh: line 57: 1493647 Killed                  ./kissat /home/chenzh/data/hard_cnfs/49.cnf
./10.sh: line 57: 1493623 Killed                  ./kissat /home/chenzh/data/hard_cnfs/49.cnf
./10.sh: line 57: 1493619 Killed                  ./kissat /home/chenzh/data/hard_cnfs/49.cnf
./10.sh: line 57: 1493567 Killed                  ./kissat /home/chenzh/data/hard_cnfs/49.cnf
./10.sh: line 57: 1493539 Killed                  ./kissat /home/chenzh/data/hard_cnfs/49.cnf
./10.sh: line 57: 1493566 Killed                  ./kissat /home/chenzh/data/hard_cnfs/49.cnf
./10.sh: line 57: 1493491 Killed                  ./kissat /home/chenzh/data/hard_cnfs/49.cnf
./10.sh: line 57: 1493609 Killed                  ./kissat /home/chenzh/data/hard_cnfs/49.cnf
./10.sh: line 57: 1493612 Killed                  ./kissat /home/chenzh/data/hard_cnfs/49.cnf
./10.sh: line 57: 1493487 Killed                  ./kissat /home/chenzh/data/hard_cnfs/49.cnf
./10.sh: line 57: 1493483 Killed                  ./kissat /home/chenzh/data/hard_cnfs/49.cnf
./10.sh: line 57: 1493460 Killed                  ./kissat /home/chenzh/data/hard_cnfs/49.cnf
./10.sh: line 57: 1493608 Killed                  ./kissat /home/chenzh/data/hard_cnfs/49.cnf
./10.sh: line 57: 1493659 Killed                  ./kissat /home/chenzh/data/hard_cnfs/49.cnf
./10.sh: line 57: 1493656 Killed                  ./kissat /home/chenzh/data/hard_cnfs/49.cnf
./10.sh: line 57: 1493657 Killed                  ./kissat /home/chenzh/data/hard_cnfs/49.cnf
./10.sh: line 57: 1493635 Killed                  ./kissat /home/chenzh/data/hard_cnfs/49.cnf
./10.sh: line 57: 1493425 Killed                  ./kissat /home/chenzh/data/hard_cnfs/49.cnf
./10.sh: line 57: 1493627 Killed                  ./kissat /home/chenzh/data/hard_cnfs/49.cnf
./10.sh: line 57: 1493636 Killed                  ./kissat /home/chenzh/data/hard_cnfs/49.cnf
./10.sh: line 57: 1493628 Killed                  ./kissat /home/chenzh/data/hard_cnfs/49.cnf
./10.sh: line 57: 1493422 Killed                  ./kissat /home/chenzh/data/hard_cnfs/49.cnf
./10.sh: line 57: 1493509 Killed                  ./kissat /home/chenzh/data/hard_cnfs/49.cnf
./10.sh: line 57: 1493602 Killed                  ./kissat /home/chenzh/data/hard_cnfs/49.cnf
./10.sh: line 57: 1493560 Killed                  ./kissat /home/chenzh/data/hard_cnfs/49.cnf
./10.sh: line 57: 1493496 Killed                  ./kissat /home/chenzh/data/hard_cnfs/49.cnf
./10.sh: line 57: 1493552 Killed                  ./kissat /home/chenzh/data/hard_cnfs/49.cnf
./10.sh: line 57: 1493547 Killed                  ./kissat /home/chenzh/data/hard_cnfs/49.cnf
./10.sh: line 57: 1493654 Killed                  ./kissat /home/chenzh/data/hard_cnfs/49.cnf
./10.sh: line 57: 1493653 Killed                  ./kissat /home/chenzh/data/hard_cnfs/49.cnf
./10.sh: line 57: 1493592 Killed                  ./kissat /home/chenzh/data/hard_cnfs/49.cnf
./10.sh: line 57: 1493504 Killed                  ./kissat /home/chenzh/data/hard_cnfs/49.cnf
./10.sh: line 57: 1493543 Killed                  ./kissat /home/chenzh/data/hard_cnfs/49.cnf
./10.sh: line 57: 1493572 Killed                  ./kissat /home/chenzh/data/hard_cnfs/49.cnf
./10.sh: line 57: 1493624 Killed                  ./kissat /home/chenzh/data/hard_cnfs/49.cnf
./10.sh: line 57: 1493651 Killed                  ./kissat /home/chenzh/data/hard_cnfs/49.cnf
./10.sh: line 57: 1493663 Killed                  ./kissat /home/chenzh/data/hard_cnfs/49.cnf
./10.sh: line 57: 1493570 Killed                  ./kissat /home/chenzh/data/hard_cnfs/49.cnf
./10.sh: line 57: 1493669 Killed                  ./kissat /home/chenzh/data/hard_cnfs/49.cnf
./10.sh: line 57: 1493646 Killed                  ./kissat /home/chenzh/data/hard_cnfs/49.cnf
./10.sh: line 57: 1493643 Killed                  ./kissat /home/chenzh/data/hard_cnfs/49.cnf
./10.sh: line 57: 1493478 Killed                  ./kissat /home/chenzh/data/hard_cnfs/49.cnf
./10.sh: line 57: 1493650 Killed                  ./kissat /home/chenzh/data/hard_cnfs/49.cnf
./10.sh: line 57: 1493645 Killed                  ./kissat /home/chenzh/data/hard_cnfs/49.cnf
./10.sh: line 57: 1493652 Killed                  ./kissat /home/chenzh/data/hard_cnfs/49.cnf
./10.sh: line 57: 1493535 Killed                  ./kissat /home/chenzh/data/hard_cnfs/49.cnf
./10.sh: line 57: 1493660 Killed                  ./kissat /home/chenzh/data/hard_cnfs/49.cnf
./10.sh: line 57: 1493621 Killed                  ./kissat /home/chenzh/data/hard_cnfs/49.cnf
./10.sh: line 57: 1493622 Killed                  ./kissat /home/chenzh/data/hard_cnfs/49.cnf
./10.sh: line 57: 1493577 Killed                  ./kissat /home/chenzh/data/hard_cnfs/49.cnf
./10.sh: line 57: 1493644 Killed                  ./kissat /home/chenzh/data/hard_cnfs/49.cnf
./10.sh: line 57: 1493662 Killed                  ./kissat /home/chenzh/data/hard_cnfs/49.cnf
./10.sh: line 57: 1493427 Killed                  ./kissat /home/chenzh/data/hard_cnfs/49.cnf
./10.sh: line 57: 1493582 Killed                  ./kissat /home/chenzh/data/hard_cnfs/49.cnf
./10.sh: line 57: 1493664 Killed                  ./kissat /home/chenzh/data/hard_cnfs/49.cnf
./10.sh: line 57: 1493632 Killed                  ./kissat /home/chenzh/data/hard_cnfs/49.cnf
./10.sh: line 57: 1493443 Killed                  ./kissat /home/chenzh/data/hard_cnfs/49.cnf
./10.sh: line 57: 1493423 Killed                  ./kissat /home/chenzh/data/hard_cnfs/49.cnf
./10.sh: line 57: 1493620 Killed                  ./kissat /home/chenzh/data/hard_cnfs/49.cnf
./10.sh: line 57: 1493661 Killed                  ./kissat /home/chenzh/data/hard_cnfs/49.cnf
./10.sh: line 57: 1493445 Killed                  ./kissat /home/chenzh/data/hard_cnfs/49.cnf
./10.sh: line 57: 1493516 Killed                  ./kissat /home/chenzh/data/hard_cnfs/49.cnf
./10.sh: line 57: 1493666 Killed                  ./kissat /home/chenzh/data/hard_cnfs/49.cnf
./10.sh: line 57: 1493670 Killed                  ./kissat /home/chenzh/data/hard_cnfs/49.cnf
./10.sh: line 57: 1493625 Killed                  ./kissat /home/chenzh/data/hard_cnfs/49.cnf
./10.sh: line 57: 1493617 Killed                  ./kissat /home/chenzh/data/hard_cnfs/49.cnf
./10.sh: line 57: 1493568 Killed                  ./kissat /home/chenzh/data/hard_cnfs/49.cnf
./10.sh: line 57: 1493574 Killed                  ./kissat /home/chenzh/data/hard_cnfs/49.cnf
./10.sh: line 57: 1493575 Killed                  ./kissat /home/chenzh/data/hard_cnfs/49.cnf
./10.sh: line 57: 1493665 Killed                  ./kissat /home/chenzh/data/hard_cnfs/49.cnf
./10.sh: line 57: 1493598 Killed                  ./kissat /home/chenzh/data/hard_cnfs/49.cnf
./10.sh: line 57: 1493607 Killed                  ./kissat /home/chenzh/data/hard_cnfs/49.cnf
./10.sh: line 57: 1493596 Killed                  ./kissat /home/chenzh/data/hard_cnfs/49.cnf
./10.sh: line 57: 1493634 Killed                  ./kissat /home/chenzh/data/hard_cnfs/49.cnf
./10.sh: line 57: 1493599 Killed                  ./kissat /home/chenzh/data/hard_cnfs/49.cnf
./10.sh: line 57: 1493520 Killed                  ./kissat /home/chenzh/data/hard_cnfs/49.cnf
./10.sh: line 57: 1493626 Killed                  ./kissat /home/chenzh/data/hard_cnfs/49.cnf
./10.sh: line 57: 1493618 Killed                  ./kissat /home/chenzh/data/hard_cnfs/49.cnf
./10.sh: line 57: 1493629 Killed                  ./kissat /home/chenzh/data/hard_cnfs/49.cnf
./10.sh: line 57: 1493638 Killed                  ./kissat /home/chenzh/data/hard_cnfs/49.cnf
./10.sh: line 57: 1493631 Killed                  ./kissat /home/chenzh/data/hard_cnfs/49.cnf
./10.sh: line 57: 1493591 Killed                  ./kissat /home/chenzh/data/hard_cnfs/49.cnf
./10.sh: line 57: 1493615 Killed                  ./kissat /home/chenzh/data/hard_cnfs/49.cnf
./10.sh: line 57: 1493648 Killed                  ./kissat /home/chenzh/data/hard_cnfs/49.cnf
./10.sh: line 57: 1493658 Killed                  ./kissat /home/chenzh/data/hard_cnfs/49.cnf
./10.sh: line 57: 1493668 Killed                  ./kissat /home/chenzh/data/hard_cnfs/49.cnf
./10.sh: line 57: 1493590 Killed                  ./kissat /home/chenzh/data/hard_cnfs/49.cnf
./10.sh: line 57: 1493580 Killed                  ./kissat /home/chenzh/data/hard_cnfs/49.cnf
./10.sh: line 57: 1493630 Killed                  ./kissat /home/chenzh/data/hard_cnfs/49.cnf
./10.sh: line 57: 1493579 Killed                  ./kissat /home/chenzh/data/hard_cnfs/49.cnf
./10.sh: line 57: 1493578 Killed                  ./kissat /home/chenzh/data/hard_cnfs/49.cnf
./10.sh: line 57: 1493637 Killed                  ./kissat /home/chenzh/data/hard_cnfs/49.cnf
./10.sh: line 57: 1493593 Killed                  ./kissat /home/chenzh/data/hard_cnfs/49.cnf
./10.sh: line 57: 1493640 Killed                  ./kissat /home/chenzh/data/hard_cnfs/49.cnf
./10.sh: line 57: 1493573 Killed                  ./kissat /home/chenzh/data/hard_cnfs/49.cnf
./10.sh: line 57: 1493639 Killed                  ./kissat /home/chenzh/data/hard_cnfs/49.cnf
./10.sh: line 57: 1493633 Killed                  ./kissat /home/chenzh/data/hard_cnfs/49.cnf
./10.sh: line 57: 1493655 Killed                  ./kissat /home/chenzh/data/hard_cnfs/49.cnf
./10.sh: line 57: 1493581 Killed                  ./kissat /home/chenzh/data/hard_cnfs/49.cnf
./10.sh: line 57: 1493525 Killed                  ./kissat /home/chenzh/data/hard_cnfs/49.cnf
./10.sh: line 57: 1493614 Killed                  ./kissat /home/chenzh/data/hard_cnfs/49.cnf
./10.sh: line 57: 1493642 Killed                  ./kissat /home/chenzh/data/hard_cnfs/49.cnf
./10.sh: line 57: 1493527 Killed                  ./kissat /home/chenzh/data/hard_cnfs/49.cnf
./10.sh: line 57: 1493667 Killed                  ./kissat /home/chenzh/data/hard_cnfs/49.cnf
./10.sh: line 57: 1493641 Killed                  ./kissat /home/chenzh/data/hard_cnfs/49.cnf
core2586-950.mps
neos-4264598-oueme.mps
z26.mps
cvrpb-n45k5vrpi.mps
uccase10.mps
pb-grow22.mps
bts4-cta.mps
neos-3695882-vesdre.mps
swath.mps
dws012-01.mps
neos-3740487-motru.mps
assign1-10-4.mps
neos-3068746-nene.mps
allcolor58.mps
polygonpack4-15.mps
dws008-03.mps
set3-09.mps
dws008-01.mps
pythago7825.mps
n3709.mps
neos-3352863-ancoa.mps
datt256.mps
fhnw-sq2.mps
scpj4scip.mps
academictimetablebig.mps
ns1111636.mps
neos-2629914-sudost.mps
ns1904248.mps
milo-v13-4-3d-4-0.mps
triptim4.mps
mkc.mps
supportcase30.mps
ns1905797.mps
rmine15.mps
fhnw-binschedule2.mps
eva1aprime5x5opt.mps
neos-4290317-perth.mps
neos-4285819-pedja.mps
graphdraw-opmanager.mps
supportcase31.mps
ds-big.mps
tpl-tub-ws1617.mps
lr1dr04vc05v17a-t360.mps
sct1.mps
lr1dr12vc10v70b-t360.mps
satellites4-25.mps
supportcase3.mps
ns1849932.mps
neos-4295773-pissa.mps
seqsolve1.mps
eva1aprime6x6opt.mps
supportcase19.mps
genus-g61-25.mps
mining.mps
neos-1423785.mps
rwth-timetable.mps
amaze22012-03-15i.mps
rocII-10-11.mps
fastxgemm-n3r21s3t6.mps
neos-3530905-gaula.mps
cmflsp40-24-10-7.mps
snp-06-004-052.mps
neos-5076235-embley.mps
gasprod1-1.mps
s100.mps
neos-5196530-nuhaka.mps
snp-04-052-052.mps
n3707.mps
gsvm2rl12.mps
siena1.mps
ivu52.mps
tw-myciel4.mps
supportcase41.mps
fhnw-schedule-paira200.mps
gfd-schedulen180f7d50m.mps30k18
nucorsav.mps
stoch-vrpvrp-s5v2c8vrp.mps-v2c8i
proteindesign121hz512p.mps9
proteindesign121hz512p.mps19
t1722.mps
rfds-4-days.mps
graph40-20-1rand.mps
rocII-8-11.mps
allcolor10.mps
ds.mps
dfn-bwin-DBE.mps
neos-4387871-tavua.mps
supportcase35.mps
neos-3682128-sandon.mps
pythago7824.mps
neos-5045105-creuse.mps
polygonpack5-15.mps
bab6.mps
neos-2974461-ibar.mps
neos-4292145-piako.mps
neos-1420546.mps
supportcase23.mps
neos-5261882-treska.mps
neos-4360552-sangro.mps
cvrpp-n16k8vrpi.mps
splice1k1i.mps
dano3mip.mps
graph40-40-1rand.mps
t1717.mps
a2864-99blp.mps
bley_xs1noM.mps
scpl4.mps
satellites3-25.mps
ger50-17-ptp-pop-6t.mps
shs1042.mps
sorrell7.mps
supportcase38.mps
bppc6-06.mps
neos-4335793-snake.mps
sing326.mps
roi5alpha10n8.mps
hawaiiv10-130.mps
nj3.mps
tokyometro.mps
neos-4647032-veleka.mps
van.mps
bharat.mps
splan1.mps
set3-10.mps
adult-regularized.mps
supportcase22.mps
f2000.mps
seqsolve3short4288exce.mpsss384
neos-4338804-snowy.mps
cmflsp60-36-2-6.mps
neos-4647027-thurso.mps
cmflsp40-36-2-10.mps
snp-10-052-052.mps
comp12-2idx.mps
fhnw-schedule-pairb200.mps
neos-848198.mps
bley_xs1.mps
triptim2.mps
neos-4531126-vouga.mps
scpm1.mps
shipsched.mps
rmatr200-p20.mps
dlr1.mps
fhnw-binpack4-48.mps
stp3d.mps
neos-5221106-oparau.mps
traininstance2.mps
queens-30.mps
elitserienhandball11i.mps
neos-5266653-tugela.mps
polygonpack3-15.mps
neos-3754480-nidda.mps
ns1690781.mps
rmatr200-p10.mps
neos-4165869-wannon.mps
2club200v15p5scn.mps
opm2-z12-s8.mps
genus-g31-8.mps
set3-20.mps
wnq-n100-mw99-14.mps
neos-2987202-jeir.mps
moj-mining.mps
rmine13.mps
icir97_potential.mps
dws012-02.mps
rococoC11-010100.mps
germany50-UUM.mps
neos-4545615-waita.mps
bppc6-02.mps
rmine21.mps
pizza78i.mps
milo-v12-6-r1-58-1.mps
elitserienhandball3i.mps
gmut-76-50.mps
fhnw-schedule-pairb400.mps
neos-3355120-tarago.mps
neos-3615091-sutlej.mps
genus-sym-g31-8.mps
ns1679495.mps
nb10tb.mps
ex1010-pi.mps
seqsolve2short4288.mps
shs1023.mps
neos-2294525-abba.mps
neos-5260764-orauea.mps
sct32.mps
neos-3754224-navua.mps
neos-1420790.mps
dc1c.mps
ofi2.mps
neos-4954672-berkel.mps
stockholm.mps
neos-3355323-arnon.mps
pb-gfrd-pnc.mps
nj1.mps
usAbbrv-8-25_70.mps
zeil.mps
atm20-100.mps
neos-5251015-ogosta.mps
neos-4562542-watut.mps
fhnw-schedule-paira400.mps
gsvm2rl11.mps
circ10-3.mps
neos-2978205-isar.mps
hgms62.mps
radiationm40-10-02.mps
lr1dr02vc05v8a-t360.mps
ivu06-big.mps
gfd-schedulen180f7d50m.mps30k18-16i
neos-3426085-ticino.mps
opm2-z10-s4.mps
genus-sym-grafo5708-48.mps
usafa.mps
ger50_17_trans.mps
nsr8k.mps
fastxgemm-n3r22s4t6.mps
neos-2991472-kalu.mps
shiftreg2-7.mps
sing5.mps
cdma.mps
neos-872648.mps
graph40-80-1rand.mps
bab3.mps
fhnw-binpack4-58.mps
pizza27i.mps
milo-v13-4-3d-3-0.mps
ivu06.mps
snip10x10-35r1budget17.mps
neos-3214367-sovi.mps
bab2.mps
elitserienhandball13i.mps
nj2.mps
adult-max5features.mps
ns1856153.mps
uccase7.mps
r4l4-02-tree-bounds-50.mps
comp21-2idx.mps
hgms-det.mps
neos-4355351-swalm.mps
supportcase10.mps
bg512142.mps
n3700.mps
gmut-75-50.mps
sing17.mps
neos-5223573-tarwin.mps
sorrell3.mps
sct5.mps
nag.mps
fhnw-binschedule0.mps
bab1.mps
splice1k1.mps
tpl-tub-ss16.mps
dws012-03.mps
lr2-22dr3-333vc4v17a-t.mps60
d20200.mps
snp-10-004-052.mps
woodlands09.mps
thor50dday.mps
dolom1.mps
ns930473.mps
bmocbd3.mps
ger50-17-trans-pop-3t.mps
neos-3237086-abava.mps
gmut-76-40.mps
neos-5044663-wairoa.mps
v150d30-2hopcds.mps
set3-16.mps
shs1014.mps
rmine25.mps
neos-4409277-trave.mps
core4872-1529.mps
polygonpack4-7.mps
highschool1-aigio.mps
fhnw-binpack4-77.mps
set3-15.mps
scpn2.mps
neos-3372571-onahau.mps
fhnw-schedule-paira100.mps
sing44.mps
xmas10.mps
ger50-17-trans-dfn-3t.mps
neos-4647030-tutaki.mps
xmas10-2.mps
dg012142.mps
neos-5273874-yomtsa.mps
neos-3426132-dieze.mps
neos-5114902-kasavu.mps
reblock354.mps
fhnw-binschedule1.mps
minutedispatchstrategy.mps
neos-4300652-rahue.mps
triptim7.mps
triptim8.mps
neos-3691541-lonja.mps
sing11.mps
n3705.mps
rmine11.mps
n370b.mps
neos-5093327-huahum.mps
ivu59.mps
neos-954925.mps
neos-3025225-shelon.mps
neos-4343293-stony.mps
rococoC12-010001.mps
probportfolio.mps
supportcase39.mps
kottenpark09.mps
neos-3594536-henty.mps
neos-5041822-cockle.mps
neos-5151569-mologa.mps
neos-4230265-orari.mps
neos-3209462-rhin.mps
dlr2.mps
neos-3656078-kumeu.mps
graph20-80-1rand.mps
elitserienhandball14i.mps
neos-5189128-totara.mps
ger50-17-ptp-pop-3t.mps
fastxgemm-n3r23s5t6.mps
neos-4533806-waima.mps
polygonpack4-10.mps
comp16-3idx.mps
neos-5102383-irwell.mps
neos-4232544-orira.mps
s1234.mps
neos-3322547-alsek.mps
core4284-1064.mps
ramos3.mps
milo-v12-6-r1-75-1.mps
neos-3603137-hoteo.mps
graphdraw-mainerd.mps
sorrell4.mps
neos-3009394-lami.mps
cvrpa-n64k9vrpi.mps
gsvm2rl5.mps
liu.mps
ns1430538.mps
ns2124243.mps
shiftreg5-1.mps
neos-3208254-reiu.mps
rail03.mps
supportcase2.mps
ns1828997.mps
momentum3.mps
nursesched-medium-hint.mps03
neos-3634244-kauru.mps
graphdraw-grafo2.mps
neos-4555749-wards.mps
dc1l.mps
neos-4535459-waipa.mps
neos-4358725-tagus.mps
ns1456591.mps
markshare2.mps
in.mps
neos-4954274-beardy.mps
kosova1.mps
cdc7-4-3-2.mps
tbfp-bigm.mps
ns1631475.mps
rvb-sub.mps
scpk4.mps
neos-5104907-jarama.mps
amaze22012-07-04i.mps
hanoi5.mps
gsvm2rl9.mps
neos-4321076-ruwer.mps
s82.mps
hgms30.mps
pb-market-split8-70-4.mps
genus-sym-g62-2.mps
l2p1i.mps
ns2122698.mps
./10.sh: line 57: 1495748 Killed                  ./kissat /home/chenzh/data/hard_cnfs/49.cnf
./10.sh: line 57: 1495768 Killed                  ./kissat /home/chenzh/data/hard_cnfs/49.cnf
./10.sh: line 57: 1495764 Killed                  ./kissat /home/chenzh/data/hard_cnfs/49.cnf
./10.sh: line 57: 1495765 Killed                  ./kissat /home/chenzh/data/hard_cnfs/49.cnf
./10.sh: line 57: 1495830 Killed                  ./kissat /home/chenzh/data/hard_cnfs/49.cnf
./10.sh: line 57: 1495779 Killed                  ./kissat /home/chenzh/data/hard_cnfs/49.cnf
./10.sh: line 57: 1495841 Killed                  ./kissat /home/chenzh/data/hard_cnfs/49.cnf
./10.sh: line 57: 1495826 Killed                  ./kissat /home/chenzh/data/hard_cnfs/49.cnf
./10.sh: line 57: 1495771 Killed                  ./kissat /home/chenzh/data/hard_cnfs/49.cnf
./10.sh: line 57: 1495789 Killed                  ./kissat /home/chenzh/data/hard_cnfs/49.cnf
./10.sh: line 57: 1495837 Killed                  ./kissat /home/chenzh/data/hard_cnfs/49.cnf
./10.sh: line 57: 1495788 Killed                  ./kissat /home/chenzh/data/hard_cnfs/49.cnf
./10.sh: line 57: 1495777 Killed                  ./kissat /home/chenzh/data/hard_cnfs/49.cnf
./10.sh: line 57: 1495772 Killed                  ./kissat /home/chenzh/data/hard_cnfs/49.cnf
./10.sh: line 57: 1495801 Killed                  ./kissat /home/chenzh/data/hard_cnfs/49.cnf
./10.sh: line 57: 1495752 Killed                  ./kissat /home/chenzh/data/hard_cnfs/49.cnf
./10.sh: line 57: 1495758 Killed                  ./kissat /home/chenzh/data/hard_cnfs/49.cnf
./10.sh: line 57: 1495749 Killed                  ./kissat /home/chenzh/data/hard_cnfs/49.cnf
./10.sh: line 57: 1495781 Killed                  ./kissat /home/chenzh/data/hard_cnfs/49.cnf
./10.sh: line 57: 1495751 Killed                  ./kissat /home/chenzh/data/hard_cnfs/49.cnf
./10.sh: line 57: 1495795 Killed                  ./kissat /home/chenzh/data/hard_cnfs/49.cnf
./10.sh: line 57: 1495790 Killed                  ./kissat /home/chenzh/data/hard_cnfs/49.cnf
./10.sh: line 57: 1495804 Killed                  ./kissat /home/chenzh/data/hard_cnfs/49.cnf
./10.sh: line 57: 1495767 Killed                  ./kissat /home/chenzh/data/hard_cnfs/49.cnf
./10.sh: line 57: 1495811 Killed                  ./kissat /home/chenzh/data/hard_cnfs/49.cnf
./10.sh: line 57: 1495799 Killed                  ./kissat /home/chenzh/data/hard_cnfs/49.cnf
./10.sh: line 57: 1495753 Killed                  ./kissat /home/chenzh/data/hard_cnfs/49.cnf
./10.sh: line 57: 1495819 Killed                  ./kissat /home/chenzh/data/hard_cnfs/49.cnf
./10.sh: line 57: 1495787 Killed                  ./kissat /home/chenzh/data/hard_cnfs/49.cnf
./10.sh: line 57: 1495756 Killed                  ./kissat /home/chenzh/data/hard_cnfs/49.cnf
./10.sh: line 57: 1495750 Killed                  ./kissat /home/chenzh/data/hard_cnfs/49.cnf
./10.sh: line 57: 1495784 Killed                  ./kissat /home/chenzh/data/hard_cnfs/49.cnf
./10.sh: line 57: 1495812 Killed                  ./kissat /home/chenzh/data/hard_cnfs/49.cnf
./10.sh: line 57: 1495785 Killed                  ./kissat /home/chenzh/data/hard_cnfs/49.cnf
./10.sh: line 57: 1495780 Killed                  ./kissat /home/chenzh/data/hard_cnfs/49.cnf
./10.sh: line 57: 1495783 Killed                  ./kissat /home/chenzh/data/hard_cnfs/49.cnf
./10.sh: line 57: 1495796 Killed                  ./kissat /home/chenzh/data/hard_cnfs/49.cnf
./10.sh: line 57: 1495825 Killed                  ./kissat /home/chenzh/data/hard_cnfs/49.cnf
./10.sh: line 57: 1495821 Killed                  ./kissat /home/chenzh/data/hard_cnfs/49.cnf
./10.sh: line 57: 1495793 Killed                  ./kissat /home/chenzh/data/hard_cnfs/49.cnf
./10.sh: line 57: 1495810 Killed                  ./kissat /home/chenzh/data/hard_cnfs/49.cnf
./10.sh: line 57: 1495813 Killed                  ./kissat /home/chenzh/data/hard_cnfs/49.cnf
./10.sh: line 57: 1495759 Killed                  ./kissat /home/chenzh/data/hard_cnfs/49.cnf
./10.sh: line 57: 1495761 Killed                  ./kissat /home/chenzh/data/hard_cnfs/49.cnf
./10.sh: line 57: 1495828 Killed                  ./kissat /home/chenzh/data/hard_cnfs/49.cnf
./10.sh: line 57: 1495786 Killed                  ./kissat /home/chenzh/data/hard_cnfs/49.cnf
./10.sh: line 57: 1495792 Killed                  ./kissat /home/chenzh/data/hard_cnfs/49.cnf
./10.sh: line 57: 1495833 Killed                  ./kissat /home/chenzh/data/hard_cnfs/49.cnf
./10.sh: line 57: 1495818 Killed                  ./kissat /home/chenzh/data/hard_cnfs/49.cnf
./10.sh: line 57: 1495797 Killed                  ./kissat /home/chenzh/data/hard_cnfs/49.cnf
./10.sh: line 57: 1495807 Killed                  ./kissat /home/chenzh/data/hard_cnfs/49.cnf
./10.sh: line 57: 1495773 Killed                  ./kissat /home/chenzh/data/hard_cnfs/49.cnf
./10.sh: line 57: 1495836 Killed                  ./kissat /home/chenzh/data/hard_cnfs/49.cnf
./10.sh: line 57: 1495834 Killed                  ./kissat /home/chenzh/data/hard_cnfs/49.cnf
./10.sh: line 57: 1495827 Killed                  ./kissat /home/chenzh/data/hard_cnfs/49.cnf
./10.sh: line 57: 1495802 Killed                  ./kissat /home/chenzh/data/hard_cnfs/49.cnf
./10.sh: line 57: 1495766 Killed                  ./kissat /home/chenzh/data/hard_cnfs/49.cnf
./10.sh: line 57: 1495800 Killed                  ./kissat /home/chenzh/data/hard_cnfs/49.cnf
./10.sh: line 57: 1495832 Killed                  ./kissat /home/chenzh/data/hard_cnfs/49.cnf
./10.sh: line 57: 1495775 Killed                  ./kissat /home/chenzh/data/hard_cnfs/49.cnf
./10.sh: line 57: 1495817 Killed                  ./kissat /home/chenzh/data/hard_cnfs/49.cnf
./10.sh: line 57: 1495770 Killed                  ./kissat /home/chenzh/data/hard_cnfs/49.cnf
./10.sh: line 57: 1495820 Killed                  ./kissat /home/chenzh/data/hard_cnfs/49.cnf
./10.sh: line 57: 1495803 Killed                  ./kissat /home/chenzh/data/hard_cnfs/49.cnf
./10.sh: line 57: 1495805 Killed                  ./kissat /home/chenzh/data/hard_cnfs/49.cnf
./10.sh: line 57: 1495774 Killed                  ./kissat /home/chenzh/data/hard_cnfs/49.cnf
./10.sh: line 57: 1495829 Killed                  ./kissat /home/chenzh/data/hard_cnfs/49.cnf
./10.sh: line 57: 1495806 Killed                  ./kissat /home/chenzh/data/hard_cnfs/49.cnf
./10.sh: line 57: 1495791 Killed                  ./kissat /home/chenzh/data/hard_cnfs/49.cnf
./10.sh: line 57: 1495822 Killed                  ./kissat /home/chenzh/data/hard_cnfs/49.cnf
./10.sh: line 57: 1495763 Killed                  ./kissat /home/chenzh/data/hard_cnfs/49.cnf
./10.sh: line 57: 1495776 Killed                  ./kissat /home/chenzh/data/hard_cnfs/49.cnf
./10.sh: line 57: 1495762 Killed                  ./kissat /home/chenzh/data/hard_cnfs/49.cnf
./10.sh: line 57: 1495760 Killed                  ./kissat /home/chenzh/data/hard_cnfs/49.cnf
./10.sh: line 57: 1495798 Killed                  ./kissat /home/chenzh/data/hard_cnfs/49.cnf
./10.sh: line 57: 1495808 Killed                  ./kissat /home/chenzh/data/hard_cnfs/49.cnf
./10.sh: line 57: 1495831 Killed                  ./kissat /home/chenzh/data/hard_cnfs/49.cnf
./10.sh: line 57: 1495845 Killed                  ./kissat /home/chenzh/data/hard_cnfs/49.cnf
./10.sh: line 57: 1495823 Killed                  ./kissat /home/chenzh/data/hard_cnfs/49.cnf
./10.sh: line 57: 1495824 Killed                  ./kissat /home/chenzh/data/hard_cnfs/49.cnf
./10.sh: line 57: 1495835 Killed                  ./kissat /home/chenzh/data/hard_cnfs/49.cnf
./10.sh: line 57: 1495809 Killed                  ./kissat /home/chenzh/data/hard_cnfs/49.cnf
./10.sh: line 57: 1495757 Killed                  ./kissat /home/chenzh/data/hard_cnfs/49.cnf
./10.sh: line 57: 1495769 Killed                  ./kissat /home/chenzh/data/hard_cnfs/49.cnf
./10.sh: line 57: 1495794 Killed                  ./kissat /home/chenzh/data/hard_cnfs/49.cnf
./10.sh: line 57: 1495782 Killed                  ./kissat /home/chenzh/data/hard_cnfs/49.cnf
./10.sh: line 57: 1495755 Killed                  ./kissat /home/chenzh/data/hard_cnfs/49.cnf
./10.sh: line 57: 1495778 Killed                  ./kissat /home/chenzh/data/hard_cnfs/49.cnf
./10.sh: line 57: 1495854 Killed                  ./kissat /home/chenzh/data/hard_cnfs/49.cnf
./10.sh: line 57: 1495855 Killed                  ./kissat /home/chenzh/data/hard_cnfs/49.cnf
./10.sh: line 57: 1495860 Killed                  ./kissat /home/chenzh/data/hard_cnfs/49.cnf
./10.sh: line 57: 1495866 Killed                  ./kissat /home/chenzh/data/hard_cnfs/49.cnf
./10.sh: line 57: 1495867 Killed                  ./kissat /home/chenzh/data/hard_cnfs/49.cnf
./10.sh: line 57: 1495872 Killed                  ./kissat /home/chenzh/data/hard_cnfs/49.cnf
./10.sh: line 57: 1495878 Killed                  ./kissat /home/chenzh/data/hard_cnfs/49.cnf
./10.sh: line 57: 1495883 Killed                  ./kissat /home/chenzh/data/hard_cnfs/49.cnf
./10.sh: line 57: 1495885 Killed                  ./kissat /home/chenzh/data/hard_cnfs/49.cnf
./10.sh: line 57: 1495887 Killed                  ./kissat /home/chenzh/data/hard_cnfs/49.cnf
./10.sh: line 57: 1495889 Killed                  ./kissat /home/chenzh/data/hard_cnfs/49.cnf
./10.sh: line 57: 1495893 Killed                  ./kissat /home/chenzh/data/hard_cnfs/49.cnf
./10.sh: line 57: 1495901 Killed                  ./kissat /home/chenzh/data/hard_cnfs/49.cnf
./10.sh: line 57: 1495906 Killed                  ./kissat /home/chenzh/data/hard_cnfs/49.cnf
./10.sh: line 57: 1495915 Killed                  ./kissat /home/chenzh/data/hard_cnfs/49.cnf
./10.sh: line 57: 1495916 Killed                  ./kissat /home/chenzh/data/hard_cnfs/49.cnf
./10.sh: line 57: 1495928 Killed                  ./kissat /home/chenzh/data/hard_cnfs/49.cnf
./10.sh: line 57: 1495929 Killed                  ./kissat /home/chenzh/data/hard_cnfs/49.cnf
./10.sh: line 57: 1495934 Killed                  ./kissat /home/chenzh/data/hard_cnfs/49.cnf
./10.sh: line 57: 1495942 Killed                  ./kissat /home/chenzh/data/hard_cnfs/49.cnf
./10.sh: line 57: 1495947 Killed                  ./kissat /home/chenzh/data/hard_cnfs/49.cnf
./10.sh: line 57: 1495952 Killed                  ./kissat /home/chenzh/data/hard_cnfs/49.cnf
./10.sh: line 57: 1495972 Killed                  ./kissat /home/chenzh/data/hard_cnfs/49.cnf
./10.sh: line 57: 1495963 Killed                  ./kissat /home/chenzh/data/hard_cnfs/49.cnf
./10.sh: line 57: 1495976 Killed                  ./kissat /home/chenzh/data/hard_cnfs/49.cnf
./10.sh: line 57: 1495978 Killed                  ./kissat /home/chenzh/data/hard_cnfs/49.cnf
./10.sh: line 57: 1495982 Killed                  ./kissat /home/chenzh/data/hard_cnfs/49.cnf
./10.sh: line 57: 1495975 Killed                  ./kissat /home/chenzh/data/hard_cnfs/49.cnf
./10.sh: line 57: 1495974 Killed                  ./kissat /home/chenzh/data/hard_cnfs/49.cnf
./10.sh: line 57: 1495980 Killed                  ./kissat /home/chenzh/data/hard_cnfs/49.cnf
./10.sh: line 57: 1495977 Killed                  ./kissat /home/chenzh/data/hard_cnfs/49.cnf
./10.sh: line 57: 1495979 Killed                  ./kissat /home/chenzh/data/hard_cnfs/49.cnf
./10.sh: line 57: 1495983 Killed                  ./kissat /home/chenzh/data/hard_cnfs/49.cnf
./10.sh: line 57: 1495981 Killed                  ./kissat /home/chenzh/data/hard_cnfs/49.cnf
./10.sh: line 57: 1495973 Killed                  ./kissat /home/chenzh/data/hard_cnfs/49.cnf
./10.sh: line 57: 1495984 Killed                  ./kissat /home/chenzh/data/hard_cnfs/49.cnf
./10.sh: line 57: 1495986 Killed                  ./kissat /home/chenzh/data/hard_cnfs/49.cnf
./10.sh: line 57: 1495985 Killed                  ./kissat /home/chenzh/data/hard_cnfs/49.cnf
./10.sh: line 57: 1495987 Killed                  ./kissat /home/chenzh/data/hard_cnfs/49.cnf
./10.sh: line 57: 1495988 Killed                  ./kissat /home/chenzh/data/hard_cnfs/49.cnf
core2586-950.mps
neos-4264598-oueme.mps
z26.mps
cvrpb-n45k5vrpi.mps
uccase10.mps
pb-grow22.mps
bts4-cta.mps
neos-3695882-vesdre.mps
swath.mps
dws012-01.mps
neos-3740487-motru.mps
assign1-10-4.mps
neos-3068746-nene.mps
allcolor58.mps
polygonpack4-15.mps
dws008-03.mps
set3-09.mps
dws008-01.mps
pythago7825.mps
n3709.mps
neos-3352863-ancoa.mps
datt256.mps
fhnw-sq2.mps
scpj4scip.mps
academictimetablebig.mps
ns1111636.mps
neos-2629914-sudost.mps
ns1904248.mps
milo-v13-4-3d-4-0.mps
triptim4.mps
mkc.mps
supportcase30.mps
ns1905797.mps
rmine15.mps
fhnw-binschedule2.mps
eva1aprime5x5opt.mps
neos-4290317-perth.mps
neos-4285819-pedja.mps
graphdraw-opmanager.mps
supportcase31.mps
ds-big.mps
tpl-tub-ws1617.mps
lr1dr04vc05v17a-t360.mps
sct1.mps
lr1dr12vc10v70b-t360.mps
satellites4-25.mps
supportcase3.mps
ns1849932.mps
neos-4295773-pissa.mps
seqsolve1.mps
eva1aprime6x6opt.mps
supportcase19.mps
genus-g61-25.mps
mining.mps
neos-1423785.mps
rwth-timetable.mps
amaze22012-03-15i.mps
rocII-10-11.mps
fastxgemm-n3r21s3t6.mps
neos-3530905-gaula.mps
cmflsp40-24-10-7.mps
snp-06-004-052.mps
neos-5076235-embley.mps
gasprod1-1.mps
s100.mps
neos-5196530-nuhaka.mps
snp-04-052-052.mps
n3707.mps
gsvm2rl12.mps
siena1.mps
ivu52.mps
tw-myciel4.mps
supportcase41.mps
fhnw-schedule-paira200.mps
gfd-schedulen180f7d50m.mps30k18
nucorsav.mps
stoch-vrpvrp-s5v2c8vrp.mps-v2c8i
proteindesign121hz512p.mps9
proteindesign121hz512p.mps19
t1722.mps
rfds-4-days.mps
graph40-20-1rand.mps
rocII-8-11.mps
allcolor10.mps
ds.mps
dfn-bwin-DBE.mps
neos-4387871-tavua.mps
supportcase35.mps
neos-3682128-sandon.mps
pythago7824.mps
neos-5045105-creuse.mps
polygonpack5-15.mps
bab6.mps
neos-2974461-ibar.mps
neos-4292145-piako.mps
neos-1420546.mps
supportcase23.mps
neos-5261882-treska.mps
neos-4360552-sangro.mps
cvrpp-n16k8vrpi.mps
splice1k1i.mps
dano3mip.mps
graph40-40-1rand.mps
t1717.mps
a2864-99blp.mps
bley_xs1noM.mps
scpl4.mps
satellites3-25.mps
ger50-17-ptp-pop-6t.mps
shs1042.mps
sorrell7.mps
supportcase38.mps
bppc6-06.mps
neos-4335793-snake.mps
sing326.mps
roi5alpha10n8.mps
hawaiiv10-130.mps
nj3.mps
tokyometro.mps
neos-4647032-veleka.mps
van.mps
bharat.mps
splan1.mps
set3-10.mps
adult-regularized.mps
supportcase22.mps
f2000.mps
seqsolve3short4288exce.mpsss384
neos-4338804-snowy.mps
cmflsp60-36-2-6.mps
neos-4647027-thurso.mps
cmflsp40-36-2-10.mps
snp-10-052-052.mps
comp12-2idx.mps
fhnw-schedule-pairb200.mps
neos-848198.mps
bley_xs1.mps
triptim2.mps
neos-4531126-vouga.mps
scpm1.mps
shipsched.mps
rmatr200-p20.mps
dlr1.mps
fhnw-binpack4-48.mps
stp3d.mps
neos-5221106-oparau.mps
traininstance2.mps
queens-30.mps
elitserienhandball11i.mps
neos-5266653-tugela.mps
polygonpack3-15.mps
neos-3754480-nidda.mps
ns1690781.mps
rmatr200-p10.mps
neos-4165869-wannon.mps
2club200v15p5scn.mps
opm2-z12-s8.mps
genus-g31-8.mps
set3-20.mps
wnq-n100-mw99-14.mps
neos-2987202-jeir.mps
moj-mining.mps
rmine13.mps
icir97_potential.mps
dws012-02.mps
rococoC11-010100.mps
germany50-UUM.mps
neos-4545615-waita.mps
bppc6-02.mps
rmine21.mps
pizza78i.mps
milo-v12-6-r1-58-1.mps
elitserienhandball3i.mps
gmut-76-50.mps
fhnw-schedule-pairb400.mps
neos-3355120-tarago.mps
neos-3615091-sutlej.mps
genus-sym-g31-8.mps
ns1679495.mps
nb10tb.mps
ex1010-pi.mps
seqsolve2short4288.mps
shs1023.mps
neos-2294525-abba.mps
neos-5260764-orauea.mps
sct32.mps
neos-3754224-navua.mps
neos-1420790.mps
dc1c.mps
ofi2.mps
neos-4954672-berkel.mps
stockholm.mps
neos-3355323-arnon.mps
pb-gfrd-pnc.mps
nj1.mps
usAbbrv-8-25_70.mps
zeil.mps
atm20-100.mps
neos-5251015-ogosta.mps
neos-4562542-watut.mps
fhnw-schedule-paira400.mps
gsvm2rl11.mps
circ10-3.mps
neos-2978205-isar.mps
hgms62.mps
radiationm40-10-02.mps
lr1dr02vc05v8a-t360.mps
ivu06-big.mps
gfd-schedulen180f7d50m.mps30k18-16i
neos-3426085-ticino.mps
opm2-z10-s4.mps
genus-sym-grafo5708-48.mps
usafa.mps
ger50_17_trans.mps
nsr8k.mps
fastxgemm-n3r22s4t6.mps
neos-2991472-kalu.mps
shiftreg2-7.mps
sing5.mps
cdma.mps
neos-872648.mps
graph40-80-1rand.mps
bab3.mps
fhnw-binpack4-58.mps
pizza27i.mps
milo-v13-4-3d-3-0.mps
ivu06.mps
snip10x10-35r1budget17.mps
neos-3214367-sovi.mps
bab2.mps
elitserienhandball13i.mps
nj2.mps
adult-max5features.mps
ns1856153.mps
uccase7.mps
r4l4-02-tree-bounds-50.mps
comp21-2idx.mps
hgms-det.mps
neos-4355351-swalm.mps
supportcase10.mps
bg512142.mps
n3700.mps
gmut-75-50.mps
sing17.mps
neos-5223573-tarwin.mps
sorrell3.mps
sct5.mps
nag.mps
fhnw-binschedule0.mps
bab1.mps
splice1k1.mps
tpl-tub-ss16.mps
dws012-03.mps
lr2-22dr3-333vc4v17a-t.mps60
d20200.mps
snp-10-004-052.mps
woodlands09.mps
thor50dday.mps
dolom1.mps
ns930473.mps
bmocbd3.mps
ger50-17-trans-pop-3t.mps
neos-3237086-abava.mps
gmut-76-40.mps
neos-5044663-wairoa.mps
v150d30-2hopcds.mps
set3-16.mps
shs1014.mps
rmine25.mps
neos-4409277-trave.mps
core4872-1529.mps
polygonpack4-7.mps
highschool1-aigio.mps
fhnw-binpack4-77.mps
set3-15.mps
scpn2.mps
neos-3372571-onahau.mps
fhnw-schedule-paira100.mps
sing44.mps
xmas10.mps
ger50-17-trans-dfn-3t.mps
neos-4647030-tutaki.mps
xmas10-2.mps
dg012142.mps
neos-5273874-yomtsa.mps
neos-3426132-dieze.mps
neos-5114902-kasavu.mps
reblock354.mps
fhnw-binschedule1.mps
minutedispatchstrategy.mps
neos-4300652-rahue.mps
triptim7.mps
triptim8.mps
neos-3691541-lonja.mps
sing11.mps
n3705.mps
rmine11.mps
n370b.mps
neos-5093327-huahum.mps
ivu59.mps
neos-954925.mps
neos-3025225-shelon.mps
neos-4343293-stony.mps
rococoC12-010001.mps
probportfolio.mps
supportcase39.mps
kottenpark09.mps
neos-3594536-henty.mps
neos-5041822-cockle.mps
neos-5151569-mologa.mps
neos-4230265-orari.mps
neos-3209462-rhin.mps
dlr2.mps
neos-3656078-kumeu.mps
graph20-80-1rand.mps
elitserienhandball14i.mps
neos-5189128-totara.mps
ger50-17-ptp-pop-3t.mps
fastxgemm-n3r23s5t6.mps
neos-4533806-waima.mps
polygonpack4-10.mps
comp16-3idx.mps
neos-5102383-irwell.mps
neos-4232544-orira.mps
s1234.mps
neos-3322547-alsek.mps
core4284-1064.mps
ramos3.mps
milo-v12-6-r1-75-1.mps
neos-3603137-hoteo.mps
graphdraw-mainerd.mps
sorrell4.mps
neos-3009394-lami.mps
cvrpa-n64k9vrpi.mps
gsvm2rl5.mps
liu.mps
ns1430538.mps
ns2124243.mps
shiftreg5-1.mps
neos-3208254-reiu.mps
rail03.mps
supportcase2.mps
ns1828997.mps
momentum3.mps
nursesched-medium-hint.mps03
neos-3634244-kauru.mps
graphdraw-grafo2.mps
neos-4555749-wards.mps
dc1l.mps
neos-4535459-waipa.mps
neos-4358725-tagus.mps
ns1456591.mps
markshare2.mps
in.mps
neos-4954274-beardy.mps
kosova1.mps
cdc7-4-3-2.mps
tbfp-bigm.mps
ns1631475.mps
rvb-sub.mps
scpk4.mps
neos-5104907-jarama.mps
amaze22012-07-04i.mps
hanoi5.mps
gsvm2rl9.mps
neos-4321076-ruwer.mps
s82.mps
hgms30.mps
pb-market-split8-70-4.mps
genus-sym-g62-2.mps
l2p1i.mps
ns2122698.mps
./60.sh: line 44: e: command not found
./60.sh: line 58: 1498126 Killed                  ./kissat /home/chenzh/data/hard_cnfs/49.cnf
./60.sh: line 58: 1498128 Killed                  ./kissat /home/chenzh/data/hard_cnfs/49.cnf
./60.sh: line 58: 1498130 Killed                  ./kissat /home/chenzh/data/hard_cnfs/49.cnf
./60.sh: line 58: 1498135 Killed                  ./kissat /home/chenzh/data/hard_cnfs/49.cnf
./60.sh: line 58: 1498137 Killed                  ./kissat /home/chenzh/data/hard_cnfs/49.cnf
./60.sh: line 58: 1498142 Killed                  ./kissat /home/chenzh/data/hard_cnfs/49.cnf
./60.sh: line 58: 1498147 Killed                  ./kissat /home/chenzh/data/hard_cnfs/49.cnf
./60.sh: line 58: 1498149 Killed                  ./kissat /home/chenzh/data/hard_cnfs/49.cnf
./60.sh: line 58: 1498151 Killed                  ./kissat /home/chenzh/data/hard_cnfs/49.cnf
./60.sh: line 58: 1498156 Killed                  ./kissat /home/chenzh/data/hard_cnfs/49.cnf
./60.sh: line 58: 1498158 Killed                  ./kissat /home/chenzh/data/hard_cnfs/49.cnf
./60.sh: line 58: 1498163 Killed                  ./kissat /home/chenzh/data/hard_cnfs/49.cnf
./60.sh: line 58: 1498167 Killed                  ./kissat /home/chenzh/data/hard_cnfs/49.cnf
./60.sh: line 58: 1498165 Killed                  ./kissat /home/chenzh/data/hard_cnfs/49.cnf
./60.sh: line 58: 1498169 Killed                  ./kissat /home/chenzh/data/hard_cnfs/49.cnf
./60.sh: line 58: 1498171 Killed                  ./kissat /home/chenzh/data/hard_cnfs/49.cnf
./60.sh: line 58: 1498176 Killed                  ./kissat /home/chenzh/data/hard_cnfs/49.cnf
./60.sh: line 58: 1498180 Killed                  ./kissat /home/chenzh/data/hard_cnfs/49.cnf
./60.sh: line 58: 1498178 Killed                  ./kissat /home/chenzh/data/hard_cnfs/49.cnf
./60.sh: line 58: 1498182 Killed                  ./kissat /home/chenzh/data/hard_cnfs/49.cnf
./60.sh: line 58: 1498187 Killed                  ./kissat /home/chenzh/data/hard_cnfs/49.cnf
./60.sh: line 58: 1498242 Killed                  ./kissat /home/chenzh/data/hard_cnfs/49.cnf
./60.sh: line 58: 1498336 Killed                  ./kissat /home/chenzh/data/hard_cnfs/49.cnf
./60.sh: line 58: 1498337 Killed                  ./kissat /home/chenzh/data/hard_cnfs/49.cnf
./60.sh: line 58: 1498339 Killed                  ./kissat /home/chenzh/data/hard_cnfs/49.cnf
./60.sh: line 58: 1498343 Killed                  ./kissat /home/chenzh/data/hard_cnfs/49.cnf
./60.sh: line 58: 1498344 Killed                  ./kissat /home/chenzh/data/hard_cnfs/49.cnf
./60.sh: line 58: 1498347 Killed                  ./kissat /home/chenzh/data/hard_cnfs/49.cnf
./60.sh: line 58: 1498345 Killed                  ./kissat /home/chenzh/data/hard_cnfs/49.cnf
./60.sh: line 58: 1498351 Killed                  ./kissat /home/chenzh/data/hard_cnfs/49.cnf
./60.sh: line 58: 1498353 Killed                  ./kissat /home/chenzh/data/hard_cnfs/49.cnf
./60.sh: line 58: 1498352 Killed                  ./kissat /home/chenzh/data/hard_cnfs/49.cnf
./60.sh: line 58: 1498358 Killed                  ./kissat /home/chenzh/data/hard_cnfs/49.cnf
./60.sh: line 58: 1498360 Killed                  ./kissat /home/chenzh/data/hard_cnfs/49.cnf
./60.sh: line 58: 1498363 Killed                  ./kissat /home/chenzh/data/hard_cnfs/49.cnf
./60.sh: line 58: 1498367 Killed                  ./kissat /home/chenzh/data/hard_cnfs/49.cnf
./60.sh: line 58: 1498364 Killed                  ./kissat /home/chenzh/data/hard_cnfs/49.cnf
./60.sh: line 58: 1498368 Killed                  ./kissat /home/chenzh/data/hard_cnfs/49.cnf
./60.sh: line 58: 1498370 Killed                  ./kissat /home/chenzh/data/hard_cnfs/49.cnf
./60.sh: line 58: 1498372 Killed                  ./kissat /home/chenzh/data/hard_cnfs/49.cnf
./60.sh: line 58: 1498374 Killed                  ./kissat /home/chenzh/data/hard_cnfs/49.cnf
./60.sh: line 58: 1498376 Killed                  ./kissat /home/chenzh/data/hard_cnfs/49.cnf
./60.sh: line 58: 1498379 Killed                  ./kissat /home/chenzh/data/hard_cnfs/49.cnf
./60.sh: line 58: 1498380 Killed                  ./kissat /home/chenzh/data/hard_cnfs/49.cnf
./60.sh: line 58: 1498384 Killed                  ./kissat /home/chenzh/data/hard_cnfs/49.cnf
./60.sh: line 58: 1498383 Killed                  ./kissat /home/chenzh/data/hard_cnfs/49.cnf
./60.sh: line 58: 1498388 Killed                  ./kissat /home/chenzh/data/hard_cnfs/49.cnf
./60.sh: line 58: 1498387 Killed                  ./kissat /home/chenzh/data/hard_cnfs/49.cnf
./60.sh: line 58: 1498391 Killed                  ./kissat /home/chenzh/data/hard_cnfs/49.cnf
./60.sh: line 58: 1498392 Killed                  ./kissat /home/chenzh/data/hard_cnfs/49.cnf
./60.sh: line 58: 1498397 Killed                  ./kissat /home/chenzh/data/hard_cnfs/49.cnf
./60.sh: line 58: 1498398 Killed                  ./kissat /home/chenzh/data/hard_cnfs/49.cnf
./60.sh: line 58: 1498401 Killed                  ./kissat /home/chenzh/data/hard_cnfs/49.cnf
./60.sh: line 58: 1498394 Killed                  ./kissat /home/chenzh/data/hard_cnfs/49.cnf
./60.sh: line 58: 1498403 Killed                  ./kissat /home/chenzh/data/hard_cnfs/49.cnf
./60.sh: line 58: 1498404 Killed                  ./kissat /home/chenzh/data/hard_cnfs/49.cnf
./60.sh: line 58: 1498406 Killed                  ./kissat /home/chenzh/data/hard_cnfs/49.cnf
./60.sh: line 58: 1498408 Killed                  ./kissat /home/chenzh/data/hard_cnfs/49.cnf
./60.sh: line 58: 1498411 Killed                  ./kissat /home/chenzh/data/hard_cnfs/49.cnf
./60.sh: line 58: 1498414 Killed                  ./kissat /home/chenzh/data/hard_cnfs/49.cnf
./60.sh: line 58: 1498412 Killed                  ./kissat /home/chenzh/data/hard_cnfs/49.cnf
./60.sh: line 58: 1498416 Killed                  ./kissat /home/chenzh/data/hard_cnfs/49.cnf
./60.sh: line 58: 1498418 Killed                  ./kissat /home/chenzh/data/hard_cnfs/49.cnf
./60.sh: line 58: 1498424 Killed                  ./kissat /home/chenzh/data/hard_cnfs/49.cnf
./60.sh: line 58: 1498423 Killed                  ./kissat /home/chenzh/data/hard_cnfs/49.cnf
./60.sh: line 58: 1498420 Killed                  ./kissat /home/chenzh/data/hard_cnfs/49.cnf
./60.sh: line 58: 1498427 Killed                  ./kissat /home/chenzh/data/hard_cnfs/49.cnf
./60.sh: line 58: 1498430 Killed                  ./kissat /home/chenzh/data/hard_cnfs/49.cnf
./60.sh: line 58: 1498429 Killed                  ./kissat /home/chenzh/data/hard_cnfs/49.cnf
./60.sh: line 58: 1498435 Killed                  ./kissat /home/chenzh/data/hard_cnfs/49.cnf
./60.sh: line 58: 1498434 Killed                  ./kissat /home/chenzh/data/hard_cnfs/49.cnf
./60.sh: line 58: 1498439 Killed                  ./kissat /home/chenzh/data/hard_cnfs/49.cnf
./60.sh: line 58: 1498440 Killed                  ./kissat /home/chenzh/data/hard_cnfs/49.cnf
./60.sh: line 58: 1498445 Killed                  ./kissat /home/chenzh/data/hard_cnfs/49.cnf
./60.sh: line 58: 1498450 Killed                  ./kissat /home/chenzh/data/hard_cnfs/49.cnf
./60.sh: line 58: 1498448 Killed                  ./kissat /home/chenzh/data/hard_cnfs/49.cnf
./60.sh: line 58: 1498451 Killed                  ./kissat /home/chenzh/data/hard_cnfs/49.cnf
./60.sh: line 58: 1498453 Killed                  ./kissat /home/chenzh/data/hard_cnfs/49.cnf
./60.sh: line 58: 1498436 Killed                  ./kissat /home/chenzh/data/hard_cnfs/49.cnf
./60.sh: line 58: 1498455 Killed                  ./kissat /home/chenzh/data/hard_cnfs/49.cnf
./60.sh: line 58: 1498459 Killed                  ./kissat /home/chenzh/data/hard_cnfs/49.cnf
./60.sh: line 58: 1498458 Killed                  ./kissat /home/chenzh/data/hard_cnfs/49.cnf
./60.sh: line 58: 1498461 Killed                  ./kissat /home/chenzh/data/hard_cnfs/49.cnf
./60.sh: line 58: 1498463 Killed                  ./kissat /home/chenzh/data/hard_cnfs/49.cnf
./60.sh: line 58: 1498466 Killed                  ./kissat /home/chenzh/data/hard_cnfs/49.cnf
./60.sh: line 58: 1498467 Killed                  ./kissat /home/chenzh/data/hard_cnfs/49.cnf
./60.sh: line 58: 1498471 Killed                  ./kissat /home/chenzh/data/hard_cnfs/49.cnf
./60.sh: line 58: 1498472 Killed                  ./kissat /home/chenzh/data/hard_cnfs/49.cnf
./60.sh: line 58: 1498474 Killed                  ./kissat /home/chenzh/data/hard_cnfs/49.cnf
./60.sh: line 58: 1498477 Killed                  ./kissat /home/chenzh/data/hard_cnfs/49.cnf
./60.sh: line 58: 1498478 Killed                  ./kissat /home/chenzh/data/hard_cnfs/49.cnf
./60.sh: line 58: 1498481 Killed                  ./kissat /home/chenzh/data/hard_cnfs/49.cnf
./60.sh: line 58: 1498482 Killed                  ./kissat /home/chenzh/data/hard_cnfs/49.cnf
./60.sh: line 58: 1498485 Killed                  ./kissat /home/chenzh/data/hard_cnfs/49.cnf
./60.sh: line 58: 1498486 Killed                  ./kissat /home/chenzh/data/hard_cnfs/49.cnf
./60.sh: line 58: 1498490 Killed                  ./kissat /home/chenzh/data/hard_cnfs/49.cnf
./60.sh: line 58: 1498493 Killed                  ./kissat /home/chenzh/data/hard_cnfs/49.cnf
./60.sh: line 58: 1498495 Killed                  ./kissat /home/chenzh/data/hard_cnfs/49.cnf
./60.sh: line 58: 1498497 Killed                  ./kissat /home/chenzh/data/hard_cnfs/49.cnf
./60.sh: line 58: 1498501 Killed                  ./kissat /home/chenzh/data/hard_cnfs/49.cnf
./60.sh: line 58: 1498499 Killed                  ./kissat /home/chenzh/data/hard_cnfs/49.cnf
./60.sh: line 58: 1498503 Killed                  ./kissat /home/chenzh/data/hard_cnfs/49.cnf
./60.sh: line 58: 1498505 Killed                  ./kissat /home/chenzh/data/hard_cnfs/49.cnf
./60.sh: line 58: 1498507 Killed                  ./kissat /home/chenzh/data/hard_cnfs/49.cnf
./60.sh: line 58: 1498509 Killed                  ./kissat /home/chenzh/data/hard_cnfs/49.cnf
./60.sh: line 58: 1498511 Killed                  ./kissat /home/chenzh/data/hard_cnfs/49.cnf
./60.sh: line 58: 1498513 Killed                  ./kissat /home/chenzh/data/hard_cnfs/49.cnf
./60.sh: line 58: 1498520 Killed                  ./kissat /home/chenzh/data/hard_cnfs/49.cnf
./60.sh: line 58: 1498522 Killed                  ./kissat /home/chenzh/data/hard_cnfs/49.cnf
./60.sh: line 58: 1498524 Killed                  ./kissat /home/chenzh/data/hard_cnfs/49.cnf
./60.sh: line 58: 1498518 Killed                  ./kissat /home/chenzh/data/hard_cnfs/49.cnf
./60.sh: line 58: 1498526 Killed                  ./kissat /home/chenzh/data/hard_cnfs/49.cnf
./60.sh: line 58: 1498528 Killed                  ./kissat /home/chenzh/data/hard_cnfs/49.cnf
./60.sh: line 58: 1498533 Killed                  ./kissat /home/chenzh/data/hard_cnfs/49.cnf
./60.sh: line 58: 1498535 Killed                  ./kissat /home/chenzh/data/hard_cnfs/49.cnf
./60.sh: line 58: 1498537 Killed                  ./kissat /home/chenzh/data/hard_cnfs/49.cnf
./60.sh: line 58: 1498539 Killed                  ./kissat /home/chenzh/data/hard_cnfs/49.cnf
./60.sh: line 58: 1498541 Killed                  ./kissat /home/chenzh/data/hard_cnfs/49.cnf
./60.sh: line 58: 1498552 Killed                  ./kissat /home/chenzh/data/hard_cnfs/49.cnf
./60.sh: line 58: 1498557 Killed                  ./kissat /home/chenzh/data/hard_cnfs/49.cnf
./60.sh: line 58: 1498559 Killed                  ./kissat /home/chenzh/data/hard_cnfs/49.cnf
./60.sh: line 58: 1498561 Killed                  ./kissat /home/chenzh/data/hard_cnfs/49.cnf
./60.sh: line 58: 1498566 Killed                  ./kissat /home/chenzh/data/hard_cnfs/49.cnf
./60.sh: line 58: 1498571 Killed                  ./kissat /home/chenzh/data/hard_cnfs/49.cnf
./60.sh: line 58: 1498576 Killed                  ./kissat /home/chenzh/data/hard_cnfs/49.cnf
./60.sh: line 58: 1498581 Killed                  ./kissat /home/chenzh/data/hard_cnfs/49.cnf
./60.sh: line 58: 1498586 Killed                  ./kissat /home/chenzh/data/hard_cnfs/49.cnf
./60.sh: line 58: 1498591 Killed                  ./kissat /home/chenzh/data/hard_cnfs/49.cnf
core2586-950.mps
neos-4264598-oueme.mps
z26.mps
cvrpb-n45k5vrpi.mps
uccase10.mps
pb-grow22.mps
bts4-cta.mps
neos-3695882-vesdre.mps
swath.mps
dws012-01.mps
neos-3740487-motru.mps
assign1-10-4.mps
neos-3068746-nene.mps
allcolor58.mps
polygonpack4-15.mps
dws008-03.mps
set3-09.mps
dws008-01.mps
pythago7825.mps
n3709.mps
neos-3352863-ancoa.mps
datt256.mps
fhnw-sq2.mps
scpj4scip.mps
academictimetablebig.mps
ns1111636.mps
neos-2629914-sudost.mps
ns1904248.mps
milo-v13-4-3d-4-0.mps
triptim4.mps
mkc.mps
supportcase30.mps
ns1905797.mps
rmine15.mps
fhnw-binschedule2.mps
eva1aprime5x5opt.mps
neos-4290317-perth.mps
neos-4285819-pedja.mps
graphdraw-opmanager.mps
supportcase31.mps
ds-big.mps
tpl-tub-ws1617.mps
lr1dr04vc05v17a-t360.mps
sct1.mps
lr1dr12vc10v70b-t360.mps
satellites4-25.mps
supportcase3.mps
ns1849932.mps
neos-4295773-pissa.mps
seqsolve1.mps
eva1aprime6x6opt.mps
supportcase19.mps
genus-g61-25.mps
mining.mps
neos-1423785.mps
rwth-timetable.mps
amaze22012-03-15i.mps
rocII-10-11.mps
fastxgemm-n3r21s3t6.mps
neos-3530905-gaula.mps
cmflsp40-24-10-7.mps
snp-06-004-052.mps
neos-5076235-embley.mps
gasprod1-1.mps
s100.mps
neos-5196530-nuhaka.mps
snp-04-052-052.mps
n3707.mps
gsvm2rl12.mps
siena1.mps
ivu52.mps
tw-myciel4.mps
supportcase41.mps
fhnw-schedule-paira200.mps
gfd-schedulen180f7d50m.mps30k18
nucorsav.mps
stoch-vrpvrp-s5v2c8vrp.mps-v2c8i
proteindesign121hz512p.mps9
proteindesign121hz512p.mps19
t1722.mps
rfds-4-days.mps
graph40-20-1rand.mps
rocII-8-11.mps
allcolor10.mps
ds.mps
dfn-bwin-DBE.mps
neos-4387871-tavua.mps
supportcase35.mps
neos-3682128-sandon.mps
pythago7824.mps
neos-5045105-creuse.mps
polygonpack5-15.mps
bab6.mps
neos-2974461-ibar.mps
neos-4292145-piako.mps
neos-1420546.mps
supportcase23.mps
neos-5261882-treska.mps
neos-4360552-sangro.mps
cvrpp-n16k8vrpi.mps
splice1k1i.mps
dano3mip.mps
graph40-40-1rand.mps
t1717.mps
a2864-99blp.mps
bley_xs1noM.mps
scpl4.mps
satellites3-25.mps
ger50-17-ptp-pop-6t.mps
shs1042.mps
sorrell7.mps
supportcase38.mps
bppc6-06.mps
neos-4335793-snake.mps
sing326.mps
roi5alpha10n8.mps
hawaiiv10-130.mps
nj3.mps
tokyometro.mps
neos-4647032-veleka.mps
van.mps
bharat.mps
splan1.mps
set3-10.mps
adult-regularized.mps
supportcase22.mps
f2000.mps
seqsolve3short4288exce.mpsss384
neos-4338804-snowy.mps
cmflsp60-36-2-6.mps
neos-4647027-thurso.mps
cmflsp40-36-2-10.mps
snp-10-052-052.mps
comp12-2idx.mps
fhnw-schedule-pairb200.mps
neos-848198.mps
bley_xs1.mps
triptim2.mps
neos-4531126-vouga.mps
scpm1.mps
shipsched.mps
rmatr200-p20.mps
dlr1.mps
fhnw-binpack4-48.mps
stp3d.mps
neos-5221106-oparau.mps
traininstance2.mps
queens-30.mps
elitserienhandball11i.mps
neos-5266653-tugela.mps
polygonpack3-15.mps
neos-3754480-nidda.mps
ns1690781.mps
rmatr200-p10.mps
neos-4165869-wannon.mps
2club200v15p5scn.mps
opm2-z12-s8.mps
genus-g31-8.mps
set3-20.mps
wnq-n100-mw99-14.mps
neos-2987202-jeir.mps
moj-mining.mps
rmine13.mps
icir97_potential.mps
dws012-02.mps
rococoC11-010100.mps
germany50-UUM.mps
neos-4545615-waita.mps
bppc6-02.mps
rmine21.mps
pizza78i.mps
milo-v12-6-r1-58-1.mps
elitserienhandball3i.mps
gmut-76-50.mps
fhnw-schedule-pairb400.mps
neos-3355120-tarago.mps
neos-3615091-sutlej.mps
genus-sym-g31-8.mps
ns1679495.mps
nb10tb.mps
ex1010-pi.mps
seqsolve2short4288.mps
shs1023.mps
neos-2294525-abba.mps
neos-5260764-orauea.mps
sct32.mps
neos-3754224-navua.mps
neos-1420790.mps
dc1c.mps
ofi2.mps
neos-4954672-berkel.mps
stockholm.mps
neos-3355323-arnon.mps
pb-gfrd-pnc.mps
nj1.mps
usAbbrv-8-25_70.mps
zeil.mps
atm20-100.mps
neos-5251015-ogosta.mps
neos-4562542-watut.mps
fhnw-schedule-paira400.mps
gsvm2rl11.mps
circ10-3.mps
neos-2978205-isar.mps
hgms62.mps
radiationm40-10-02.mps
lr1dr02vc05v8a-t360.mps
ivu06-big.mps
gfd-schedulen180f7d50m.mps30k18-16i
neos-3426085-ticino.mps
opm2-z10-s4.mps
genus-sym-grafo5708-48.mps
usafa.mps
ger50_17_trans.mps
nsr8k.mps
fastxgemm-n3r22s4t6.mps
neos-2991472-kalu.mps
shiftreg2-7.mps
sing5.mps
cdma.mps
neos-872648.mps
graph40-80-1rand.mps
bab3.mps
fhnw-binpack4-58.mps
pizza27i.mps
milo-v13-4-3d-3-0.mps
ivu06.mps
snip10x10-35r1budget17.mps
neos-3214367-sovi.mps
bab2.mps
elitserienhandball13i.mps
nj2.mps
adult-max5features.mps
ns1856153.mps
uccase7.mps
r4l4-02-tree-bounds-50.mps
comp21-2idx.mps
hgms-det.mps
neos-4355351-swalm.mps
supportcase10.mps
bg512142.mps
n3700.mps
gmut-75-50.mps
sing17.mps
neos-5223573-tarwin.mps
sorrell3.mps
sct5.mps
nag.mps
fhnw-binschedule0.mps
bab1.mps
splice1k1.mps
tpl-tub-ss16.mps
dws012-03.mps
lr2-22dr3-333vc4v17a-t.mps60
d20200.mps
snp-10-004-052.mps
woodlands09.mps
thor50dday.mps
dolom1.mps
ns930473.mps
bmocbd3.mps
ger50-17-trans-pop-3t.mps
neos-3237086-abava.mps
gmut-76-40.mps
neos-5044663-wairoa.mps
v150d30-2hopcds.mps
set3-16.mps
shs1014.mps
rmine25.mps
neos-4409277-trave.mps
core4872-1529.mps
polygonpack4-7.mps
highschool1-aigio.mps
fhnw-binpack4-77.mps
set3-15.mps
scpn2.mps
neos-3372571-onahau.mps
fhnw-schedule-paira100.mps
sing44.mps
xmas10.mps
ger50-17-trans-dfn-3t.mps
neos-4647030-tutaki.mps
xmas10-2.mps
dg012142.mps
neos-5273874-yomtsa.mps
neos-3426132-dieze.mps
neos-5114902-kasavu.mps
reblock354.mps
fhnw-binschedule1.mps
minutedispatchstrategy.mps
neos-4300652-rahue.mps
triptim7.mps
triptim8.mps
neos-3691541-lonja.mps
sing11.mps
n3705.mps
rmine11.mps
n370b.mps
neos-5093327-huahum.mps
ivu59.mps
neos-954925.mps
neos-3025225-shelon.mps
neos-4343293-stony.mps
rococoC12-010001.mps
probportfolio.mps
supportcase39.mps
kottenpark09.mps
neos-3594536-henty.mps
neos-5041822-cockle.mps
neos-5151569-mologa.mps
neos-4230265-orari.mps
neos-3209462-rhin.mps
dlr2.mps
neos-3656078-kumeu.mps
graph20-80-1rand.mps
elitserienhandball14i.mps
neos-5189128-totara.mps
ger50-17-ptp-pop-3t.mps
fastxgemm-n3r23s5t6.mps
neos-4533806-waima.mps
polygonpack4-10.mps
comp16-3idx.mps
neos-5102383-irwell.mps
neos-4232544-orira.mps
s1234.mps
neos-3322547-alsek.mps
core4284-1064.mps
ramos3.mps
milo-v12-6-r1-75-1.mps
neos-3603137-hoteo.mps
graphdraw-mainerd.mps
sorrell4.mps
neos-3009394-lami.mps
cvrpa-n64k9vrpi.mps
gsvm2rl5.mps
liu.mps
ns1430538.mps
ns2124243.mps
shiftreg5-1.mps
neos-3208254-reiu.mps
rail03.mps
supportcase2.mps
ns1828997.mps
momentum3.mps
nursesched-medium-hint.mps03
neos-3634244-kauru.mps
graphdraw-grafo2.mps
neos-4555749-wards.mps
dc1l.mps
neos-4535459-waipa.mps
neos-4358725-tagus.mps
ns1456591.mps
markshare2.mps
in.mps
neos-4954274-beardy.mps
kosova1.mps
cdc7-4-3-2.mps
tbfp-bigm.mps
ns1631475.mps
rvb-sub.mps
scpk4.mps
neos-5104907-jarama.mps
amaze22012-07-04i.mps
hanoi5.mps
gsvm2rl9.mps
neos-4321076-ruwer.mps
s82.mps
hgms30.mps
pb-market-split8-70-4.mps
genus-sym-g62-2.mps
l2p1i.mps
ns2122698.mps
./3600.sh: line 57: 1521655 Killed                  ./kissat /home/chenzh/data/hard_cnfs/49.cnf
./3600.sh: line 57: 1521660 Killed                  ./kissat /home/chenzh/data/hard_cnfs/49.cnf
./3600.sh: line 57: 1521663 Killed                  ./kissat /home/chenzh/data/hard_cnfs/49.cnf
./3600.sh: line 57: 1521665 Killed                  ./kissat /home/chenzh/data/hard_cnfs/49.cnf
./3600.sh: line 57: 1521670 Killed                  ./kissat /home/chenzh/data/hard_cnfs/49.cnf
./3600.sh: line 57: 1521678 Killed                  ./kissat /home/chenzh/data/hard_cnfs/49.cnf
./3600.sh: line 57: 1521680 Killed                  ./kissat /home/chenzh/data/hard_cnfs/49.cnf
./3600.sh: line 57: 1521687 Killed                  ./kissat /home/chenzh/data/hard_cnfs/49.cnf
./3600.sh: line 57: 1521682 Killed                  ./kissat /home/chenzh/data/hard_cnfs/49.cnf
./3600.sh: line 57: 1521692 Killed                  ./kissat /home/chenzh/data/hard_cnfs/49.cnf
./3600.sh: line 57: 1521697 Killed                  ./kissat /home/chenzh/data/hard_cnfs/49.cnf
./3600.sh: line 57: 1521702 Killed                  ./kissat /home/chenzh/data/hard_cnfs/49.cnf
./3600.sh: line 57: 1521708 Killed                  ./kissat /home/chenzh/data/hard_cnfs/49.cnf
./3600.sh: line 57: 1521704 Killed                  ./kissat /home/chenzh/data/hard_cnfs/49.cnf
./3600.sh: line 57: 1521710 Killed                  ./kissat /home/chenzh/data/hard_cnfs/49.cnf
./3600.sh: line 57: 1521706 Killed                  ./kissat /home/chenzh/data/hard_cnfs/49.cnf
./3600.sh: line 57: 1521712 Killed                  ./kissat /home/chenzh/data/hard_cnfs/49.cnf
./3600.sh: line 57: 1521721 Killed                  ./kissat /home/chenzh/data/hard_cnfs/49.cnf
./3600.sh: line 57: 1521717 Killed                  ./kissat /home/chenzh/data/hard_cnfs/49.cnf
./3600.sh: line 57: 1521719 Killed                  ./kissat /home/chenzh/data/hard_cnfs/49.cnf
./3600.sh: line 57: 1521729 Killed                  ./kissat /home/chenzh/data/hard_cnfs/49.cnf
./3600.sh: line 57: 1521740 Killed                  ./kissat /home/chenzh/data/hard_cnfs/49.cnf
./3600.sh: line 57: 1521922 Killed                  ./kissat /home/chenzh/data/hard_cnfs/49.cnf
./3600.sh: line 57: 1522210 Killed                  ./kissat /home/chenzh/data/hard_cnfs/49.cnf
./3600.sh: line 57: 1522669 Killed                  ./kissat /home/chenzh/data/hard_cnfs/49.cnf
./3600.sh: line 57: 1522810 Killed                  ./kissat /home/chenzh/data/hard_cnfs/49.cnf
./3600.sh: line 57: 1524245 Killed                  ./kissat /home/chenzh/data/hard_cnfs/49.cnf
./3600.sh: line 57: 1525341 Killed                  ./kissat /home/chenzh/data/hard_cnfs/49.cnf
./3600.sh: line 57: 1525361 Killed                  ./kissat /home/chenzh/data/hard_cnfs/49.cnf
./3600.sh: line 57: 1528094 Killed                  ./kissat /home/chenzh/data/hard_cnfs/49.cnf
./3600.sh: line 57: 1531535 Killed                  ./kissat /home/chenzh/data/hard_cnfs/49.cnf
./3600.sh: line 57: 1532455 Killed                  ./kissat /home/chenzh/data/hard_cnfs/49.cnf
./3600.sh: line 57: 1532499 Killed                  ./kissat /home/chenzh/data/hard_cnfs/49.cnf
./3600.sh: line 57: 1532501 Killed                  ./kissat /home/chenzh/data/hard_cnfs/49.cnf
./3600.sh: line 57: 1532505 Killed                  ./kissat /home/chenzh/data/hard_cnfs/49.cnf
./3600.sh: line 57: 1532504 Killed                  ./kissat /home/chenzh/data/hard_cnfs/49.cnf
./3600.sh: line 57: 1532509 Killed                  ./kissat /home/chenzh/data/hard_cnfs/49.cnf
./3600.sh: line 57: 1532507 Killed                  ./kissat /home/chenzh/data/hard_cnfs/49.cnf
./3600.sh: line 57: 1532511 Killed                  ./kissat /home/chenzh/data/hard_cnfs/49.cnf
./3600.sh: line 57: 1532517 Killed                  ./kissat /home/chenzh/data/hard_cnfs/49.cnf
./3600.sh: line 57: 1532515 Killed                  ./kissat /home/chenzh/data/hard_cnfs/49.cnf
./3600.sh: line 57: 1532519 Killed                  ./kissat /home/chenzh/data/hard_cnfs/49.cnf
./3600.sh: line 57: 1532514 Killed                  ./kissat /home/chenzh/data/hard_cnfs/49.cnf
./3600.sh: line 57: 1532522 Killed                  ./kissat /home/chenzh/data/hard_cnfs/49.cnf
./3600.sh: line 57: 1532523 Killed                  ./kissat /home/chenzh/data/hard_cnfs/49.cnf
./3600.sh: line 57: 1532525 Killed                  ./kissat /home/chenzh/data/hard_cnfs/49.cnf
./3600.sh: line 57: 1532527 Killed                  ./kissat /home/chenzh/data/hard_cnfs/49.cnf
./3600.sh: line 57: 1532530 Killed                  ./kissat /home/chenzh/data/hard_cnfs/49.cnf
./3600.sh: line 57: 1532533 Killed                  ./kissat /home/chenzh/data/hard_cnfs/49.cnf
./3600.sh: line 57: 1532531 Killed                  ./kissat /home/chenzh/data/hard_cnfs/49.cnf
./3600.sh: line 57: 1532535 Killed                  ./kissat /home/chenzh/data/hard_cnfs/49.cnf
./3600.sh: line 57: 1532537 Killed                  ./kissat /home/chenzh/data/hard_cnfs/49.cnf
./3600.sh: line 57: 1532539 Killed                  ./kissat /home/chenzh/data/hard_cnfs/49.cnf
./3600.sh: line 57: 1532541 Killed                  ./kissat /home/chenzh/data/hard_cnfs/49.cnf
./3600.sh: line 57: 1532543 Killed                  ./kissat /home/chenzh/data/hard_cnfs/49.cnf
./3600.sh: line 57: 1532545 Killed                  ./kissat /home/chenzh/data/hard_cnfs/49.cnf
./3600.sh: line 57: 1532547 Killed                  ./kissat /home/chenzh/data/hard_cnfs/49.cnf
./3600.sh: line 57: 1532552 Killed                  ./kissat /home/chenzh/data/hard_cnfs/49.cnf
./3600.sh: line 57: 1532554 Killed                  ./kissat /home/chenzh/data/hard_cnfs/49.cnf
./3600.sh: line 57: 1532559 Killed                  ./kissat /home/chenzh/data/hard_cnfs/49.cnf
./3600.sh: line 57: 1532556 Killed                  ./kissat /home/chenzh/data/hard_cnfs/49.cnf
./3600.sh: line 57: 1532561 Killed                  ./kissat /home/chenzh/data/hard_cnfs/49.cnf
./3600.sh: line 57: 1532566 Killed                  ./kissat /home/chenzh/data/hard_cnfs/49.cnf
./3600.sh: line 57: 1532571 Killed                  ./kissat /home/chenzh/data/hard_cnfs/49.cnf
./3600.sh: line 57: 1532568 Killed                  ./kissat /home/chenzh/data/hard_cnfs/49.cnf
./3600.sh: line 57: 1532572 Killed                  ./kissat /home/chenzh/data/hard_cnfs/49.cnf
./3600.sh: line 57: 1532567 Killed                  ./kissat /home/chenzh/data/hard_cnfs/49.cnf
./3600.sh: line 57: 1532557 Killed                  ./kissat /home/chenzh/data/hard_cnfs/49.cnf
./3600.sh: line 57: 1532578 Killed                  ./kissat /home/chenzh/data/hard_cnfs/49.cnf
./3600.sh: line 57: 1532579 Killed                  ./kissat /home/chenzh/data/hard_cnfs/49.cnf
./3600.sh: line 57: 1532582 Killed                  ./kissat /home/chenzh/data/hard_cnfs/49.cnf
./3600.sh: line 57: 1532583 Killed                  ./kissat /home/chenzh/data/hard_cnfs/49.cnf
./3600.sh: line 57: 1532585 Killed                  ./kissat /home/chenzh/data/hard_cnfs/49.cnf
./3600.sh: line 57: 1532588 Killed                  ./kissat /home/chenzh/data/hard_cnfs/49.cnf
./3600.sh: line 57: 1532591 Killed                  ./kissat /home/chenzh/data/hard_cnfs/49.cnf
./3600.sh: line 57: 1532589 Killed                  ./kissat /home/chenzh/data/hard_cnfs/49.cnf
./3600.sh: line 57: 1532595 Killed                  ./kissat /home/chenzh/data/hard_cnfs/49.cnf
./3600.sh: line 57: 1532597 Killed                  ./kissat /home/chenzh/data/hard_cnfs/49.cnf
./3600.sh: line 57: 1532594 Killed                  ./kissat /home/chenzh/data/hard_cnfs/49.cnf
./3600.sh: line 57: 1532599 Killed                  ./kissat /home/chenzh/data/hard_cnfs/49.cnf
./3600.sh: line 57: 1532601 Killed                  ./kissat /home/chenzh/data/hard_cnfs/49.cnf
./3600.sh: line 57: 1532605 Killed                  ./kissat /home/chenzh/data/hard_cnfs/49.cnf
./3600.sh: line 57: 1532607 Killed                  ./kissat /home/chenzh/data/hard_cnfs/49.cnf
./3600.sh: line 57: 1532604 Killed                  ./kissat /home/chenzh/data/hard_cnfs/49.cnf
./3600.sh: line 57: 1532615 Killed                  ./kissat /home/chenzh/data/hard_cnfs/49.cnf
./3600.sh: line 57: 1532612 Killed                  ./kissat /home/chenzh/data/hard_cnfs/49.cnf
./3600.sh: line 57: 1532614 Killed                  ./kissat /home/chenzh/data/hard_cnfs/49.cnf
./3600.sh: line 57: 1532617 Killed                  ./kissat /home/chenzh/data/hard_cnfs/49.cnf
./3600.sh: line 57: 1532621 Killed                  ./kissat /home/chenzh/data/hard_cnfs/49.cnf
./3600.sh: line 57: 1532620 Killed                  ./kissat /home/chenzh/data/hard_cnfs/49.cnf
./3600.sh: line 57: 1532623 Killed                  ./kissat /home/chenzh/data/hard_cnfs/49.cnf
./3600.sh: line 57: 1532625 Killed                  ./kissat /home/chenzh/data/hard_cnfs/49.cnf
./3600.sh: line 57: 1532609 Killed                  ./kissat /home/chenzh/data/hard_cnfs/49.cnf
./3600.sh: line 57: 1532627 Killed                  ./kissat /home/chenzh/data/hard_cnfs/49.cnf
./3600.sh: line 57: 1532629 Killed                  ./kissat /home/chenzh/data/hard_cnfs/49.cnf
./3600.sh: line 57: 1532635 Killed                  ./kissat /home/chenzh/data/hard_cnfs/49.cnf
./3600.sh: line 57: 1532636 Killed                  ./kissat /home/chenzh/data/hard_cnfs/49.cnf
./3600.sh: line 57: 1532638 Killed                  ./kissat /home/chenzh/data/hard_cnfs/49.cnf
./3600.sh: line 57: 1532640 Killed                  ./kissat /home/chenzh/data/hard_cnfs/49.cnf
./3600.sh: line 57: 1532642 Killed                  ./kissat /home/chenzh/data/hard_cnfs/49.cnf
./3600.sh: line 57: 1532649 Killed                  ./kissat /home/chenzh/data/hard_cnfs/49.cnf
./3600.sh: line 57: 1532644 Killed                  ./kissat /home/chenzh/data/hard_cnfs/49.cnf
./3600.sh: line 57: 1532646 Killed                  ./kissat /home/chenzh/data/hard_cnfs/49.cnf
./3600.sh: line 57: 1532650 Killed                  ./kissat /home/chenzh/data/hard_cnfs/49.cnf
./3600.sh: line 57: 1532653 Killed                  ./kissat /home/chenzh/data/hard_cnfs/49.cnf
./3600.sh: line 57: 1532654 Killed                  ./kissat /home/chenzh/data/hard_cnfs/49.cnf
./3600.sh: line 57: 1532656 Killed                  ./kissat /home/chenzh/data/hard_cnfs/49.cnf
./3600.sh: line 57: 1532658 Killed                  ./kissat /home/chenzh/data/hard_cnfs/49.cnf
./3600.sh: line 57: 1532660 Killed                  ./kissat /home/chenzh/data/hard_cnfs/49.cnf
./3600.sh: line 57: 1532662 Killed                  ./kissat /home/chenzh/data/hard_cnfs/49.cnf
./3600.sh: line 57: 1532664 Killed                  ./kissat /home/chenzh/data/hard_cnfs/49.cnf
./3600.sh: line 57: 1532669 Killed                  ./kissat /home/chenzh/data/hard_cnfs/49.cnf
./3600.sh: line 57: 1532671 Killed                  ./kissat /home/chenzh/data/hard_cnfs/49.cnf
./3600.sh: line 57: 1532673 Killed                  ./kissat /home/chenzh/data/hard_cnfs/49.cnf
./3600.sh: line 57: 1532675 Killed                  ./kissat /home/chenzh/data/hard_cnfs/49.cnf
./3600.sh: line 57: 1532679 Killed                  ./kissat /home/chenzh/data/hard_cnfs/49.cnf
./3600.sh: line 57: 1532677 Killed                  ./kissat /home/chenzh/data/hard_cnfs/49.cnf
./3600.sh: line 57: 1532681 Killed                  ./kissat /home/chenzh/data/hard_cnfs/49.cnf
./3600.sh: line 57: 1532686 Killed                  ./kissat /home/chenzh/data/hard_cnfs/49.cnf
./3600.sh: line 57: 1532691 Killed                  ./kissat /home/chenzh/data/hard_cnfs/49.cnf
./3600.sh: line 57: 1532699 Killed                  ./kissat /home/chenzh/data/hard_cnfs/49.cnf
./3600.sh: line 57: 1532704 Killed                  ./kissat /home/chenzh/data/hard_cnfs/49.cnf
./3600.sh: line 57: 1532709 Killed                  ./kissat /home/chenzh/data/hard_cnfs/49.cnf
./3600.sh: line 57: 1532716 Killed                  ./kissat /home/chenzh/data/hard_cnfs/49.cnf
./3600.sh: line 57: 1532714 Killed                  ./kissat /home/chenzh/data/hard_cnfs/49.cnf
./3600.sh: line 57: 1532721 Killed                  ./kissat /home/chenzh/data/hard_cnfs/49.cnf
./3600.sh: line 57: 1532726 Killed                  ./kissat /home/chenzh/data/hard_cnfs/49.cnf
./3600.sh: line 57: 1532728 Killed                  ./kissat /home/chenzh/data/hard_cnfs/49.cnf
core2586-950.mps
neos-4264598-oueme.mps
z26.mps
cvrpb-n45k5vrpi.mps
uccase10.mps
pb-grow22.mps
bts4-cta.mps
neos-3695882-vesdre.mps
swath.mps
dws012-01.mps
neos-3740487-motru.mps
assign1-10-4.mps
neos-3068746-nene.mps
allcolor58.mps
polygonpack4-15.mps
dws008-03.mps
set3-09.mps
dws008-01.mps
pythago7825.mps
n3709.mps
neos-3352863-ancoa.mps
datt256.mps
fhnw-sq2.mps
scpj4scip.mps
academictimetablebig.mps
ns1111636.mps
neos-2629914-sudost.mps
ns1904248.mps
milo-v13-4-3d-4-0.mps
triptim4.mps
mkc.mps
supportcase30.mps
ns1905797.mps
rmine15.mps
fhnw-binschedule2.mps
eva1aprime5x5opt.mps
neos-4290317-perth.mps
neos-4285819-pedja.mps
graphdraw-opmanager.mps
supportcase31.mps
ds-big.mps
tpl-tub-ws1617.mps
lr1dr04vc05v17a-t360.mps
sct1.mps
lr1dr12vc10v70b-t360.mps
satellites4-25.mps
supportcase3.mps
ns1849932.mps
neos-4295773-pissa.mps
seqsolve1.mps
eva1aprime6x6opt.mps
supportcase19.mps
genus-g61-25.mps
mining.mps
neos-1423785.mps
rwth-timetable.mps
amaze22012-03-15i.mps
rocII-10-11.mps
fastxgemm-n3r21s3t6.mps
neos-3530905-gaula.mps
cmflsp40-24-10-7.mps
snp-06-004-052.mps
neos-5076235-embley.mps
gasprod1-1.mps
s100.mps
neos-5196530-nuhaka.mps
snp-04-052-052.mps
n3707.mps
gsvm2rl12.mps
siena1.mps
ivu52.mps
tw-myciel4.mps
supportcase41.mps
fhnw-schedule-paira200.mps
gfd-schedulen180f7d50m.mps30k18
nucorsav.mps
stoch-vrpvrp-s5v2c8vrp.mps-v2c8i
proteindesign121hz512p.mps9
proteindesign121hz512p.mps19
t1722.mps
rfds-4-days.mps
graph40-20-1rand.mps
rocII-8-11.mps
allcolor10.mps
ds.mps
dfn-bwin-DBE.mps
neos-4387871-tavua.mps
supportcase35.mps
neos-3682128-sandon.mps
pythago7824.mps
neos-5045105-creuse.mps
polygonpack5-15.mps
bab6.mps
neos-2974461-ibar.mps
neos-4292145-piako.mps
neos-1420546.mps
supportcase23.mps
neos-5261882-treska.mps
neos-4360552-sangro.mps
cvrpp-n16k8vrpi.mps
splice1k1i.mps
dano3mip.mps
graph40-40-1rand.mps
t1717.mps
a2864-99blp.mps
bley_xs1noM.mps
scpl4.mps
satellites3-25.mps
ger50-17-ptp-pop-6t.mps
shs1042.mps
sorrell7.mps
supportcase38.mps
bppc6-06.mps
neos-4335793-snake.mps
sing326.mps
roi5alpha10n8.mps
hawaiiv10-130.mps
nj3.mps
tokyometro.mps
neos-4647032-veleka.mps
van.mps
bharat.mps
splan1.mps
set3-10.mps
adult-regularized.mps
supportcase22.mps
f2000.mps
seqsolve3short4288exce.mpsss384
neos-4338804-snowy.mps
cmflsp60-36-2-6.mps
neos-4647027-thurso.mps
cmflsp40-36-2-10.mps
snp-10-052-052.mps
comp12-2idx.mps
fhnw-schedule-pairb200.mps
neos-848198.mps
bley_xs1.mps
triptim2.mps
neos-4531126-vouga.mps
scpm1.mps
shipsched.mps
rmatr200-p20.mps
dlr1.mps
fhnw-binpack4-48.mps
stp3d.mps
neos-5221106-oparau.mps
traininstance2.mps
queens-30.mps
elitserienhandball11i.mps
neos-5266653-tugela.mps
polygonpack3-15.mps
neos-3754480-nidda.mps
ns1690781.mps
rmatr200-p10.mps
neos-4165869-wannon.mps
2club200v15p5scn.mps
opm2-z12-s8.mps
genus-g31-8.mps
set3-20.mps
wnq-n100-mw99-14.mps
neos-2987202-jeir.mps
moj-mining.mps
rmine13.mps
icir97_potential.mps
dws012-02.mps
rococoC11-010100.mps
germany50-UUM.mps
neos-4545615-waita.mps
bppc6-02.mps
rmine21.mps
pizza78i.mps
milo-v12-6-r1-58-1.mps
elitserienhandball3i.mps
gmut-76-50.mps
fhnw-schedule-pairb400.mps
neos-3355120-tarago.mps
neos-3615091-sutlej.mps
genus-sym-g31-8.mps
ns1679495.mps
nb10tb.mps
ex1010-pi.mps
seqsolve2short4288.mps
shs1023.mps
neos-2294525-abba.mps
neos-5260764-orauea.mps
sct32.mps
neos-3754224-navua.mps
neos-1420790.mps
dc1c.mps
ofi2.mps
neos-4954672-berkel.mps
stockholm.mps
neos-3355323-arnon.mps
pb-gfrd-pnc.mps
nj1.mps
usAbbrv-8-25_70.mps
zeil.mps
atm20-100.mps
neos-5251015-ogosta.mps
neos-4562542-watut.mps
fhnw-schedule-paira400.mps
gsvm2rl11.mps
circ10-3.mps
neos-2978205-isar.mps
hgms62.mps
radiationm40-10-02.mps
lr1dr02vc05v8a-t360.mps
ivu06-big.mps
gfd-schedulen180f7d50m.mps30k18-16i
neos-3426085-ticino.mps
opm2-z10-s4.mps
genus-sym-grafo5708-48.mps
usafa.mps
ger50_17_trans.mps
nsr8k.mps
fastxgemm-n3r22s4t6.mps
neos-2991472-kalu.mps
shiftreg2-7.mps
sing5.mps
cdma.mps
neos-872648.mps
graph40-80-1rand.mps
bab3.mps
fhnw-binpack4-58.mps
pizza27i.mps
milo-v13-4-3d-3-0.mps
ivu06.mps
snip10x10-35r1budget17.mps
neos-3214367-sovi.mps
bab2.mps
elitserienhandball13i.mps
nj2.mps
adult-max5features.mps
ns1856153.mps
uccase7.mps
r4l4-02-tree-bounds-50.mps
comp21-2idx.mps
hgms-det.mps
neos-4355351-swalm.mps
supportcase10.mps
bg512142.mps
n3700.mps
gmut-75-50.mps
sing17.mps
neos-5223573-tarwin.mps
sorrell3.mps
sct5.mps
nag.mps
fhnw-binschedule0.mps
bab1.mps
splice1k1.mps
tpl-tub-ss16.mps
dws012-03.mps
lr2-22dr3-333vc4v17a-t.mps60
d20200.mps
snp-10-004-052.mps
woodlands09.mps
thor50dday.mps
dolom1.mps
ns930473.mps
bmocbd3.mps
ger50-17-trans-pop-3t.mps
neos-3237086-abava.mps
gmut-76-40.mps
neos-5044663-wairoa.mps
v150d30-2hopcds.mps
set3-16.mps
shs1014.mps
rmine25.mps
neos-4409277-trave.mps
core4872-1529.mps
polygonpack4-7.mps
highschool1-aigio.mps
fhnw-binpack4-77.mps
set3-15.mps
scpn2.mps
neos-3372571-onahau.mps
fhnw-schedule-paira100.mps
sing44.mps
xmas10.mps
ger50-17-trans-dfn-3t.mps
neos-4647030-tutaki.mps
xmas10-2.mps
dg012142.mps
neos-5273874-yomtsa.mps
neos-3426132-dieze.mps
neos-5114902-kasavu.mps
reblock354.mps
fhnw-binschedule1.mps
minutedispatchstrategy.mps
neos-4300652-rahue.mps
triptim7.mps
triptim8.mps
neos-3691541-lonja.mps
sing11.mps
n3705.mps
rmine11.mps
n370b.mps
neos-5093327-huahum.mps
ivu59.mps
neos-954925.mps
neos-3025225-shelon.mps
neos-4343293-stony.mps
rococoC12-010001.mps
probportfolio.mps
supportcase39.mps
kottenpark09.mps
neos-3594536-henty.mps
neos-5041822-cockle.mps
neos-5151569-mologa.mps
neos-4230265-orari.mps
neos-3209462-rhin.mps
dlr2.mps
neos-3656078-kumeu.mps
graph20-80-1rand.mps
elitserienhandball14i.mps
neos-5189128-totara.mps
ger50-17-ptp-pop-3t.mps
fastxgemm-n3r23s5t6.mps
neos-4533806-waima.mps
polygonpack4-10.mps
comp16-3idx.mps
neos-5102383-irwell.mps
neos-4232544-orira.mps
s1234.mps
neos-3322547-alsek.mps
core4284-1064.mps
ramos3.mps
milo-v12-6-r1-75-1.mps
neos-3603137-hoteo.mps
graphdraw-mainerd.mps
sorrell4.mps
neos-3009394-lami.mps
cvrpa-n64k9vrpi.mps
gsvm2rl5.mps
liu.mps
ns1430538.mps
ns2124243.mps
shiftreg5-1.mps
neos-3208254-reiu.mps
rail03.mps
supportcase2.mps
ns1828997.mps
momentum3.mps
nursesched-medium-hint.mps03
neos-3634244-kauru.mps
graphdraw-grafo2.mps
neos-4555749-wards.mps
dc1l.mps
neos-4535459-waipa.mps
neos-4358725-tagus.mps
ns1456591.mps
markshare2.mps
in.mps
neos-4954274-beardy.mps
kosova1.mps
cdc7-4-3-2.mps
tbfp-bigm.mps
ns1631475.mps
rvb-sub.mps
scpk4.mps
neos-5104907-jarama.mps
amaze22012-07-04i.mps
hanoi5.mps
gsvm2rl9.mps
neos-4321076-ruwer.mps
s82.mps
hgms30.mps
pb-market-split8-70-4.mps
genus-sym-g62-2.mps
l2p1i.mps
ns2122698.mps
./300.sh: line 57: 1552275 Killed                  ./kissat /home/chenzh/data/hard_cnfs/49.cnf
./300.sh: line 57: 1552280 Killed                  ./kissat /home/chenzh/data/hard_cnfs/49.cnf
./300.sh: line 57: 1552282 Killed                  ./kissat /home/chenzh/data/hard_cnfs/49.cnf
./300.sh: line 57: 1552284 Killed                  ./kissat /home/chenzh/data/hard_cnfs/49.cnf
./300.sh: line 57: 1552289 Killed                  ./kissat /home/chenzh/data/hard_cnfs/49.cnf
./300.sh: line 57: 1552291 Killed                  ./kissat /home/chenzh/data/hard_cnfs/49.cnf
./300.sh: line 57: 1552296 Killed                  ./kissat /home/chenzh/data/hard_cnfs/49.cnf
./300.sh: line 57: 1552301 Killed                  ./kissat /home/chenzh/data/hard_cnfs/49.cnf
./300.sh: line 57: 1552305 Killed                  ./kissat /home/chenzh/data/hard_cnfs/49.cnf
./300.sh: line 57: 1552304 Killed                  ./kissat /home/chenzh/data/hard_cnfs/49.cnf
./300.sh: line 57: 1552307 Killed                  ./kissat /home/chenzh/data/hard_cnfs/49.cnf
./300.sh: line 57: 1552309 Killed                  ./kissat /home/chenzh/data/hard_cnfs/49.cnf
./300.sh: line 57: 1552311 Killed                  ./kissat /home/chenzh/data/hard_cnfs/49.cnf
./300.sh: line 57: 1552313 Killed                  ./kissat /home/chenzh/data/hard_cnfs/49.cnf
./300.sh: line 57: 1552320 Killed                  ./kissat /home/chenzh/data/hard_cnfs/49.cnf
./300.sh: line 57: 1552322 Killed                  ./kissat /home/chenzh/data/hard_cnfs/49.cnf
./300.sh: line 57: 1552324 Killed                  ./kissat /home/chenzh/data/hard_cnfs/49.cnf
./300.sh: line 57: 1552318 Killed                  ./kissat /home/chenzh/data/hard_cnfs/49.cnf
./300.sh: line 57: 1552326 Killed                  ./kissat /home/chenzh/data/hard_cnfs/49.cnf
./300.sh: line 57: 1552328 Killed                  ./kissat /home/chenzh/data/hard_cnfs/49.cnf
./300.sh: line 57: 1552333 Killed                  ./kissat /home/chenzh/data/hard_cnfs/49.cnf
./300.sh: line 57: 1552342 Killed                  ./kissat /home/chenzh/data/hard_cnfs/49.cnf
./300.sh: line 57: 1552673 Killed                  ./kissat /home/chenzh/data/hard_cnfs/49.cnf
./300.sh: line 57: 1552909 Killed                  ./kissat /home/chenzh/data/hard_cnfs/49.cnf
./300.sh: line 57: 1553189 Killed                  ./kissat /home/chenzh/data/hard_cnfs/49.cnf
./300.sh: line 57: 1553194 Killed                  ./kissat /home/chenzh/data/hard_cnfs/49.cnf
./300.sh: line 57: 1553203 Killed                  ./kissat /home/chenzh/data/hard_cnfs/49.cnf
./300.sh: line 57: 1553199 Killed                  ./kissat /home/chenzh/data/hard_cnfs/49.cnf
./300.sh: line 57: 1553202 Killed                  ./kissat /home/chenzh/data/hard_cnfs/49.cnf
./300.sh: line 57: 1553205 Killed                  ./kissat /home/chenzh/data/hard_cnfs/49.cnf
./300.sh: line 57: 1553209 Killed                  ./kissat /home/chenzh/data/hard_cnfs/49.cnf
./300.sh: line 57: 1553210 Killed                  ./kissat /home/chenzh/data/hard_cnfs/49.cnf
./300.sh: line 57: 1553212 Killed                  ./kissat /home/chenzh/data/hard_cnfs/49.cnf
./300.sh: line 57: 1553214 Killed                  ./kissat /home/chenzh/data/hard_cnfs/49.cnf
./300.sh: line 57: 1553215 Killed                  ./kissat /home/chenzh/data/hard_cnfs/49.cnf
./300.sh: line 57: 1553219 Killed                  ./kissat /home/chenzh/data/hard_cnfs/49.cnf
./300.sh: line 57: 1553217 Killed                  ./kissat /home/chenzh/data/hard_cnfs/49.cnf
./300.sh: line 57: 1553221 Killed                  ./kissat /home/chenzh/data/hard_cnfs/49.cnf
./300.sh: line 57: 1553225 Killed                  ./kissat /home/chenzh/data/hard_cnfs/49.cnf
./300.sh: line 57: 1553227 Killed                  ./kissat /home/chenzh/data/hard_cnfs/49.cnf
./300.sh: line 57: 1553229 Killed                  ./kissat /home/chenzh/data/hard_cnfs/49.cnf
./300.sh: line 57: 1553224 Killed                  ./kissat /home/chenzh/data/hard_cnfs/49.cnf
./300.sh: line 57: 1553231 Killed                  ./kissat /home/chenzh/data/hard_cnfs/49.cnf
./300.sh: line 57: 1553235 Killed                  ./kissat /home/chenzh/data/hard_cnfs/49.cnf
./300.sh: line 57: 1553233 Killed                  ./kissat /home/chenzh/data/hard_cnfs/49.cnf
./300.sh: line 57: 1553237 Killed                  ./kissat /home/chenzh/data/hard_cnfs/49.cnf
./300.sh: line 57: 1553239 Killed                  ./kissat /home/chenzh/data/hard_cnfs/49.cnf
./300.sh: line 57: 1553241 Killed                  ./kissat /home/chenzh/data/hard_cnfs/49.cnf
./300.sh: line 57: 1553243 Killed                  ./kissat /home/chenzh/data/hard_cnfs/49.cnf
./300.sh: line 57: 1553245 Killed                  ./kissat /home/chenzh/data/hard_cnfs/49.cnf
./300.sh: line 57: 1553248 Killed                  ./kissat /home/chenzh/data/hard_cnfs/49.cnf
./300.sh: line 57: 1553253 Killed                  ./kissat /home/chenzh/data/hard_cnfs/49.cnf
./300.sh: line 57: 1553254 Killed                  ./kissat /home/chenzh/data/hard_cnfs/49.cnf
./300.sh: line 57: 1553249 Killed                  ./kissat /home/chenzh/data/hard_cnfs/49.cnf
./300.sh: line 57: 1553259 Killed                  ./kissat /home/chenzh/data/hard_cnfs/49.cnf
./300.sh: line 57: 1553256 Killed                  ./kissat /home/chenzh/data/hard_cnfs/49.cnf
./300.sh: line 57: 1553260 Killed                  ./kissat /home/chenzh/data/hard_cnfs/49.cnf
./300.sh: line 57: 1553261 Killed                  ./kissat /home/chenzh/data/hard_cnfs/49.cnf
./300.sh: line 57: 1553263 Killed                  ./kissat /home/chenzh/data/hard_cnfs/49.cnf
./300.sh: line 57: 1553265 Killed                  ./kissat /home/chenzh/data/hard_cnfs/49.cnf
./300.sh: line 57: 1553268 Killed                  ./kissat /home/chenzh/data/hard_cnfs/49.cnf
./300.sh: line 57: 1553269 Killed                  ./kissat /home/chenzh/data/hard_cnfs/49.cnf
./300.sh: line 57: 1553271 Killed                  ./kissat /home/chenzh/data/hard_cnfs/49.cnf
./300.sh: line 57: 1553273 Killed                  ./kissat /home/chenzh/data/hard_cnfs/49.cnf
./300.sh: line 57: 1553275 Killed                  ./kissat /home/chenzh/data/hard_cnfs/49.cnf
./300.sh: line 57: 1553277 Killed                  ./kissat /home/chenzh/data/hard_cnfs/49.cnf
./300.sh: line 57: 1553279 Killed                  ./kissat /home/chenzh/data/hard_cnfs/49.cnf
./300.sh: line 57: 1553281 Killed                  ./kissat /home/chenzh/data/hard_cnfs/49.cnf
./300.sh: line 57: 1553284 Killed                  ./kissat /home/chenzh/data/hard_cnfs/49.cnf
./300.sh: line 57: 1553285 Killed                  ./kissat /home/chenzh/data/hard_cnfs/49.cnf
./300.sh: line 57: 1553287 Killed                  ./kissat /home/chenzh/data/hard_cnfs/49.cnf
./300.sh: line 57: 1553291 Killed                  ./kissat /home/chenzh/data/hard_cnfs/49.cnf
./300.sh: line 57: 1553293 Killed                  ./kissat /home/chenzh/data/hard_cnfs/49.cnf
./300.sh: line 57: 1553292 Killed                  ./kissat /home/chenzh/data/hard_cnfs/49.cnf
./300.sh: line 57: 1553295 Killed                  ./kissat /home/chenzh/data/hard_cnfs/49.cnf
./300.sh: line 57: 1553297 Killed                  ./kissat /home/chenzh/data/hard_cnfs/49.cnf
./300.sh: line 57: 1553299 Killed                  ./kissat /home/chenzh/data/hard_cnfs/49.cnf
./300.sh: line 57: 1553302 Killed                  ./kissat /home/chenzh/data/hard_cnfs/49.cnf
./300.sh: line 57: 1553303 Killed                  ./kissat /home/chenzh/data/hard_cnfs/49.cnf
./300.sh: line 57: 1553310 Killed                  ./kissat /home/chenzh/data/hard_cnfs/49.cnf
./300.sh: line 57: 1553308 Killed                  ./kissat /home/chenzh/data/hard_cnfs/49.cnf
./300.sh: line 57: 1553312 Killed                  ./kissat /home/chenzh/data/hard_cnfs/49.cnf
./300.sh: line 57: 1553314 Killed                  ./kissat /home/chenzh/data/hard_cnfs/49.cnf
./300.sh: line 57: 1553317 Killed                  ./kissat /home/chenzh/data/hard_cnfs/49.cnf
./300.sh: line 57: 1553318 Killed                  ./kissat /home/chenzh/data/hard_cnfs/49.cnf
./300.sh: line 57: 1553320 Killed                  ./kissat /home/chenzh/data/hard_cnfs/49.cnf
./300.sh: line 57: 1553322 Killed                  ./kissat /home/chenzh/data/hard_cnfs/49.cnf
./300.sh: line 57: 1553325 Killed                  ./kissat /home/chenzh/data/hard_cnfs/49.cnf
./300.sh: line 57: 1553328 Killed                  ./kissat /home/chenzh/data/hard_cnfs/49.cnf
./300.sh: line 57: 1553326 Killed                  ./kissat /home/chenzh/data/hard_cnfs/49.cnf
./300.sh: line 57: 1553330 Killed                  ./kissat /home/chenzh/data/hard_cnfs/49.cnf
./300.sh: line 57: 1553332 Killed                  ./kissat /home/chenzh/data/hard_cnfs/49.cnf
./300.sh: line 57: 1553335 Killed                  ./kissat /home/chenzh/data/hard_cnfs/49.cnf
./300.sh: line 57: 1553336 Killed                  ./kissat /home/chenzh/data/hard_cnfs/49.cnf
./300.sh: line 57: 1553338 Killed                  ./kissat /home/chenzh/data/hard_cnfs/49.cnf
./300.sh: line 57: 1553340 Killed                  ./kissat /home/chenzh/data/hard_cnfs/49.cnf
./300.sh: line 57: 1553342 Killed                  ./kissat /home/chenzh/data/hard_cnfs/49.cnf
./300.sh: line 57: 1553344 Killed                  ./kissat /home/chenzh/data/hard_cnfs/49.cnf
./300.sh: line 57: 1553346 Killed                  ./kissat /home/chenzh/data/hard_cnfs/49.cnf
./300.sh: line 57: 1553348 Killed                  ./kissat /home/chenzh/data/hard_cnfs/49.cnf
./300.sh: line 57: 1553353 Killed                  ./kissat /home/chenzh/data/hard_cnfs/49.cnf
./300.sh: line 57: 1553355 Killed                  ./kissat /home/chenzh/data/hard_cnfs/49.cnf
./300.sh: line 57: 1553357 Killed                  ./kissat /home/chenzh/data/hard_cnfs/49.cnf
./300.sh: line 57: 1553359 Killed                  ./kissat /home/chenzh/data/hard_cnfs/49.cnf
./300.sh: line 57: 1553361 Killed                  ./kissat /home/chenzh/data/hard_cnfs/49.cnf
./300.sh: line 57: 1553363 Killed                  ./kissat /home/chenzh/data/hard_cnfs/49.cnf
./300.sh: line 57: 1553365 Killed                  ./kissat /home/chenzh/data/hard_cnfs/49.cnf
./300.sh: line 57: 1553370 Killed                  ./kissat /home/chenzh/data/hard_cnfs/49.cnf
./300.sh: line 57: 1553372 Killed                  ./kissat /home/chenzh/data/hard_cnfs/49.cnf
./300.sh: line 57: 1553374 Killed                  ./kissat /home/chenzh/data/hard_cnfs/49.cnf
./300.sh: line 57: 1553378 Killed                  ./kissat /home/chenzh/data/hard_cnfs/49.cnf
./300.sh: line 57: 1553377 Killed                  ./kissat /home/chenzh/data/hard_cnfs/49.cnf
./300.sh: line 57: 1553383 Killed                  ./kissat /home/chenzh/data/hard_cnfs/49.cnf
./300.sh: line 57: 1553389 Killed                  ./kissat /home/chenzh/data/hard_cnfs/49.cnf
./300.sh: line 57: 1553391 Killed                  ./kissat /home/chenzh/data/hard_cnfs/49.cnf
./300.sh: line 57: 1553393 Killed                  ./kissat /home/chenzh/data/hard_cnfs/49.cnf
./300.sh: line 57: 1553398 Killed                  ./kissat /home/chenzh/data/hard_cnfs/49.cnf
./300.sh: line 57: 1553403 Killed                  ./kissat /home/chenzh/data/hard_cnfs/49.cnf
./300.sh: line 57: 1553405 Killed                  ./kissat /home/chenzh/data/hard_cnfs/49.cnf
./300.sh: line 57: 1553413 Killed                  ./kissat /home/chenzh/data/hard_cnfs/49.cnf
./300.sh: line 57: 1553415 Killed                  ./kissat /home/chenzh/data/hard_cnfs/49.cnf
./300.sh: line 57: 1553420 Killed                  ./kissat /home/chenzh/data/hard_cnfs/49.cnf
./300.sh: line 57: 1553422 Killed                  ./kissat /home/chenzh/data/hard_cnfs/49.cnf
./300.sh: line 57: 1553424 Killed                  ./kissat /home/chenzh/data/hard_cnfs/49.cnf
./300.sh: line 57: 1553426 Killed                  ./kissat /home/chenzh/data/hard_cnfs/49.cnf
./300.sh: line 57: 1553431 Killed                  ./kissat /home/chenzh/data/hard_cnfs/49.cnf
./300.sh: line 57: 1553433 Killed                  ./kissat /home/chenzh/data/hard_cnfs/49.cnf
./300.sh: line 57: 1553445 Killed                  ./kissat /home/chenzh/data/hard_cnfs/49.cnf
