core2586-950.mps
neos-4264598-oueme.mps
z26.mps
cvrpb-n45k5vrpi.mps
uccase10.mps
pb-grow22.mps
bts4-cta.mps
neos-3695882-vesdre.mps
swath.mps
dws012-01.mps
neos-3740487-motru.mps
assign1-10-4.mps
neos-3068746-nene.mps
allcolor58.mps
polygonpack4-15.mps
dws008-03.mps
set3-09.mps
dws008-01.mps
pythago7825.mps
n3709.mps
neos-3352863-ancoa.mps
datt256.mps
fhnw-sq2.mps
scpj4scip.mps
academictimetablebig.mps
ns1111636.mps
neos-2629914-sudost.mps
ns1904248.mps
milo-v13-4-3d-4-0.mps
triptim4.mps
mkc.mps
supportcase30.mps
ns1905797.mps
rmine15.mps
fhnw-binschedule2.mps
eva1aprime5x5opt.mps
neos-4290317-perth.mps
neos-4285819-pedja.mps
graphdraw-opmanager.mps
supportcase31.mps
ds-big.mps
tpl-tub-ws1617.mps
lr1dr04vc05v17a-t360.mps
sct1.mps
lr1dr12vc10v70b-t360.mps
satellites4-25.mps
supportcase3.mps
ns1849932.mps
neos-4295773-pissa.mps
seqsolve1.mps
eva1aprime6x6opt.mps
supportcase19.mps
genus-g61-25.mps
mining.mps
neos-1423785.mps
rwth-timetable.mps
amaze22012-03-15i.mps
rocII-10-11.mps
fastxgemm-n3r21s3t6.mps
neos-3530905-gaula.mps
cmflsp40-24-10-7.mps
snp-06-004-052.mps
neos-5076235-embley.mps
gasprod1-1.mps
s100.mps
neos-5196530-nuhaka.mps
snp-04-052-052.mps
n3707.mps
gsvm2rl12.mps
siena1.mps
ivu52.mps
tw-myciel4.mps
supportcase41.mps
fhnw-schedule-paira200.mps
gfd-schedulen180f7d50m.mps30k18
nucorsav.mps
stoch-vrpvrp-s5v2c8vrp.mps-v2c8i
proteindesign121hz512p.mps9
proteindesign121hz512p.mps19
t1722.mps
rfds-4-days.mps
graph40-20-1rand.mps
rocII-8-11.mps
allcolor10.mps
ds.mps
dfn-bwin-DBE.mps
neos-4387871-tavua.mps
supportcase35.mps
neos-3682128-sandon.mps
pythago7824.mps
neos-5045105-creuse.mps
polygonpack5-15.mps
bab6.mps
neos-2974461-ibar.mps
neos-4292145-piako.mps
neos-1420546.mps
supportcase23.mps
neos-5261882-treska.mps
neos-4360552-sangro.mps
cvrpp-n16k8vrpi.mps
splice1k1i.mps
dano3mip.mps
graph40-40-1rand.mps
t1717.mps
a2864-99blp.mps
bley_xs1noM.mps
scpl4.mps
satellites3-25.mps
ger50-17-ptp-pop-6t.mps
shs1042.mps
sorrell7.mps
supportcase38.mps
bppc6-06.mps
neos-4335793-snake.mps
sing326.mps
roi5alpha10n8.mps
hawaiiv10-130.mps
nj3.mps
tokyometro.mps
neos-4647032-veleka.mps
van.mps
bharat.mps
splan1.mps
set3-10.mps
adult-regularized.mps
supportcase22.mps
f2000.mps
seqsolve3short4288exce.mpsss384
neos-4338804-snowy.mps
cmflsp60-36-2-6.mps
neos-4647027-thurso.mps
cmflsp40-36-2-10.mps
snp-10-052-052.mps
comp12-2idx.mps
fhnw-schedule-pairb200.mps
neos-848198.mps
bley_xs1.mps
triptim2.mps
neos-4531126-vouga.mps
scpm1.mps
shipsched.mps
rmatr200-p20.mps
dlr1.mps
fhnw-binpack4-48.mps
stp3d.mps
neos-5221106-oparau.mps
traininstance2.mps
queens-30.mps
elitserienhandball11i.mps
neos-5266653-tugela.mps
polygonpack3-15.mps
neos-3754480-nidda.mps
ns1690781.mps
rmatr200-p10.mps
neos-4165869-wannon.mps
2club200v15p5scn.mps
opm2-z12-s8.mps
genus-g31-8.mps
set3-20.mps
wnq-n100-mw99-14.mps
neos-2987202-jeir.mps
moj-mining.mps
rmine13.mps
icir97_potential.mps
dws012-02.mps
rococoC11-010100.mps
germany50-UUM.mps
neos-4545615-waita.mps
bppc6-02.mps
rmine21.mps
pizza78i.mps
milo-v12-6-r1-58-1.mps
elitserienhandball3i.mps
gmut-76-50.mps
fhnw-schedule-pairb400.mps
neos-3355120-tarago.mps
neos-3615091-sutlej.mps
genus-sym-g31-8.mps
ns1679495.mps
nb10tb.mps
ex1010-pi.mps
seqsolve2short4288.mps
shs1023.mps
neos-2294525-abba.mps
neos-5260764-orauea.mps
sct32.mps
neos-3754224-navua.mps
neos-1420790.mps
dc1c.mps
ofi2.mps
neos-4954672-berkel.mps
stockholm.mps
neos-3355323-arnon.mps
pb-gfrd-pnc.mps
nj1.mps
usAbbrv-8-25_70.mps
zeil.mps
atm20-100.mps
neos-5251015-ogosta.mps
neos-4562542-watut.mps
fhnw-schedule-paira400.mps
gsvm2rl11.mps
circ10-3.mps
neos-2978205-isar.mps
hgms62.mps
radiationm40-10-02.mps
lr1dr02vc05v8a-t360.mps
ivu06-big.mps
gfd-schedulen180f7d50m.mps30k18-16i
neos-3426085-ticino.mps
opm2-z10-s4.mps
genus-sym-grafo5708-48.mps
usafa.mps
ger50_17_trans.mps
nsr8k.mps
fastxgemm-n3r22s4t6.mps
neos-2991472-kalu.mps
shiftreg2-7.mps
sing5.mps
cdma.mps
neos-872648.mps
graph40-80-1rand.mps
bab3.mps
fhnw-binpack4-58.mps
pizza27i.mps
milo-v13-4-3d-3-0.mps
ivu06.mps
snip10x10-35r1budget17.mps
neos-3214367-sovi.mps
bab2.mps
elitserienhandball13i.mps
nj2.mps
adult-max5features.mps
ns1856153.mps
uccase7.mps
r4l4-02-tree-bounds-50.mps
comp21-2idx.mps
hgms-det.mps
neos-4355351-swalm.mps
supportcase10.mps
bg512142.mps
n3700.mps
gmut-75-50.mps
sing17.mps
neos-5223573-tarwin.mps
sorrell3.mps
sct5.mps
nag.mps
fhnw-binschedule0.mps
bab1.mps
splice1k1.mps
tpl-tub-ss16.mps
dws012-03.mps
lr2-22dr3-333vc4v17a-t.mps60
d20200.mps
snp-10-004-052.mps
woodlands09.mps
thor50dday.mps
dolom1.mps
ns930473.mps
bmocbd3.mps
ger50-17-trans-pop-3t.mps
neos-3237086-abava.mps
gmut-76-40.mps
neos-5044663-wairoa.mps
v150d30-2hopcds.mps
set3-16.mps
shs1014.mps
rmine25.mps
neos-4409277-trave.mps
core4872-1529.mps
polygonpack4-7.mps
highschool1-aigio.mps
fhnw-binpack4-77.mps
set3-15.mps
scpn2.mps
neos-3372571-onahau.mps
fhnw-schedule-paira100.mps
sing44.mps
xmas10.mps
ger50-17-trans-dfn-3t.mps
neos-4647030-tutaki.mps
xmas10-2.mps
dg012142.mps
neos-5273874-yomtsa.mps
neos-3426132-dieze.mps
neos-5114902-kasavu.mps
reblock354.mps
fhnw-binschedule1.mps
minutedispatchstrategy.mps
neos-4300652-rahue.mps
triptim7.mps
triptim8.mps
neos-3691541-lonja.mps
sing11.mps
n3705.mps
rmine11.mps
n370b.mps
neos-5093327-huahum.mps
ivu59.mps
neos-954925.mps
neos-3025225-shelon.mps
neos-4343293-stony.mps
rococoC12-010001.mps
probportfolio.mps
supportcase39.mps
kottenpark09.mps
neos-3594536-henty.mps
neos-5041822-cockle.mps
neos-5151569-mologa.mps
neos-4230265-orari.mps
neos-3209462-rhin.mps
dlr2.mps
neos-3656078-kumeu.mps
graph20-80-1rand.mps
elitserienhandball14i.mps
neos-5189128-totara.mps
ger50-17-ptp-pop-3t.mps
fastxgemm-n3r23s5t6.mps
neos-4533806-waima.mps
polygonpack4-10.mps
comp16-3idx.mps
neos-5102383-irwell.mps
neos-4232544-orira.mps
s1234.mps
neos-3322547-alsek.mps
core4284-1064.mps
ramos3.mps
milo-v12-6-r1-75-1.mps
neos-3603137-hoteo.mps
graphdraw-mainerd.mps
sorrell4.mps
neos-3009394-lami.mps
cvrpa-n64k9vrpi.mps
gsvm2rl5.mps
liu.mps
ns1430538.mps
ns2124243.mps
shiftreg5-1.mps
neos-3208254-reiu.mps
rail03.mps
supportcase2.mps
ns1828997.mps
momentum3.mps
nursesched-medium-hint.mps03
neos-3634244-kauru.mps
graphdraw-grafo2.mps
neos-4555749-wards.mps
dc1l.mps
neos-4535459-waipa.mps
neos-4358725-tagus.mps
ns1456591.mps
markshare2.mps
in.mps
neos-4954274-beardy.mps
kosova1.mps
cdc7-4-3-2.mps
tbfp-bigm.mps
ns1631475.mps
rvb-sub.mps
scpk4.mps
neos-5104907-jarama.mps
amaze22012-07-04i.mps
hanoi5.mps
gsvm2rl9.mps
neos-4321076-ruwer.mps
s82.mps
hgms30.mps
pb-market-split8-70-4.mps
genus-sym-g62-2.mps
l2p1i.mps
ns2122698.mps
./10.sh: line 58: 737519 Killed                  ./kissat /home/chenzh/data/hard_cnfs/49.cnf
./10.sh: line 58: 737515 Killed                  ./kissat /home/chenzh/data/hard_cnfs/49.cnf
./10.sh: line 58: 737516 Killed                  ./kissat /home/chenzh/data/hard_cnfs/49.cnf
./10.sh: line 58: 737520 Killed                  ./kissat /home/chenzh/data/hard_cnfs/49.cnf
./10.sh: line 58: 737517 Killed                  ./kissat /home/chenzh/data/hard_cnfs/49.cnf
./10.sh: line 58: 737521 Killed                  ./kissat /home/chenzh/data/hard_cnfs/49.cnf
./10.sh: line 58: 737523 Killed                  ./kissat /home/chenzh/data/hard_cnfs/49.cnf
./10.sh: line 58: 737514 Killed                  ./kissat /home/chenzh/data/hard_cnfs/49.cnf
./10.sh: line 58: 737526 Killed                  ./kissat /home/chenzh/data/hard_cnfs/49.cnf
./10.sh: line 58: 737528 Killed                  ./kissat /home/chenzh/data/hard_cnfs/49.cnf
./10.sh: line 58: 737531 Killed                  ./kissat /home/chenzh/data/hard_cnfs/49.cnf
./10.sh: line 58: 737533 Killed                  ./kissat /home/chenzh/data/hard_cnfs/49.cnf
./10.sh: line 58: 737536 Killed                  ./kissat /home/chenzh/data/hard_cnfs/49.cnf
./10.sh: line 58: 737540 Killed                  ./kissat /home/chenzh/data/hard_cnfs/49.cnf
./10.sh: line 58: 737539 Killed                  ./kissat /home/chenzh/data/hard_cnfs/49.cnf
./10.sh: line 58: 737541 Killed                  ./kissat /home/chenzh/data/hard_cnfs/49.cnf
./10.sh: line 58: 737543 Killed                  ./kissat /home/chenzh/data/hard_cnfs/49.cnf
./10.sh: line 58: 737546 Killed                  ./kissat /home/chenzh/data/hard_cnfs/49.cnf
./10.sh: line 58: 737549 Killed                  ./kissat /home/chenzh/data/hard_cnfs/49.cnf
./10.sh: line 58: 737550 Killed                  ./kissat /home/chenzh/data/hard_cnfs/49.cnf
./10.sh: line 58: 737551 Killed                  ./kissat /home/chenzh/data/hard_cnfs/49.cnf
./10.sh: line 58: 737556 Killed                  ./kissat /home/chenzh/data/hard_cnfs/49.cnf
./10.sh: line 58: 737562 Killed                  ./kissat /home/chenzh/data/hard_cnfs/49.cnf
./10.sh: line 58: 737571 Killed                  ./kissat /home/chenzh/data/hard_cnfs/49.cnf
./10.sh: line 58: 737570 Killed                  ./kissat /home/chenzh/data/hard_cnfs/49.cnf
./10.sh: line 58: 737573 Killed                  ./kissat /home/chenzh/data/hard_cnfs/49.cnf
./10.sh: line 58: 737568 Killed                  ./kissat /home/chenzh/data/hard_cnfs/49.cnf
./10.sh: line 58: 737578 Killed                  ./kissat /home/chenzh/data/hard_cnfs/49.cnf
./10.sh: line 58: 737584 Killed                  ./kissat /home/chenzh/data/hard_cnfs/49.cnf
./10.sh: line 58: 737579 Killed                  ./kissat /home/chenzh/data/hard_cnfs/49.cnf
./10.sh: line 58: 737581 Killed                  ./kissat /home/chenzh/data/hard_cnfs/49.cnf
./10.sh: line 58: 737582 Killed                  ./kissat /home/chenzh/data/hard_cnfs/49.cnf
./10.sh: line 58: 737580 Killed                  ./kissat /home/chenzh/data/hard_cnfs/49.cnf
./10.sh: line 58: 737569 Killed                  ./kissat /home/chenzh/data/hard_cnfs/49.cnf
./10.sh: line 58: 737586 Killed                  ./kissat /home/chenzh/data/hard_cnfs/49.cnf
./10.sh: line 58: 737585 Killed                  ./kissat /home/chenzh/data/hard_cnfs/49.cnf
./10.sh: line 58: 737587 Killed                  ./kissat /home/chenzh/data/hard_cnfs/49.cnf
./10.sh: line 58: 737574 Killed                  ./kissat /home/chenzh/data/hard_cnfs/49.cnf
./10.sh: line 58: 737589 Killed                  ./kissat /home/chenzh/data/hard_cnfs/49.cnf
./10.sh: line 58: 737588 Killed                  ./kissat /home/chenzh/data/hard_cnfs/49.cnf
./10.sh: line 58: 737597 Killed                  ./kissat /home/chenzh/data/hard_cnfs/49.cnf
./10.sh: line 58: 737600 Killed                  ./kissat /home/chenzh/data/hard_cnfs/49.cnf
./10.sh: line 58: 737599 Killed                  ./kissat /home/chenzh/data/hard_cnfs/49.cnf
./10.sh: line 58: 737602 Killed                  ./kissat /home/chenzh/data/hard_cnfs/49.cnf
./10.sh: line 58: 737595 Killed                  ./kissat /home/chenzh/data/hard_cnfs/49.cnf
./10.sh: line 58: 737603 Killed                  ./kissat /home/chenzh/data/hard_cnfs/49.cnf
./10.sh: line 58: 737606 Killed                  ./kissat /home/chenzh/data/hard_cnfs/49.cnf
./10.sh: line 58: 737610 Killed                  ./kissat /home/chenzh/data/hard_cnfs/49.cnf
./10.sh: line 58: 737615 Killed                  ./kissat /home/chenzh/data/hard_cnfs/49.cnf
./10.sh: line 58: 737614 Killed                  ./kissat /home/chenzh/data/hard_cnfs/49.cnf
./10.sh: line 58: 737616 Killed                  ./kissat /home/chenzh/data/hard_cnfs/49.cnf
./10.sh: line 58: 737619 Killed                  ./kissat /home/chenzh/data/hard_cnfs/49.cnf
./10.sh: line 58: 737618 Killed                  ./kissat /home/chenzh/data/hard_cnfs/49.cnf
./10.sh: line 58: 737624 Killed                  ./kissat /home/chenzh/data/hard_cnfs/49.cnf
./10.sh: line 58: 737626 Killed                  ./kissat /home/chenzh/data/hard_cnfs/49.cnf
./10.sh: line 58: 737627 Killed                  ./kissat /home/chenzh/data/hard_cnfs/49.cnf
./10.sh: line 58: 737630 Killed                  ./kissat /home/chenzh/data/hard_cnfs/49.cnf
./10.sh: line 58: 737629 Killed                  ./kissat /home/chenzh/data/hard_cnfs/49.cnf
./10.sh: line 58: 737633 Killed                  ./kissat /home/chenzh/data/hard_cnfs/49.cnf
./10.sh: line 58: 737617 Killed                  ./kissat /home/chenzh/data/hard_cnfs/49.cnf
./10.sh: line 58: 737635 Killed                  ./kissat /home/chenzh/data/hard_cnfs/49.cnf
./10.sh: line 58: 737636 Killed                  ./kissat /home/chenzh/data/hard_cnfs/49.cnf
./10.sh: line 58: 737637 Killed                  ./kissat /home/chenzh/data/hard_cnfs/49.cnf
./10.sh: line 58: 737638 Killed                  ./kissat /home/chenzh/data/hard_cnfs/49.cnf
./10.sh: line 58: 737641 Killed                  ./kissat /home/chenzh/data/hard_cnfs/49.cnf
./10.sh: line 58: 737644 Killed                  ./kissat /home/chenzh/data/hard_cnfs/49.cnf
./10.sh: line 58: 737645 Killed                  ./kissat /home/chenzh/data/hard_cnfs/49.cnf
./10.sh: line 58: 737646 Killed                  ./kissat /home/chenzh/data/hard_cnfs/49.cnf
./10.sh: line 58: 737649 Killed                  ./kissat /home/chenzh/data/hard_cnfs/49.cnf
./10.sh: line 58: 737650 Killed                  ./kissat /home/chenzh/data/hard_cnfs/49.cnf
./10.sh: line 58: 737654 Killed                  ./kissat /home/chenzh/data/hard_cnfs/49.cnf
./10.sh: line 58: 737657 Killed                  ./kissat /home/chenzh/data/hard_cnfs/49.cnf
./10.sh: line 58: 737658 Killed                  ./kissat /home/chenzh/data/hard_cnfs/49.cnf
./10.sh: line 58: 737661 Killed                  ./kissat /home/chenzh/data/hard_cnfs/49.cnf
./10.sh: line 58: 737662 Killed                  ./kissat /home/chenzh/data/hard_cnfs/49.cnf
./10.sh: line 58: 737653 Killed                  ./kissat /home/chenzh/data/hard_cnfs/49.cnf
./10.sh: line 58: 737664 Killed                  ./kissat /home/chenzh/data/hard_cnfs/49.cnf
./10.sh: line 58: 737667 Killed                  ./kissat /home/chenzh/data/hard_cnfs/49.cnf
./10.sh: line 58: 737668 Killed                  ./kissat /home/chenzh/data/hard_cnfs/49.cnf
./10.sh: line 58: 737671 Killed                  ./kissat /home/chenzh/data/hard_cnfs/49.cnf
./10.sh: line 58: 737673 Killed                  ./kissat /home/chenzh/data/hard_cnfs/49.cnf
./10.sh: line 58: 737675 Killed                  ./kissat /home/chenzh/data/hard_cnfs/49.cnf
./10.sh: line 58: 737677 Killed                  ./kissat /home/chenzh/data/hard_cnfs/49.cnf
./10.sh: line 58: 737679 Killed                  ./kissat /home/chenzh/data/hard_cnfs/49.cnf
./10.sh: line 58: 737682 Killed                  ./kissat /home/chenzh/data/hard_cnfs/49.cnf
./10.sh: line 58: 737684 Killed                  ./kissat /home/chenzh/data/hard_cnfs/49.cnf
./10.sh: line 58: 737685 Killed                  ./kissat /home/chenzh/data/hard_cnfs/49.cnf
./10.sh: line 58: 737687 Killed                  ./kissat /home/chenzh/data/hard_cnfs/49.cnf
./10.sh: line 58: 737689 Killed                  ./kissat /home/chenzh/data/hard_cnfs/49.cnf
./10.sh: line 58: 737692 Killed                  ./kissat /home/chenzh/data/hard_cnfs/49.cnf
./10.sh: line 58: 737693 Killed                  ./kissat /home/chenzh/data/hard_cnfs/49.cnf
./10.sh: line 58: 737696 Killed                  ./kissat /home/chenzh/data/hard_cnfs/49.cnf
./10.sh: line 58: 737698 Killed                  ./kissat /home/chenzh/data/hard_cnfs/49.cnf
./10.sh: line 58: 737700 Killed                  ./kissat /home/chenzh/data/hard_cnfs/49.cnf
./10.sh: line 58: 737702 Killed                  ./kissat /home/chenzh/data/hard_cnfs/49.cnf
./10.sh: line 58: 737704 Killed                  ./kissat /home/chenzh/data/hard_cnfs/49.cnf
./10.sh: line 58: 737706 Killed                  ./kissat /home/chenzh/data/hard_cnfs/49.cnf
./10.sh: line 58: 737708 Killed                  ./kissat /home/chenzh/data/hard_cnfs/49.cnf
./10.sh: line 58: 737711 Killed                  ./kissat /home/chenzh/data/hard_cnfs/49.cnf
./10.sh: line 58: 737713 Killed                  ./kissat /home/chenzh/data/hard_cnfs/49.cnf
./10.sh: line 58: 737715 Killed                  ./kissat /home/chenzh/data/hard_cnfs/49.cnf
./10.sh: line 58: 737718 Killed                  ./kissat /home/chenzh/data/hard_cnfs/49.cnf
./10.sh: line 58: 737720 Killed                  ./kissat /home/chenzh/data/hard_cnfs/49.cnf
./10.sh: line 58: 737723 Killed                  ./kissat /home/chenzh/data/hard_cnfs/49.cnf
./10.sh: line 58: 737725 Killed                  ./kissat /home/chenzh/data/hard_cnfs/49.cnf
./10.sh: line 58: 737727 Killed                  ./kissat /home/chenzh/data/hard_cnfs/49.cnf
./10.sh: line 58: 737729 Killed                  ./kissat /home/chenzh/data/hard_cnfs/49.cnf
./10.sh: line 58: 737731 Killed                  ./kissat /home/chenzh/data/hard_cnfs/49.cnf
./10.sh: line 58: 737733 Killed                  ./kissat /home/chenzh/data/hard_cnfs/49.cnf
./10.sh: line 58: 737735 Killed                  ./kissat /home/chenzh/data/hard_cnfs/49.cnf
./10.sh: line 58: 737738 Killed                  ./kissat /home/chenzh/data/hard_cnfs/49.cnf
./10.sh: line 58: 737740 Killed                  ./kissat /home/chenzh/data/hard_cnfs/49.cnf
./10.sh: line 58: 737742 Killed                  ./kissat /home/chenzh/data/hard_cnfs/49.cnf
./10.sh: line 58: 737745 Killed                  ./kissat /home/chenzh/data/hard_cnfs/49.cnf
./10.sh: line 58: 737747 Killed                  ./kissat /home/chenzh/data/hard_cnfs/49.cnf
./10.sh: line 58: 737749 Killed                  ./kissat /home/chenzh/data/hard_cnfs/49.cnf
./10.sh: line 58: 737751 Killed                  ./kissat /home/chenzh/data/hard_cnfs/49.cnf
./10.sh: line 58: 737753 Killed                  ./kissat /home/chenzh/data/hard_cnfs/49.cnf
./10.sh: line 58: 737756 Killed                  ./kissat /home/chenzh/data/hard_cnfs/49.cnf
./10.sh: line 58: 737759 Killed                  ./kissat /home/chenzh/data/hard_cnfs/49.cnf
./10.sh: line 58: 737761 Killed                  ./kissat /home/chenzh/data/hard_cnfs/49.cnf
./10.sh: line 58: 737763 Killed                  ./kissat /home/chenzh/data/hard_cnfs/49.cnf
./10.sh: line 58: 737765 Killed                  ./kissat /home/chenzh/data/hard_cnfs/49.cnf
./10.sh: line 58: 737767 Killed                  ./kissat /home/chenzh/data/hard_cnfs/49.cnf
./10.sh: line 58: 737769 Killed                  ./kissat /home/chenzh/data/hard_cnfs/49.cnf
./10.sh: line 58: 737771 Killed                  ./kissat /home/chenzh/data/hard_cnfs/49.cnf
./10.sh: line 58: 737774 Killed                  ./kissat /home/chenzh/data/hard_cnfs/49.cnf
./10.sh: line 58: 737777 Killed                  ./kissat /home/chenzh/data/hard_cnfs/49.cnf
core2586-950.mps
neos-4264598-oueme.mps
z26.mps
cvrpb-n45k5vrpi.mps
uccase10.mps
pb-grow22.mps
bts4-cta.mps
neos-3695882-vesdre.mps
swath.mps
dws012-01.mps
neos-3740487-motru.mps
assign1-10-4.mps
neos-3068746-nene.mps
allcolor58.mps
polygonpack4-15.mps
dws008-03.mps
set3-09.mps
dws008-01.mps
pythago7825.mps
n3709.mps
neos-3352863-ancoa.mps
datt256.mps
fhnw-sq2.mps
scpj4scip.mps
academictimetablebig.mps
ns1111636.mps
neos-2629914-sudost.mps
ns1904248.mps
milo-v13-4-3d-4-0.mps
triptim4.mps
mkc.mps
supportcase30.mps
ns1905797.mps
rmine15.mps
fhnw-binschedule2.mps
eva1aprime5x5opt.mps
neos-4290317-perth.mps
neos-4285819-pedja.mps
graphdraw-opmanager.mps
supportcase31.mps
ds-big.mps
tpl-tub-ws1617.mps
lr1dr04vc05v17a-t360.mps
sct1.mps
lr1dr12vc10v70b-t360.mps
satellites4-25.mps
supportcase3.mps
ns1849932.mps
neos-4295773-pissa.mps
seqsolve1.mps
eva1aprime6x6opt.mps
supportcase19.mps
genus-g61-25.mps
mining.mps
neos-1423785.mps
rwth-timetable.mps
amaze22012-03-15i.mps
rocII-10-11.mps
fastxgemm-n3r21s3t6.mps
neos-3530905-gaula.mps
cmflsp40-24-10-7.mps
snp-06-004-052.mps
neos-5076235-embley.mps
gasprod1-1.mps
s100.mps
neos-5196530-nuhaka.mps
snp-04-052-052.mps
n3707.mps
gsvm2rl12.mps
siena1.mps
ivu52.mps
tw-myciel4.mps
supportcase41.mps
fhnw-schedule-paira200.mps
gfd-schedulen180f7d50m.mps30k18
nucorsav.mps
stoch-vrpvrp-s5v2c8vrp.mps-v2c8i
proteindesign121hz512p.mps9
proteindesign121hz512p.mps19
t1722.mps
rfds-4-days.mps
graph40-20-1rand.mps
rocII-8-11.mps
allcolor10.mps
ds.mps
dfn-bwin-DBE.mps
neos-4387871-tavua.mps
supportcase35.mps
neos-3682128-sandon.mps
pythago7824.mps
neos-5045105-creuse.mps
polygonpack5-15.mps
bab6.mps
neos-2974461-ibar.mps
neos-4292145-piako.mps
neos-1420546.mps
supportcase23.mps
neos-5261882-treska.mps
neos-4360552-sangro.mps
cvrpp-n16k8vrpi.mps
splice1k1i.mps
dano3mip.mps
graph40-40-1rand.mps
t1717.mps
a2864-99blp.mps
bley_xs1noM.mps
scpl4.mps
satellites3-25.mps
ger50-17-ptp-pop-6t.mps
shs1042.mps
sorrell7.mps
supportcase38.mps
bppc6-06.mps
neos-4335793-snake.mps
sing326.mps
roi5alpha10n8.mps
hawaiiv10-130.mps
nj3.mps
tokyometro.mps
neos-4647032-veleka.mps
van.mps
bharat.mps
splan1.mps
set3-10.mps
adult-regularized.mps
supportcase22.mps
f2000.mps
seqsolve3short4288exce.mpsss384
neos-4338804-snowy.mps
cmflsp60-36-2-6.mps
neos-4647027-thurso.mps
cmflsp40-36-2-10.mps
snp-10-052-052.mps
comp12-2idx.mps
fhnw-schedule-pairb200.mps
neos-848198.mps
bley_xs1.mps
triptim2.mps
neos-4531126-vouga.mps
scpm1.mps
shipsched.mps
rmatr200-p20.mps
dlr1.mps
fhnw-binpack4-48.mps
stp3d.mps
neos-5221106-oparau.mps
traininstance2.mps
queens-30.mps
elitserienhandball11i.mps
neos-5266653-tugela.mps
polygonpack3-15.mps
neos-3754480-nidda.mps
ns1690781.mps
rmatr200-p10.mps
neos-4165869-wannon.mps
2club200v15p5scn.mps
opm2-z12-s8.mps
genus-g31-8.mps
set3-20.mps
wnq-n100-mw99-14.mps
neos-2987202-jeir.mps
moj-mining.mps
rmine13.mps
icir97_potential.mps
dws012-02.mps
rococoC11-010100.mps
germany50-UUM.mps
neos-4545615-waita.mps
bppc6-02.mps
rmine21.mps
pizza78i.mps
milo-v12-6-r1-58-1.mps
elitserienhandball3i.mps
gmut-76-50.mps
fhnw-schedule-pairb400.mps
neos-3355120-tarago.mps
neos-3615091-sutlej.mps
genus-sym-g31-8.mps
ns1679495.mps
nb10tb.mps
ex1010-pi.mps
seqsolve2short4288.mps
shs1023.mps
neos-2294525-abba.mps
neos-5260764-orauea.mps
sct32.mps
neos-3754224-navua.mps
neos-1420790.mps
dc1c.mps
ofi2.mps
neos-4954672-berkel.mps
stockholm.mps
neos-3355323-arnon.mps
pb-gfrd-pnc.mps
nj1.mps
usAbbrv-8-25_70.mps
zeil.mps
atm20-100.mps
neos-5251015-ogosta.mps
neos-4562542-watut.mps
fhnw-schedule-paira400.mps
gsvm2rl11.mps
circ10-3.mps
neos-2978205-isar.mps
hgms62.mps
radiationm40-10-02.mps
lr1dr02vc05v8a-t360.mps
ivu06-big.mps
gfd-schedulen180f7d50m.mps30k18-16i
neos-3426085-ticino.mps
opm2-z10-s4.mps
genus-sym-grafo5708-48.mps
usafa.mps
ger50_17_trans.mps
nsr8k.mps
fastxgemm-n3r22s4t6.mps
neos-2991472-kalu.mps
shiftreg2-7.mps
sing5.mps
cdma.mps
neos-872648.mps
graph40-80-1rand.mps
bab3.mps
fhnw-binpack4-58.mps
pizza27i.mps
milo-v13-4-3d-3-0.mps
ivu06.mps
snip10x10-35r1budget17.mps
neos-3214367-sovi.mps
bab2.mps
elitserienhandball13i.mps
nj2.mps
adult-max5features.mps
ns1856153.mps
uccase7.mps
r4l4-02-tree-bounds-50.mps
comp21-2idx.mps
hgms-det.mps
neos-4355351-swalm.mps
supportcase10.mps
bg512142.mps
n3700.mps
gmut-75-50.mps
sing17.mps
neos-5223573-tarwin.mps
sorrell3.mps
sct5.mps
nag.mps
fhnw-binschedule0.mps
bab1.mps
splice1k1.mps
tpl-tub-ss16.mps
dws012-03.mps
lr2-22dr3-333vc4v17a-t.mps60
d20200.mps
snp-10-004-052.mps
woodlands09.mps
thor50dday.mps
dolom1.mps
ns930473.mps
bmocbd3.mps
ger50-17-trans-pop-3t.mps
neos-3237086-abava.mps
gmut-76-40.mps
neos-5044663-wairoa.mps
v150d30-2hopcds.mps
set3-16.mps
shs1014.mps
rmine25.mps
neos-4409277-trave.mps
core4872-1529.mps
polygonpack4-7.mps
highschool1-aigio.mps
fhnw-binpack4-77.mps
set3-15.mps
scpn2.mps
neos-3372571-onahau.mps
fhnw-schedule-paira100.mps
sing44.mps
xmas10.mps
ger50-17-trans-dfn-3t.mps
neos-4647030-tutaki.mps
xmas10-2.mps
dg012142.mps
neos-5273874-yomtsa.mps
neos-3426132-dieze.mps
neos-5114902-kasavu.mps
reblock354.mps
fhnw-binschedule1.mps
minutedispatchstrategy.mps
neos-4300652-rahue.mps
triptim7.mps
triptim8.mps
neos-3691541-lonja.mps
sing11.mps
n3705.mps
rmine11.mps
n370b.mps
neos-5093327-huahum.mps
ivu59.mps
neos-954925.mps
neos-3025225-shelon.mps
neos-4343293-stony.mps
rococoC12-010001.mps
probportfolio.mps
supportcase39.mps
kottenpark09.mps
neos-3594536-henty.mps
neos-5041822-cockle.mps
neos-5151569-mologa.mps
neos-4230265-orari.mps
neos-3209462-rhin.mps
dlr2.mps
neos-3656078-kumeu.mps
graph20-80-1rand.mps
elitserienhandball14i.mps
neos-5189128-totara.mps
ger50-17-ptp-pop-3t.mps
fastxgemm-n3r23s5t6.mps
neos-4533806-waima.mps
polygonpack4-10.mps
comp16-3idx.mps
neos-5102383-irwell.mps
neos-4232544-orira.mps
s1234.mps
neos-3322547-alsek.mps
core4284-1064.mps
ramos3.mps
milo-v12-6-r1-75-1.mps
neos-3603137-hoteo.mps
graphdraw-mainerd.mps
sorrell4.mps
neos-3009394-lami.mps
cvrpa-n64k9vrpi.mps
gsvm2rl5.mps
liu.mps
ns1430538.mps
ns2124243.mps
shiftreg5-1.mps
neos-3208254-reiu.mps
rail03.mps
supportcase2.mps
ns1828997.mps
momentum3.mps
nursesched-medium-hint.mps03
neos-3634244-kauru.mps
graphdraw-grafo2.mps
neos-4555749-wards.mps
dc1l.mps
neos-4535459-waipa.mps
neos-4358725-tagus.mps
ns1456591.mps
markshare2.mps
in.mps
neos-4954274-beardy.mps
kosova1.mps
cdc7-4-3-2.mps
tbfp-bigm.mps
ns1631475.mps
rvb-sub.mps
scpk4.mps
neos-5104907-jarama.mps
amaze22012-07-04i.mps
hanoi5.mps
gsvm2rl9.mps
neos-4321076-ruwer.mps
s82.mps
hgms30.mps
pb-market-split8-70-4.mps
genus-sym-g62-2.mps
l2p1i.mps
ns2122698.mps
./60.sh: line 58: 739107 Killed                  ./kissat /home/chenzh/data/hard_cnfs/49.cnf
./60.sh: line 58: 739110 Killed                  ./kissat /home/chenzh/data/hard_cnfs/49.cnf
./60.sh: line 58: 739115 Killed                  ./kissat /home/chenzh/data/hard_cnfs/49.cnf
./60.sh: line 58: 739117 Killed                  ./kissat /home/chenzh/data/hard_cnfs/49.cnf
./60.sh: line 58: 739121 Killed                  ./kissat /home/chenzh/data/hard_cnfs/49.cnf
./60.sh: line 58: 739122 Killed                  ./kissat /home/chenzh/data/hard_cnfs/49.cnf
./60.sh: line 58: 739125 Killed                  ./kissat /home/chenzh/data/hard_cnfs/49.cnf
./60.sh: line 58: 739126 Killed                  ./kissat /home/chenzh/data/hard_cnfs/49.cnf
./60.sh: line 58: 739130 Killed                  ./kissat /home/chenzh/data/hard_cnfs/49.cnf
./60.sh: line 58: 739131 Killed                  ./kissat /home/chenzh/data/hard_cnfs/49.cnf
./60.sh: line 58: 739134 Killed                  ./kissat /home/chenzh/data/hard_cnfs/49.cnf
./60.sh: line 58: 739135 Killed                  ./kissat /home/chenzh/data/hard_cnfs/49.cnf
./60.sh: line 58: 739138 Killed                  ./kissat /home/chenzh/data/hard_cnfs/49.cnf
./60.sh: line 58: 739140 Killed                  ./kissat /home/chenzh/data/hard_cnfs/49.cnf
./60.sh: line 58: 739148 Killed                  ./kissat /home/chenzh/data/hard_cnfs/49.cnf
./60.sh: line 58: 739147 Killed                  ./kissat /home/chenzh/data/hard_cnfs/49.cnf
./60.sh: line 58: 739149 Killed                  ./kissat /home/chenzh/data/hard_cnfs/49.cnf
./60.sh: line 58: 739150 Killed                  ./kissat /home/chenzh/data/hard_cnfs/49.cnf
./60.sh: line 58: 739152 Killed                  ./kissat /home/chenzh/data/hard_cnfs/49.cnf
./60.sh: line 58: 739156 Killed                  ./kissat /home/chenzh/data/hard_cnfs/49.cnf
./60.sh: line 58: 739157 Killed                  ./kissat /home/chenzh/data/hard_cnfs/49.cnf
./60.sh: line 58: 739159 Killed                  ./kissat /home/chenzh/data/hard_cnfs/49.cnf
./60.sh: line 58: 739164 Killed                  ./kissat /home/chenzh/data/hard_cnfs/49.cnf
./60.sh: line 58: 739166 Killed                  ./kissat /home/chenzh/data/hard_cnfs/49.cnf
./60.sh: line 58: 739167 Killed                  ./kissat /home/chenzh/data/hard_cnfs/49.cnf
./60.sh: line 58: 739169 Killed                  ./kissat /home/chenzh/data/hard_cnfs/49.cnf
./60.sh: line 58: 739172 Killed                  ./kissat /home/chenzh/data/hard_cnfs/49.cnf
./60.sh: line 58: 739175 Killed                  ./kissat /home/chenzh/data/hard_cnfs/49.cnf
./60.sh: line 58: 739178 Killed                  ./kissat /home/chenzh/data/hard_cnfs/49.cnf
./60.sh: line 58: 739182 Killed                  ./kissat /home/chenzh/data/hard_cnfs/49.cnf
./60.sh: line 58: 739184 Killed                  ./kissat /home/chenzh/data/hard_cnfs/49.cnf
./60.sh: line 58: 739187 Killed                  ./kissat /home/chenzh/data/hard_cnfs/49.cnf
./60.sh: line 58: 739197 Killed                  ./kissat /home/chenzh/data/hard_cnfs/49.cnf
./60.sh: line 58: 739199 Killed                  ./kissat /home/chenzh/data/hard_cnfs/49.cnf
./60.sh: line 58: 739203 Killed                  ./kissat /home/chenzh/data/hard_cnfs/49.cnf
./60.sh: line 58: 739205 Killed                  ./kissat /home/chenzh/data/hard_cnfs/49.cnf
./60.sh: line 58: 739208 Killed                  ./kissat /home/chenzh/data/hard_cnfs/49.cnf
./60.sh: line 58: 739221 Killed                  ./kissat /home/chenzh/data/hard_cnfs/49.cnf
./60.sh: line 58: 739240 Killed                  ./kissat /home/chenzh/data/hard_cnfs/49.cnf
./60.sh: line 58: 739241 Killed                  ./kissat /home/chenzh/data/hard_cnfs/49.cnf
./60.sh: line 58: 739246 Killed                  ./kissat /home/chenzh/data/hard_cnfs/49.cnf
./60.sh: line 58: 739245 Killed                  ./kissat /home/chenzh/data/hard_cnfs/49.cnf
./60.sh: line 58: 739247 Killed                  ./kissat /home/chenzh/data/hard_cnfs/49.cnf
./60.sh: line 58: 739249 Killed                  ./kissat /home/chenzh/data/hard_cnfs/49.cnf
./60.sh: line 58: 739253 Killed                  ./kissat /home/chenzh/data/hard_cnfs/49.cnf
./60.sh: line 58: 739255 Killed                  ./kissat /home/chenzh/data/hard_cnfs/49.cnf
./60.sh: line 58: 739251 Killed                  ./kissat /home/chenzh/data/hard_cnfs/49.cnf
./60.sh: line 58: 739258 Killed                  ./kissat /home/chenzh/data/hard_cnfs/49.cnf
./60.sh: line 58: 739259 Killed                  ./kissat /home/chenzh/data/hard_cnfs/49.cnf
./60.sh: line 58: 739261 Killed                  ./kissat /home/chenzh/data/hard_cnfs/49.cnf
./60.sh: line 58: 739264 Killed                  ./kissat /home/chenzh/data/hard_cnfs/49.cnf
./60.sh: line 58: 739266 Killed                  ./kissat /home/chenzh/data/hard_cnfs/49.cnf
./60.sh: line 58: 739268 Killed                  ./kissat /home/chenzh/data/hard_cnfs/49.cnf
./60.sh: line 58: 739270 Killed                  ./kissat /home/chenzh/data/hard_cnfs/49.cnf
./60.sh: line 58: 739272 Killed                  ./kissat /home/chenzh/data/hard_cnfs/49.cnf
./60.sh: line 58: 739276 Killed                  ./kissat /home/chenzh/data/hard_cnfs/49.cnf
./60.sh: line 58: 739275 Killed                  ./kissat /home/chenzh/data/hard_cnfs/49.cnf
./60.sh: line 58: 739278 Killed                  ./kissat /home/chenzh/data/hard_cnfs/49.cnf
./60.sh: line 58: 739280 Killed                  ./kissat /home/chenzh/data/hard_cnfs/49.cnf
./60.sh: line 58: 739284 Killed                  ./kissat /home/chenzh/data/hard_cnfs/49.cnf
./60.sh: line 58: 739286 Killed                  ./kissat /home/chenzh/data/hard_cnfs/49.cnf
./60.sh: line 58: 739283 Killed                  ./kissat /home/chenzh/data/hard_cnfs/49.cnf
./60.sh: line 58: 739289 Killed                  ./kissat /home/chenzh/data/hard_cnfs/49.cnf
./60.sh: line 58: 739291 Killed                  ./kissat /home/chenzh/data/hard_cnfs/49.cnf
./60.sh: line 58: 739293 Killed                  ./kissat /home/chenzh/data/hard_cnfs/49.cnf
./60.sh: line 58: 739295 Killed                  ./kissat /home/chenzh/data/hard_cnfs/49.cnf
./60.sh: line 58: 739298 Killed                  ./kissat /home/chenzh/data/hard_cnfs/49.cnf
./60.sh: line 58: 739299 Killed                  ./kissat /home/chenzh/data/hard_cnfs/49.cnf
./60.sh: line 58: 739301 Killed                  ./kissat /home/chenzh/data/hard_cnfs/49.cnf
./60.sh: line 58: 739303 Killed                  ./kissat /home/chenzh/data/hard_cnfs/49.cnf
./60.sh: line 58: 739307 Killed                  ./kissat /home/chenzh/data/hard_cnfs/49.cnf
./60.sh: line 58: 739305 Killed                  ./kissat /home/chenzh/data/hard_cnfs/49.cnf
./60.sh: line 58: 739309 Killed                  ./kissat /home/chenzh/data/hard_cnfs/49.cnf
./60.sh: line 58: 739312 Killed                  ./kissat /home/chenzh/data/hard_cnfs/49.cnf
./60.sh: line 58: 739314 Killed                  ./kissat /home/chenzh/data/hard_cnfs/49.cnf
./60.sh: line 58: 739316 Killed                  ./kissat /home/chenzh/data/hard_cnfs/49.cnf
./60.sh: line 58: 739318 Killed                  ./kissat /home/chenzh/data/hard_cnfs/49.cnf
./60.sh: line 58: 739320 Killed                  ./kissat /home/chenzh/data/hard_cnfs/49.cnf
./60.sh: line 58: 739322 Killed                  ./kissat /home/chenzh/data/hard_cnfs/49.cnf
./60.sh: line 58: 739325 Killed                  ./kissat /home/chenzh/data/hard_cnfs/49.cnf
./60.sh: line 58: 739326 Killed                  ./kissat /home/chenzh/data/hard_cnfs/49.cnf
./60.sh: line 58: 739328 Killed                  ./kissat /home/chenzh/data/hard_cnfs/49.cnf
./60.sh: line 58: 739331 Killed                  ./kissat /home/chenzh/data/hard_cnfs/49.cnf
./60.sh: line 58: 739333 Killed                  ./kissat /home/chenzh/data/hard_cnfs/49.cnf
./60.sh: line 58: 739335 Killed                  ./kissat /home/chenzh/data/hard_cnfs/49.cnf
./60.sh: line 58: 739337 Killed                  ./kissat /home/chenzh/data/hard_cnfs/49.cnf
./60.sh: line 58: 739339 Killed                  ./kissat /home/chenzh/data/hard_cnfs/49.cnf
./60.sh: line 58: 739341 Killed                  ./kissat /home/chenzh/data/hard_cnfs/49.cnf
./60.sh: line 58: 739343 Killed                  ./kissat /home/chenzh/data/hard_cnfs/49.cnf
./60.sh: line 58: 739346 Killed                  ./kissat /home/chenzh/data/hard_cnfs/49.cnf
./60.sh: line 58: 739348 Killed                  ./kissat /home/chenzh/data/hard_cnfs/49.cnf
./60.sh: line 58: 739350 Killed                  ./kissat /home/chenzh/data/hard_cnfs/49.cnf
./60.sh: line 58: 739352 Killed                  ./kissat /home/chenzh/data/hard_cnfs/49.cnf
./60.sh: line 58: 739355 Killed                  ./kissat /home/chenzh/data/hard_cnfs/49.cnf
./60.sh: line 58: 739357 Killed                  ./kissat /home/chenzh/data/hard_cnfs/49.cnf
./60.sh: line 58: 739359 Killed                  ./kissat /home/chenzh/data/hard_cnfs/49.cnf
./60.sh: line 58: 739361 Killed                  ./kissat /home/chenzh/data/hard_cnfs/49.cnf
./60.sh: line 58: 739363 Killed                  ./kissat /home/chenzh/data/hard_cnfs/49.cnf
./60.sh: line 58: 739365 Killed                  ./kissat /home/chenzh/data/hard_cnfs/49.cnf
./60.sh: line 58: 739368 Killed                  ./kissat /home/chenzh/data/hard_cnfs/49.cnf
./60.sh: line 58: 739370 Killed                  ./kissat /home/chenzh/data/hard_cnfs/49.cnf
./60.sh: line 58: 739372 Killed                  ./kissat /home/chenzh/data/hard_cnfs/49.cnf
./60.sh: line 58: 739374 Killed                  ./kissat /home/chenzh/data/hard_cnfs/49.cnf
./60.sh: line 58: 739376 Killed                  ./kissat /home/chenzh/data/hard_cnfs/49.cnf
./60.sh: line 58: 739378 Killed                  ./kissat /home/chenzh/data/hard_cnfs/49.cnf
./60.sh: line 58: 739381 Killed                  ./kissat /home/chenzh/data/hard_cnfs/49.cnf
./60.sh: line 58: 739383 Killed                  ./kissat /home/chenzh/data/hard_cnfs/49.cnf
./60.sh: line 58: 739386 Killed                  ./kissat /home/chenzh/data/hard_cnfs/49.cnf
./60.sh: line 58: 739390 Killed                  ./kissat /home/chenzh/data/hard_cnfs/49.cnf
./60.sh: line 58: 739392 Killed                  ./kissat /home/chenzh/data/hard_cnfs/49.cnf
./60.sh: line 58: 739394 Killed                  ./kissat /home/chenzh/data/hard_cnfs/49.cnf
./60.sh: line 58: 739396 Killed                  ./kissat /home/chenzh/data/hard_cnfs/49.cnf
./60.sh: line 58: 739401 Killed                  ./kissat /home/chenzh/data/hard_cnfs/49.cnf
./60.sh: line 58: 739399 Killed                  ./kissat /home/chenzh/data/hard_cnfs/49.cnf
./60.sh: line 58: 739403 Killed                  ./kissat /home/chenzh/data/hard_cnfs/49.cnf
./60.sh: line 58: 739405 Killed                  ./kissat /home/chenzh/data/hard_cnfs/49.cnf
./60.sh: line 58: 739407 Killed                  ./kissat /home/chenzh/data/hard_cnfs/49.cnf
./60.sh: line 58: 739410 Killed                  ./kissat /home/chenzh/data/hard_cnfs/49.cnf
./60.sh: line 58: 739414 Killed                  ./kissat /home/chenzh/data/hard_cnfs/49.cnf
./60.sh: line 58: 739415 Killed                  ./kissat /home/chenzh/data/hard_cnfs/49.cnf
./60.sh: line 58: 739417 Killed                  ./kissat /home/chenzh/data/hard_cnfs/49.cnf
./60.sh: line 58: 739420 Killed                  ./kissat /home/chenzh/data/hard_cnfs/49.cnf
./60.sh: line 58: 739424 Killed                  ./kissat /home/chenzh/data/hard_cnfs/49.cnf
./60.sh: line 58: 739426 Killed                  ./kissat /home/chenzh/data/hard_cnfs/49.cnf
./60.sh: line 58: 739430 Killed                  ./kissat /home/chenzh/data/hard_cnfs/49.cnf
./60.sh: line 58: 739433 Killed                  ./kissat /home/chenzh/data/hard_cnfs/49.cnf
./60.sh: line 58: 739436 Killed                  ./kissat /home/chenzh/data/hard_cnfs/49.cnf
./60.sh: line 58: 739443 Killed                  ./kissat /home/chenzh/data/hard_cnfs/49.cnf
core2586-950.mps
neos-4264598-oueme.mps
z26.mps
cvrpb-n45k5vrpi.mps
uccase10.mps
pb-grow22.mps
bts4-cta.mps
neos-3695882-vesdre.mps
swath.mps
dws012-01.mps
neos-3740487-motru.mps
assign1-10-4.mps
neos-3068746-nene.mps
allcolor58.mps
polygonpack4-15.mps
dws008-03.mps
set3-09.mps
dws008-01.mps
pythago7825.mps
n3709.mps
neos-3352863-ancoa.mps
datt256.mps
fhnw-sq2.mps
scpj4scip.mps
academictimetablebig.mps
ns1111636.mps
neos-2629914-sudost.mps
ns1904248.mps
milo-v13-4-3d-4-0.mps
triptim4.mps
mkc.mps
supportcase30.mps
ns1905797.mps
rmine15.mps
fhnw-binschedule2.mps
eva1aprime5x5opt.mps
neos-4290317-perth.mps
neos-4285819-pedja.mps
graphdraw-opmanager.mps
supportcase31.mps
ds-big.mps
tpl-tub-ws1617.mps
lr1dr04vc05v17a-t360.mps
sct1.mps
lr1dr12vc10v70b-t360.mps
satellites4-25.mps
supportcase3.mps
ns1849932.mps
neos-4295773-pissa.mps
seqsolve1.mps
eva1aprime6x6opt.mps
supportcase19.mps
genus-g61-25.mps
mining.mps
neos-1423785.mps
rwth-timetable.mps
amaze22012-03-15i.mps
rocII-10-11.mps
fastxgemm-n3r21s3t6.mps
neos-3530905-gaula.mps
cmflsp40-24-10-7.mps
snp-06-004-052.mps
neos-5076235-embley.mps
gasprod1-1.mps
s100.mps
neos-5196530-nuhaka.mps
snp-04-052-052.mps
n3707.mps
gsvm2rl12.mps
siena1.mps
ivu52.mps
tw-myciel4.mps
supportcase41.mps
fhnw-schedule-paira200.mps
gfd-schedulen180f7d50m.mps30k18
nucorsav.mps
stoch-vrpvrp-s5v2c8vrp.mps-v2c8i
proteindesign121hz512p.mps9
proteindesign121hz512p.mps19
t1722.mps
rfds-4-days.mps
graph40-20-1rand.mps
rocII-8-11.mps
allcolor10.mps
ds.mps
dfn-bwin-DBE.mps
neos-4387871-tavua.mps
supportcase35.mps
neos-3682128-sandon.mps
pythago7824.mps
neos-5045105-creuse.mps
polygonpack5-15.mps
bab6.mps
neos-2974461-ibar.mps
neos-4292145-piako.mps
neos-1420546.mps
supportcase23.mps
neos-5261882-treska.mps
neos-4360552-sangro.mps
cvrpp-n16k8vrpi.mps
splice1k1i.mps
dano3mip.mps
graph40-40-1rand.mps
t1717.mps
a2864-99blp.mps
bley_xs1noM.mps
scpl4.mps
satellites3-25.mps
ger50-17-ptp-pop-6t.mps
shs1042.mps
sorrell7.mps
supportcase38.mps
bppc6-06.mps
neos-4335793-snake.mps
sing326.mps
roi5alpha10n8.mps
hawaiiv10-130.mps
nj3.mps
tokyometro.mps
neos-4647032-veleka.mps
van.mps
bharat.mps
splan1.mps
set3-10.mps
adult-regularized.mps
supportcase22.mps
f2000.mps
seqsolve3short4288exce.mpsss384
neos-4338804-snowy.mps
cmflsp60-36-2-6.mps
neos-4647027-thurso.mps
cmflsp40-36-2-10.mps
snp-10-052-052.mps
comp12-2idx.mps
fhnw-schedule-pairb200.mps
neos-848198.mps
bley_xs1.mps
triptim2.mps
neos-4531126-vouga.mps
scpm1.mps
shipsched.mps
rmatr200-p20.mps
dlr1.mps
fhnw-binpack4-48.mps
stp3d.mps
neos-5221106-oparau.mps
traininstance2.mps
queens-30.mps
elitserienhandball11i.mps
neos-5266653-tugela.mps
polygonpack3-15.mps
neos-3754480-nidda.mps
ns1690781.mps
rmatr200-p10.mps
neos-4165869-wannon.mps
2club200v15p5scn.mps
opm2-z12-s8.mps
genus-g31-8.mps
set3-20.mps
wnq-n100-mw99-14.mps
neos-2987202-jeir.mps
moj-mining.mps
rmine13.mps
icir97_potential.mps
dws012-02.mps
rococoC11-010100.mps
germany50-UUM.mps
neos-4545615-waita.mps
bppc6-02.mps
rmine21.mps
pizza78i.mps
milo-v12-6-r1-58-1.mps
elitserienhandball3i.mps
gmut-76-50.mps
fhnw-schedule-pairb400.mps
neos-3355120-tarago.mps
neos-3615091-sutlej.mps
genus-sym-g31-8.mps
ns1679495.mps
nb10tb.mps
ex1010-pi.mps
seqsolve2short4288.mps
shs1023.mps
neos-2294525-abba.mps
neos-5260764-orauea.mps
sct32.mps
neos-3754224-navua.mps
neos-1420790.mps
dc1c.mps
ofi2.mps
neos-4954672-berkel.mps
stockholm.mps
neos-3355323-arnon.mps
pb-gfrd-pnc.mps
nj1.mps
usAbbrv-8-25_70.mps
zeil.mps
atm20-100.mps
neos-5251015-ogosta.mps
neos-4562542-watut.mps
fhnw-schedule-paira400.mps
gsvm2rl11.mps
circ10-3.mps
neos-2978205-isar.mps
hgms62.mps
radiationm40-10-02.mps
lr1dr02vc05v8a-t360.mps
ivu06-big.mps
gfd-schedulen180f7d50m.mps30k18-16i
neos-3426085-ticino.mps
opm2-z10-s4.mps
genus-sym-grafo5708-48.mps
usafa.mps
ger50_17_trans.mps
nsr8k.mps
fastxgemm-n3r22s4t6.mps
neos-2991472-kalu.mps
shiftreg2-7.mps
sing5.mps
cdma.mps
neos-872648.mps
graph40-80-1rand.mps
bab3.mps
fhnw-binpack4-58.mps
pizza27i.mps
milo-v13-4-3d-3-0.mps
ivu06.mps
snip10x10-35r1budget17.mps
neos-3214367-sovi.mps
bab2.mps
elitserienhandball13i.mps
nj2.mps
adult-max5features.mps
ns1856153.mps
uccase7.mps
r4l4-02-tree-bounds-50.mps
comp21-2idx.mps
hgms-det.mps
neos-4355351-swalm.mps
supportcase10.mps
bg512142.mps
n3700.mps
gmut-75-50.mps
sing17.mps
neos-5223573-tarwin.mps
sorrell3.mps
sct5.mps
nag.mps
fhnw-binschedule0.mps
bab1.mps
splice1k1.mps
tpl-tub-ss16.mps
dws012-03.mps
lr2-22dr3-333vc4v17a-t.mps60
d20200.mps
snp-10-004-052.mps
woodlands09.mps
thor50dday.mps
dolom1.mps
ns930473.mps
bmocbd3.mps
ger50-17-trans-pop-3t.mps
neos-3237086-abava.mps
gmut-76-40.mps
neos-5044663-wairoa.mps
v150d30-2hopcds.mps
set3-16.mps
shs1014.mps
rmine25.mps
neos-4409277-trave.mps
core4872-1529.mps
polygonpack4-7.mps
highschool1-aigio.mps
fhnw-binpack4-77.mps
set3-15.mps
scpn2.mps
neos-3372571-onahau.mps
fhnw-schedule-paira100.mps
sing44.mps
xmas10.mps
ger50-17-trans-dfn-3t.mps
neos-4647030-tutaki.mps
xmas10-2.mps
dg012142.mps
neos-5273874-yomtsa.mps
neos-3426132-dieze.mps
neos-5114902-kasavu.mps
reblock354.mps
fhnw-binschedule1.mps
minutedispatchstrategy.mps
neos-4300652-rahue.mps
triptim7.mps
triptim8.mps
neos-3691541-lonja.mps
sing11.mps
n3705.mps
rmine11.mps
n370b.mps
neos-5093327-huahum.mps
ivu59.mps
neos-954925.mps
neos-3025225-shelon.mps
neos-4343293-stony.mps
rococoC12-010001.mps
probportfolio.mps
supportcase39.mps
kottenpark09.mps
neos-3594536-henty.mps
neos-5041822-cockle.mps
neos-5151569-mologa.mps
neos-4230265-orari.mps
neos-3209462-rhin.mps
dlr2.mps
neos-3656078-kumeu.mps
graph20-80-1rand.mps
elitserienhandball14i.mps
neos-5189128-totara.mps
ger50-17-ptp-pop-3t.mps
fastxgemm-n3r23s5t6.mps
neos-4533806-waima.mps
polygonpack4-10.mps
comp16-3idx.mps
neos-5102383-irwell.mps
neos-4232544-orira.mps
s1234.mps
neos-3322547-alsek.mps
core4284-1064.mps
ramos3.mps
milo-v12-6-r1-75-1.mps
neos-3603137-hoteo.mps
graphdraw-mainerd.mps
sorrell4.mps
neos-3009394-lami.mps
cvrpa-n64k9vrpi.mps
gsvm2rl5.mps
liu.mps
ns1430538.mps
ns2124243.mps
shiftreg5-1.mps
neos-3208254-reiu.mps
rail03.mps
supportcase2.mps
ns1828997.mps
momentum3.mps
nursesched-medium-hint.mps03
neos-3634244-kauru.mps
graphdraw-grafo2.mps
neos-4555749-wards.mps
dc1l.mps
neos-4535459-waipa.mps
neos-4358725-tagus.mps
ns1456591.mps
markshare2.mps
in.mps
neos-4954274-beardy.mps
kosova1.mps
cdc7-4-3-2.mps
tbfp-bigm.mps
ns1631475.mps
rvb-sub.mps
scpk4.mps
neos-5104907-jarama.mps
amaze22012-07-04i.mps
hanoi5.mps
gsvm2rl9.mps
neos-4321076-ruwer.mps
s82.mps
hgms30.mps
pb-market-split8-70-4.mps
genus-sym-g62-2.mps
l2p1i.mps
ns2122698.mps
./300.sh: line 58: 741746 Killed                  ./kissat /home/chenzh/data/hard_cnfs/49.cnf
./300.sh: line 58: 741750 Killed                  ./kissat /home/chenzh/data/hard_cnfs/49.cnf
./300.sh: line 58: 741749 Killed                  ./kissat /home/chenzh/data/hard_cnfs/49.cnf
./300.sh: line 58: 741752 Killed                  ./kissat /home/chenzh/data/hard_cnfs/49.cnf
./300.sh: line 58: 741754 Killed                  ./kissat /home/chenzh/data/hard_cnfs/49.cnf
./300.sh: line 58: 741756 Killed                  ./kissat /home/chenzh/data/hard_cnfs/49.cnf
./300.sh: line 58: 741759 Killed                  ./kissat /home/chenzh/data/hard_cnfs/49.cnf
./300.sh: line 58: 741764 Killed                  ./kissat /home/chenzh/data/hard_cnfs/49.cnf
./300.sh: line 58: 741760 Killed                  ./kissat /home/chenzh/data/hard_cnfs/49.cnf
./300.sh: line 58: 741765 Killed                  ./kissat /home/chenzh/data/hard_cnfs/49.cnf
./300.sh: line 58: 741768 Killed                  ./kissat /home/chenzh/data/hard_cnfs/49.cnf
./300.sh: line 58: 741769 Killed                  ./kissat /home/chenzh/data/hard_cnfs/49.cnf
./300.sh: line 58: 741773 Killed                  ./kissat /home/chenzh/data/hard_cnfs/49.cnf
./300.sh: line 58: 741771 Killed                  ./kissat /home/chenzh/data/hard_cnfs/49.cnf
./300.sh: line 58: 741775 Killed                  ./kissat /home/chenzh/data/hard_cnfs/49.cnf
./300.sh: line 58: 741779 Killed                  ./kissat /home/chenzh/data/hard_cnfs/49.cnf
./300.sh: line 58: 741777 Killed                  ./kissat /home/chenzh/data/hard_cnfs/49.cnf
./300.sh: line 58: 741783 Killed                  ./kissat /home/chenzh/data/hard_cnfs/49.cnf
./300.sh: line 58: 741785 Killed                  ./kissat /home/chenzh/data/hard_cnfs/49.cnf
./300.sh: line 58: 741787 Killed                  ./kissat /home/chenzh/data/hard_cnfs/49.cnf
./300.sh: line 58: 741781 Killed                  ./kissat /home/chenzh/data/hard_cnfs/49.cnf
./300.sh: line 58: 741789 Killed                  ./kissat /home/chenzh/data/hard_cnfs/49.cnf
./300.sh: line 58: 741792 Killed                  ./kissat /home/chenzh/data/hard_cnfs/49.cnf
./300.sh: line 58: 741794 Killed                  ./kissat /home/chenzh/data/hard_cnfs/49.cnf
./300.sh: line 58: 741796 Killed                  ./kissat /home/chenzh/data/hard_cnfs/49.cnf
./300.sh: line 58: 741799 Killed                  ./kissat /home/chenzh/data/hard_cnfs/49.cnf
./300.sh: line 58: 741801 Killed                  ./kissat /home/chenzh/data/hard_cnfs/49.cnf
./300.sh: line 58: 741804 Killed                  ./kissat /home/chenzh/data/hard_cnfs/49.cnf
./300.sh: line 58: 741806 Killed                  ./kissat /home/chenzh/data/hard_cnfs/49.cnf
./300.sh: line 58: 741808 Killed                  ./kissat /home/chenzh/data/hard_cnfs/49.cnf
./300.sh: line 58: 741816 Killed                  ./kissat /home/chenzh/data/hard_cnfs/49.cnf
./300.sh: line 58: 741818 Killed                  ./kissat /home/chenzh/data/hard_cnfs/49.cnf
./300.sh: line 58: 741824 Killed                  ./kissat /home/chenzh/data/hard_cnfs/49.cnf
./300.sh: line 58: 741821 Killed                  ./kissat /home/chenzh/data/hard_cnfs/49.cnf
./300.sh: line 58: 741826 Killed                  ./kissat /home/chenzh/data/hard_cnfs/49.cnf
./300.sh: line 58: 741828 Killed                  ./kissat /home/chenzh/data/hard_cnfs/49.cnf
./300.sh: line 58: 741822 Killed                  ./kissat /home/chenzh/data/hard_cnfs/49.cnf
./300.sh: line 58: 741865 Killed                  ./kissat /home/chenzh/data/hard_cnfs/49.cnf
./300.sh: line 58: 742009 Killed                  ./kissat /home/chenzh/data/hard_cnfs/49.cnf
./300.sh: line 58: 742052 Killed                  ./kissat /home/chenzh/data/hard_cnfs/49.cnf
./300.sh: line 58: 742125 Killed                  ./kissat /home/chenzh/data/hard_cnfs/49.cnf
./300.sh: line 58: 742129 Killed                  ./kissat /home/chenzh/data/hard_cnfs/49.cnf
./300.sh: line 58: 742127 Killed                  ./kissat /home/chenzh/data/hard_cnfs/49.cnf
./300.sh: line 58: 742131 Killed                  ./kissat /home/chenzh/data/hard_cnfs/49.cnf
./300.sh: line 58: 742133 Killed                  ./kissat /home/chenzh/data/hard_cnfs/49.cnf
./300.sh: line 58: 742135 Killed                  ./kissat /home/chenzh/data/hard_cnfs/49.cnf
./300.sh: line 58: 742137 Killed                  ./kissat /home/chenzh/data/hard_cnfs/49.cnf
./300.sh: line 58: 742139 Killed                  ./kissat /home/chenzh/data/hard_cnfs/49.cnf
./300.sh: line 58: 742142 Killed                  ./kissat /home/chenzh/data/hard_cnfs/49.cnf
./300.sh: line 58: 742143 Killed                  ./kissat /home/chenzh/data/hard_cnfs/49.cnf
./300.sh: line 58: 742150 Killed                  ./kissat /home/chenzh/data/hard_cnfs/49.cnf
./300.sh: line 58: 742149 Killed                  ./kissat /home/chenzh/data/hard_cnfs/49.cnf
./300.sh: line 58: 742148 Killed                  ./kissat /home/chenzh/data/hard_cnfs/49.cnf
./300.sh: line 58: 742152 Killed                  ./kissat /home/chenzh/data/hard_cnfs/49.cnf
./300.sh: line 58: 742154 Killed                  ./kissat /home/chenzh/data/hard_cnfs/49.cnf
./300.sh: line 58: 742157 Killed                  ./kissat /home/chenzh/data/hard_cnfs/49.cnf
./300.sh: line 58: 742161 Killed                  ./kissat /home/chenzh/data/hard_cnfs/49.cnf
./300.sh: line 58: 742160 Killed                  ./kissat /home/chenzh/data/hard_cnfs/49.cnf
./300.sh: line 58: 742163 Killed                  ./kissat /home/chenzh/data/hard_cnfs/49.cnf
./300.sh: line 58: 742165 Killed                  ./kissat /home/chenzh/data/hard_cnfs/49.cnf
./300.sh: line 58: 742167 Killed                  ./kissat /home/chenzh/data/hard_cnfs/49.cnf
./300.sh: line 58: 742170 Killed                  ./kissat /home/chenzh/data/hard_cnfs/49.cnf
./300.sh: line 58: 742171 Killed                  ./kissat /home/chenzh/data/hard_cnfs/49.cnf
./300.sh: line 58: 742173 Killed                  ./kissat /home/chenzh/data/hard_cnfs/49.cnf
./300.sh: line 58: 742175 Killed                  ./kissat /home/chenzh/data/hard_cnfs/49.cnf
./300.sh: line 58: 742177 Killed                  ./kissat /home/chenzh/data/hard_cnfs/49.cnf
./300.sh: line 58: 742182 Killed                  ./kissat /home/chenzh/data/hard_cnfs/49.cnf
./300.sh: line 58: 742180 Killed                  ./kissat /home/chenzh/data/hard_cnfs/49.cnf
./300.sh: line 58: 742184 Killed                  ./kissat /home/chenzh/data/hard_cnfs/49.cnf
./300.sh: line 58: 742188 Killed                  ./kissat /home/chenzh/data/hard_cnfs/49.cnf
./300.sh: line 58: 742186 Killed                  ./kissat /home/chenzh/data/hard_cnfs/49.cnf
./300.sh: line 58: 742192 Killed                  ./kissat /home/chenzh/data/hard_cnfs/49.cnf
./300.sh: line 58: 742196 Killed                  ./kissat /home/chenzh/data/hard_cnfs/49.cnf
./300.sh: line 58: 742190 Killed                  ./kissat /home/chenzh/data/hard_cnfs/49.cnf
./300.sh: line 58: 742195 Killed                  ./kissat /home/chenzh/data/hard_cnfs/49.cnf
./300.sh: line 58: 742198 Killed                  ./kissat /home/chenzh/data/hard_cnfs/49.cnf
./300.sh: line 58: 742200 Killed                  ./kissat /home/chenzh/data/hard_cnfs/49.cnf
./300.sh: line 58: 742202 Killed                  ./kissat /home/chenzh/data/hard_cnfs/49.cnf
./300.sh: line 58: 742205 Killed                  ./kissat /home/chenzh/data/hard_cnfs/49.cnf
./300.sh: line 58: 742207 Killed                  ./kissat /home/chenzh/data/hard_cnfs/49.cnf
./300.sh: line 58: 742209 Killed                  ./kissat /home/chenzh/data/hard_cnfs/49.cnf
./300.sh: line 58: 742211 Killed                  ./kissat /home/chenzh/data/hard_cnfs/49.cnf
./300.sh: line 58: 742213 Killed                  ./kissat /home/chenzh/data/hard_cnfs/49.cnf
./300.sh: line 58: 742216 Killed                  ./kissat /home/chenzh/data/hard_cnfs/49.cnf
./300.sh: line 58: 742219 Killed                  ./kissat /home/chenzh/data/hard_cnfs/49.cnf
./300.sh: line 58: 742221 Killed                  ./kissat /home/chenzh/data/hard_cnfs/49.cnf
./300.sh: line 58: 742223 Killed                  ./kissat /home/chenzh/data/hard_cnfs/49.cnf
./300.sh: line 58: 742225 Killed                  ./kissat /home/chenzh/data/hard_cnfs/49.cnf
./300.sh: line 58: 742228 Killed                  ./kissat /home/chenzh/data/hard_cnfs/49.cnf
./300.sh: line 58: 742230 Killed                  ./kissat /home/chenzh/data/hard_cnfs/49.cnf
./300.sh: line 58: 742232 Killed                  ./kissat /home/chenzh/data/hard_cnfs/49.cnf
./300.sh: line 58: 742234 Killed                  ./kissat /home/chenzh/data/hard_cnfs/49.cnf
./300.sh: line 58: 742236 Killed                  ./kissat /home/chenzh/data/hard_cnfs/49.cnf
./300.sh: line 58: 742238 Killed                  ./kissat /home/chenzh/data/hard_cnfs/49.cnf
./300.sh: line 58: 742241 Killed                  ./kissat /home/chenzh/data/hard_cnfs/49.cnf
./300.sh: line 58: 742242 Killed                  ./kissat /home/chenzh/data/hard_cnfs/49.cnf
./300.sh: line 58: 742245 Killed                  ./kissat /home/chenzh/data/hard_cnfs/49.cnf
./300.sh: line 58: 742247 Killed                  ./kissat /home/chenzh/data/hard_cnfs/49.cnf
./300.sh: line 58: 742250 Killed                  ./kissat /home/chenzh/data/hard_cnfs/49.cnf
./300.sh: line 58: 742252 Killed                  ./kissat /home/chenzh/data/hard_cnfs/49.cnf
./300.sh: line 58: 742254 Killed                  ./kissat /home/chenzh/data/hard_cnfs/49.cnf
./300.sh: line 58: 742257 Killed                  ./kissat /home/chenzh/data/hard_cnfs/49.cnf
./300.sh: line 58: 742259 Killed                  ./kissat /home/chenzh/data/hard_cnfs/49.cnf
./300.sh: line 58: 742261 Killed                  ./kissat /home/chenzh/data/hard_cnfs/49.cnf
./300.sh: line 58: 742263 Killed                  ./kissat /home/chenzh/data/hard_cnfs/49.cnf
./300.sh: line 58: 742266 Killed                  ./kissat /home/chenzh/data/hard_cnfs/49.cnf
./300.sh: line 58: 742268 Killed                  ./kissat /home/chenzh/data/hard_cnfs/49.cnf
./300.sh: line 58: 742270 Killed                  ./kissat /home/chenzh/data/hard_cnfs/49.cnf
./300.sh: line 58: 742273 Killed                  ./kissat /home/chenzh/data/hard_cnfs/49.cnf
./300.sh: line 58: 742275 Killed                  ./kissat /home/chenzh/data/hard_cnfs/49.cnf
./300.sh: line 58: 742277 Killed                  ./kissat /home/chenzh/data/hard_cnfs/49.cnf
./300.sh: line 58: 742279 Killed                  ./kissat /home/chenzh/data/hard_cnfs/49.cnf
./300.sh: line 58: 742282 Killed                  ./kissat /home/chenzh/data/hard_cnfs/49.cnf
./300.sh: line 58: 742284 Killed                  ./kissat /home/chenzh/data/hard_cnfs/49.cnf
./300.sh: line 58: 742286 Killed                  ./kissat /home/chenzh/data/hard_cnfs/49.cnf
./300.sh: line 58: 742288 Killed                  ./kissat /home/chenzh/data/hard_cnfs/49.cnf
./300.sh: line 58: 742290 Killed                  ./kissat /home/chenzh/data/hard_cnfs/49.cnf
./300.sh: line 58: 742292 Killed                  ./kissat /home/chenzh/data/hard_cnfs/49.cnf
./300.sh: line 58: 742295 Killed                  ./kissat /home/chenzh/data/hard_cnfs/49.cnf
./300.sh: line 58: 742297 Killed                  ./kissat /home/chenzh/data/hard_cnfs/49.cnf
./300.sh: line 58: 742299 Killed                  ./kissat /home/chenzh/data/hard_cnfs/49.cnf
./300.sh: line 58: 742302 Killed                  ./kissat /home/chenzh/data/hard_cnfs/49.cnf
./300.sh: line 58: 742305 Killed                  ./kissat /home/chenzh/data/hard_cnfs/49.cnf
./300.sh: line 58: 742308 Killed                  ./kissat /home/chenzh/data/hard_cnfs/49.cnf
./300.sh: line 58: 742316 Killed                  ./kissat /home/chenzh/data/hard_cnfs/49.cnf
./300.sh: line 58: 742318 Killed                  ./kissat /home/chenzh/data/hard_cnfs/49.cnf
./300.sh: line 58: 742320 Killed                  ./kissat /home/chenzh/data/hard_cnfs/49.cnf
./300.sh: line 58: 742322 Killed                  ./kissat /home/chenzh/data/hard_cnfs/49.cnf
core2586-950.mps
neos-4264598-oueme.mps
z26.mps
cvrpb-n45k5vrpi.mps
uccase10.mps
pb-grow22.mps
bts4-cta.mps
neos-3695882-vesdre.mps
swath.mps
dws012-01.mps
neos-3740487-motru.mps
assign1-10-4.mps
neos-3068746-nene.mps
allcolor58.mps
polygonpack4-15.mps
dws008-03.mps
set3-09.mps
dws008-01.mps
pythago7825.mps
n3709.mps
neos-3352863-ancoa.mps
datt256.mps
fhnw-sq2.mps
scpj4scip.mps
academictimetablebig.mps
ns1111636.mps
neos-2629914-sudost.mps
ns1904248.mps
milo-v13-4-3d-4-0.mps
triptim4.mps
mkc.mps
supportcase30.mps
ns1905797.mps
rmine15.mps
fhnw-binschedule2.mps
eva1aprime5x5opt.mps
neos-4290317-perth.mps
neos-4285819-pedja.mps
graphdraw-opmanager.mps
supportcase31.mps
ds-big.mps
tpl-tub-ws1617.mps
lr1dr04vc05v17a-t360.mps
sct1.mps
lr1dr12vc10v70b-t360.mps
satellites4-25.mps
supportcase3.mps
ns1849932.mps
neos-4295773-pissa.mps
seqsolve1.mps
eva1aprime6x6opt.mps
supportcase19.mps
genus-g61-25.mps
mining.mps
neos-1423785.mps
rwth-timetable.mps
amaze22012-03-15i.mps
rocII-10-11.mps
fastxgemm-n3r21s3t6.mps
neos-3530905-gaula.mps
cmflsp40-24-10-7.mps
snp-06-004-052.mps
neos-5076235-embley.mps
gasprod1-1.mps
s100.mps
neos-5196530-nuhaka.mps
snp-04-052-052.mps
n3707.mps
gsvm2rl12.mps
siena1.mps
ivu52.mps
tw-myciel4.mps
supportcase41.mps
fhnw-schedule-paira200.mps
gfd-schedulen180f7d50m.mps30k18
nucorsav.mps
stoch-vrpvrp-s5v2c8vrp.mps-v2c8i
proteindesign121hz512p.mps9
proteindesign121hz512p.mps19
t1722.mps
rfds-4-days.mps
graph40-20-1rand.mps
rocII-8-11.mps
allcolor10.mps
ds.mps
dfn-bwin-DBE.mps
neos-4387871-tavua.mps
supportcase35.mps
neos-3682128-sandon.mps
pythago7824.mps
neos-5045105-creuse.mps
polygonpack5-15.mps
bab6.mps
neos-2974461-ibar.mps
neos-4292145-piako.mps
neos-1420546.mps
supportcase23.mps
neos-5261882-treska.mps
neos-4360552-sangro.mps
cvrpp-n16k8vrpi.mps
splice1k1i.mps
dano3mip.mps
graph40-40-1rand.mps
t1717.mps
a2864-99blp.mps
bley_xs1noM.mps
scpl4.mps
satellites3-25.mps
ger50-17-ptp-pop-6t.mps
shs1042.mps
sorrell7.mps
supportcase38.mps
bppc6-06.mps
neos-4335793-snake.mps
sing326.mps
roi5alpha10n8.mps
hawaiiv10-130.mps
nj3.mps
tokyometro.mps
neos-4647032-veleka.mps
van.mps
bharat.mps
splan1.mps
set3-10.mps
adult-regularized.mps
supportcase22.mps
f2000.mps
seqsolve3short4288exce.mpsss384
neos-4338804-snowy.mps
cmflsp60-36-2-6.mps
neos-4647027-thurso.mps
cmflsp40-36-2-10.mps
snp-10-052-052.mps
comp12-2idx.mps
fhnw-schedule-pairb200.mps
neos-848198.mps
bley_xs1.mps
triptim2.mps
neos-4531126-vouga.mps
scpm1.mps
shipsched.mps
rmatr200-p20.mps
dlr1.mps
fhnw-binpack4-48.mps
stp3d.mps
neos-5221106-oparau.mps
traininstance2.mps
queens-30.mps
elitserienhandball11i.mps
neos-5266653-tugela.mps
polygonpack3-15.mps
neos-3754480-nidda.mps
ns1690781.mps
rmatr200-p10.mps
neos-4165869-wannon.mps
2club200v15p5scn.mps
opm2-z12-s8.mps
genus-g31-8.mps
set3-20.mps
wnq-n100-mw99-14.mps
neos-2987202-jeir.mps
moj-mining.mps
rmine13.mps
icir97_potential.mps
dws012-02.mps
rococoC11-010100.mps
germany50-UUM.mps
neos-4545615-waita.mps
bppc6-02.mps
rmine21.mps
pizza78i.mps
milo-v12-6-r1-58-1.mps
elitserienhandball3i.mps
gmut-76-50.mps
fhnw-schedule-pairb400.mps
neos-3355120-tarago.mps
neos-3615091-sutlej.mps
genus-sym-g31-8.mps
ns1679495.mps
nb10tb.mps
ex1010-pi.mps
seqsolve2short4288.mps
shs1023.mps
neos-2294525-abba.mps
neos-5260764-orauea.mps
sct32.mps
neos-3754224-navua.mps
neos-1420790.mps
dc1c.mps
ofi2.mps
neos-4954672-berkel.mps
stockholm.mps
neos-3355323-arnon.mps
pb-gfrd-pnc.mps
nj1.mps
usAbbrv-8-25_70.mps
zeil.mps
atm20-100.mps
neos-5251015-ogosta.mps
neos-4562542-watut.mps
fhnw-schedule-paira400.mps
gsvm2rl11.mps
circ10-3.mps
neos-2978205-isar.mps
hgms62.mps
radiationm40-10-02.mps
lr1dr02vc05v8a-t360.mps
ivu06-big.mps
gfd-schedulen180f7d50m.mps30k18-16i
neos-3426085-ticino.mps
opm2-z10-s4.mps
genus-sym-grafo5708-48.mps
usafa.mps
ger50_17_trans.mps
nsr8k.mps
fastxgemm-n3r22s4t6.mps
neos-2991472-kalu.mps
shiftreg2-7.mps
sing5.mps
cdma.mps
neos-872648.mps
graph40-80-1rand.mps
bab3.mps
fhnw-binpack4-58.mps
pizza27i.mps
milo-v13-4-3d-3-0.mps
ivu06.mps
snip10x10-35r1budget17.mps
neos-3214367-sovi.mps
bab2.mps
elitserienhandball13i.mps
nj2.mps
adult-max5features.mps
ns1856153.mps
uccase7.mps
r4l4-02-tree-bounds-50.mps
comp21-2idx.mps
hgms-det.mps
neos-4355351-swalm.mps
supportcase10.mps
bg512142.mps
n3700.mps
gmut-75-50.mps
sing17.mps
neos-5223573-tarwin.mps
sorrell3.mps
sct5.mps
nag.mps
fhnw-binschedule0.mps
bab1.mps
splice1k1.mps
tpl-tub-ss16.mps
dws012-03.mps
lr2-22dr3-333vc4v17a-t.mps60
d20200.mps
snp-10-004-052.mps
woodlands09.mps
thor50dday.mps
dolom1.mps
ns930473.mps
bmocbd3.mps
ger50-17-trans-pop-3t.mps
neos-3237086-abava.mps
gmut-76-40.mps
neos-5044663-wairoa.mps
v150d30-2hopcds.mps
set3-16.mps
shs1014.mps
rmine25.mps
neos-4409277-trave.mps
core4872-1529.mps
polygonpack4-7.mps
highschool1-aigio.mps
fhnw-binpack4-77.mps
set3-15.mps
scpn2.mps
neos-3372571-onahau.mps
fhnw-schedule-paira100.mps
sing44.mps
xmas10.mps
ger50-17-trans-dfn-3t.mps
neos-4647030-tutaki.mps
xmas10-2.mps
dg012142.mps
neos-5273874-yomtsa.mps
neos-3426132-dieze.mps
neos-5114902-kasavu.mps
reblock354.mps
fhnw-binschedule1.mps
minutedispatchstrategy.mps
neos-4300652-rahue.mps
triptim7.mps
triptim8.mps
neos-3691541-lonja.mps
sing11.mps
n3705.mps
rmine11.mps
n370b.mps
neos-5093327-huahum.mps
ivu59.mps
neos-954925.mps
neos-3025225-shelon.mps
neos-4343293-stony.mps
rococoC12-010001.mps
probportfolio.mps
supportcase39.mps
kottenpark09.mps
neos-3594536-henty.mps
neos-5041822-cockle.mps
neos-5151569-mologa.mps
neos-4230265-orari.mps
neos-3209462-rhin.mps
dlr2.mps
neos-3656078-kumeu.mps
graph20-80-1rand.mps
elitserienhandball14i.mps
neos-5189128-totara.mps
ger50-17-ptp-pop-3t.mps
fastxgemm-n3r23s5t6.mps
neos-4533806-waima.mps
polygonpack4-10.mps
comp16-3idx.mps
neos-5102383-irwell.mps
neos-4232544-orira.mps
s1234.mps
neos-3322547-alsek.mps
core4284-1064.mps
ramos3.mps
milo-v12-6-r1-75-1.mps
neos-3603137-hoteo.mps
graphdraw-mainerd.mps
sorrell4.mps
neos-3009394-lami.mps
cvrpa-n64k9vrpi.mps
gsvm2rl5.mps
liu.mps
ns1430538.mps
ns2124243.mps
shiftreg5-1.mps
neos-3208254-reiu.mps
rail03.mps
supportcase2.mps
ns1828997.mps
momentum3.mps
nursesched-medium-hint.mps03
neos-3634244-kauru.mps
graphdraw-grafo2.mps
neos-4555749-wards.mps
dc1l.mps
neos-4535459-waipa.mps
neos-4358725-tagus.mps
ns1456591.mps
markshare2.mps
in.mps
neos-4954274-beardy.mps
kosova1.mps
cdc7-4-3-2.mps
tbfp-bigm.mps
ns1631475.mps
rvb-sub.mps
scpk4.mps
neos-5104907-jarama.mps
amaze22012-07-04i.mps
hanoi5.mps
gsvm2rl9.mps
neos-4321076-ruwer.mps
s82.mps
hgms30.mps
pb-market-split8-70-4.mps
genus-sym-g62-2.mps
l2p1i.mps
ns2122698.mps
./3600.sh: line 58: 751900 Killed                  ./kissat /home/chenzh/data/hard_cnfs/49.cnf
./3600.sh: line 58: 751902 Killed                  ./kissat /home/chenzh/data/hard_cnfs/49.cnf
./3600.sh: line 58: 751906 Killed                  ./kissat /home/chenzh/data/hard_cnfs/49.cnf
./3600.sh: line 58: 751905 Killed                  ./kissat /home/chenzh/data/hard_cnfs/49.cnf
./3600.sh: line 58: 751910 Killed                  ./kissat /home/chenzh/data/hard_cnfs/49.cnf
./3600.sh: line 58: 751908 Killed                  ./kissat /home/chenzh/data/hard_cnfs/49.cnf
./3600.sh: line 58: 751920 Killed                  ./kissat /home/chenzh/data/hard_cnfs/49.cnf
./3600.sh: line 58: 751921 Killed                  ./kissat /home/chenzh/data/hard_cnfs/49.cnf
./3600.sh: line 58: 751916 Killed                  ./kissat /home/chenzh/data/hard_cnfs/49.cnf
./3600.sh: line 58: 751923 Killed                  ./kissat /home/chenzh/data/hard_cnfs/49.cnf
./3600.sh: line 58: 751925 Killed                  ./kissat /home/chenzh/data/hard_cnfs/49.cnf
./3600.sh: line 58: 751927 Killed                  ./kissat /home/chenzh/data/hard_cnfs/49.cnf
./3600.sh: line 58: 751933 Killed                  ./kissat /home/chenzh/data/hard_cnfs/49.cnf
./3600.sh: line 58: 751915 Killed                  ./kissat /home/chenzh/data/hard_cnfs/49.cnf
./3600.sh: line 58: 751929 Killed                  ./kissat /home/chenzh/data/hard_cnfs/49.cnf
./3600.sh: line 58: 751931 Killed                  ./kissat /home/chenzh/data/hard_cnfs/49.cnf
./3600.sh: line 58: 751935 Killed                  ./kissat /home/chenzh/data/hard_cnfs/49.cnf
./3600.sh: line 58: 751912 Killed                  ./kissat /home/chenzh/data/hard_cnfs/49.cnf
./3600.sh: line 58: 751937 Killed                  ./kissat /home/chenzh/data/hard_cnfs/49.cnf
./3600.sh: line 58: 751941 Killed                  ./kissat /home/chenzh/data/hard_cnfs/49.cnf
./3600.sh: line 58: 751939 Killed                  ./kissat /home/chenzh/data/hard_cnfs/49.cnf
./3600.sh: line 58: 751943 Killed                  ./kissat /home/chenzh/data/hard_cnfs/49.cnf
./3600.sh: line 58: 751951 Killed                  ./kissat /home/chenzh/data/hard_cnfs/49.cnf
./3600.sh: line 58: 751948 Killed                  ./kissat /home/chenzh/data/hard_cnfs/49.cnf
./3600.sh: line 58: 751946 Killed                  ./kissat /home/chenzh/data/hard_cnfs/49.cnf
./3600.sh: line 58: 751958 Killed                  ./kissat /home/chenzh/data/hard_cnfs/49.cnf
./3600.sh: line 58: 751960 Killed                  ./kissat /home/chenzh/data/hard_cnfs/49.cnf
./3600.sh: line 58: 751954 Killed                  ./kissat /home/chenzh/data/hard_cnfs/49.cnf
./3600.sh: line 58: 751956 Killed                  ./kissat /home/chenzh/data/hard_cnfs/49.cnf
./3600.sh: line 58: 751964 Killed                  ./kissat /home/chenzh/data/hard_cnfs/49.cnf
./3600.sh: line 58: 751952 Killed                  ./kissat /home/chenzh/data/hard_cnfs/49.cnf
./3600.sh: line 58: 751967 Killed                  ./kissat /home/chenzh/data/hard_cnfs/49.cnf
./3600.sh: line 58: 751972 Killed                  ./kissat /home/chenzh/data/hard_cnfs/49.cnf
./3600.sh: line 58: 751970 Killed                  ./kissat /home/chenzh/data/hard_cnfs/49.cnf
./3600.sh: line 58: 751980 Killed                  ./kissat /home/chenzh/data/hard_cnfs/49.cnf
./3600.sh: line 58: 751982 Killed                  ./kissat /home/chenzh/data/hard_cnfs/49.cnf
./3600.sh: line 58: 751984 Killed                  ./kissat /home/chenzh/data/hard_cnfs/49.cnf
./3600.sh: line 58: 751987 Killed                  ./kissat /home/chenzh/data/hard_cnfs/49.cnf
./3600.sh: line 58: 752182 Killed                  ./kissat /home/chenzh/data/hard_cnfs/49.cnf
./3600.sh: line 58: 752193 Killed                  ./kissat /home/chenzh/data/hard_cnfs/49.cnf
./3600.sh: line 58: 752417 Killed                  ./kissat /home/chenzh/data/hard_cnfs/49.cnf
./3600.sh: line 58: 753357 Killed                  ./kissat /home/chenzh/data/hard_cnfs/49.cnf
./3600.sh: line 58: 754179 Killed                  ./kissat /home/chenzh/data/hard_cnfs/49.cnf
./3600.sh: line 58: 754300 Killed                  ./kissat /home/chenzh/data/hard_cnfs/49.cnf
./3600.sh: line 58: 755013 Killed                  ./kissat /home/chenzh/data/hard_cnfs/49.cnf
./3600.sh: line 58: 755536 Killed                  ./kissat /home/chenzh/data/hard_cnfs/49.cnf
./3600.sh: line 58: 755711 Killed                  ./kissat /home/chenzh/data/hard_cnfs/49.cnf
./3600.sh: line 58: 755712 Killed                  ./kissat /home/chenzh/data/hard_cnfs/49.cnf
./3600.sh: line 58: 755715 Killed                  ./kissat /home/chenzh/data/hard_cnfs/49.cnf
./3600.sh: line 58: 755717 Killed                  ./kissat /home/chenzh/data/hard_cnfs/49.cnf
./3600.sh: line 58: 755719 Killed                  ./kissat /home/chenzh/data/hard_cnfs/49.cnf
./3600.sh: line 58: 755721 Killed                  ./kissat /home/chenzh/data/hard_cnfs/49.cnf
./3600.sh: line 58: 755723 Killed                  ./kissat /home/chenzh/data/hard_cnfs/49.cnf
./3600.sh: line 58: 755725 Killed                  ./kissat /home/chenzh/data/hard_cnfs/49.cnf
./3600.sh: line 58: 755727 Killed                  ./kissat /home/chenzh/data/hard_cnfs/49.cnf
./3600.sh: line 58: 755731 Killed                  ./kissat /home/chenzh/data/hard_cnfs/49.cnf
./3600.sh: line 58: 755729 Killed                  ./kissat /home/chenzh/data/hard_cnfs/49.cnf
./3600.sh: line 58: 755734 Killed                  ./kissat /home/chenzh/data/hard_cnfs/49.cnf
./3600.sh: line 58: 755736 Killed                  ./kissat /home/chenzh/data/hard_cnfs/49.cnf
./3600.sh: line 58: 755739 Killed                  ./kissat /home/chenzh/data/hard_cnfs/49.cnf
./3600.sh: line 58: 755741 Killed                  ./kissat /home/chenzh/data/hard_cnfs/49.cnf
./3600.sh: line 58: 755744 Killed                  ./kissat /home/chenzh/data/hard_cnfs/49.cnf
./3600.sh: line 58: 755745 Killed                  ./kissat /home/chenzh/data/hard_cnfs/49.cnf
./3600.sh: line 58: 755747 Killed                  ./kissat /home/chenzh/data/hard_cnfs/49.cnf
./3600.sh: line 58: 755749 Killed                  ./kissat /home/chenzh/data/hard_cnfs/49.cnf
./3600.sh: line 58: 755751 Killed                  ./kissat /home/chenzh/data/hard_cnfs/49.cnf
./3600.sh: line 58: 755753 Killed                  ./kissat /home/chenzh/data/hard_cnfs/49.cnf
./3600.sh: line 58: 755755 Killed                  ./kissat /home/chenzh/data/hard_cnfs/49.cnf
./3600.sh: line 58: 755757 Killed                  ./kissat /home/chenzh/data/hard_cnfs/49.cnf
./3600.sh: line 58: 755759 Killed                  ./kissat /home/chenzh/data/hard_cnfs/49.cnf
./3600.sh: line 58: 755761 Killed                  ./kissat /home/chenzh/data/hard_cnfs/49.cnf
./3600.sh: line 58: 755763 Killed                  ./kissat /home/chenzh/data/hard_cnfs/49.cnf
./3600.sh: line 58: 755766 Killed                  ./kissat /home/chenzh/data/hard_cnfs/49.cnf
./3600.sh: line 58: 755770 Killed                  ./kissat /home/chenzh/data/hard_cnfs/49.cnf
./3600.sh: line 58: 755768 Killed                  ./kissat /home/chenzh/data/hard_cnfs/49.cnf
./3600.sh: line 58: 755772 Killed                  ./kissat /home/chenzh/data/hard_cnfs/49.cnf
./3600.sh: line 58: 755774 Killed                  ./kissat /home/chenzh/data/hard_cnfs/49.cnf
./3600.sh: line 58: 755776 Killed                  ./kissat /home/chenzh/data/hard_cnfs/49.cnf
./3600.sh: line 58: 755778 Killed                  ./kissat /home/chenzh/data/hard_cnfs/49.cnf
./3600.sh: line 58: 755780 Killed                  ./kissat /home/chenzh/data/hard_cnfs/49.cnf
./3600.sh: line 58: 755782 Killed                  ./kissat /home/chenzh/data/hard_cnfs/49.cnf
./3600.sh: line 58: 755784 Killed                  ./kissat /home/chenzh/data/hard_cnfs/49.cnf
./3600.sh: line 58: 755786 Killed                  ./kissat /home/chenzh/data/hard_cnfs/49.cnf
./3600.sh: line 58: 755788 Killed                  ./kissat /home/chenzh/data/hard_cnfs/49.cnf
./3600.sh: line 58: 755790 Killed                  ./kissat /home/chenzh/data/hard_cnfs/49.cnf
./3600.sh: line 58: 755793 Killed                  ./kissat /home/chenzh/data/hard_cnfs/49.cnf
./3600.sh: line 58: 755795 Killed                  ./kissat /home/chenzh/data/hard_cnfs/49.cnf
./3600.sh: line 58: 755797 Killed                  ./kissat /home/chenzh/data/hard_cnfs/49.cnf
./3600.sh: line 58: 755799 Killed                  ./kissat /home/chenzh/data/hard_cnfs/49.cnf
./3600.sh: line 58: 755803 Killed                  ./kissat /home/chenzh/data/hard_cnfs/49.cnf
./3600.sh: line 58: 755802 Killed                  ./kissat /home/chenzh/data/hard_cnfs/49.cnf
./3600.sh: line 58: 755805 Killed                  ./kissat /home/chenzh/data/hard_cnfs/49.cnf
./3600.sh: line 58: 755808 Killed                  ./kissat /home/chenzh/data/hard_cnfs/49.cnf
./3600.sh: line 58: 755810 Killed                  ./kissat /home/chenzh/data/hard_cnfs/49.cnf
./3600.sh: line 58: 755812 Killed                  ./kissat /home/chenzh/data/hard_cnfs/49.cnf
./3600.sh: line 58: 755814 Killed                  ./kissat /home/chenzh/data/hard_cnfs/49.cnf
./3600.sh: line 58: 755816 Killed                  ./kissat /home/chenzh/data/hard_cnfs/49.cnf
./3600.sh: line 58: 755818 Killed                  ./kissat /home/chenzh/data/hard_cnfs/49.cnf
./3600.sh: line 58: 755820 Killed                  ./kissat /home/chenzh/data/hard_cnfs/49.cnf
./3600.sh: line 58: 755822 Killed                  ./kissat /home/chenzh/data/hard_cnfs/49.cnf
./3600.sh: line 58: 755825 Killed                  ./kissat /home/chenzh/data/hard_cnfs/49.cnf
./3600.sh: line 58: 755827 Killed                  ./kissat /home/chenzh/data/hard_cnfs/49.cnf
./3600.sh: line 58: 755831 Killed                  ./kissat /home/chenzh/data/hard_cnfs/49.cnf
./3600.sh: line 58: 755832 Killed                  ./kissat /home/chenzh/data/hard_cnfs/49.cnf
./3600.sh: line 58: 755834 Killed                  ./kissat /home/chenzh/data/hard_cnfs/49.cnf
./3600.sh: line 58: 755836 Killed                  ./kissat /home/chenzh/data/hard_cnfs/49.cnf
./3600.sh: line 58: 755838 Killed                  ./kissat /home/chenzh/data/hard_cnfs/49.cnf
./3600.sh: line 58: 755841 Killed                  ./kissat /home/chenzh/data/hard_cnfs/49.cnf
./3600.sh: line 58: 755844 Killed                  ./kissat /home/chenzh/data/hard_cnfs/49.cnf
./3600.sh: line 58: 755846 Killed                  ./kissat /home/chenzh/data/hard_cnfs/49.cnf
./3600.sh: line 58: 755849 Killed                  ./kissat /home/chenzh/data/hard_cnfs/49.cnf
./3600.sh: line 58: 755851 Killed                  ./kissat /home/chenzh/data/hard_cnfs/49.cnf
./3600.sh: line 58: 755853 Killed                  ./kissat /home/chenzh/data/hard_cnfs/49.cnf
./3600.sh: line 58: 755856 Killed                  ./kissat /home/chenzh/data/hard_cnfs/49.cnf
./3600.sh: line 58: 755858 Killed                  ./kissat /home/chenzh/data/hard_cnfs/49.cnf
./3600.sh: line 58: 755860 Killed                  ./kissat /home/chenzh/data/hard_cnfs/49.cnf
./3600.sh: line 58: 755862 Killed                  ./kissat /home/chenzh/data/hard_cnfs/49.cnf
./3600.sh: line 58: 755865 Killed                  ./kissat /home/chenzh/data/hard_cnfs/49.cnf
./3600.sh: line 58: 755867 Killed                  ./kissat /home/chenzh/data/hard_cnfs/49.cnf
./3600.sh: line 58: 755869 Killed                  ./kissat /home/chenzh/data/hard_cnfs/49.cnf
./3600.sh: line 58: 755871 Killed                  ./kissat /home/chenzh/data/hard_cnfs/49.cnf
./3600.sh: line 58: 755873 Killed                  ./kissat /home/chenzh/data/hard_cnfs/49.cnf
./3600.sh: line 58: 755876 Killed                  ./kissat /home/chenzh/data/hard_cnfs/49.cnf
./3600.sh: line 58: 755878 Killed                  ./kissat /home/chenzh/data/hard_cnfs/49.cnf
./3600.sh: line 58: 755881 Killed                  ./kissat /home/chenzh/data/hard_cnfs/49.cnf
./3600.sh: line 58: 755883 Killed                  ./kissat /home/chenzh/data/hard_cnfs/49.cnf
./3600.sh: line 58: 755886 Killed                  ./kissat /home/chenzh/data/hard_cnfs/49.cnf
./3600.sh: line 58: 755894 Killed                  ./kissat /home/chenzh/data/hard_cnfs/49.cnf
