s100.mps
cdc7-4-3-2.mps
pb-grow22.mps
f2000.mps
neos-3068746-nene.mps
splice1k1.mps
comp21-2idx.mps
rmine15.mps
rmine11.mps
protfold.mps
woodlands09.mps
neos-3603137-hoteo.mps
comp12-2idx.mps
highschool1-aigio.mps
ns1828997.mps
sorrell4.mps
tokyometro.mps
fhnw-sq2.mps
methanosarcina.mps
rococoC12-111000.mps
usafa.mps
ivu06-big.mps
ds-big.mps
rmine21.mps
bley_xs1.mps
graph40-40-1rand.mps
ivu59.mps
t1722.mps
neos-3322547-alsek.mps
kottenpark09.mps
t1717.mps
wnq-n100-mw99-14.mps
seymour-disj-10.mps
v150d30-2hopcds.mps
neos-4360552-sangro.mps
opm2-z12-s8.mps
seymour.mps
s1234.mps
neos-3682128-sandon.mps
graph40-80-1rand.mps
d20200.mps
academictimetablebig.mps
ivu06.mps
hanoi5.mps
ramos3.mps
pb-gfrd-pnc.mps
2club200v15p5scn.mps
sorrell7.mps
sts405.mps
neos-3355120-tarago.mps
neos-3594536-henty.mps
scpj4scip.mps
zib01.mps
pb-market-split8-70-4.mps
rmine10.mps
rmine25.mps
graph20-80-1rand.mps
neos-954925.mps
neos-3530905-gaula.mps
bab2.mps
ns1853823.mps
bab6.mps
supportcase3.mps
scpk4.mps
sts729.mps
ex1010-pi.mps
proteindesign121hz512p19.mps
a2864-99blp.mps
rococoC12-010001.mps
neos-3426132-dieze.mps
zib02.mps
ns1854840.mps
datt256.mps
neos-4165869-wannon.mps
neos-3355323-arnon.mps
rmine14.mps
pythago7824.mps
ns894236.mps
tw-myciel4.mps
ns894786.mps
p6b.mps
ds.mps
scpm1.mps
neos-4531126-vouga.mps
neos-3214367-sovi.mps
pythago7825.mps
supportcase19.mps
kosova1.mps
bab3.mps
graph40-20-1rand.mps
opm2-z12-s14.mps
scpl4.mps
supportcase30.mps
proteindesign121hz512p9.mps
sorrell3.mps
rail03.mps
neos-2974461-ibar.mps
neos-4954274-beardy.mps
supportcase2.mps
pb-simp-nonunif.mps
circ10-3.mps
bley_xs1noM.mps
opm2-z10-s4.mps
scpn2.mps
rmine13.mps
rococoC11-010100.mps
z26.mps
stp3d.mps
neos-3237086-abava.mps
lectsched-1-obj.mps
opm2-z12-s7.mps
sp97ar.mps
nu120-pr3.mps
supportcase10.mps
neos-3426085-ticino.mps
bab1.mps
d10200.mps
reblock354.mps
queens-30.mps
nursesched-medium-hint03.mps
supportcase22.mps
s100.mps
cdc7-4-3-2.mps
pb-grow22.mps
f2000.mps
neos-3068746-nene.mps
splice1k1.mps
comp21-2idx.mps
rmine15.mps
rmine11.mps
protfold.mps
woodlands09.mps
neos-3603137-hoteo.mps
comp12-2idx.mps
highschool1-aigio.mps
ns1828997.mps
sorrell4.mps
tokyometro.mps
fhnw-sq2.mps
methanosarcina.mps
rococoC12-111000.mps
usafa.mps
ivu06-big.mps
ds-big.mps
rmine21.mps
bley_xs1.mps
graph40-40-1rand.mps
ivu59.mps
t1722.mps
neos-3322547-alsek.mps
kottenpark09.mps
t1717.mps
wnq-n100-mw99-14.mps
seymour-disj-10.mps
v150d30-2hopcds.mps
neos-4360552-sangro.mps
opm2-z12-s8.mps
seymour.mps
s1234.mps
neos-3682128-sandon.mps
graph40-80-1rand.mps
d20200.mps
academictimetablebig.mps
ivu06.mps
hanoi5.mps
ramos3.mps
pb-gfrd-pnc.mps
2club200v15p5scn.mps
sorrell7.mps
sts405.mps
neos-3355120-tarago.mps
neos-3594536-henty.mps
scpj4scip.mps
zib01.mps
pb-market-split8-70-4.mps
rmine10.mps
rmine25.mps
graph20-80-1rand.mps
neos-954925.mps
neos-3530905-gaula.mps
bab2.mps
ns1853823.mps
bab6.mps
supportcase3.mps
scpk4.mps
sts729.mps
ex1010-pi.mps
proteindesign121hz512p19.mps
a2864-99blp.mps
rococoC12-010001.mps
neos-3426132-dieze.mps
zib02.mps
ns1854840.mps
datt256.mps
neos-4165869-wannon.mps
neos-3355323-arnon.mps
rmine14.mps
pythago7824.mps
ns894236.mps
tw-myciel4.mps
ns894786.mps
p6b.mps
ds.mps
scpm1.mps
neos-4531126-vouga.mps
neos-3214367-sovi.mps
pythago7825.mps
supportcase19.mps
kosova1.mps
bab3.mps
graph40-20-1rand.mps
opm2-z12-s14.mps
scpl4.mps
supportcase30.mps
proteindesign121hz512p9.mps
sorrell3.mps
rail03.mps
neos-2974461-ibar.mps
neos-4954274-beardy.mps
supportcase2.mps
pb-simp-nonunif.mps
circ10-3.mps
bley_xs1noM.mps
opm2-z10-s4.mps
scpn2.mps
rmine13.mps
rococoC11-010100.mps
z26.mps
stp3d.mps
neos-3237086-abava.mps
lectsched-1-obj.mps
opm2-z12-s7.mps
sp97ar.mps
nu120-pr3.mps
supportcase10.mps
neos-3426085-ticino.mps
bab1.mps
d10200.mps
reblock354.mps
queens-30.mps
nursesched-medium-hint03.mps
supportcase22.mps
s100.mps
cdc7-4-3-2.mps
pb-grow22.mps
f2000.mps
neos-3068746-nene.mps
splice1k1.mps
comp21-2idx.mps
rmine15.mps
rmine11.mps
protfold.mps
woodlands09.mps
neos-3603137-hoteo.mps
comp12-2idx.mps
highschool1-aigio.mps
ns1828997.mps
sorrell4.mps
tokyometro.mps
fhnw-sq2.mps
methanosarcina.mps
rococoC12-111000.mps
usafa.mps
ivu06-big.mps
ds-big.mps
rmine21.mps
bley_xs1.mps
graph40-40-1rand.mps
ivu59.mps
t1722.mps
neos-3322547-alsek.mps
kottenpark09.mps
t1717.mps
wnq-n100-mw99-14.mps
seymour-disj-10.mps
v150d30-2hopcds.mps
neos-4360552-sangro.mps
opm2-z12-s8.mps
seymour.mps
s1234.mps
neos-3682128-sandon.mps
graph40-80-1rand.mps
d20200.mps
academictimetablebig.mps
ivu06.mps
hanoi5.mps
ramos3.mps
pb-gfrd-pnc.mps
2club200v15p5scn.mps
sorrell7.mps
sts405.mps
neos-3355120-tarago.mps
neos-3594536-henty.mps
scpj4scip.mps
zib01.mps
pb-market-split8-70-4.mps
rmine10.mps
rmine25.mps
graph20-80-1rand.mps
neos-954925.mps
neos-3530905-gaula.mps
bab2.mps
ns1853823.mps
bab6.mps
supportcase3.mps
scpk4.mps
sts729.mps
ex1010-pi.mps
proteindesign121hz512p19.mps
a2864-99blp.mps
rococoC12-010001.mps
neos-3426132-dieze.mps
zib02.mps
ns1854840.mps
datt256.mps
neos-4165869-wannon.mps
neos-3355323-arnon.mps
rmine14.mps
pythago7824.mps
ns894236.mps
tw-myciel4.mps
ns894786.mps
p6b.mps
ds.mps
scpm1.mps
neos-4531126-vouga.mps
neos-3214367-sovi.mps
pythago7825.mps
supportcase19.mps
kosova1.mps
bab3.mps
graph40-20-1rand.mps
opm2-z12-s14.mps
scpl4.mps
supportcase30.mps
proteindesign121hz512p9.mps
sorrell3.mps
rail03.mps
neos-2974461-ibar.mps
neos-4954274-beardy.mps
supportcase2.mps
pb-simp-nonunif.mps
circ10-3.mps
bley_xs1noM.mps
opm2-z10-s4.mps
scpn2.mps
rmine13.mps
rococoC11-010100.mps
z26.mps
stp3d.mps
neos-3237086-abava.mps
lectsched-1-obj.mps
opm2-z12-s7.mps
sp97ar.mps
nu120-pr3.mps
supportcase10.mps
neos-3426085-ticino.mps
bab1.mps
d10200.mps
reblock354.mps
queens-30.mps
nursesched-medium-hint03.mps
supportcase22.mps
