
Gurobi 10.0.0 (linux64, gurobi_cl) logging started Sat Oct 21 11:03:22 2023

Set parameter LogFile to value "gurobi.log"
Using license file /home/linpeng/software/gurobi10/gurobi.lic/gurobi.lic

Gurobi Optimizer version 10.0.0 build v10.0.0rc2 (linux64)
Copyright (c) 2022, Gurobi Optimization, LLC

Read MPS format model from file /pub/netdisk1/linpeng/Local-MIP/benchmark/collection/neos-4338804-snowy.mps
Reading time = 0.00 seconds
neos-4338804-snowy: 1701 rows, 1344 columns, 6342 nonzeros

CPU model: AMD EPYC 7763 64-Core Processor, instruction set [SSE2|AVX|AVX2]
Thread count: 128 physical cores, 128 logical processors, using up to 32 threads

Optimize a model with 1701 rows, 1344 columns and 6342 nonzeros
Model fingerprint: 0xd47660e9
Variable types: 42 continuous, 1302 integer (0 binary)
Coefficient statistics:
  Matrix range     [1e+00, 1e+04]
  Objective range  [1e+00, 2e+01]
  Bounds range     [1e+00, 1e+02]
  RHS range        [1e+00, 1e+04]
Presolve removed 231 rows and 21 columns
Presolve time: 0.01s
Presolved: 1470 rows, 1323 columns, 5040 nonzeros
Variable types: 21 continuous, 1302 integer (1260 binary)
Found heuristic solution: objective 17473.000000
Found heuristic solution: objective 8906.0000000

Root relaxation: objective 1.447000e+03, 399 iterations, 0.00 seconds (0.00 work units)

    Nodes    |    Current Node    |     Objective Bounds      |     Work
 Expl Unexpl |  Obj  Depth IntInf | Incumbent    BestBd   Gap | It/Node Time

     0     0 1447.00000    0   22 8906.00000 1447.00000  83.8%     -    0s
H    0     0                    2021.0000000 1447.00000  28.4%     -    0s
     0     0 1447.00000    0   87 2021.00000 1447.00000  28.4%     -    0s
H    0     0                    1721.0000000 1447.00000  15.9%     -    0s
H    0     0                    1709.0000000 1447.00000  15.3%     -    0s
H    0     0                    1625.0000000 1447.00000  11.0%     -    0s
     0     0 1447.00000    0   86 1625.00000 1447.00000  11.0%     -    0s
     0     0 1447.00000    0   21 1625.00000 1447.00000  11.0%     -    0s
     0     0 1447.00000    0   37 1625.00000 1447.00000  11.0%     -    0s
H    0     0                    1618.0000000 1447.00000  10.6%     -    0s
     0     0 1447.00000    0   20 1618.00000 1447.00000  10.6%     -    0s
     0     0 1447.00000    0   26 1618.00000 1447.00000  10.6%     -    0s
     0     0 1447.00000    0   26 1618.00000 1447.00000  10.6%     -    0s
     0     2 1447.00000    0   20 1618.00000 1447.00000  10.6%     -    0s
H   98   128                    1561.0000000 1447.00000  7.30%   129    0s
H  102   128                    1538.0000000 1447.00000  5.92%   130    0s
H  163   100                    1531.0000000 1447.00000  5.49%  95.6    0s
H 1242   959                    1513.0000000 1447.00000  4.36%  47.4    0s

Cutting planes:
  Gomory: 9
  Cover: 54
  Implied bound: 36
  Clique: 12
  MIR: 12
  StrongCG: 5
  Flow cover: 84
  Zero half: 1
  Relax-and-lift: 28
  PSD: 4

Explored 3057 nodes (117713 simplex iterations) in 1.30 seconds (1.36 work units)
Thread count was 32 (of 128 available processors)

Solution count 10: 1513 1531 1538 ... 8906

Solve interrupted
Best objective 1.513000000000e+03, best bound 1.447000000000e+03, gap 4.3622%

Gurobi 10.0.0 (linux64, gurobi_cl) logging started Sat Oct 21 18:47:47 2023

Set parameter LogFile to value "gurobi.log"
Using license file /home/linpeng/software/gurobi10/gurobi.lic/gurobi.lic

Gurobi Optimizer version 10.0.0 build v10.0.0rc2 (linux64)
Copyright (c) 2022, Gurobi Optimization, LLC

Read MPS format model from file /pub/netdisk1/linpeng/Local-MIP/code/test/test.mps
Reading time = 0.00 seconds
test: 3 rows, 2 columns, 4 nonzeros

CPU model: AMD EPYC 7763 64-Core Processor, instruction set [SSE2|AVX|AVX2]
Thread count: 128 physical cores, 128 logical processors, using up to 32 threads

Optimize a model with 3 rows, 2 columns and 4 nonzeros
Model fingerprint: 0x501d5694
Variable types: 0 continuous, 2 integer (0 binary)
Coefficient statistics:
  Matrix range     [1e+00, 3e+00]
  Objective range  [3e+00, 5e+00]
  Bounds range     [1e+00, 2e+00]
  RHS range        [4e+00, 1e+01]
Presolve time: 0.00s

Explored 0 nodes (0 simplex iterations) in 0.00 seconds (0.00 work units)
Thread count was 1 (of 128 available processors)

Solution count 0

Model is infeasible or unbounded
Best objective -, best bound -, gap -

Gurobi 10.0.0 (linux64, gurobi_cl) logging started Sun Oct 22 10:32:45 2023

Set parameter LogFile to value "gurobi.log"
Using license file /home/linpeng/software/gurobi10/gurobi.lic/gurobi.lic

Gurobi Optimizer version 10.0.0 build v10.0.0rc2 (linux64)
Copyright (c) 2022, Gurobi Optimization, LLC

Read MPS format model from file /pub/netdisk1/linpeng/Local-MIP/code/test/neos-4338804-snowy.mps
Reading time = 0.00 seconds
neos-4338804-snowy: 1701 rows, 1344 columns, 6342 nonzeros

CPU model: AMD EPYC 7763 64-Core Processor, instruction set [SSE2|AVX|AVX2]
Thread count: 128 physical cores, 128 logical processors, using up to 32 threads

Optimize a model with 1701 rows, 1344 columns and 6342 nonzeros
Model fingerprint: 0xd47660e9
Variable types: 42 continuous, 1302 integer (0 binary)
Coefficient statistics:
  Matrix range     [1e+00, 1e+04]
  Objective range  [1e+00, 2e+01]
  Bounds range     [1e+00, 1e+02]
  RHS range        [1e+00, 1e+04]
Presolve removed 231 rows and 21 columns
Presolve time: 0.01s
Presolved: 1470 rows, 1323 columns, 5040 nonzeros
Variable types: 21 continuous, 1302 integer (1260 binary)
Found heuristic solution: objective 17473.000000
Found heuristic solution: objective 8906.0000000

Root relaxation: objective 1.447000e+03, 399 iterations, 0.00 seconds (0.00 work units)

    Nodes    |    Current Node    |     Objective Bounds      |     Work
 Expl Unexpl |  Obj  Depth IntInf | Incumbent    BestBd   Gap | It/Node Time

     0     0 1447.00000    0   22 8906.00000 1447.00000  83.8%     -    0s
H    0     0                    2021.0000000 1447.00000  28.4%     -    0s
     0     0 1447.00000    0   87 2021.00000 1447.00000  28.4%     -    0s
H    0     0                    1721.0000000 1447.00000  15.9%     -    0s
H    0     0                    1709.0000000 1447.00000  15.3%     -    0s
H    0     0                    1625.0000000 1447.00000  11.0%     -    0s
     0     0 1447.00000    0   86 1625.00000 1447.00000  11.0%     -    0s
     0     0 1447.00000    0   21 1625.00000 1447.00000  11.0%     -    0s
     0     0 1447.00000    0   37 1625.00000 1447.00000  11.0%     -    0s
H    0     0                    1618.0000000 1447.00000  10.6%     -    0s
     0     0 1447.00000    0   20 1618.00000 1447.00000  10.6%     -    0s
     0     0 1447.00000    0   26 1618.00000 1447.00000  10.6%     -    0s
     0     0 1447.00000    0   26 1618.00000 1447.00000  10.6%     -    0s
     0     2 1447.00000    0   20 1618.00000 1447.00000  10.6%     -    0s
H   98   128                    1561.0000000 1447.00000  7.30%   129    0s
H  102   128                    1538.0000000 1447.00000  5.92%   130    0s
H  163   100                    1531.0000000 1447.00000  5.49%  95.6    0s

Cutting planes:
  Learned: 1
  Gomory: 2
  Cover: 606
  Implied bound: 427
  Clique: 68
  MIR: 130
  StrongCG: 52
  Zero half: 1
  RLT: 17
  Relax-and-lift: 29
  PSD: 4

Explored 1242 nodes (62664 simplex iterations) in 0.89 seconds (1.02 work units)
Thread count was 32 (of 128 available processors)

Solution count 10: 1531 1538 1561 ... 17473

Solve interrupted
Best objective 1.531000000000e+03, best bound 1.447000000000e+03, gap 5.4866%

Gurobi 10.0.0 (linux64, gurobi_cl) logging started Sun Oct 22 10:33:39 2023

Set parameter LogFile to value "gurobi.log"
Using license file /home/linpeng/software/gurobi10/gurobi.lic/gurobi.lic

Gurobi Optimizer version 10.0.0 build v10.0.0rc2 (linux64)
Copyright (c) 2022, Gurobi Optimization, LLC

Read MPS format model from file /pub/netdisk1/linpeng/Local-MIP/benchmark/collection/supportcase22.mps
Reading time = 0.33 seconds
supportcase22: 260602 rows, 7129 columns, 2228828 nonzeros

CPU model: AMD EPYC 7763 64-Core Processor, instruction set [SSE2|AVX|AVX2]
Thread count: 128 physical cores, 128 logical processors, using up to 32 threads

Optimize a model with 260602 rows, 7129 columns and 2228828 nonzeros
Model fingerprint: 0x9705446f
Variable types: 0 continuous, 7129 integer (7129 binary)
Coefficient statistics:
  Matrix range     [1e+00, 6e+01]
  Objective range  [1e+00, 7e+00]
  Bounds range     [1e+00, 1e+00]
  RHS range        [1e+00, 1e+02]
Presolve removed 640 rows and 640 columns
Presolve time: 1.19s

Explored 0 nodes (0 simplex iterations) in 1.32 seconds (1.26 work units)
Thread count was 1 (of 128 available processors)

Solution count 0

Solve interrupted
Best objective -, best bound -, gap -

Gurobi 10.0.0 (linux64, gurobi_cl) logging started Sun Oct 22 18:11:29 2023

Set parameter LogFile to value "gurobi.log"
Using license file /home/linpeng/software/gurobi10/gurobi.lic/gurobi.lic

Gurobi Optimizer version 10.0.0 build v10.0.0rc2 (linux64)
Copyright (c) 2022, Gurobi Optimization, LLC

Read MPS format model from file /pub/netdisk1/linpeng/Local-MIP/benchmark/collection/markshare_4_0.mps
Reading time = 0.00 seconds
markshare_4_0: 4 rows, 34 columns, 123 nonzeros

Expected format '[var_name] [float_value]', found '-- Configuring done ...'


CPU model: AMD EPYC 7763 64-Core Processor, instruction set [SSE2|AVX|AVX2]
Thread count: 128 physical cores, 128 logical processors, using up to 32 threads

Optimize a model with 4 rows, 34 columns and 123 nonzeros
Model fingerprint: 0x801fc67a
Variable types: 4 continuous, 30 integer (0 binary)
Coefficient statistics:
  Matrix range     [1e+00, 1e+02]
  Objective range  [1e+00, 1e+00]
  Bounds range     [1e+00, 1e+00]
  RHS range        [6e+02, 9e+02]
Found heuristic solution: objective 3082.0000000
Presolve time: 0.00s
Presolved: 4 rows, 34 columns, 123 nonzeros
Variable types: 0 continuous, 34 integer (30 binary)

Root relaxation: objective 0.000000e+00, 13 iterations, 0.00 seconds (0.00 work units)

    Nodes    |    Current Node    |     Objective Bounds      |     Work
 Expl Unexpl |  Obj  Depth IntInf | Incumbent    BestBd   Gap | It/Node Time

     0     0    0.00000    0    4 3082.00000    0.00000   100%     -    0s
H    0     0                     280.0000000    0.00000   100%     -    0s
H    0     0                     106.0000000    0.00000   100%     -    0s
H    0     0                      85.0000000    0.00000   100%     -    0s
H    0     0                      62.0000000    0.00000   100%     -    0s
     0     0    0.00000    0    5   62.00000    0.00000   100%     -    0s
     0     0    0.00000    0    5   62.00000    0.00000   100%     -    0s
H    0     0                      52.0000000    0.00000   100%     -    0s
     0     0    0.00000    0    6   52.00000    0.00000   100%     -    0s
H    0     0                      50.0000000    0.00000   100%     -    0s
H    0     0                      47.0000000    0.00000   100%     -    0s
     0     0    0.00000    0    5   47.00000    0.00000   100%     -    0s
     0     0    0.00000    0    5   47.00000    0.00000   100%     -    0s
     0     0    0.00000    0    5   47.00000    0.00000   100%     -    0s
     0     0    0.00000    0    5   47.00000    0.00000   100%     -    0s
     0     0    0.00000    0    5   47.00000    0.00000   100%     -    0s
H    0     0                       5.0000000    0.00000   100%     -    0s
     0     0    0.00000    0    5    5.00000    0.00000   100%     -    0s
     0     2    0.00000    0    5    5.00000    0.00000   100%     -    0s
H34447  1594                       1.0000000    1.00000  0.00%   1.5    0s

Cutting planes:
  Gomory: 1
  Cover: 319
  MIR: 11
  StrongCG: 4
  Inf proof: 3

Explored 34447 nodes (50788 simplex iterations) in 0.54 seconds (0.44 work units)
Thread count was 32 (of 128 available processors)

Solution count 10: 1 5 47 ... 3082

Optimal solution found (tolerance 1.00e-04)
Best objective 1.000000000000e+00, best bound 1.000000000000e+00, gap 0.0000%

Gurobi 10.0.0 (linux64, gurobi_cl) logging started Sun Oct 22 18:11:54 2023

Set parameter LogFile to value "gurobi.log"
Using license file /home/linpeng/software/gurobi10/gurobi.lic/gurobi.lic

Gurobi Optimizer version 10.0.0 build v10.0.0rc2 (linux64)
Copyright (c) 2022, Gurobi Optimization, LLC

Read MPS format model from file /pub/netdisk1/linpeng/Local-MIP/benchmark/collection/markshare_4_0.mps
Reading time = 0.00 seconds
markshare_4_0: 4 rows, 34 columns, 123 nonzeros

Expected format '[var_name] [float_value]', found '-- Configuring done ...'


CPU model: AMD EPYC 7763 64-Core Processor, instruction set [SSE2|AVX|AVX2]
Thread count: 128 physical cores, 128 logical processors, using up to 32 threads

Optimize a model with 4 rows, 34 columns and 123 nonzeros
Model fingerprint: 0x801fc67a
Variable types: 4 continuous, 30 integer (0 binary)
Coefficient statistics:
  Matrix range     [1e+00, 1e+02]
  Objective range  [1e+00, 1e+00]
  Bounds range     [1e+00, 1e+00]
  RHS range        [6e+02, 9e+02]
Found heuristic solution: objective 3082.0000000
Presolve time: 0.00s
Presolved: 4 rows, 34 columns, 123 nonzeros
Variable types: 0 continuous, 34 integer (30 binary)

Root relaxation: objective 0.000000e+00, 13 iterations, 0.00 seconds (0.00 work units)

    Nodes    |    Current Node    |     Objective Bounds      |     Work
 Expl Unexpl |  Obj  Depth IntInf | Incumbent    BestBd   Gap | It/Node Time

     0     0    0.00000    0    4 3082.00000    0.00000   100%     -    0s
H    0     0                     280.0000000    0.00000   100%     -    0s
H    0     0                     106.0000000    0.00000   100%     -    0s
H    0     0                      85.0000000    0.00000   100%     -    0s
H    0     0                      62.0000000    0.00000   100%     -    0s
     0     0    0.00000    0    5   62.00000    0.00000   100%     -    0s
     0     0    0.00000    0    5   62.00000    0.00000   100%     -    0s
H    0     0                      52.0000000    0.00000   100%     -    0s
     0     0    0.00000    0    6   52.00000    0.00000   100%     -    0s
H    0     0                      50.0000000    0.00000   100%     -    0s
H    0     0                      47.0000000    0.00000   100%     -    0s
     0     0    0.00000    0    5   47.00000    0.00000   100%     -    0s
     0     0    0.00000    0    5   47.00000    0.00000   100%     -    0s
     0     0    0.00000    0    5   47.00000    0.00000   100%     -    0s
     0     0    0.00000    0    5   47.00000    0.00000   100%     -    0s
     0     0    0.00000    0    5   47.00000    0.00000   100%     -    0s
H    0     0                       5.0000000    0.00000   100%     -    0s
     0     0    0.00000    0    5    5.00000    0.00000   100%     -    0s
     0     2    0.00000    0    5    5.00000    0.00000   100%     -    0s
H34447  1594                       1.0000000    1.00000  0.00%   1.5    0s

Cutting planes:
  Gomory: 1
  Cover: 319
  MIR: 11
  StrongCG: 4
  Inf proof: 3

Explored 34447 nodes (50788 simplex iterations) in 0.54 seconds (0.44 work units)
Thread count was 32 (of 128 available processors)

Solution count 10: 1 5 47 ... 3082

Optimal solution found (tolerance 1.00e-04)
Best objective 1.000000000000e+00, best bound 1.000000000000e+00, gap 0.0000%

Gurobi 10.0.0 (linux64, gurobi_cl) logging started Sun Oct 22 18:14:10 2023

Set parameter LogFile to value "gurobi.log"
Using license file /home/linpeng/software/gurobi10/gurobi.lic/gurobi.lic

Gurobi Optimizer version 10.0.0 build v10.0.0rc2 (linux64)
Copyright (c) 2022, Gurobi Optimization, LLC

Read MPS format model from file /pub/netdisk1/linpeng/Local-MIP/benchmark/collection/markshare_4_0.mps
Reading time = 0.00 seconds
markshare_4_0: 4 rows, 34 columns, 123 nonzeros

Expected format '[var_name] [float_value]', found '-- Configuring done ...'


CPU model: AMD EPYC 7763 64-Core Processor, instruction set [SSE2|AVX|AVX2]
Thread count: 128 physical cores, 128 logical processors, using up to 32 threads

Optimize a model with 4 rows, 34 columns and 123 nonzeros
Model fingerprint: 0x801fc67a
Variable types: 4 continuous, 30 integer (0 binary)
Coefficient statistics:
  Matrix range     [1e+00, 1e+02]
  Objective range  [1e+00, 1e+00]
  Bounds range     [1e+00, 1e+00]
  RHS range        [6e+02, 9e+02]
Found heuristic solution: objective 3082.0000000
Presolve time: 0.00s
Presolved: 4 rows, 34 columns, 123 nonzeros
Variable types: 0 continuous, 34 integer (30 binary)

Root relaxation: objective 0.000000e+00, 13 iterations, 0.00 seconds (0.00 work units)

    Nodes    |    Current Node    |     Objective Bounds      |     Work
 Expl Unexpl |  Obj  Depth IntInf | Incumbent    BestBd   Gap | It/Node Time

     0     0    0.00000    0    4 3082.00000    0.00000   100%     -    0s
H    0     0                     280.0000000    0.00000   100%     -    0s
H    0     0                     106.0000000    0.00000   100%     -    0s
H    0     0                      85.0000000    0.00000   100%     -    0s
H    0     0                      62.0000000    0.00000   100%     -    0s
     0     0    0.00000    0    5   62.00000    0.00000   100%     -    0s
     0     0    0.00000    0    5   62.00000    0.00000   100%     -    0s
H    0     0                      52.0000000    0.00000   100%     -    0s
     0     0    0.00000    0    6   52.00000    0.00000   100%     -    0s
H    0     0                      50.0000000    0.00000   100%     -    0s
H    0     0                      47.0000000    0.00000   100%     -    0s
     0     0    0.00000    0    5   47.00000    0.00000   100%     -    0s
     0     0    0.00000    0    5   47.00000    0.00000   100%     -    0s
     0     0    0.00000    0    5   47.00000    0.00000   100%     -    0s
     0     0    0.00000    0    5   47.00000    0.00000   100%     -    0s
     0     0    0.00000    0    5   47.00000    0.00000   100%     -    0s
H    0     0                       5.0000000    0.00000   100%     -    0s
     0     0    0.00000    0    5    5.00000    0.00000   100%     -    0s
     0     2    0.00000    0    5    5.00000    0.00000   100%     -    0s
H34447  1594                       1.0000000    1.00000  0.00%   1.5    0s

Cutting planes:
  Gomory: 1
  Cover: 319
  MIR: 11
  StrongCG: 4
  Inf proof: 3

Explored 34447 nodes (50788 simplex iterations) in 0.51 seconds (0.44 work units)
Thread count was 32 (of 128 available processors)

Solution count 10: 1 5 47 ... 3082

Optimal solution found (tolerance 1.00e-04)
Best objective 1.000000000000e+00, best bound 1.000000000000e+00, gap 0.0000%

Gurobi 10.0.0 (linux64, gurobi_cl) logging started Sun Oct 22 18:14:33 2023

Set parameter LogFile to value "gurobi.log"
Using license file /home/linpeng/software/gurobi10/gurobi.lic/gurobi.lic

Gurobi Optimizer version 10.0.0 build v10.0.0rc2 (linux64)
Copyright (c) 2022, Gurobi Optimization, LLC

Read MPS format model from file /pub/netdisk1/linpeng/Local-MIP/benchmark/collection/markshare_4_0.mps
Reading time = 0.00 seconds
markshare_4_0: 4 rows, 34 columns, 123 nonzeros

Read input file 'test.sol'


CPU model: AMD EPYC 7763 64-Core Processor, instruction set [SSE2|AVX|AVX2]
Thread count: 128 physical cores, 128 logical processors, using up to 32 threads

Optimize a model with 4 rows, 34 columns and 123 nonzeros
Model fingerprint: 0x19794e03
Variable types: 4 continuous, 30 integer (0 binary)
Coefficient statistics:
  Matrix range     [1e+00, 1e+02]
  Objective range  [1e+00, 1e+00]
  Bounds range     [1e+00, 1e+00]
  RHS range        [6e+02, 9e+02]

User MIP start produced solution with objective 84 (0.00s)
Loaded user MIP start with objective 84

Presolve time: 0.00s
Presolved: 4 rows, 34 columns, 123 nonzeros
Variable types: 0 continuous, 34 integer (30 binary)

Root relaxation: objective 0.000000e+00, 13 iterations, 0.00 seconds (0.00 work units)

    Nodes    |    Current Node    |     Objective Bounds      |     Work
 Expl Unexpl |  Obj  Depth IntInf | Incumbent    BestBd   Gap | It/Node Time

     0     0    0.00000    0    4   84.00000    0.00000   100%     -    0s
     0     0    0.00000    0    5   84.00000    0.00000   100%     -    0s
H    0     0                      62.0000000    0.00000   100%     -    0s
     0     0    0.00000    0    5   62.00000    0.00000   100%     -    0s
     0     0    0.00000    0    6   62.00000    0.00000   100%     -    0s
H    0     0                      50.0000000    0.00000   100%     -    0s
     0     0    0.00000    0    5   50.00000    0.00000   100%     -    0s
     0     0    0.00000    0    5   50.00000    0.00000   100%     -    0s
H    0     0                      47.0000000    0.00000   100%     -    0s
     0     0    0.00000    0    5   47.00000    0.00000   100%     -    0s
     0     0    0.00000    0    5   47.00000    0.00000   100%     -    0s
     0     0    0.00000    0    4   47.00000    0.00000   100%     -    0s
     0     0    0.00000    0    6   47.00000    0.00000   100%     -    0s
     0     2    0.00000    0    6   47.00000    0.00000   100%     -    0s
H   96   128                      16.0000000    0.00000   100%   2.9    0s
* 5819  1555              24       7.0000000    0.00000   100%   1.9    0s
H14926  1674                       1.0000000    1.00000  0.00%   1.7    0s

Cutting planes:
  Gomory: 1
  Cover: 316
  MIR: 6
  StrongCG: 7
  Inf proof: 3
  RLT: 1

Explored 14926 nodes (25001 simplex iterations) in 0.43 seconds (0.39 work units)
Thread count was 32 (of 128 available processors)

Solution count 7: 1 7 16 ... 84

Optimal solution found (tolerance 1.00e-04)
Best objective 1.000000000000e+00, best bound 1.000000000000e+00, gap 0.0000%

Gurobi 10.0.0 (linux64, gurobi_cl) logging started Sun Oct 22 18:14:53 2023

Set parameter LogFile to value "gurobi.log"
Using license file /home/linpeng/software/gurobi10/gurobi.lic/gurobi.lic

Gurobi Optimizer version 10.0.0 build v10.0.0rc2 (linux64)
Copyright (c) 2022, Gurobi Optimization, LLC

Read MPS format model from file /pub/netdisk1/linpeng/Local-MIP/benchmark/collection/markshare_4_0.mps
Reading time = 0.00 seconds
markshare_4_0: 4 rows, 34 columns, 123 nonzeros

Read input file 'test.sol'


CPU model: AMD EPYC 7763 64-Core Processor, instruction set [SSE2|AVX|AVX2]
Thread count: 128 physical cores, 128 logical processors, using up to 32 threads

Optimize a model with 4 rows, 34 columns and 123 nonzeros
Model fingerprint: 0x19794e03
Variable types: 4 continuous, 30 integer (0 binary)
Coefficient statistics:
  Matrix range     [1e+00, 1e+02]
  Objective range  [1e+00, 1e+00]
  Bounds range     [1e+00, 1e+00]
  RHS range        [6e+02, 9e+02]

User MIP start produced solution with objective 84 (0.01s)
Loaded user MIP start with objective 84

Presolve time: 0.00s
Presolved: 4 rows, 34 columns, 123 nonzeros
Variable types: 0 continuous, 34 integer (30 binary)

Root relaxation: objective 0.000000e+00, 13 iterations, 0.00 seconds (0.00 work units)

    Nodes    |    Current Node    |     Objective Bounds      |     Work
 Expl Unexpl |  Obj  Depth IntInf | Incumbent    BestBd   Gap | It/Node Time

     0     0    0.00000    0    4   84.00000    0.00000   100%     -    0s
     0     0    0.00000    0    5   84.00000    0.00000   100%     -    0s
H    0     0                      62.0000000    0.00000   100%     -    0s
     0     0    0.00000    0    5   62.00000    0.00000   100%     -    0s
     0     0    0.00000    0    6   62.00000    0.00000   100%     -    0s
H    0     0                      50.0000000    0.00000   100%     -    0s
     0     0    0.00000    0    5   50.00000    0.00000   100%     -    0s
     0     0    0.00000    0    5   50.00000    0.00000   100%     -    0s
H    0     0                      47.0000000    0.00000   100%     -    0s
     0     0    0.00000    0    5   47.00000    0.00000   100%     -    0s
     0     0    0.00000    0    5   47.00000    0.00000   100%     -    0s
     0     0    0.00000    0    4   47.00000    0.00000   100%     -    0s
     0     0    0.00000    0    6   47.00000    0.00000   100%     -    0s
     0     2    0.00000    0    6   47.00000    0.00000   100%     -    0s
H   96   128                      16.0000000    0.00000   100%   2.9    0s
* 5819  1555              24       7.0000000    0.00000   100%   1.9    0s
H14926  1674                       1.0000000    1.00000  0.00%   1.7    0s

Cutting planes:
  Gomory: 1
  Cover: 316
  MIR: 6
  StrongCG: 7
  Inf proof: 3
  RLT: 1

Explored 14926 nodes (25001 simplex iterations) in 0.43 seconds (0.39 work units)
Thread count was 32 (of 128 available processors)

Solution count 7: 1 7 16 ... 84

Optimal solution found (tolerance 1.00e-04)
Best objective 1.000000000000e+00, best bound 1.000000000000e+00, gap 0.0000%

Gurobi 10.0.0 (linux64, gurobi_cl) logging started Sun Oct 22 18:15:08 2023

Set parameter LogFile to value "gurobi.log"
Using license file /home/linpeng/software/gurobi10/gurobi.lic/gurobi.lic

Gurobi Optimizer version 10.0.0 build v10.0.0rc2 (linux64)
Copyright (c) 2022, Gurobi Optimization, LLC

Read MPS format model from file /pub/netdisk1/linpeng/Local-MIP/benchmark/collection/markshare_4_0.mps
Reading time = 0.00 seconds
markshare_4_0: 4 rows, 34 columns, 123 nonzeros

Read input file 'test.sol'


CPU model: AMD EPYC 7763 64-Core Processor, instruction set [SSE2|AVX|AVX2]
Thread count: 128 physical cores, 128 logical processors, using up to 32 threads

Optimize a model with 4 rows, 34 columns and 123 nonzeros
Model fingerprint: 0xb0b74a2b
Variable types: 4 continuous, 30 integer (0 binary)
Coefficient statistics:
  Matrix range     [1e+00, 1e+02]
  Objective range  [1e+00, 1e+00]
  Bounds range     [1e+00, 1e+00]
  RHS range        [6e+02, 9e+02]

User MIP start did not produce a new incumbent solution
User MIP start violates constraint C3_ by 0.100000000

Found heuristic solution: objective 3082.0000000
Presolve time: 0.00s
Presolved: 4 rows, 34 columns, 123 nonzeros
Variable types: 0 continuous, 34 integer (30 binary)

Root relaxation: objective 0.000000e+00, 13 iterations, 0.00 seconds (0.00 work units)

    Nodes    |    Current Node    |     Objective Bounds      |     Work
 Expl Unexpl |  Obj  Depth IntInf | Incumbent    BestBd   Gap | It/Node Time

     0     0    0.00000    0    4 3082.00000    0.00000   100%     -    0s
H    0     0                     280.0000000    0.00000   100%     -    0s
H    0     0                     106.0000000    0.00000   100%     -    0s
H    0     0                      85.0000000    0.00000   100%     -    0s
H    0     0                      62.0000000    0.00000   100%     -    0s
     0     0    0.00000    0    5   62.00000    0.00000   100%     -    0s
     0     0    0.00000    0    5   62.00000    0.00000   100%     -    0s
H    0     0                      52.0000000    0.00000   100%     -    0s
     0     0    0.00000    0    6   52.00000    0.00000   100%     -    0s
H    0     0                      50.0000000    0.00000   100%     -    0s
H    0     0                      47.0000000    0.00000   100%     -    0s
     0     0    0.00000    0    5   47.00000    0.00000   100%     -    0s
     0     0    0.00000    0    5   47.00000    0.00000   100%     -    0s
     0     0    0.00000    0    5   47.00000    0.00000   100%     -    0s
     0     0    0.00000    0    5   47.00000    0.00000   100%     -    0s
     0     0    0.00000    0    5   47.00000    0.00000   100%     -    0s
H    0     0                       5.0000000    0.00000   100%     -    0s
     0     0    0.00000    0    5    5.00000    0.00000   100%     -    0s
     0     2    0.00000    0    5    5.00000    0.00000   100%     -    0s
H34447  1594                       1.0000000    1.00000  0.00%   1.5    0s

Cutting planes:
  Gomory: 1
  Cover: 319
  MIR: 11
  StrongCG: 4
  Inf proof: 3

Explored 34447 nodes (50788 simplex iterations) in 0.51 seconds (0.44 work units)
Thread count was 32 (of 128 available processors)

Solution count 10: 1 5 47 ... 3082

Optimal solution found (tolerance 1.00e-04)
Best objective 1.000000000000e+00, best bound 1.000000000000e+00, gap 0.0000%

Gurobi 10.0.0 (linux64, gurobi_cl) logging started Sun Oct 22 18:15:25 2023

Set parameter LogFile to value "gurobi.log"
Using license file /home/linpeng/software/gurobi10/gurobi.lic/gurobi.lic

Gurobi Optimizer version 10.0.0 build v10.0.0rc2 (linux64)
Copyright (c) 2022, Gurobi Optimization, LLC

Read MPS format model from file /pub/netdisk1/linpeng/Local-MIP/benchmark/collection/markshare_4_0.mps
Reading time = 0.00 seconds
markshare_4_0: 4 rows, 34 columns, 123 nonzeros

Read input file 'test.sol'


CPU model: AMD EPYC 7763 64-Core Processor, instruction set [SSE2|AVX|AVX2]
Thread count: 128 physical cores, 128 logical processors, using up to 32 threads

Optimize a model with 4 rows, 34 columns and 123 nonzeros
Model fingerprint: 0x19794e03
Variable types: 4 continuous, 30 integer (0 binary)
Coefficient statistics:
  Matrix range     [1e+00, 1e+02]
  Objective range  [1e+00, 1e+00]
  Bounds range     [1e+00, 1e+00]
  RHS range        [6e+02, 9e+02]

User MIP start produced solution with objective 84 (0.00s)
Loaded user MIP start with objective 84

Presolve time: 0.00s
Presolved: 4 rows, 34 columns, 123 nonzeros
Variable types: 0 continuous, 34 integer (30 binary)

Root relaxation: objective 0.000000e+00, 13 iterations, 0.00 seconds (0.00 work units)

    Nodes    |    Current Node    |     Objective Bounds      |     Work
 Expl Unexpl |  Obj  Depth IntInf | Incumbent    BestBd   Gap | It/Node Time

     0     0    0.00000    0    4   84.00000    0.00000   100%     -    0s
     0     0    0.00000    0    5   84.00000    0.00000   100%     -    0s
H    0     0                      62.0000000    0.00000   100%     -    0s
     0     0    0.00000    0    5   62.00000    0.00000   100%     -    0s
     0     0    0.00000    0    6   62.00000    0.00000   100%     -    0s
H    0     0                      50.0000000    0.00000   100%     -    0s
     0     0    0.00000    0    5   50.00000    0.00000   100%     -    0s
     0     0    0.00000    0    5   50.00000    0.00000   100%     -    0s
H    0     0                      47.0000000    0.00000   100%     -    0s
     0     0    0.00000    0    5   47.00000    0.00000   100%     -    0s
     0     0    0.00000    0    5   47.00000    0.00000   100%     -    0s
     0     0    0.00000    0    4   47.00000    0.00000   100%     -    0s
     0     0    0.00000    0    6   47.00000    0.00000   100%     -    0s
     0     2    0.00000    0    6   47.00000    0.00000   100%     -    0s
H   96   128                      16.0000000    0.00000   100%   2.9    0s
* 5819  1555              24       7.0000000    0.00000   100%   1.9    0s
H14926  1674                       1.0000000    1.00000  0.00%   1.7    0s

Cutting planes:
  Gomory: 1
  Cover: 316
  MIR: 6
  StrongCG: 7
  Inf proof: 3
  RLT: 1

Explored 14926 nodes (25001 simplex iterations) in 0.42 seconds (0.39 work units)
Thread count was 32 (of 128 available processors)

Solution count 7: 1 7 16 ... 84

Optimal solution found (tolerance 1.00e-04)
Best objective 1.000000000000e+00, best bound 1.000000000000e+00, gap 0.0000%

Gurobi 10.0.0 (linux64, gurobi_cl) logging started Sun Oct 22 18:37:08 2023

Set parameter LogFile to value "gurobi.log"
Using license file /home/linpeng/software/gurobi10/gurobi.lic/gurobi.lic

Gurobi Optimizer version 10.0.0 build v10.0.0rc2 (linux64)
Copyright (c) 2022, Gurobi Optimization, LLC

Read MPS format model from file /pub/netdisk1/linpeng/Local-MIP/benchmark/collection/neos-3754480-nidda.mps
Reading time = 0.00 seconds
neos-3754480-nidda: 402 rows, 253 columns, 1488 nonzeros

Read input file 'test.sol'


CPU model: AMD EPYC 7763 64-Core Processor, instruction set [SSE2|AVX|AVX2]
Thread count: 128 physical cores, 128 logical processors, using up to 32 threads

Optimize a model with 402 rows, 253 columns and 1488 nonzeros
Model fingerprint: 0x0e1a430a
Variable types: 203 continuous, 50 integer (0 binary)
Coefficient statistics:
  Matrix range     [3e-01, 1e+04]
  Objective range  [1e+00, 2e+03]
  Bounds range     [1e+00, 1e+00]
  RHS range        [2e+01, 1e+04]

User MIP start produced solution with objective 23757.6 (0.00s)
User MIP start produced solution with objective 22001.1 (0.00s)
User MIP start produced solution with objective 22001.1 (0.00s)
Loaded user MIP start with objective 22001.1

Presolve time: 0.00s
Presolved: 402 rows, 253 columns, 1488 nonzeros
Variable types: 203 continuous, 50 integer (50 binary)
Found heuristic solution: objective 21823.201609

Root relaxation: objective -1.216923e+06, 201 iterations, 0.00 seconds (0.00 work units)

    Nodes    |    Current Node    |     Objective Bounds      |     Work
 Expl Unexpl |  Obj  Depth IntInf | Incumbent    BestBd   Gap | It/Node Time

     0     0 -1216923.3    0   41 21823.2016 -1216923.3  5676%     -    0s
H    0     0                    18143.941239 -1216923.3  6807%     -    0s
H    0     0                    16992.389437 -1216923.3  7262%     -    0s
H    0     0                    16847.040126 -619928.36  3780%     -    0s
     0     0 -619928.36    0   40 16847.0401 -619928.36  3780%     -    0s
H    0     0                    16837.173870 -619928.36  3782%     -    0s
     0     0 -617894.73    0   40 16837.1739 -617894.73  3770%     -    0s
     0     0 -593955.57    0   41 16837.1739 -593955.57  3628%     -    0s
H    0     0                    16681.313905 -593955.57  3661%     -    0s
     0     0 -593955.57    0   40 16681.3139 -593955.57  3661%     -    0s
H    0     0                    16481.525972 -593955.57  3704%     -    0s
     0     0 -593955.57    0   39 16481.5260 -593955.57  3704%     -    0s
     0     0 -593955.57    0   39 16481.5260 -593955.57  3704%     -    0s
     0     0 -593955.57    0   39 16481.5260 -593955.57  3704%     -    0s
H    0     0                    14707.714883 -593955.57  4138%     -    0s
     0     0 -567191.85    0   40 14707.7149 -567191.85  3956%     -    0s
     0     0 -567191.85    0   40 14707.7149 -567191.85  3956%     -    0s
     0     0 -567191.85    0   40 14707.7149 -567191.85  3956%     -    0s
     0     2 -567191.85    0   40 14707.7149 -567191.85  3956%     -    0s
H  160   190                    12959.343042 -486975.34  3858%  24.6    0s
H  161   190                    12946.327516 -486975.34  3861%  24.5    0s
H 1264  1122                    12942.022258 -486975.34  3863%  17.0    0s
H 1289  1122                    12941.738386 -486975.34  3863%  16.9    0s
H 3298  2146                    12940.501134 -456006.15  3624%  18.5    1s
H 3318  2043                    12940.501115 -456006.15  3624%  18.5    1s
 119071 58735 12304.5882   39   19 12940.5011 -165565.17  1379%  18.3    5s
 283861 123958 8682.33468   43   15 12940.5011 -130865.42  1111%  19.1   10s
 482562 196044 8381.50062   42   16 12940.5011 -111561.56   962%  19.6   15s
 671753 257519 -82357.126   31   28 12940.5011 -100165.87   874%  19.9   20s
 869646 320848 -57879.830   34   25 12940.5011 -91365.243   806%  20.1   25s
 1068083 378693 -14561.092   37   21 12940.5011 -84646.754   754%  20.2   30s
 1241766 426925     cutoff   39      12940.5011 -79809.368   717%  20.4   35s
 1430971 475210 -17068.357   35   25 12940.5011 -75410.678   683%  20.5   40s
 1628677 524200 5083.88018   40   18 12940.5011 -71411.808   652%  20.7   45s
 1782495 560974 1736.05235   42   16 12940.5011 -68628.263   630%  20.8   50s
 1967503 602337 -42017.569   34   26 12940.5011 -65732.340   608%  20.9   55s
 2162002 645592 8358.51490   38   20 12940.5011 -62952.315   586%  21.0   60s
 2353180 686332     cutoff   38      12940.5011 -60405.655   567%  21.1   65s
 2545763 725302 -7941.9762   34   26 12940.5011 -57992.360   548%  21.2   70s
 2731556 760178 -50223.116   27   31 12940.5011 -55879.550   532%  21.3   75s
 2924687 796307 -4885.1913   33   26 12940.5011 -53813.300   516%  21.4   80s

Cutting planes:
  Gomory: 20
  MIR: 8
  Flow cover: 37
  RLT: 39

Explored 2930346 nodes (62841649 simplex iterations) in 80.14 seconds (139.46 work units)
Thread count was 32 (of 128 available processors)

Solution count 10: 12940.5 12959.3 14707.7 ... 21823.2

Solve interrupted
Best objective 1.294050111459e+04, best bound -5.374935566935e+04, gap 515.3576%

Gurobi 10.0.0 (linux64, gurobi_cl) logging started Sun Oct 22 18:43:43 2023

Set parameter LogFile to value "gurobi.log"
Using license file /home/linpeng/software/gurobi10/gurobi.lic/gurobi.lic

Gurobi Optimizer version 10.0.0 build v10.0.0rc2 (linux64)
Copyright (c) 2022, Gurobi Optimization, LLC

Read MPS format model from file /pub/netdisk1/linpeng/Local-MIP/benchmark/collection/probportfolio.mps
Reading time = 0.00 seconds
probportfolio: 302 rows, 320 columns, 6620 nonzeros

Read input file 'test.sol'


CPU model: AMD EPYC 7763 64-Core Processor, instruction set [SSE2|AVX|AVX2]
Thread count: 128 physical cores, 128 logical processors, using up to 32 threads

Optimize a model with 302 rows, 320 columns and 6620 nonzeros
Model fingerprint: 0x029f131e
Variable types: 20 continuous, 300 integer (0 binary)
Coefficient statistics:
  Matrix range     [8e-01, 1e+00]
  Objective range  [5e+00, 5e+01]
  Bounds range     [1e+00, 1e+00]
  RHS range        [1e+00, 3e+01]

User MIP start did not produce a new incumbent solution

Presolve time: 0.00s
Presolved: 302 rows, 320 columns, 6620 nonzeros
Variable types: 20 continuous, 300 integer (300 binary)

Root relaxation: objective 5.000000e+00, 125 iterations, 0.00 seconds (0.00 work units)
Another try with MIP start

    Nodes    |    Current Node    |     Objective Bounds      |     Work
 Expl Unexpl |  Obj  Depth IntInf | Incumbent    BestBd   Gap | It/Node Time

     0     0    5.00000    0  110          -    5.00000      -     -    0s
     0     0    7.49214    0  110          -    7.49214      -     -    0s
     0     0    7.49214    0  104          -    7.49214      -     -    0s
     0     0    7.49214    0  105          -    7.49214      -     -    0s
     0     0    7.49214    0  103          -    7.49214      -     -    0s
     0     0    7.51650    0  102          -    7.51650      -     -    0s
     0     0    7.64954    0  100          -    7.64954      -     -    0s
     0     0    7.72807    0   99          -    7.72807      -     -    0s
     0     0    7.77039    0  100          -    7.77039      -     -    0s
     0     0    7.83433    0   97          -    7.83433      -     -    0s
     0     0    7.86379    0   97          -    7.86379      -     -    0s
     0     0    7.91594    0   99          -    7.91594      -     -    0s
     0     0    7.95329    0   98          -    7.95329      -     -    0s
     0     0    7.97256    0   95          -    7.97256      -     -    0s
     0     0    8.00990    0   94          -    8.00990      -     -    0s
     0     0    8.04609    0   93          -    8.04609      -     -    0s
     0     0    8.05996    0   94          -    8.05996      -     -    0s
     0     0    8.07305    0   93          -    8.07305      -     -    0s
     0     0    8.08627    0   93          -    8.08627      -     -    0s
     0     0    8.09042    0   94          -    8.09042      -     -    0s
     0     0    8.09595    0   92          -    8.09595      -     -    0s
     0     0    8.10314    0   93          -    8.10314      -     -    0s
     0     0    8.11096    0   91          -    8.11096      -     -    0s
     0     0    8.11554    0   93          -    8.11554      -     -    0s
     0     0    8.12230    0   90          -    8.12230      -     -    0s
     0     0    8.12680    0   92          -    8.12680      -     -    0s
     0     0    8.12787    0   92          -    8.12787      -     -    0s
     0     0    8.13025    0   92          -    8.13025      -     -    0s
     0     0    8.17971    0   93          -    8.17971      -     -    0s
     0     0    8.20376    0   96          -    8.20376      -     -    0s
     0     0    8.21084    0   96          -    8.21084      -     -    0s
     0     0    8.21521    0   96          -    8.21521      -     -    0s
     0     0    8.21823    0   94          -    8.21823      -     -    0s
     0     0    8.22404    0   94          -    8.22404      -     -    0s
     0     0    8.22847    0   96          -    8.22847      -     -    0s
     0     0    8.22954    0   95          -    8.22954      -     -    0s
     0     0    8.44331    0   94          -    8.44331      -     -    0s
     0     0    8.48911    0   94          -    8.48911      -     -    0s
     0     0    8.52727    0   93          -    8.52727      -     -    0s
     0     0    8.55408    0   95          -    8.55408      -     -    0s
     0     0    8.58703    0   94          -    8.58703      -     -    0s
     0     0    8.62003    0   92          -    8.62003      -     -    0s
     0     0    8.62561    0   91          -    8.62561      -     -    0s
     0     0    8.63007    0   93          -    8.63007      -     -    0s
     0     0    8.63375    0   95          -    8.63375      -     -    0s
     0     0    8.63653    0   95          -    8.63653      -     -    0s
     0     0    8.65092    0   96          -    8.65092      -     -    0s
     0     0    8.65240    0   94          -    8.65240      -     -    0s
     0     0    8.71871    0   96          -    8.71871      -     -    0s
     0     0    8.73034    0   97          -    8.73034      -     -    0s
     0     0    8.75860    0   96          -    8.75860      -     -    0s
     0     0    8.76107    0   99          -    8.76107      -     -    0s
     0     0    8.77080    0   95          -    8.77080      -     -    0s
     0     0    8.77717    0   95          -    8.77717      -     -    0s
     0     0    8.79533    0   95          -    8.79533      -     -    0s
     0     0    8.80386    0   96          -    8.80386      -     -    0s
     0     0    8.80808    0   96          -    8.80808      -     -    0s
     0     0    8.81419    0   96          -    8.81419      -     -    0s
     0     0    8.81840    0   98          -    8.81840      -     -    0s
     0     0    8.82016    0   98          -    8.82016      -     -    0s
     0     0    8.83608    0   98          -    8.83608      -     -    0s
     0     0    8.84006    0   99          -    8.84006      -     -    0s
     0     0    8.84550    0   97          -    8.84550      -     -    0s
     0     0    8.85590    0   98          -    8.85590      -     -    0s
     0     0    8.85841    0   99          -    8.85841      -     -    0s
     0     0    8.86173    0   99          -    8.86173      -     -    0s
     0     0    8.86615    0   96          -    8.86615      -     -    0s
     0     0    8.86736    0   96          -    8.86736      -     -    0s
     0     0    8.89188    0  100          -    8.89188      -     -    0s
     0     0    8.90466    0  100          -    8.90466      -     -    0s
     0     0    8.91180    0   99          -    8.91180      -     -    0s
     0     0    8.92091    0   98          -    8.92091      -     -    0s
     0     0    8.92556    0   95          -    8.92556      -     -    0s
     0     0    8.92922    0   97          -    8.92922      -     -    0s
     0     0    8.93017    0   98          -    8.93017      -     -    0s
     0     0    8.93511    0   99          -    8.93511      -     -    0s
     0     0    8.93631    0  102          -    8.93631      -     -    0s
     0     0    8.94324    0  100          -    8.94324      -     -    0s
     0     0    8.94324    0  100          -    8.94324      -     -    0s
     0     2    8.94324    0  100          -    8.94324      -     -    0s
H20906 12201                      21.7612871    9.66901  55.6%  21.7    2s
H20977 12122                      21.0098074    9.66901  54.0%  21.8    3s
H20979 12089                      20.8027812    9.66901  53.5%  21.8    3s
H20981 12068                      20.5584885    9.66901  53.0%  21.8    3s
H21377 12356                      20.5174058    9.66901  52.9%  21.9    3s
H22935 13137                      20.2780260    9.75085  51.9%  22.3    4s
H22938 13093                      20.0833378    9.75085  51.4%  22.3    4s
H22946 13014                      19.6708877    9.75085  50.4%  22.3    4s
H22958 12995                      19.6035242    9.75085  50.3%  22.3    4s
*28902 17459              78      19.5999474    9.91321  49.4%  23.8    4s
*28910 17454              80      19.5853660    9.91321  49.4%  23.8    4s
 34564 21446   17.15491   30   72   19.58537    9.99191  49.0%  25.4    5s
*40389 23954              76      18.8693903   10.05957  46.7%  26.0    5s
 60778 34735   13.58572   48  100   18.86939   10.26741  45.6%  28.1   11s
H60855 33045                      18.7653168   10.26741  45.3%  28.0   12s
H60867 31399                      18.3665379   10.26741  44.1%  28.0   13s
 60887 31413   15.40360   51  113   18.36654   10.26741  44.1%  28.0   15s
H60892 29843                      18.2804117   10.26741  43.8%  28.0   15s

Cutting planes:
  Gomory: 16
  MIR: 54
  Flow cover: 55
  Relax-and-lift: 3

Explored 60912 nodes (1812954 simplex iterations) in 16.84 seconds (26.83 work units)
Thread count was 32 (of 128 available processors)

Solution count 10: 18.2804 18.3665 18.7653 ... 20.278

Solve interrupted
Best objective 1.828041169143e+01, best bound 1.026740602138e+01, gap 43.8338%

Gurobi 10.0.0 (linux64, gurobi_cl) logging started Sun Oct 22 18:44:03 2023

Set parameter LogFile to value "gurobi.log"
Using license file /home/linpeng/software/gurobi10/gurobi.lic/gurobi.lic

Gurobi Optimizer version 10.0.0 build v10.0.0rc2 (linux64)
Copyright (c) 2022, Gurobi Optimization, LLC

Read MPS format model from file /pub/netdisk1/linpeng/Local-MIP/benchmark/collection/probportfolio.mps
Reading time = 0.00 seconds
probportfolio: 302 rows, 320 columns, 6620 nonzeros

Read input file 'test.sol'


CPU model: AMD EPYC 7763 64-Core Processor, instruction set [SSE2|AVX|AVX2]
Thread count: 128 physical cores, 128 logical processors, using up to 32 threads

Optimize a model with 302 rows, 320 columns and 6620 nonzeros
Model fingerprint: 0x029f131e
Variable types: 20 continuous, 300 integer (0 binary)
Coefficient statistics:
  Matrix range     [8e-01, 1e+00]
  Objective range  [5e+00, 5e+01]
  Bounds range     [1e+00, 1e+00]
  RHS range        [1e+00, 3e+01]

User MIP start did not produce a new incumbent solution

Presolve time: 0.00s
Presolved: 302 rows, 320 columns, 6620 nonzeros
Variable types: 20 continuous, 300 integer (300 binary)

Root relaxation: objective 5.000000e+00, 125 iterations, 0.00 seconds (0.00 work units)
Another try with MIP start

    Nodes    |    Current Node    |     Objective Bounds      |     Work
 Expl Unexpl |  Obj  Depth IntInf | Incumbent    BestBd   Gap | It/Node Time

     0     0    5.00000    0  110          -    5.00000      -     -    0s
     0     0    7.49214    0  110          -    7.49214      -     -    0s
     0     0    7.49214    0  104          -    7.49214      -     -    0s
     0     0    7.49214    0  105          -    7.49214      -     -    0s
     0     0    7.49214    0  103          -    7.49214      -     -    0s
     0     0    7.51650    0  102          -    7.51650      -     -    0s
     0     0    7.64954    0  100          -    7.64954      -     -    0s
     0     0    7.72807    0   99          -    7.72807      -     -    0s
     0     0    7.77039    0  100          -    7.77039      -     -    0s
     0     0    7.83433    0   97          -    7.83433      -     -    0s
     0     0    7.86379    0   97          -    7.86379      -     -    0s
     0     0    7.91594    0   99          -    7.91594      -     -    0s
     0     0    7.95329    0   98          -    7.95329      -     -    0s
     0     0    7.97256    0   95          -    7.97256      -     -    0s
     0     0    8.00990    0   94          -    8.00990      -     -    0s
     0     0    8.04609    0   93          -    8.04609      -     -    0s
     0     0    8.05996    0   94          -    8.05996      -     -    0s
     0     0    8.07305    0   93          -    8.07305      -     -    0s
     0     0    8.08627    0   93          -    8.08627      -     -    0s
     0     0    8.09042    0   94          -    8.09042      -     -    0s
     0     0    8.09595    0   92          -    8.09595      -     -    0s
     0     0    8.10314    0   93          -    8.10314      -     -    0s
     0     0    8.11096    0   91          -    8.11096      -     -    0s
     0     0    8.11554    0   93          -    8.11554      -     -    0s
     0     0    8.12230    0   90          -    8.12230      -     -    0s
     0     0    8.12680    0   92          -    8.12680      -     -    0s
     0     0    8.12787    0   92          -    8.12787      -     -    0s
     0     0    8.13025    0   92          -    8.13025      -     -    0s
     0     0    8.17971    0   93          -    8.17971      -     -    0s
     0     0    8.20376    0   96          -    8.20376      -     -    0s
     0     0    8.21084    0   96          -    8.21084      -     -    0s
     0     0    8.21521    0   96          -    8.21521      -     -    0s
     0     0    8.21823    0   94          -    8.21823      -     -    0s
     0     0    8.22404    0   94          -    8.22404      -     -    0s
     0     0    8.22847    0   96          -    8.22847      -     -    0s
     0     0    8.22954    0   95          -    8.22954      -     -    0s
     0     0    8.44331    0   94          -    8.44331      -     -    0s
     0     0    8.48911    0   94          -    8.48911      -     -    0s
     0     0    8.52727    0   93          -    8.52727      -     -    0s
     0     0    8.55408    0   95          -    8.55408      -     -    0s
     0     0    8.58703    0   94          -    8.58703      -     -    0s
     0     0    8.62003    0   92          -    8.62003      -     -    0s
     0     0    8.62561    0   91          -    8.62561      -     -    0s
     0     0    8.63007    0   93          -    8.63007      -     -    0s
     0     0    8.63375    0   95          -    8.63375      -     -    0s
     0     0    8.63653    0   95          -    8.63653      -     -    0s
     0     0    8.65092    0   96          -    8.65092      -     -    0s
     0     0    8.65240    0   94          -    8.65240      -     -    0s
     0     0    8.71871    0   96          -    8.71871      -     -    0s
     0     0    8.73034    0   97          -    8.73034      -     -    0s
     0     0    8.75860    0   96          -    8.75860      -     -    0s
     0     0    8.76107    0   99          -    8.76107      -     -    0s
     0     0    8.77080    0   95          -    8.77080      -     -    0s
     0     0    8.77717    0   95          -    8.77717      -     -    0s
     0     0    8.79533    0   95          -    8.79533      -     -    0s
     0     0    8.80386    0   96          -    8.80386      -     -    0s
     0     0    8.80808    0   96          -    8.80808      -     -    0s
     0     0    8.81419    0   96          -    8.81419      -     -    0s
     0     0    8.81840    0   98          -    8.81840      -     -    0s
     0     0    8.82016    0   98          -    8.82016      -     -    0s
     0     0    8.83608    0   98          -    8.83608      -     -    0s
     0     0    8.84006    0   99          -    8.84006      -     -    0s
     0     0    8.84550    0   97          -    8.84550      -     -    0s
     0     0    8.85590    0   98          -    8.85590      -     -    0s
     0     0    8.85841    0   99          -    8.85841      -     -    0s
     0     0    8.86173    0   99          -    8.86173      -     -    0s
     0     0    8.86615    0   96          -    8.86615      -     -    0s
     0     0    8.86736    0   96          -    8.86736      -     -    0s
     0     0    8.89188    0  100          -    8.89188      -     -    0s
     0     0    8.90466    0  100          -    8.90466      -     -    0s
     0     0    8.91180    0   99          -    8.91180      -     -    0s
     0     0    8.92091    0   98          -    8.92091      -     -    0s
     0     0    8.92556    0   95          -    8.92556      -     -    0s
     0     0    8.92922    0   97          -    8.92922      -     -    0s
     0     0    8.93017    0   98          -    8.93017      -     -    0s
     0     0    8.93511    0   99          -    8.93511      -     -    0s
     0     0    8.93631    0  102          -    8.93631      -     -    0s
     0     0    8.94324    0  100          -    8.94324      -     -    0s
     0     0    8.94324    0  100          -    8.94324      -     -    0s
     0     2    8.94324    0  100          -    8.94324      -     -    0s
H20906 12201                      21.7612871    9.66901  55.6%  21.7    2s
H20977 12122                      21.0098074    9.66901  54.0%  21.8    3s
H20979 12089                      20.8027812    9.66901  53.5%  21.8    3s
H20981 12068                      20.5584885    9.66901  53.0%  21.8    3s
H21377 12356                      20.5174058    9.66901  52.9%  21.9    3s
H22935 13137                      20.2780260    9.75085  51.9%  22.3    4s
H22946 13014                      19.6708877    9.75085  50.4%  22.3    4s
H22958 12995                      19.6035242    9.75085  50.3%  22.3    4s

Cutting planes:
  Gomory: 60
  MIR: 101
  Flow cover: 290

Explored 22985 nodes (618767 simplex iterations) in 4.25 seconds (8.40 work units)
Thread count was 32 (of 128 available processors)

Solution count 8: 19.6035 19.6709 20.278 ... 21.7613

Solve interrupted
Best objective 1.960352415548e+01, best bound 9.750848538944e+00, gap 50.2597%

Gurobi 10.0.0 (linux64, gurobi_cl) logging started Mon Oct 23 01:03:30 2023

Set parameter LogFile to value "gurobi.log"
Using license file /home/linpeng/software/gurobi10/gurobi.lic/gurobi.lic

Gurobi Optimizer version 10.0.0 build v10.0.0rc2 (linux64)
Copyright (c) 2022, Gurobi Optimization, LLC

Read MPS format model from file /pub/netdisk1/linpeng/Local-MIP/benchmark/collection/gasprod1-1.mps
Reading time = 0.03 seconds
gasprod1-1: 27695 rows, 10920 columns, 201348 nonzeros

Expected format '[var_name] [float_value]', found '-- Configuring done ...'


CPU model: AMD EPYC 7763 64-Core Processor, instruction set [SSE2|AVX|AVX2]
Thread count: 128 physical cores, 128 logical processors, using up to 32 threads

Optimize a model with 27695 rows, 10920 columns and 201348 nonzeros
Model fingerprint: 0x5a8ae33a
Variable types: 6867 continuous, 4053 integer (4053 binary)
Coefficient statistics:
  Matrix range     [2e-07, 7e+03]
  Objective range  [1e-04, 2e+03]
  Bounds range     [1e+00, 2e+04]
  RHS range        [9e-04, 7e+03]
Presolve removed 18778 rows and 6367 columns
Presolve time: 0.40s
Presolved: 8917 rows, 4553 columns, 34389 nonzeros
Variable types: 3628 continuous, 925 integer (925 binary)
Found heuristic solution: objective 104623.62808

Root relaxation: objective -1.820722e+03, 5092 iterations, 0.19 seconds (0.23 work units)

    Nodes    |    Current Node    |     Objective Bounds      |     Work
 Expl Unexpl |  Obj  Depth IntInf | Incumbent    BestBd   Gap | It/Node Time

     0     0 -1820.7217    0  445 104623.628 -1820.7217   102%     -    0s
H    0     0                    2214.1180931 -441.60562   120%     -    0s
     0     0 -441.60562    0  117 2214.11809 -441.60562   120%     -    0s
H    0     0                     765.4148202 -441.60562   158%     -    1s
     0     0 -373.94040    0   93  765.41482 -373.94040   149%     -    1s
     0     0  -42.02984    0  383  765.41482  -42.02984   105%     -    1s
     0     0  181.70588    0   37  765.41482  181.70588  76.3%     -    1s
H    0     0                     649.8539579  181.70588  72.0%     -    1s
     0     0  253.27011    0   26  649.85396  253.27011  61.0%     -    1s
     0     0  253.27011    0   25  649.85396  253.27011  61.0%     -    1s
     0     0  253.27011    0   25  649.85396  253.27011  61.0%     -    1s
     0     0  253.27011    0    5  649.85396  253.27011  61.0%     -    1s
H    0     0                     297.2305503  253.27011  14.8%     -    1s
     0     0  253.27011    0    7  297.23055  253.27011  14.8%     -    1s
     0     0  253.27011    0    7  297.23055  253.27011  14.8%     -    1s
H    0     0                     297.2083030  253.27011  14.8%     -    1s
     0     0  253.27044    0    1  297.20830  253.27044  14.8%     -    1s
H    0     0                     294.3246832  253.27044  13.9%     -    1s
H    0     0                     294.3246592  253.27044  13.9%     -    1s
     0     0  253.27044    0    2  294.32466  253.27044  13.9%     -    1s
H    0     0                     293.9710819  253.27044  13.8%     -    2s
     0     0  253.27044    0    2  293.97108  253.27044  13.8%     -    2s
     0     0  253.27044    0    2  293.97108  253.27044  13.8%     -    2s
     0     0  253.27044    0    2  293.97108  253.27044  13.8%     -    2s
     0     2  253.27044    0    2  293.97108  253.27044  13.8%     -    2s
H   44    62                     293.8435529  253.27044  13.8%  63.8    2s
H   45    62                     293.8300539  253.27044  13.8%  65.9    2s
*  973  1231              33     293.5996787  253.27044  13.7%  20.9    2s
H 1803  1910                     293.2379841  253.27044  13.6%  17.1    2s
H 4073  4049                     292.7763687  253.27044  13.5%  12.5    3s
H 4166  4049                     292.7566368  253.27044  13.5%  14.6    3s
* 6459  5995             152     292.4151837  253.27044  13.4%  25.4    3s
H 6729  6001                     292.4151828  253.27044  13.4%  25.5    5s
H 6730  6001                     292.4151600  253.27044  13.4%  25.5    5s
H 6731  6001                     292.4151508  253.27044  13.4%  25.5    5s
H 6737  6001                     292.1962242  253.27044  13.3%  25.6    5s
H 6783  6001                     291.8192582  253.27044  13.2%  26.8    5s
H 6787  6001                     291.8192457  253.27044  13.2%  26.9    9s
H 6789  5702                     291.5248848  253.27044  13.1%  26.9    9s
H 6789  5417                     291.5248751  253.27044  13.1%  26.9    9s
  6799  5423  253.27044   76    3  291.52488  253.27044  13.1%  26.8   10s
H 6839  5210                     291.5248629  253.27044  13.1%  27.4   10s
H 6844  4950                     291.5248539  253.27044  13.1%  27.4   10s
H 6858  4701                     291.5248526  253.27044  13.1%  27.5   10s
H 8186  5709                     291.5248410  253.27044  13.1%  29.7   10s
H14615  8391                     291.5248373  253.27044  13.1%  41.2   14s
H14617  8179                     291.5248300  253.27044  13.1%  41.2   14s

Cutting planes:
  Gomory: 10
  Cover: 1
  Implied bound: 15
  MIR: 2
  Flow cover: 11
  Zero half: 1

Explored 14663 nodes (622232 simplex iterations) in 14.38 seconds (28.81 work units)
Thread count was 32 (of 128 available processors)

Solution count 10: 291.525 291.525 291.525 ... 292.415

Solve interrupted
Best objective 2.915248300435e+02, best bound 2.532704432794e+02, gap 13.1222%

Gurobi 10.0.0 (linux64, gurobi_cl) logging started Mon Oct 23 01:04:00 2023

Set parameter LogFile to value "gurobi.log"
Using license file /home/linpeng/software/gurobi10/gurobi.lic/gurobi.lic

Gurobi Optimizer version 10.0.0 build v10.0.0rc2 (linux64)
Copyright (c) 2022, Gurobi Optimization, LLC

Read MPS format model from file /pub/netdisk1/linpeng/Local-MIP/benchmark/collection/gasprod1-1.mps
Reading time = 0.03 seconds
gasprod1-1: 27695 rows, 10920 columns, 201348 nonzeros

Read input file 'test.sol'


CPU model: AMD EPYC 7763 64-Core Processor, instruction set [SSE2|AVX|AVX2]
Thread count: 128 physical cores, 128 logical processors, using up to 32 threads

Optimize a model with 27695 rows, 10920 columns and 201348 nonzeros
Model fingerprint: 0x8d89223a
Variable types: 6867 continuous, 4053 integer (4053 binary)
Coefficient statistics:
  Matrix range     [2e-07, 7e+03]
  Objective range  [1e-04, 2e+03]
  Bounds range     [1e+00, 2e+04]
  RHS range        [9e-04, 7e+03]

User MIP start did not produce a new incumbent solution

Presolve removed 18778 rows and 6367 columns
Presolve time: 0.40s
Presolved: 8917 rows, 4553 columns, 34389 nonzeros
Variable types: 3628 continuous, 925 integer (925 binary)
Found heuristic solution: objective 104623.62808

Root relaxation: objective -1.820722e+03, 5092 iterations, 0.19 seconds (0.23 work units)

    Nodes    |    Current Node    |     Objective Bounds      |     Work
 Expl Unexpl |  Obj  Depth IntInf | Incumbent    BestBd   Gap | It/Node Time

     0     0 -1820.7217    0  445 104623.628 -1820.7217   102%     -    0s
Another try with MIP start
H    0     0                    2214.1180931 -441.60562   120%     -    0s
     0     0 -441.60562    0  117 2214.11809 -441.60562   120%     -    0s
H    0     0                     765.4148202 -441.60562   158%     -    1s
     0     0 -373.94040    0   93  765.41482 -373.94040   149%     -    1s
     0     0  -42.02984    0  383  765.41482  -42.02984   105%     -    1s
     0     0  181.70588    0   37  765.41482  181.70588  76.3%     -    1s
H    0     0                     649.8539579  181.70588  72.0%     -    1s
     0     0  253.27011    0   26  649.85396  253.27011  61.0%     -    1s
     0     0  253.27011    0   25  649.85396  253.27011  61.0%     -    1s
     0     0  253.27011    0   25  649.85396  253.27011  61.0%     -    1s
     0     0  253.27011    0    5  649.85396  253.27011  61.0%     -    1s
H    0     0                     297.2305503  253.27011  14.8%     -    1s
     0     0  253.27011    0    7  297.23055  253.27011  14.8%     -    1s
     0     0  253.27011    0    7  297.23055  253.27011  14.8%     -    1s
H    0     0                     297.2083030  253.27011  14.8%     -    1s
     0     0  253.27044    0    1  297.20830  253.27044  14.8%     -    2s
H    0     0                     294.3246832  253.27044  13.9%     -    2s
H    0     0                     294.3246592  253.27044  13.9%     -    2s
     0     0  253.27044    0    2  294.32466  253.27044  13.9%     -    2s
H    0     0                     293.9710819  253.27044  13.8%     -    2s
     0     0  253.27044    0    2  293.97108  253.27044  13.8%     -    2s
     0     0  253.27044    0    2  293.97108  253.27044  13.8%     -    2s
     0     0  253.27044    0    2  293.97108  253.27044  13.8%     -    2s
     0     2  253.27044    0    2  293.97108  253.27044  13.8%     -    2s
H   44    62                     293.8435529  253.27044  13.8%  63.8    2s
H   45    62                     293.8300539  253.27044  13.8%  65.9    2s
*  973  1231              33     293.5996787  253.27044  13.7%  20.9    2s
H 1803  1910                     293.2379841  253.27044  13.6%  17.1    2s
H 4073  4049                     292.7763687  253.27044  13.5%  12.5    3s
H 4166  4049                     292.7566368  253.27044  13.5%  14.6    3s
* 6459  5995             152     292.4151837  253.27044  13.4%  25.4    3s
H 6729  6001                     292.4151828  253.27044  13.4%  25.5    5s
H 6730  6001                     292.4151600  253.27044  13.4%  25.5    5s
H 6731  6001                     292.4151508  253.27044  13.4%  25.5    5s
H 6737  6001                     292.1962242  253.27044  13.3%  25.6    5s
H 6783  6001                     291.8192582  253.27044  13.2%  26.8    5s
H 6787  6001                     291.8192457  253.27044  13.2%  26.9    9s
H 6789  5702                     291.5248848  253.27044  13.1%  26.9    9s
H 6789  5417                     291.5248751  253.27044  13.1%  26.9    9s
  6801  5425  253.27044   48    1  291.52488  253.27044  13.1%  26.8   10s
H 6839  5210                     291.5248629  253.27044  13.1%  27.4   10s
H 6844  4950                     291.5248539  253.27044  13.1%  27.4   10s
H 6858  4701                     291.5248526  253.27044  13.1%  27.5   10s
H 8186  5709                     291.5248410  253.27044  13.1%  29.7   10s
H14615  8391                     291.5248373  253.27044  13.1%  41.2   14s
H14616  8180                     291.5248300  253.27044  13.1%  41.2   14s
 14663  9311  265.90552   83    1  291.52483  253.27044  13.1%  41.9   15s

Cutting planes:
  Gomory: 10
  Cover: 1
  Implied bound: 17
  MIR: 2
  Flow cover: 11
  Zero half: 1

Explored 19575 nodes (956964 simplex iterations) in 16.47 seconds (32.20 work units)
Thread count was 32 (of 128 available processors)

Solution count 10: 291.525 291.525 291.525 ... 292.415

Solve interrupted
Best objective 2.915248300295e+02, best bound 2.532704432794e+02, gap 13.1222%
