core2586-950.mps
neos-4264598-oueme.mps
z26.mps
uccase10.mps
pb-grow22.mps
bts4-cta.mps
neos-3695882-vesdre.mps
swath.mps
dws012-01.mps
neos-3740487-motru.mps
assign1-10-4.mps
neos-3068746-nene.mps
allcolor58.mps
polygonpack4-15.mps
dws008-03.mps
set3-09.mps
dws008-01.mps
pythago7825.mps
n3709.mps
neos-3352863-ancoa.mps
datt256.mps
fhnw-sq2.mps
scpj4scip.mps
academictimetablebig.mps
ns1111636.mps
neos-2629914-sudost.mps
ns1904248.mps
milo-v13-4-3d-4-0.mps
triptim4.mps
mkc.mps
supportcase30.mps
ns1905797.mps
rmine15.mps
fhnw-binschedule2.mps
eva1aprime5x5opt.mps
neos-4290317-perth.mps
neos-4285819-pedja.mps
graphdraw-opmanager.mps
supportcase31.mps
ds-big.mps
tpl-tub-ws1617.mps
lr1dr04vc05v17a-t360.mps
sct1.mps
lr1dr12vc10v70b-t360.mps
satellites4-25.mps
supportcase3.mps
ns1849932.mps
neos-4295773-pissa.mps
seqsolve1.mps
eva1aprime6x6opt.mps
supportcase19.mps
genus-g61-25.mps
mining.mps
neos-1423785.mps
rwth-timetable.mps
rocII-10-11.mps
fastxgemm-n3r21s3t6.mps
neos-3530905-gaula.mps
cmflsp40-24-10-7.mps
snp-06-004-052.mps
neos-5076235-embley.mps
gasprod1-1.mps
s100.mps
neos-5196530-nuhaka.mps
snp-04-052-052.mps
n3707.mps
gsvm2rl12.mps
siena1.mps
tw-myciel4.mps
supportcase41.mps
fhnw-schedule-paira200.mps
gfd-schedulen180f7d50m30k18.mps
nucorsav.mps
proteindesign121hz512p9.mps
proteindesign121hz512p19.mps
t1722.mps
rfds-4-days.mps
graph40-20-1rand.mps
rocII-8-11.mps
allcolor10.mps
ds.mps
dfn-bwin-DBE.mps
neos-4387871-tavua.mps
supportcase35.mps
neos-3682128-sandon.mps
pythago7824.mps
neos-5045105-creuse.mps
polygonpack5-15.mps
bab6.mps
neos-2974461-ibar.mps
neos-4292145-piako.mps
neos-1420546.mps
supportcase23.mps
neos-5261882-treska.mps
neos-4360552-sangro.mps
dano3mip.mps
graph40-40-1rand.mps
t1717.mps
a2864-99blp.mps
bley_xs1noM.mps
scpl4.mps
satellites3-25.mps
ger50-17-ptp-pop-6t.mps
shs1042.mps
sorrell7.mps
supportcase38.mps
bppc6-06.mps
neos-4335793-snake.mps
sing326.mps
roi5alpha10n8.mps
hawaiiv10-130.mps
nj3.mps
tokyometro.mps
neos-4647032-veleka.mps
van.mps
bharat.mps
splan1.mps
set3-10.mps
adult-regularized.mps
supportcase22.mps
f2000.mps
seqsolve3short4288excess384.mps
neos-4338804-snowy.mps
cmflsp60-36-2-6.mps
neos-4647027-thurso.mps
cmflsp40-36-2-10.mps
snp-10-052-052.mps
comp12-2idx.mps
fhnw-schedule-pairb200.mps
neos-848198.mps
bley_xs1.mps
triptim2.mps
neos-4531126-vouga.mps
scpm1.mps
shipsched.mps
rmatr200-p20.mps
dlr1.mps
fhnw-binpack4-48.mps
stp3d.mps
neos-5221106-oparau.mps
traininstance2.mps
queens-30.mps
neos-5266653-tugela.mps
polygonpack3-15.mps
neos-3754480-nidda.mps
ns1690781.mps
rmatr200-p10.mps
neos-4165869-wannon.mps
2club200v15p5scn.mps
opm2-z12-s8.mps
genus-g31-8.mps
set3-20.mps
wnq-n100-mw99-14.mps
neos-2987202-jeir.mps
moj-mining.mps
rmine13.mps
icir97_potential.mps
dws012-02.mps
rococoC11-010100.mps
germany50-UUM.mps
neos-4545615-waita.mps
bppc6-02.mps
rmine21.mps
milo-v12-6-r1-58-1.mps
gmut-76-50.mps
fhnw-schedule-pairb400.mps
neos-3355120-tarago.mps
neos-3615091-sutlej.mps
genus-sym-g31-8.mps
ns1679495.mps
nb10tb.mps
ex1010-pi.mps
seqsolve2short4288.mps
shs1023.mps
neos-2294525-abba.mps
neos-5260764-orauea.mps
sct32.mps
neos-3754224-navua.mps
neos-1420790.mps
dc1c.mps
ofi2.mps
neos-4954672-berkel.mps
stockholm.mps
neos-3355323-arnon.mps
pb-gfrd-pnc.mps
nj1.mps
usAbbrv-8-25_70.mps
zeil.mps
atm20-100.mps
neos-5251015-ogosta.mps
neos-4562542-watut.mps
fhnw-schedule-paira400.mps
gsvm2rl11.mps
circ10-3.mps
neos-2978205-isar.mps
hgms62.mps
radiationm40-10-02.mps
lr1dr02vc05v8a-t360.mps
ivu06-big.mps
neos-3426085-ticino.mps
opm2-z10-s4.mps
genus-sym-grafo5708-48.mps
usafa.mps
ger50_17_trans.mps
nsr8k.mps
fastxgemm-n3r22s4t6.mps
neos-2991472-kalu.mps
shiftreg2-7.mps
sing5.mps
cdma.mps
neos-872648.mps
graph40-80-1rand.mps
bab3.mps
fhnw-binpack4-58.mps
milo-v13-4-3d-3-0.mps
ivu06.mps
snip10x10-35r1budget17.mps
neos-3214367-sovi.mps
bab2.mps
nj2.mps
adult-max5features.mps
ns1856153.mps
uccase7.mps
r4l4-02-tree-bounds-50.mps
comp21-2idx.mps
hgms-det.mps
neos-4355351-swalm.mps
supportcase10.mps
bg512142.mps
n3700.mps
gmut-75-50.mps
sing17.mps
neos-5223573-tarwin.mps
sorrell3.mps
sct5.mps
nag.mps
fhnw-binschedule0.mps
bab1.mps
splice1k1.mps
tpl-tub-ss16.mps
dws012-03.mps
lr2-22dr3-333vc4v17a-t60.mps
d20200.mps
snp-10-004-052.mps
woodlands09.mps
thor50dday.mps
dolom1.mps
ns930473.mps
bmocbd3.mps
ger50-17-trans-pop-3t.mps
neos-3237086-abava.mps
gmut-76-40.mps
neos-5044663-wairoa.mps
v150d30-2hopcds.mps
set3-16.mps
shs1014.mps
rmine25.mps
neos-4409277-trave.mps
core4872-1529.mps
polygonpack4-7.mps
highschool1-aigio.mps
fhnw-binpack4-77.mps
set3-15.mps
scpn2.mps
neos-3372571-onahau.mps
fhnw-schedule-paira100.mps
sing44.mps
xmas10.mps
ger50-17-trans-dfn-3t.mps
neos-4647030-tutaki.mps
xmas10-2.mps
dg012142.mps
neos-5273874-yomtsa.mps
neos-3426132-dieze.mps
neos-5114902-kasavu.mps
reblock354.mps
fhnw-binschedule1.mps
minutedispatchstrategy.mps
neos-4300652-rahue.mps
triptim7.mps
triptim8.mps
neos-3691541-lonja.mps
sing11.mps
n3705.mps
rmine11.mps
n370b.mps
neos-5093327-huahum.mps
ivu59.mps
neos-954925.mps
neos-3025225-shelon.mps
neos-4343293-stony.mps
rococoC12-010001.mps
probportfolio.mps
supportcase39.mps
kottenpark09.mps
neos-3594536-henty.mps
neos-5041822-cockle.mps
neos-5151569-mologa.mps
neos-4230265-orari.mps
neos-3209462-rhin.mps
dlr2.mps
neos-3656078-kumeu.mps
graph20-80-1rand.mps
neos-5189128-totara.mps
ger50-17-ptp-pop-3t.mps
fastxgemm-n3r23s5t6.mps
neos-4533806-waima.mps
polygonpack4-10.mps
comp16-3idx.mps
neos-5102383-irwell.mps
neos-4232544-orira.mps
s1234.mps
neos-3322547-alsek.mps
core4284-1064.mps
ramos3.mps
milo-v12-6-r1-75-1.mps
neos-3603137-hoteo.mps
graphdraw-mainerd.mps
sorrell4.mps
neos-3009394-lami.mps
gsvm2rl5.mps
liu.mps
ns1430538.mps
ns2124243.mps
shiftreg5-1.mps
neos-3208254-reiu.mps
rail03.mps
supportcase2.mps
ns1828997.mps
momentum3.mps
nursesched-medium-hint03.mps
neos-3634244-kauru.mps
graphdraw-grafo2.mps
neos-4555749-wards.mps
dc1l.mps
neos-4535459-waipa.mps
neos-4358725-tagus.mps
ns1456591.mps
markshare2.mps
in.mps
neos-4954274-beardy.mps
kosova1.mps
cdc7-4-3-2.mps
tbfp-bigm.mps
ns1631475.mps
rvb-sub.mps
scpk4.mps
neos-5104907-jarama.mps
hanoi5.mps
gsvm2rl9.mps
neos-4321076-ruwer.mps
s82.mps
hgms30.mps
pb-market-split8-70-4.mps
genus-sym-g62-2.mps
ns2122698.mps
core2586-950.mps
neos-4264598-oueme.mps
z26.mps
uccase10.mps
pb-grow22.mps
bts4-cta.mps
neos-3695882-vesdre.mps
swath.mps
dws012-01.mps
neos-3740487-motru.mps
assign1-10-4.mps
neos-3068746-nene.mps
allcolor58.mps
polygonpack4-15.mps
dws008-03.mps
set3-09.mps
dws008-01.mps
pythago7825.mps
n3709.mps
neos-3352863-ancoa.mps
datt256.mps
fhnw-sq2.mps
scpj4scip.mps
academictimetablebig.mps
ns1111636.mps
neos-2629914-sudost.mps
ns1904248.mps
milo-v13-4-3d-4-0.mps
triptim4.mps
mkc.mps
supportcase30.mps
ns1905797.mps
rmine15.mps
fhnw-binschedule2.mps
eva1aprime5x5opt.mps
neos-4290317-perth.mps
neos-4285819-pedja.mps
graphdraw-opmanager.mps
supportcase31.mps
ds-big.mps
tpl-tub-ws1617.mps
lr1dr04vc05v17a-t360.mps
sct1.mps
lr1dr12vc10v70b-t360.mps
satellites4-25.mps
supportcase3.mps
ns1849932.mps
neos-4295773-pissa.mps
seqsolve1.mps
eva1aprime6x6opt.mps
supportcase19.mps
genus-g61-25.mps
mining.mps
neos-1423785.mps
rwth-timetable.mps
rocII-10-11.mps
fastxgemm-n3r21s3t6.mps
neos-3530905-gaula.mps
cmflsp40-24-10-7.mps
snp-06-004-052.mps
neos-5076235-embley.mps
gasprod1-1.mps
s100.mps
neos-5196530-nuhaka.mps
snp-04-052-052.mps
n3707.mps
gsvm2rl12.mps
siena1.mps
tw-myciel4.mps
supportcase41.mps
fhnw-schedule-paira200.mps
gfd-schedulen180f7d50m30k18.mps
nucorsav.mps
proteindesign121hz512p9.mps
proteindesign121hz512p19.mps
t1722.mps
rfds-4-days.mps
graph40-20-1rand.mps
rocII-8-11.mps
allcolor10.mps
ds.mps
dfn-bwin-DBE.mps
neos-4387871-tavua.mps
supportcase35.mps
neos-3682128-sandon.mps
pythago7824.mps
neos-5045105-creuse.mps
polygonpack5-15.mps
bab6.mps
neos-2974461-ibar.mps
neos-4292145-piako.mps
neos-1420546.mps
supportcase23.mps
neos-5261882-treska.mps
neos-4360552-sangro.mps
dano3mip.mps
graph40-40-1rand.mps
t1717.mps
a2864-99blp.mps
bley_xs1noM.mps
scpl4.mps
satellites3-25.mps
ger50-17-ptp-pop-6t.mps
shs1042.mps
sorrell7.mps
supportcase38.mps
bppc6-06.mps
neos-4335793-snake.mps
sing326.mps
roi5alpha10n8.mps
hawaiiv10-130.mps
nj3.mps
tokyometro.mps
neos-4647032-veleka.mps
van.mps
bharat.mps
splan1.mps
set3-10.mps
adult-regularized.mps
supportcase22.mps
f2000.mps
seqsolve3short4288excess384.mps
neos-4338804-snowy.mps
cmflsp60-36-2-6.mps
neos-4647027-thurso.mps
cmflsp40-36-2-10.mps
snp-10-052-052.mps
comp12-2idx.mps
fhnw-schedule-pairb200.mps
neos-848198.mps
bley_xs1.mps
triptim2.mps
neos-4531126-vouga.mps
scpm1.mps
shipsched.mps
rmatr200-p20.mps
dlr1.mps
fhnw-binpack4-48.mps
stp3d.mps
neos-5221106-oparau.mps
traininstance2.mps
queens-30.mps
neos-5266653-tugela.mps
polygonpack3-15.mps
neos-3754480-nidda.mps
ns1690781.mps
rmatr200-p10.mps
neos-4165869-wannon.mps
2club200v15p5scn.mps
opm2-z12-s8.mps
genus-g31-8.mps
set3-20.mps
wnq-n100-mw99-14.mps
neos-2987202-jeir.mps
moj-mining.mps
rmine13.mps
icir97_potential.mps
dws012-02.mps
rococoC11-010100.mps
germany50-UUM.mps
neos-4545615-waita.mps
bppc6-02.mps
rmine21.mps
milo-v12-6-r1-58-1.mps
gmut-76-50.mps
fhnw-schedule-pairb400.mps
neos-3355120-tarago.mps
neos-3615091-sutlej.mps
genus-sym-g31-8.mps
ns1679495.mps
nb10tb.mps
ex1010-pi.mps
seqsolve2short4288.mps
shs1023.mps
neos-2294525-abba.mps
neos-5260764-orauea.mps
sct32.mps
neos-3754224-navua.mps
neos-1420790.mps
dc1c.mps
ofi2.mps
neos-4954672-berkel.mps
stockholm.mps
neos-3355323-arnon.mps
pb-gfrd-pnc.mps
nj1.mps
usAbbrv-8-25_70.mps
zeil.mps
atm20-100.mps
neos-5251015-ogosta.mps
neos-4562542-watut.mps
fhnw-schedule-paira400.mps
gsvm2rl11.mps
circ10-3.mps
neos-2978205-isar.mps
hgms62.mps
radiationm40-10-02.mps
lr1dr02vc05v8a-t360.mps
ivu06-big.mps
neos-3426085-ticino.mps
opm2-z10-s4.mps
genus-sym-grafo5708-48.mps
usafa.mps
ger50_17_trans.mps
nsr8k.mps
fastxgemm-n3r22s4t6.mps
neos-2991472-kalu.mps
shiftreg2-7.mps
sing5.mps
cdma.mps
neos-872648.mps
graph40-80-1rand.mps
bab3.mps
fhnw-binpack4-58.mps
milo-v13-4-3d-3-0.mps
ivu06.mps
snip10x10-35r1budget17.mps
neos-3214367-sovi.mps
bab2.mps
nj2.mps
adult-max5features.mps
ns1856153.mps
uccase7.mps
r4l4-02-tree-bounds-50.mps
comp21-2idx.mps
hgms-det.mps
neos-4355351-swalm.mps
supportcase10.mps
bg512142.mps
n3700.mps
gmut-75-50.mps
sing17.mps
neos-5223573-tarwin.mps
sorrell3.mps
sct5.mps
nag.mps
fhnw-binschedule0.mps
bab1.mps
splice1k1.mps
tpl-tub-ss16.mps
dws012-03.mps
lr2-22dr3-333vc4v17a-t60.mps
d20200.mps
snp-10-004-052.mps
woodlands09.mps
thor50dday.mps
dolom1.mps
ns930473.mps
bmocbd3.mps
ger50-17-trans-pop-3t.mps
neos-3237086-abava.mps
gmut-76-40.mps
neos-5044663-wairoa.mps
v150d30-2hopcds.mps
set3-16.mps
shs1014.mps
rmine25.mps
neos-4409277-trave.mps
core4872-1529.mps
polygonpack4-7.mps
highschool1-aigio.mps
fhnw-binpack4-77.mps
set3-15.mps
scpn2.mps
neos-3372571-onahau.mps
fhnw-schedule-paira100.mps
sing44.mps
xmas10.mps
ger50-17-trans-dfn-3t.mps
neos-4647030-tutaki.mps
xmas10-2.mps
dg012142.mps
neos-5273874-yomtsa.mps
neos-3426132-dieze.mps
neos-5114902-kasavu.mps
reblock354.mps
fhnw-binschedule1.mps
minutedispatchstrategy.mps
neos-4300652-rahue.mps
triptim7.mps
triptim8.mps
neos-3691541-lonja.mps
sing11.mps
n3705.mps
rmine11.mps
n370b.mps
neos-5093327-huahum.mps
ivu59.mps
neos-954925.mps
neos-3025225-shelon.mps
neos-4343293-stony.mps
rococoC12-010001.mps
probportfolio.mps
supportcase39.mps
kottenpark09.mps
neos-3594536-henty.mps
neos-5041822-cockle.mps
neos-5151569-mologa.mps
neos-4230265-orari.mps
neos-3209462-rhin.mps
dlr2.mps
neos-3656078-kumeu.mps
graph20-80-1rand.mps
neos-5189128-totara.mps
ger50-17-ptp-pop-3t.mps
fastxgemm-n3r23s5t6.mps
neos-4533806-waima.mps
polygonpack4-10.mps
comp16-3idx.mps
neos-5102383-irwell.mps
neos-4232544-orira.mps
s1234.mps
neos-3322547-alsek.mps
core4284-1064.mps
ramos3.mps
milo-v12-6-r1-75-1.mps
neos-3603137-hoteo.mps
graphdraw-mainerd.mps
sorrell4.mps
neos-3009394-lami.mps
gsvm2rl5.mps
liu.mps
ns1430538.mps
ns2124243.mps
shiftreg5-1.mps
neos-3208254-reiu.mps
rail03.mps
supportcase2.mps
ns1828997.mps
momentum3.mps
nursesched-medium-hint03.mps
neos-3634244-kauru.mps
graphdraw-grafo2.mps
neos-4555749-wards.mps
dc1l.mps
neos-4535459-waipa.mps
neos-4358725-tagus.mps
ns1456591.mps
markshare2.mps
in.mps
neos-4954274-beardy.mps
kosova1.mps
cdc7-4-3-2.mps
tbfp-bigm.mps
ns1631475.mps
rvb-sub.mps
scpk4.mps
neos-5104907-jarama.mps
hanoi5.mps
gsvm2rl9.mps
neos-4321076-ruwer.mps
s82.mps
hgms30.mps
pb-market-split8-70-4.mps
genus-sym-g62-2.mps
ns2122698.mps
./test.sh: line 57: 1118550 Killed                  ./kissat /home/chenzh/data/hard_cnfs/49.cnf
./test.sh: line 57: 1118549 Killed                  ./kissat /home/chenzh/data/hard_cnfs/49.cnf
./test.sh: line 57: 1118553 Killed                  ./kissat /home/chenzh/data/hard_cnfs/49.cnf
./test.sh: line 57: 1118557 Killed                  ./kissat /home/chenzh/data/hard_cnfs/49.cnf
./test.sh: line 57: 1118552 Killed                  ./kissat /home/chenzh/data/hard_cnfs/49.cnf
./test.sh: line 57: 1118548 Killed                  ./kissat /home/chenzh/data/hard_cnfs/49.cnf
./test.sh: line 57: 1118559 Killed                  ./kissat /home/chenzh/data/hard_cnfs/49.cnf
./test.sh: line 57: 1118567 Killed                  ./kissat /home/chenzh/data/hard_cnfs/49.cnf
./test.sh: line 57: 1118568 Killed                  ./kissat /home/chenzh/data/hard_cnfs/49.cnf
./test.sh: line 57: 1118565 Killed                  ./kissat /home/chenzh/data/hard_cnfs/49.cnf
./test.sh: line 57: 1118577 Killed                  ./kissat /home/chenzh/data/hard_cnfs/49.cnf
./test.sh: line 57: 1118576 Killed                  ./kissat /home/chenzh/data/hard_cnfs/49.cnf
./test.sh: line 57: 1118556 Killed                  ./kissat /home/chenzh/data/hard_cnfs/49.cnf
./test.sh: line 57: 1118580 Killed                  ./kissat /home/chenzh/data/hard_cnfs/49.cnf
./test.sh: line 57: 1118578 Killed                  ./kissat /home/chenzh/data/hard_cnfs/49.cnf
./test.sh: line 57: 1118583 Killed                  ./kissat /home/chenzh/data/hard_cnfs/49.cnf
./test.sh: line 57: 1118554 Killed                  ./kissat /home/chenzh/data/hard_cnfs/49.cnf
./test.sh: line 57: 1118582 Killed                  ./kissat /home/chenzh/data/hard_cnfs/49.cnf
./test.sh: line 57: 1118555 Killed                  ./kissat /home/chenzh/data/hard_cnfs/49.cnf
./test.sh: line 57: 1118587 Killed                  ./kissat /home/chenzh/data/hard_cnfs/49.cnf
./test.sh: line 57: 1118585 Killed                  ./kissat /home/chenzh/data/hard_cnfs/49.cnf
./test.sh: line 57: 1118589 Killed                  ./kissat /home/chenzh/data/hard_cnfs/49.cnf
./test.sh: line 57: 1118570 Killed                  ./kissat /home/chenzh/data/hard_cnfs/49.cnf
./test.sh: line 57: 1118592 Killed                  ./kissat /home/chenzh/data/hard_cnfs/49.cnf
./test.sh: line 57: 1118551 Killed                  ./kissat /home/chenzh/data/hard_cnfs/49.cnf
./test.sh: line 57: 1118571 Killed                  ./kissat /home/chenzh/data/hard_cnfs/49.cnf
./test.sh: line 57: 1118594 Killed                  ./kissat /home/chenzh/data/hard_cnfs/49.cnf
./test.sh: line 57: 1118561 Killed                  ./kissat /home/chenzh/data/hard_cnfs/49.cnf
./test.sh: line 57: 1122892 Killed                  ./kissat /home/chenzh/data/hard_cnfs/49.cnf
./test.sh: line 57: 1122894 Killed                  ./kissat /home/chenzh/data/hard_cnfs/49.cnf
./test.sh: line 57: 1122891 Killed                  ./kissat /home/chenzh/data/hard_cnfs/49.cnf
./test.sh: line 57: 1122895 Killed                  ./kissat /home/chenzh/data/hard_cnfs/49.cnf
./test.sh: line 57: 1122897 Killed                  ./kissat /home/chenzh/data/hard_cnfs/49.cnf
./test.sh: line 57: 1122901 Killed                  ./kissat /home/chenzh/data/hard_cnfs/49.cnf
./test.sh: line 57: 1122902 Killed                  ./kissat /home/chenzh/data/hard_cnfs/49.cnf
./test.sh: line 57: 1122907 Killed                  ./kissat /home/chenzh/data/hard_cnfs/49.cnf
./test.sh: line 57: 1122905 Killed                  ./kissat /home/chenzh/data/hard_cnfs/49.cnf
./test.sh: line 57: 1122912 Killed                  ./kissat /home/chenzh/data/hard_cnfs/49.cnf
./test.sh: line 57: 1122911 Killed                  ./kissat /home/chenzh/data/hard_cnfs/49.cnf
./test.sh: line 57: 1122913 Killed                  ./kissat /home/chenzh/data/hard_cnfs/49.cnf
./test.sh: line 57: 1122916 Killed                  ./kissat /home/chenzh/data/hard_cnfs/49.cnf
./test.sh: line 57: 1122918 Killed                  ./kissat /home/chenzh/data/hard_cnfs/49.cnf
./test.sh: line 57: 1122923 Killed                  ./kissat /home/chenzh/data/hard_cnfs/49.cnf
./test.sh: line 57: 1122926 Killed                  ./kissat /home/chenzh/data/hard_cnfs/49.cnf
./test.sh: line 57: 1122924 Killed                  ./kissat /home/chenzh/data/hard_cnfs/49.cnf
./test.sh: line 57: 1122928 Killed                  ./kissat /home/chenzh/data/hard_cnfs/49.cnf
./test.sh: line 57: 1122934 Killed                  ./kissat /home/chenzh/data/hard_cnfs/49.cnf
./test.sh: line 57: 1122936 Killed                  ./kissat /home/chenzh/data/hard_cnfs/49.cnf
./test.sh: line 57: 1122935 Killed                  ./kissat /home/chenzh/data/hard_cnfs/49.cnf
./test.sh: line 57: 1122930 Killed                  ./kissat /home/chenzh/data/hard_cnfs/49.cnf
./test.sh: line 57: 1122939 Killed                  ./kissat /home/chenzh/data/hard_cnfs/49.cnf
./test.sh: line 57: 1122942 Killed                  ./kissat /home/chenzh/data/hard_cnfs/49.cnf
./test.sh: line 57: 1122932 Killed                  ./kissat /home/chenzh/data/hard_cnfs/49.cnf
./test.sh: line 57: 1122940 Killed                  ./kissat /home/chenzh/data/hard_cnfs/49.cnf
./test.sh: line 57: 1122945 Killed                  ./kissat /home/chenzh/data/hard_cnfs/49.cnf
./test.sh: line 57: 1122946 Killed                  ./kissat /home/chenzh/data/hard_cnfs/49.cnf
./test.sh: line 57: 1122948 Killed                  ./kissat /home/chenzh/data/hard_cnfs/49.cnf
./test.sh: line 57: 1122954 Killed                  ./kissat /home/chenzh/data/hard_cnfs/49.cnf
./test.sh: line 57: 1122953 Killed                  ./kissat /home/chenzh/data/hard_cnfs/49.cnf
./test.sh: line 57: 1122951 Killed                  ./kissat /home/chenzh/data/hard_cnfs/49.cnf
./test.sh: line 57: 1122956 Killed                  ./kissat /home/chenzh/data/hard_cnfs/49.cnf
./test.sh: line 57: 1122958 Killed                  ./kissat /home/chenzh/data/hard_cnfs/49.cnf
./test.sh: line 57: 1122960 Killed                  ./kissat /home/chenzh/data/hard_cnfs/49.cnf
./test.sh: line 57: 1122964 Killed                  ./kissat /home/chenzh/data/hard_cnfs/49.cnf
./test.sh: line 57: 1122963 Killed                  ./kissat /home/chenzh/data/hard_cnfs/49.cnf
./test.sh: line 57: 1122969 Killed                  ./kissat /home/chenzh/data/hard_cnfs/49.cnf
./test.sh: line 57: 1122968 Killed                  ./kissat /home/chenzh/data/hard_cnfs/49.cnf
./test.sh: line 57: 1122970 Killed                  ./kissat /home/chenzh/data/hard_cnfs/49.cnf
./test.sh: line 57: 1122973 Killed                  ./kissat /home/chenzh/data/hard_cnfs/49.cnf
./test.sh: line 57: 1122978 Killed                  ./kissat /home/chenzh/data/hard_cnfs/49.cnf
./test.sh: line 57: 1122975 Killed                  ./kissat /home/chenzh/data/hard_cnfs/49.cnf
./test.sh: line 57: 1122976 Killed                  ./kissat /home/chenzh/data/hard_cnfs/49.cnf
./test.sh: line 57: 1122980 Killed                  ./kissat /home/chenzh/data/hard_cnfs/49.cnf
./test.sh: line 57: 1122982 Killed                  ./kissat /home/chenzh/data/hard_cnfs/49.cnf
./test.sh: line 57: 1122988 Killed                  ./kissat /home/chenzh/data/hard_cnfs/49.cnf
./test.sh: line 57: 1122987 Killed                  ./kissat /home/chenzh/data/hard_cnfs/49.cnf
./test.sh: line 57: 1122989 Killed                  ./kissat /home/chenzh/data/hard_cnfs/49.cnf
./test.sh: line 57: 1122995 Killed                  ./kissat /home/chenzh/data/hard_cnfs/49.cnf
./test.sh: line 57: 1122996 Killed                  ./kissat /home/chenzh/data/hard_cnfs/49.cnf
./test.sh: line 57: 1122997 Killed                  ./kissat /home/chenzh/data/hard_cnfs/49.cnf
./test.sh: line 57: 1122999 Killed                  ./kissat /home/chenzh/data/hard_cnfs/49.cnf
./test.sh: line 57: 1123001 Killed                  ./kissat /home/chenzh/data/hard_cnfs/49.cnf
./test.sh: line 57: 1123003 Killed                  ./kissat /home/chenzh/data/hard_cnfs/49.cnf
./test.sh: line 57: 1123010 Killed                  ./kissat /home/chenzh/data/hard_cnfs/49.cnf
./test.sh: line 57: 1123011 Killed                  ./kissat /home/chenzh/data/hard_cnfs/49.cnf
./test.sh: line 57: 1123008 Killed                  ./kissat /home/chenzh/data/hard_cnfs/49.cnf
./test.sh: line 57: 1123012 Killed                  ./kissat /home/chenzh/data/hard_cnfs/49.cnf
./test.sh: line 57: 1123002 Killed                  ./kissat /home/chenzh/data/hard_cnfs/49.cnf
./test.sh: line 57: 1123015 Killed                  ./kissat /home/chenzh/data/hard_cnfs/49.cnf
./test.sh: line 57: 1123016 Killed                  ./kissat /home/chenzh/data/hard_cnfs/49.cnf
./test.sh: line 57: 1123020 Killed                  ./kissat /home/chenzh/data/hard_cnfs/49.cnf
./test.sh: line 57: 1123019 Killed                  ./kissat /home/chenzh/data/hard_cnfs/49.cnf
./test.sh: line 57: 1123028 Killed                  ./kissat /home/chenzh/data/hard_cnfs/49.cnf
./test.sh: line 57: 1123023 Killed                  ./kissat /home/chenzh/data/hard_cnfs/49.cnf
./test.sh: line 57: 1123029 Killed                  ./kissat /home/chenzh/data/hard_cnfs/49.cnf
./test.sh: line 57: 1123033 Killed                  ./kissat /home/chenzh/data/hard_cnfs/49.cnf
./test.sh: line 57: 1123030 Killed                  ./kissat /home/chenzh/data/hard_cnfs/49.cnf
./test.sh: line 57: 1123037 Killed                  ./kissat /home/chenzh/data/hard_cnfs/49.cnf
./test.sh: line 57: 1123038 Killed                  ./kissat /home/chenzh/data/hard_cnfs/49.cnf
./test.sh: line 57: 1123032 Killed                  ./kissat /home/chenzh/data/hard_cnfs/49.cnf
./test.sh: line 57: 1123044 Killed                  ./kissat /home/chenzh/data/hard_cnfs/49.cnf
./test.sh: line 57: 1123045 Killed                  ./kissat /home/chenzh/data/hard_cnfs/49.cnf
./test.sh: line 57: 1123042 Killed                  ./kissat /home/chenzh/data/hard_cnfs/49.cnf
./test.sh: line 57: 1123040 Killed                  ./kissat /home/chenzh/data/hard_cnfs/49.cnf
./test.sh: line 57: 1123048 Killed                  ./kissat /home/chenzh/data/hard_cnfs/49.cnf
./test.sh: line 57: 1123050 Killed                  ./kissat /home/chenzh/data/hard_cnfs/49.cnf
./test.sh: line 57: 1123053 Killed                  ./kissat /home/chenzh/data/hard_cnfs/49.cnf
./test.sh: line 57: 1123057 Killed                  ./kissat /home/chenzh/data/hard_cnfs/49.cnf
./test.sh: line 57: 1123056 Killed                  ./kissat /home/chenzh/data/hard_cnfs/49.cnf
./test.sh: line 57: 1123060 Killed                  ./kissat /home/chenzh/data/hard_cnfs/49.cnf
./test.sh: line 57: 1123052 Killed                  ./kissat /home/chenzh/data/hard_cnfs/49.cnf
./test.sh: line 57: 1123066 Killed                  ./kissat /home/chenzh/data/hard_cnfs/49.cnf
./test.sh: line 57: 1123069 Killed                  ./kissat /home/chenzh/data/hard_cnfs/49.cnf
./test.sh: line 57: 1123076 Killed                  ./kissat /home/chenzh/data/hard_cnfs/49.cnf
./test.sh: line 57: 1123064 Killed                  ./kissat /home/chenzh/data/hard_cnfs/49.cnf
./test.sh: line 57: 1123067 Killed                  ./kissat /home/chenzh/data/hard_cnfs/49.cnf
./test.sh: line 57: 1123074 Killed                  ./kissat /home/chenzh/data/hard_cnfs/49.cnf
./test.sh: line 57: 1123061 Killed                  ./kissat /home/chenzh/data/hard_cnfs/49.cnf
./test.sh: line 57: 1123075 Killed                  ./kissat /home/chenzh/data/hard_cnfs/49.cnf
./test.sh: line 57: 1123080 Killed                  ./kissat /home/chenzh/data/hard_cnfs/49.cnf
./test.sh: line 57: 1123078 Killed                  ./kissat /home/chenzh/data/hard_cnfs/49.cnf
./test.sh: line 57: 1123082 Killed                  ./kissat /home/chenzh/data/hard_cnfs/49.cnf
./test.sh: line 57: 1123084 Killed                  ./kissat /home/chenzh/data/hard_cnfs/49.cnf
./test.sh: line 57: 1123086 Killed                  ./kissat /home/chenzh/data/hard_cnfs/49.cnf
./test.sh: line 57: 1123088 Killed                  ./kissat /home/chenzh/data/hard_cnfs/49.cnf
./test.sh: line 57: 1123090 Killed                  ./kissat /home/chenzh/data/hard_cnfs/49.cnf
./test.sh: line 57: 1123093 Killed                  ./kissat /home/chenzh/data/hard_cnfs/49.cnf
./test.sh: line 57: 1123096 Killed                  ./kissat /home/chenzh/data/hard_cnfs/49.cnf
